2025-03-18 10:39:10,868 - INFO - WARNING: logdir not provided. Results will not be saved to file.
2025-03-18 10:39:10,869 - INFO - -- BUILDING PRIOR START -------------
2025-03-18 10:39:10,869 - INFO - WARNING: Skipping invalid 'RelationalConstraint' with arguments {'targets': [], 'effectors': [], 'relationship': None}. Reason: Prior disabled.
WARNING: Skipping invalid 'DomainRangeConstraint' with arguments {}. Reason: Prior disabled.
WARNING: Skipping invalid 'LanguageModelPrior' with arguments {'weight': None}. Reason: Prior disabled.
WARNING: Skipping invalid 'MultiDiscreteConstraint' with arguments {'dense': False, 'ordered': False}. Reason: Prior disabled.
2025-03-18 10:39:10,869 - INFO - LengthConstraint: Sequences have minimum length 4.
                  Sequences have maximum length 30.
RepeatConstraint: [const] cannot occur more than 4 times.
RelationalConstraint: [exp] cannot be a child of [log].
InverseUnaryConstraint: RelationalConstraint: [log] cannot be a child of [exp].
TrigConstraint: [sin, cos] cannot be a descendant of [sin, cos].
ConstConstraint: [const] cannot be the only unique child of [sin, cos, exp, log, add, sub, mul, div].
NoInputsConstraint: Sequences contain at least one input variable Token.
UniformArityPrior: Activated.
SoftLengthPrior: No description available.
2025-03-18 10:39:10,869 - INFO - -- BUILDING PRIOR END ---------------

2025-03-18 10:39:10,870 - INFO - WARNING: max_length (64) will be overridden by value from LengthConstraint (30).
2025-03-18 10:39:13,272 - INFO - -- RUNNING ITERATIONS START -------------
2025-03-18 10:40:08,111 - INFO - [00:00:00:54.84] Training iteration 1, current best R: 0.9394
2025-03-18 10:40:08,112 - INFO - 
	** New best
2025-03-18 10:40:08,112 - INFO - 	Reward: 0.9394013646482485
2025-03-18 10:40:08,112 - INFO - 	Count Off-policy: 1
2025-03-18 10:40:08,112 - INFO - 	Count On-policy: 0
2025-03-18 10:40:08,112 - INFO - 	Originally on Policy: False
2025-03-18 10:40:08,112 - INFO - 	Invalid: False
2025-03-18 10:40:08,112 - INFO - 	Traversal: mul,x1,sin,add,1.1251446,sub,x1,add,add,div,x1,1.128505,sub,x1,add,div,x1,0.9190032,1.1251446,x1
2025-03-18 10:40:08,112 - INFO - 	Expression:
2025-03-18 10:40:08,491 - INFO - 	  -x₁⋅sin(0.797992614649949⋅x₁ - 2.2502892)

2025-03-18 10:40:08,495 - INFO - -- RUNNING ITERATIONS START -------------
2025-03-18 10:40:56,276 - INFO - [00:00:00:47.78] Training iteration 2, current best R: 0.9402
2025-03-18 10:40:56,276 - INFO - 
	** New best
2025-03-18 10:40:56,276 - INFO - 	Reward: 0.9402442644134328
2025-03-18 10:40:56,276 - INFO - 	Count Off-policy: 1
2025-03-18 10:40:56,276 - INFO - 	Count On-policy: 0
2025-03-18 10:40:56,276 - INFO - 	Originally on Policy: False
2025-03-18 10:40:56,276 - INFO - 	Invalid: False
2025-03-18 10:40:56,276 - INFO - 	Traversal: add,mul,0.98339224,x1,sub,mul,x1,x1,exp,add,div,-2.8490386,add,x1,exp,x1,add,div,-1.248427,exp,add,0.80741465,x1,x1
2025-03-18 10:40:56,276 - INFO - 	Expression:
2025-03-18 10:40:56,324 - INFO - 	                                                 -x₁   2.8490386
	                         x₁ - 0.556810511829528⋅ℯ    - ─────────
	                                                              x₁
	    2                                                   x₁ + ℯ  
	  x₁  + 0.98339224⋅x₁ - ℯ                                       

2025-03-18 10:40:56,329 - INFO - -- RUNNING ITERATIONS START -------------
2025-03-18 10:41:40,994 - INFO - [00:00:00:44.67] Training iteration 3, current best R: 0.9939
2025-03-18 10:41:40,995 - INFO - 
	** New best
2025-03-18 10:41:40,995 - INFO - 	Reward: 0.9938951923025832
2025-03-18 10:41:40,995 - INFO - 	Count Off-policy: 1
2025-03-18 10:41:40,995 - INFO - 	Count On-policy: 0
2025-03-18 10:41:40,995 - INFO - 	Originally on Policy: False
2025-03-18 10:41:40,995 - INFO - 	Invalid: False
2025-03-18 10:41:40,995 - INFO - 	Traversal: add,exp,mul,sub,0.32170194,sin,sub,x1,-0.017776886,-1.0335896,-0.7295341
2025-03-18 10:41:40,995 - INFO - 	Expression:
2025-03-18 10:41:41,038 - INFO - 	                     1.0335896⋅sin(x₁ + 0.017776886)            
	  0.717123089994807⋅ℯ                                - 0.7295341

2025-03-18 10:41:41,044 - INFO - -- RUNNING ITERATIONS START -------------
2025-03-18 10:42:41,066 - INFO - -- RUNNING ITERATIONS START -------------
2025-03-18 10:43:30,072 - INFO - -- RUNNING ITERATIONS START -------------
2025-03-18 10:44:16,602 - INFO - -- RUNNING ITERATIONS START -------------
2025-03-18 10:45:05,125 - INFO - [00:00:00:48.52] Training iteration 7, current best R: 0.9974
2025-03-18 10:45:05,125 - INFO - 
	** New best
2025-03-18 10:45:05,125 - INFO - 	Reward: 0.9973622877469033
2025-03-18 10:45:05,125 - INFO - 	Count Off-policy: 1
2025-03-18 10:45:05,125 - INFO - 	Count On-policy: 0
2025-03-18 10:45:05,125 - INFO - 	Originally on Policy: False
2025-03-18 10:45:05,125 - INFO - 	Invalid: False
2025-03-18 10:45:05,126 - INFO - 	Traversal: mul,mul,0.75409585,x1,exp,mul,0.55040866,div,x1,exp,exp,sub,div,x1,0.55639005,2.2003212
2025-03-18 10:45:05,126 - INFO - 	Expression:
2025-03-18 10:45:05,223 - INFO - 	                                                    1.79730029320258⋅x₁
	                                -0.110767574103006⋅ℯ                   
	                 0.55040866⋅x₁⋅ℯ                                       
	  0.75409585⋅x₁⋅ℯ                                                      

2025-03-18 10:45:05,249 - INFO - -- RUNNING ITERATIONS START -------------
2025-03-18 10:45:56,495 - INFO - -- RUNNING ITERATIONS START -------------
2025-03-18 10:46:43,640 - INFO - -- RUNNING ITERATIONS START -------------
2025-03-18 10:47:28,859 - INFO - [00:00:00:45.22] Training iteration 10, current best R: 0.9974
2025-03-18 10:47:28,864 - INFO - -- RUNNING ITERATIONS START -------------
2025-03-18 10:48:19,479 - INFO - -- RUNNING ITERATIONS START -------------
2025-03-18 10:49:23,167 - INFO - -- RUNNING ITERATIONS START -------------
2025-03-18 10:50:07,546 - INFO - -- RUNNING ITERATIONS START -------------
2025-03-18 10:50:52,701 - INFO - -- RUNNING ITERATIONS START -------------
2025-03-18 10:51:37,652 - INFO - -- RUNNING ITERATIONS START -------------
2025-03-18 10:52:20,986 - INFO - -- RUNNING ITERATIONS START -------------
2025-03-18 10:53:07,598 - INFO - -- RUNNING ITERATIONS START -------------
2025-03-18 10:53:55,661 - INFO - -- RUNNING ITERATIONS START -------------
2025-03-18 10:54:38,413 - INFO - -- RUNNING ITERATIONS START -------------
2025-03-18 10:55:28,040 - INFO - [00:00:00:49.63] Training iteration 20, current best R: 0.9974
2025-03-18 10:55:28,046 - INFO - -- RUNNING ITERATIONS START -------------
2025-03-18 10:56:16,399 - INFO - -- RUNNING ITERATIONS START -------------
2025-03-18 10:57:01,966 - INFO - -- RUNNING ITERATIONS START -------------
2025-03-18 10:57:46,746 - INFO - -- RUNNING ITERATIONS START -------------
2025-03-18 10:58:30,712 - INFO - -- RUNNING ITERATIONS START -------------
2025-03-18 10:59:16,943 - INFO - -- RUNNING ITERATIONS START -------------
2025-03-18 10:59:58,762 - INFO - -- RUNNING ITERATIONS START -------------
2025-03-18 11:00:43,998 - INFO - -- RUNNING ITERATIONS START -------------
2025-03-18 11:01:32,440 - INFO - -- RUNNING ITERATIONS START -------------
2025-03-18 11:02:12,392 - INFO - -- RUNNING ITERATIONS START -------------
2025-03-18 11:02:58,771 - INFO - [00:00:00:46.38] Training iteration 30, current best R: 0.9974
2025-03-18 11:02:58,784 - INFO - -- RUNNING ITERATIONS START -------------
2025-03-18 11:03:46,619 - INFO - -- RUNNING ITERATIONS START -------------
2025-03-18 11:04:39,473 - INFO - -- RUNNING ITERATIONS START -------------
2025-03-18 11:05:28,088 - INFO - -- RUNNING ITERATIONS START -------------
2025-03-18 11:06:13,955 - INFO - -- RUNNING ITERATIONS START -------------
2025-03-18 11:06:59,689 - INFO - -- RUNNING ITERATIONS START -------------
2025-03-18 11:07:43,331 - INFO - -- RUNNING ITERATIONS START -------------
2025-03-18 11:08:40,462 - INFO - -- RUNNING ITERATIONS START -------------
2025-03-18 11:09:26,570 - INFO - -- RUNNING ITERATIONS START -------------
2025-03-18 11:10:07,374 - INFO - -- RUNNING ITERATIONS START -------------
2025-03-18 11:10:51,955 - INFO - [00:00:00:44.58] Training iteration 40, current best R: 0.9974
2025-03-18 11:10:51,958 - INFO - -- RUNNING ITERATIONS START -------------
2025-03-18 11:11:41,391 - INFO - -- RUNNING ITERATIONS START -------------
2025-03-18 11:12:24,644 - INFO - -- RUNNING ITERATIONS START -------------
2025-03-18 11:13:06,685 - INFO - -- RUNNING ITERATIONS START -------------
2025-03-18 11:14:06,985 - INFO - -- RUNNING ITERATIONS START -------------
2025-03-18 11:14:50,017 - INFO - -- RUNNING ITERATIONS START -------------
2025-03-18 11:15:34,590 - INFO - -- RUNNING ITERATIONS START -------------
2025-03-18 11:16:21,745 - INFO - -- RUNNING ITERATIONS START -------------
2025-03-18 11:17:09,490 - INFO - -- RUNNING ITERATIONS START -------------
2025-03-18 11:17:57,430 - INFO - -- RUNNING ITERATIONS START -------------
2025-03-18 11:18:43,297 - INFO - [00:00:00:45.87] Training iteration 50, current best R: 0.9974
2025-03-18 11:18:43,304 - INFO - -- RUNNING ITERATIONS START -------------
2025-03-18 11:20:08,634 - INFO - -- RUNNING ITERATIONS START -------------
2025-03-18 11:20:59,773 - INFO - -- RUNNING ITERATIONS START -------------
2025-03-18 11:21:49,632 - INFO - -- RUNNING ITERATIONS START -------------
2025-03-18 11:22:37,169 - INFO - -- RUNNING ITERATIONS START -------------
2025-03-18 11:23:31,716 - INFO - -- RUNNING ITERATIONS START -------------
2025-03-18 11:24:20,230 - INFO - -- RUNNING ITERATIONS START -------------
2025-03-18 11:25:09,164 - INFO - -- RUNNING ITERATIONS START -------------
2025-03-18 11:25:51,085 - INFO - -- RUNNING ITERATIONS START -------------
2025-03-18 11:26:34,891 - INFO - -- RUNNING ITERATIONS START -------------
2025-03-18 11:27:24,403 - INFO - [00:00:00:49.51] Training iteration 60, current best R: 0.9974
2025-03-18 11:27:24,407 - INFO - -- RUNNING ITERATIONS START -------------
2025-03-18 11:28:07,964 - INFO - -- RUNNING ITERATIONS START -------------
2025-03-18 11:28:57,350 - INFO - -- RUNNING ITERATIONS START -------------
2025-03-18 11:29:45,091 - INFO - -- RUNNING ITERATIONS START -------------
2025-03-18 11:30:29,073 - INFO - -- RUNNING ITERATIONS START -------------
2025-03-18 11:31:13,425 - INFO - -- RUNNING ITERATIONS START -------------
2025-03-18 11:32:05,914 - INFO - -- RUNNING ITERATIONS START -------------
2025-03-18 11:32:56,129 - INFO - -- RUNNING ITERATIONS START -------------
2025-03-18 11:33:39,400 - INFO - -- RUNNING ITERATIONS START -------------
2025-03-18 11:34:31,350 - INFO - -- RUNNING ITERATIONS START -------------
2025-03-18 11:35:13,470 - INFO - [00:00:00:42.12] Training iteration 70, current best R: 0.9974
2025-03-18 11:35:13,476 - INFO - -- RUNNING ITERATIONS START -------------
2025-03-18 11:36:03,837 - INFO - -- RUNNING ITERATIONS START -------------
2025-03-18 11:36:47,217 - INFO - -- RUNNING ITERATIONS START -------------
2025-03-18 11:37:37,931 - INFO - -- RUNNING ITERATIONS START -------------
2025-03-18 11:38:19,904 - INFO - -- RUNNING ITERATIONS START -------------
2025-03-18 11:39:01,379 - INFO - -- RUNNING ITERATIONS START -------------
2025-03-18 11:39:44,824 - INFO - -- RUNNING ITERATIONS START -------------
2025-03-18 11:40:34,700 - INFO - -- RUNNING ITERATIONS START -------------
2025-03-18 11:41:18,868 - INFO - -- RUNNING ITERATIONS START -------------
2025-03-18 11:42:03,593 - INFO - -- RUNNING ITERATIONS START -------------
2025-03-18 11:42:52,653 - INFO - [00:00:00:49.06] Training iteration 80, current best R: 0.9974
2025-03-18 11:42:52,660 - INFO - -- RUNNING ITERATIONS START -------------
2025-03-18 11:43:36,050 - INFO - -- RUNNING ITERATIONS START -------------
2025-03-18 11:44:21,975 - INFO - -- RUNNING ITERATIONS START -------------
2025-03-18 11:45:17,558 - INFO - -- RUNNING ITERATIONS START -------------
2025-03-18 11:46:03,578 - INFO - -- RUNNING ITERATIONS START -------------
2025-03-18 11:46:47,942 - INFO - -- RUNNING ITERATIONS START -------------
2025-03-18 11:47:34,202 - INFO - -- RUNNING ITERATIONS START -------------
2025-03-18 11:48:20,918 - INFO - -- RUNNING ITERATIONS START -------------
2025-03-18 11:49:04,666 - INFO - -- RUNNING ITERATIONS START -------------
2025-03-18 11:49:54,486 - INFO - -- RUNNING ITERATIONS START -------------
2025-03-18 11:50:38,879 - INFO - [00:00:00:44.39] Training iteration 90, current best R: 0.9974
2025-03-18 11:50:38,884 - INFO - -- RUNNING ITERATIONS START -------------
2025-03-18 11:51:24,198 - INFO - -- RUNNING ITERATIONS START -------------
2025-03-18 11:52:11,649 - INFO - -- RUNNING ITERATIONS START -------------
2025-03-18 11:53:07,599 - INFO - -- RUNNING ITERATIONS START -------------
2025-03-18 11:53:52,091 - INFO - -- RUNNING ITERATIONS START -------------
2025-03-18 11:54:39,121 - INFO - -- RUNNING ITERATIONS START -------------
2025-03-18 11:55:34,394 - INFO - -- RUNNING ITERATIONS START -------------
2025-03-18 11:56:17,089 - INFO - -- RUNNING ITERATIONS START -------------
2025-03-18 11:57:02,003 - INFO - -- RUNNING ITERATIONS START -------------
2025-03-18 11:57:48,122 - INFO - -- RUNNING ITERATIONS START -------------
2025-03-18 11:58:32,649 - INFO - [00:00:00:44.53] Training iteration 100, current best R: 0.9974
2025-03-18 11:58:32,655 - INFO - -- RUNNING ITERATIONS START -------------
2025-03-18 11:59:12,439 - INFO - -- RUNNING ITERATIONS START -------------
2025-03-18 11:59:54,005 - INFO - -- RUNNING ITERATIONS START -------------
2025-03-18 12:00:40,380 - INFO - -- RUNNING ITERATIONS START -------------
2025-03-18 12:01:25,982 - INFO - -- RUNNING ITERATIONS START -------------
2025-03-18 12:02:08,921 - INFO - -- RUNNING ITERATIONS START -------------
2025-03-18 12:02:49,307 - INFO - -- RUNNING ITERATIONS START -------------
2025-03-18 12:03:31,523 - INFO - -- RUNNING ITERATIONS START -------------
2025-03-18 12:04:10,442 - INFO - -- RUNNING ITERATIONS START -------------
2025-03-18 12:04:48,101 - INFO - -- RUNNING ITERATIONS START -------------
2025-03-18 12:05:39,708 - INFO - [00:00:00:51.61] Training iteration 110, current best R: 0.9974
2025-03-18 12:05:39,714 - INFO - -- RUNNING ITERATIONS START -------------
2025-03-18 12:06:18,004 - INFO - -- RUNNING ITERATIONS START -------------
2025-03-18 12:07:01,162 - INFO - -- RUNNING ITERATIONS START -------------
2025-03-18 12:07:39,358 - INFO - -- RUNNING ITERATIONS START -------------
2025-03-18 12:08:17,524 - INFO - -- RUNNING ITERATIONS START -------------
2025-03-18 12:08:59,644 - INFO - -- RUNNING ITERATIONS START -------------
2025-03-18 12:09:36,568 - INFO - -- RUNNING ITERATIONS START -------------
2025-03-18 12:10:15,330 - INFO - -- RUNNING ITERATIONS START -------------
2025-03-18 12:10:56,206 - INFO - -- RUNNING ITERATIONS START -------------
2025-03-18 12:11:35,947 - INFO - -- RUNNING ITERATIONS START -------------
2025-03-18 12:12:15,566 - INFO - [00:00:00:39.62] Training iteration 120, current best R: 0.9974
2025-03-18 12:12:15,573 - INFO - -- RUNNING ITERATIONS START -------------
2025-03-18 12:13:13,722 - INFO - -- RUNNING ITERATIONS START -------------
2025-03-18 12:13:51,009 - INFO - -- RUNNING ITERATIONS START -------------
2025-03-18 12:14:29,929 - INFO - -- RUNNING ITERATIONS START -------------
2025-03-18 12:15:07,172 - INFO - -- RUNNING ITERATIONS START -------------
2025-03-18 12:15:43,915 - INFO - -- RUNNING ITERATIONS START -------------
2025-03-18 12:16:25,606 - INFO - -- RUNNING ITERATIONS START -------------
2025-03-18 12:17:07,006 - INFO - -- RUNNING ITERATIONS START -------------
2025-03-18 12:17:48,166 - INFO - -- RUNNING ITERATIONS START -------------
2025-03-18 12:18:33,313 - INFO - -- RUNNING ITERATIONS START -------------
2025-03-18 12:19:14,558 - INFO - [00:00:00:41.24] Training iteration 130, current best R: 0.9974
2025-03-18 12:19:14,563 - INFO - -- RUNNING ITERATIONS START -------------
2025-03-18 12:19:54,670 - INFO - -- RUNNING ITERATIONS START -------------
2025-03-18 12:20:37,795 - INFO - -- RUNNING ITERATIONS START -------------
2025-03-18 12:21:18,254 - INFO - -- RUNNING ITERATIONS START -------------
2025-03-18 12:21:54,630 - INFO - -- RUNNING ITERATIONS START -------------
2025-03-18 12:22:33,388 - INFO - -- RUNNING ITERATIONS START -------------
2025-03-18 12:23:11,294 - INFO - -- RUNNING ITERATIONS START -------------
2025-03-18 12:23:49,139 - INFO - -- RUNNING ITERATIONS START -------------
2025-03-18 12:24:28,029 - INFO - -- RUNNING ITERATIONS START -------------
2025-03-18 12:25:15,251 - INFO - -- RUNNING ITERATIONS START -------------
2025-03-18 12:26:00,386 - INFO - [00:00:00:45.13] Training iteration 140, current best R: 0.9974
2025-03-18 12:26:00,392 - INFO - -- RUNNING ITERATIONS START -------------
2025-03-18 12:26:38,507 - INFO - -- RUNNING ITERATIONS START -------------
2025-03-18 12:27:20,731 - INFO - -- RUNNING ITERATIONS START -------------
2025-03-18 12:28:01,870 - INFO - -- RUNNING ITERATIONS START -------------
2025-03-18 12:28:44,952 - INFO - -- RUNNING ITERATIONS START -------------
2025-03-18 12:29:24,775 - INFO - -- RUNNING ITERATIONS START -------------
2025-03-18 12:30:08,992 - INFO - -- RUNNING ITERATIONS START -------------
2025-03-18 12:30:48,378 - INFO - -- RUNNING ITERATIONS START -------------
2025-03-18 12:31:27,441 - INFO - -- RUNNING ITERATIONS START -------------
2025-03-18 12:32:06,791 - INFO - -- RUNNING ITERATIONS START -------------
2025-03-18 12:32:56,080 - INFO - [00:00:00:49.29] Training iteration 150, current best R: 0.9974
2025-03-18 12:32:56,144 - INFO - -- RUNNING ITERATIONS START -------------
2025-03-18 12:33:39,760 - INFO - -- RUNNING ITERATIONS START -------------
2025-03-18 12:34:25,025 - INFO - -- RUNNING ITERATIONS START -------------
2025-03-18 12:35:07,028 - INFO - -- RUNNING ITERATIONS START -------------
2025-03-18 12:35:50,046 - INFO - -- RUNNING ITERATIONS START -------------
2025-03-18 12:36:42,074 - INFO - -- RUNNING ITERATIONS START -------------
2025-03-18 12:37:22,612 - INFO - -- RUNNING ITERATIONS START -------------
2025-03-18 12:38:04,210 - INFO - -- RUNNING ITERATIONS START -------------
2025-03-18 12:38:48,638 - INFO - -- RUNNING ITERATIONS START -------------
2025-03-18 12:39:29,383 - INFO - -- RUNNING ITERATIONS START -------------
2025-03-18 12:40:13,378 - INFO - [00:00:00:43.99] Training iteration 160, current best R: 0.9974
2025-03-18 12:40:13,440 - INFO - -- RUNNING ITERATIONS START -------------
2025-03-18 12:40:54,789 - INFO - -- RUNNING ITERATIONS START -------------
2025-03-18 12:41:36,034 - INFO - -- RUNNING ITERATIONS START -------------
2025-03-18 12:42:16,836 - INFO - -- RUNNING ITERATIONS START -------------
2025-03-18 12:43:00,402 - INFO - -- RUNNING ITERATIONS START -------------
2025-03-18 12:43:44,203 - INFO - -- RUNNING ITERATIONS START -------------
2025-03-18 12:44:29,985 - INFO - -- RUNNING ITERATIONS START -------------
2025-03-18 12:45:20,575 - INFO - -- RUNNING ITERATIONS START -------------
2025-03-18 12:46:03,667 - INFO - -- RUNNING ITERATIONS START -------------
2025-03-18 12:46:43,012 - INFO - -- RUNNING ITERATIONS START -------------
2025-03-18 12:47:42,149 - INFO - [00:00:00:59.14] Training iteration 170, current best R: 0.9974
2025-03-18 12:47:42,200 - INFO - -- RUNNING ITERATIONS START -------------
2025-03-18 12:48:30,932 - INFO - -- RUNNING ITERATIONS START -------------
2025-03-18 12:49:14,245 - INFO - -- RUNNING ITERATIONS START -------------
2025-03-18 12:49:59,665 - INFO - -- RUNNING ITERATIONS START -------------
2025-03-18 12:50:43,887 - INFO - -- RUNNING ITERATIONS START -------------
2025-03-18 12:51:26,811 - INFO - -- RUNNING ITERATIONS START -------------
2025-03-18 12:52:09,499 - INFO - -- RUNNING ITERATIONS START -------------
2025-03-18 12:52:54,080 - INFO - -- RUNNING ITERATIONS START -------------
2025-03-18 12:53:31,216 - INFO - -- RUNNING ITERATIONS START -------------
2025-03-18 12:54:12,344 - INFO - -- RUNNING ITERATIONS START -------------
2025-03-18 12:54:55,205 - INFO - [00:00:00:42.86] Training iteration 180, current best R: 0.9974
2025-03-18 12:54:55,211 - INFO - -- RUNNING ITERATIONS START -------------
2025-03-18 12:55:38,558 - INFO - -- RUNNING ITERATIONS START -------------
2025-03-18 12:56:21,497 - INFO - -- RUNNING ITERATIONS START -------------
2025-03-18 12:57:02,820 - INFO - -- RUNNING ITERATIONS START -------------
2025-03-18 12:57:43,523 - INFO - -- RUNNING ITERATIONS START -------------
2025-03-18 12:58:28,065 - INFO - -- RUNNING ITERATIONS START -------------
2025-03-18 12:59:12,767 - INFO - -- RUNNING ITERATIONS START -------------
2025-03-18 12:59:55,134 - INFO - -- RUNNING ITERATIONS START -------------
2025-03-18 13:00:34,235 - INFO - -- RUNNING ITERATIONS START -------------
2025-03-18 13:01:22,457 - INFO - -- RUNNING ITERATIONS START -------------
2025-03-18 13:02:06,938 - INFO - [00:00:00:44.48] Training iteration 190, current best R: 0.9974
2025-03-18 13:02:06,948 - INFO - -- RUNNING ITERATIONS START -------------
2025-03-18 13:02:50,016 - INFO - -- RUNNING ITERATIONS START -------------
2025-03-18 13:03:27,795 - INFO - -- RUNNING ITERATIONS START -------------
2025-03-18 13:04:14,668 - INFO - -- RUNNING ITERATIONS START -------------
2025-03-18 13:04:56,439 - INFO - -- RUNNING ITERATIONS START -------------
2025-03-18 13:05:41,001 - INFO - -- RUNNING ITERATIONS START -------------
2025-03-18 13:06:23,143 - INFO - -- RUNNING ITERATIONS START -------------
2025-03-18 13:07:03,767 - INFO - -- RUNNING ITERATIONS START -------------
2025-03-18 13:07:44,475 - INFO - -- RUNNING ITERATIONS START -------------
2025-03-18 13:08:26,566 - INFO - -- RUNNING ITERATIONS START -------------
2025-03-18 13:09:11,104 - INFO - [00:00:00:44.54] Training iteration 200, current best R: 0.9974
2025-03-18 13:09:11,112 - INFO - -- RUNNING ITERATIONS START -------------
2025-03-18 13:09:51,877 - INFO - -- RUNNING ITERATIONS START -------------
2025-03-18 13:10:36,414 - INFO - -- RUNNING ITERATIONS START -------------
2025-03-18 13:11:20,742 - INFO - -- RUNNING ITERATIONS START -------------
2025-03-18 13:12:03,183 - INFO - -- RUNNING ITERATIONS START -------------
2025-03-18 13:12:43,135 - INFO - -- RUNNING ITERATIONS START -------------
2025-03-18 13:13:23,171 - INFO - -- RUNNING ITERATIONS START -------------
2025-03-18 13:14:07,109 - INFO - -- RUNNING ITERATIONS START -------------
2025-03-18 13:14:52,964 - INFO - -- RUNNING ITERATIONS START -------------
2025-03-18 13:15:42,092 - INFO - Invalid expressions: 97146 of 501645 (19.4%).
2025-03-18 13:15:42,092 - INFO - Error type counts:
2025-03-18 13:15:42,092 - INFO -   None: 97146 (100.0%)
2025-03-18 13:15:42,092 - INFO - Error node counts:
2025-03-18 13:15:42,092 - INFO -   None: 97146 (100.0%)
2025-03-18 13:15:42,101 - INFO - Using time(s):
2025-03-18 13:15:42,101 - INFO - 9391.508039712906
2025-03-18 13:15:42,101 - INFO - Identified parametirc expression:
2025-03-18 13:15:42,102 - INFO - 0.75409585*x1*exp(0.55040866*x1*exp(-0.110767574103006*exp(1.79730029320258*x1)))
2025-03-18 13:15:42,102 - INFO - Identified traversal:
2025-03-18 13:15:42,102 - INFO - [mul, mul, 0.75409585, x1, exp, mul, 0.55040866, div, x1, exp, exp, sub, div, x1, 0.55639005, 2.2003212]
