2025-03-19 19:55:39,209 - INFO - The threshold of evaluation is:
2025-03-19 19:55:39,209 - INFO - 1e-05
2025-03-19 19:55:39,210 - INFO - WARNING: logdir not provided. Results will not be saved to file.
2025-03-19 19:55:39,211 - INFO - -- BUILDING PRIOR START -------------
2025-03-19 19:55:39,211 - INFO - WARNING: Skipping invalid 'RelationalConstraint' with arguments {'targets': [], 'effectors': [], 'relationship': None}. Reason: Prior disabled.
WARNING: Skipping invalid 'InverseUnaryConstraint' with arguments {}. Reason: There are no inverse unary Token pairs in the Library.
WARNING: Skipping invalid 'DomainRangeConstraint' with arguments {}. Reason: Prior disabled.
WARNING: Skipping invalid 'LanguageModelPrior' with arguments {'weight': None}. Reason: Prior disabled.
WARNING: Skipping invalid 'MultiDiscreteConstraint' with arguments {'dense': False, 'ordered': False}. Reason: Prior disabled.
2025-03-19 19:55:39,211 - INFO - LengthConstraint: Sequences have minimum length 4.
                  Sequences have maximum length 30.
RepeatConstraint: [const] cannot occur more than 1 times.
TrigConstraint: [sin, cos] cannot be a descendant of [sin, cos].
ConstConstraint: [const] cannot be the only unique child of [sin, cos, add, sub, mul, div].
NoInputsConstraint: Sequences contain at least one input variable Token.
UniformArityPrior: Activated.
SoftLengthPrior: No description available.
2025-03-19 19:55:39,211 - INFO - -- BUILDING PRIOR END ---------------

2025-03-19 19:55:39,211 - INFO - WARNING: max_length (64) will be overridden by value from LengthConstraint (30).
2025-03-19 19:55:40,506 - INFO - -- RUNNING ITERATIONS START -------------
2025-03-19 19:55:43,579 - INFO - [00:00:00:03.07] Training iteration 1, current best R: 0.9954
2025-03-19 19:55:43,579 - INFO - 
	** New best
2025-03-19 19:55:43,580 - INFO - 	Reward: 0.9954427562286915
2025-03-19 19:55:43,580 - INFO - 	Count Off-policy: 0
2025-03-19 19:55:43,580 - INFO - 	Count On-policy: 1
2025-03-19 19:55:43,580 - INFO - 	Originally on Policy: True
2025-03-19 19:55:43,580 - INFO - 	Invalid: False
2025-03-19 19:55:43,580 - INFO - 	Traversal: div,mul,mul,-2.146357799254185,cos,x2,sin,x2,x2
2025-03-19 19:55:43,580 - INFO - 	Expression:
2025-03-19 19:55:43,584 - INFO - 	  -2.146357799254185⋅sin(x₂)⋅cos(x₂) 
	  ───────────────────────────────────
	                   x₂                

2025-03-19 19:55:43,585 - INFO - -- RUNNING ITERATIONS START -------------
2025-03-19 19:55:44,892 - INFO - [00:00:00:01.31] Training iteration 2, current best R: 1.0000
2025-03-19 19:55:44,893 - INFO - 
	** New best
2025-03-19 19:55:44,893 - INFO - 	Reward: 1.0
2025-03-19 19:55:44,893 - INFO - 	Count Off-policy: 0
2025-03-19 19:55:44,893 - INFO - 	Count On-policy: 1
2025-03-19 19:55:44,893 - INFO - 	Originally on Policy: True
2025-03-19 19:55:44,893 - INFO - 	Invalid: False
2025-03-19 19:55:44,893 - INFO - 	Traversal: mul,cos,mul,div,x2,x2,x2,-1.9999999845977297
2025-03-19 19:55:44,893 - INFO - 	Expression:
2025-03-19 19:55:44,895 - INFO - 	  -1.9999999845977297⋅cos(x₂)

2025-03-19 19:55:44,896 - INFO - [00:00:00:01.31] Early stopping criteria met; breaking early.
2025-03-19 19:55:45,470 - INFO - Invalid expressions: 87 of 1000 (8.7%).
2025-03-19 19:55:45,471 - INFO - Error type counts:
2025-03-19 19:55:45,471 - INFO -   true_divide: 87 (100.0%)
2025-03-19 19:55:45,471 - INFO - Error node counts:
2025-03-19 19:55:45,471 - INFO -   divide: 82 (94.3%)
2025-03-19 19:55:45,471 - INFO -   invalid: 5 (5.7%)
2025-03-19 19:55:45,471 - INFO - Time used(s): 6.444467306137085
2025-03-19 19:55:45,471 - INFO - Identified var x2's parametirc expression:
2025-03-19 19:55:45,471 - INFO - -1.9999999845977297*cos(x2)
2025-03-19 19:55:45,471 - INFO - Identified var x2's traversal:
2025-03-19 19:55:45,471 - INFO - [mul, cos, mul, div, x2, x2, x2, -1.9999999845977297]
