2025-03-27 12:31:35,311 - INFO - The threshold of evaluation is:
2025-03-27 12:31:35,312 - INFO - 1e-05
2025-03-27 12:31:35,337 - INFO - WARNING: logdir not provided. Results will not be saved to file.
2025-03-27 12:31:35,338 - INFO - -- BUILDING PRIOR START -------------
2025-03-27 12:31:35,338 - INFO - WARNING: Skipping invalid 'RelationalConstraint' with arguments {'targets': [], 'effectors': [], 'relationship': None}. Reason: Prior disabled.
WARNING: Skipping invalid 'DomainRangeConstraint' with arguments {}. Reason: Prior disabled.
WARNING: Skipping invalid 'LanguageModelPrior' with arguments {'weight': None}. Reason: Prior disabled.
WARNING: Skipping invalid 'MultiDiscreteConstraint' with arguments {'dense': False, 'ordered': False}. Reason: Prior disabled.
2025-03-27 12:31:35,338 - INFO - LengthConstraint: Sequences have minimum length 4.
                  Sequences have maximum length 30.
RepeatConstraint: [const] cannot occur more than 2 times.
RelationalConstraint: [exp] cannot be a child of [log].
InverseUnaryConstraint: RelationalConstraint: [log] cannot be a child of [exp].
TrigConstraint: [sin, cos] cannot be a descendant of [sin, cos].
ConstConstraint: [const] cannot be the only unique child of [log, exp, sin, cos, add, sub, mul, div].
NoInputsConstraint: Sequences contain at least one input variable Token.
UniformArityPrior: Activated.
SoftLengthPrior: No description available.
2025-03-27 12:31:35,338 - INFO - -- BUILDING PRIOR END ---------------

2025-03-27 12:31:35,339 - INFO - WARNING: max_length (64) will be overridden by value from LengthConstraint (30).
2025-03-27 12:31:37,460 - INFO - -- RUNNING ITERATIONS START -------------
2025-03-27 12:31:41,208 - INFO - [00:00:00:03.75] Training iteration 1, current best R: 0.9879
2025-03-27 12:31:41,208 - INFO - 
	** New best
2025-03-27 12:31:41,208 - INFO - 	Reward: 0.9878584987942555
2025-03-27 12:31:41,209 - INFO - 	Count Off-policy: 0
2025-03-27 12:31:41,209 - INFO - 	Count On-policy: 1
2025-03-27 12:31:41,209 - INFO - 	Originally on Policy: True
2025-03-27 12:31:41,209 - INFO - 	Invalid: False
2025-03-27 12:31:41,209 - INFO - 	Traversal: exp,div,Nxexpr,exp,mul,add,sub,x1,Nxexpr,div,exp,x1,sin,add,x1,x1,x1
2025-03-27 12:31:41,209 - INFO - 	Expression:
2025-03-27 12:31:41,237 - INFO - 	               ⎛                   x₁   ⎞
	               ⎜                  ℯ     ⎟
	           -x₁⋅⎜-Nxexpr + x₁ + ─────────⎟
	               ⎝               sin(2⋅x₁)⎠
	   Nxexpr⋅ℯ                              
	  ℯ                                      

2025-03-27 12:31:41,237 - INFO - -- RUNNING ITERATIONS START -------------
2025-03-27 12:31:43,899 - INFO - [00:00:00:02.66] Training iteration 2, current best R: 0.9966
2025-03-27 12:31:43,899 - INFO - 
	** New best
2025-03-27 12:31:43,899 - INFO - 	Reward: 0.9965892663098475
2025-03-27 12:31:43,900 - INFO - 	Count Off-policy: 0
2025-03-27 12:31:43,900 - INFO - 	Count On-policy: 1
2025-03-27 12:31:43,900 - INFO - 	Originally on Policy: True
2025-03-27 12:31:43,900 - INFO - 	Invalid: False
2025-03-27 12:31:43,900 - INFO - 	Traversal: exp,sub,add,Nxexpr,mul,x1,x1,cos,x1
2025-03-27 12:31:43,900 - INFO - 	Expression:
2025-03-27 12:31:43,912 - INFO - 	              2          
	   Nxexpr + x₁  - cos(x₁)
	  ℯ                      

2025-03-27 12:31:43,913 - INFO - -- RUNNING ITERATIONS START -------------
2025-03-27 12:31:46,361 - INFO - -- RUNNING ITERATIONS START -------------
2025-03-27 12:31:49,117 - INFO - [00:00:00:02.76] Training iteration 4, current best R: 0.9993
2025-03-27 12:31:49,117 - INFO - 
	** New best
2025-03-27 12:31:49,117 - INFO - 	Reward: 0.999327704256049
2025-03-27 12:31:49,117 - INFO - 	Count Off-policy: 0
2025-03-27 12:31:49,117 - INFO - 	Count On-policy: 1
2025-03-27 12:31:49,118 - INFO - 	Originally on Policy: True
2025-03-27 12:31:49,118 - INFO - 	Invalid: False
2025-03-27 12:31:49,118 - INFO - 	Traversal: exp,sub,Nxexpr,cos,div,x1,mul,Nxexpr,div,x1,x1
2025-03-27 12:31:49,118 - INFO - 	Expression:
2025-03-27 12:31:49,133 - INFO - 	               ⎛  x₁  ⎞
	   Nxexpr - cos⎜──────⎟
	               ⎝Nxexpr⎠
	  ℯ                    

2025-03-27 12:31:49,133 - INFO - -- RUNNING ITERATIONS START -------------
2025-03-27 12:31:51,551 - INFO - [00:00:00:02.42] Training iteration 5, current best R: 1.0000
2025-03-27 12:31:51,552 - INFO - 
	** New best
2025-03-27 12:31:51,552 - INFO - 	Reward: 0.9999636084026895
2025-03-27 12:31:51,552 - INFO - 	Count Off-policy: 0
2025-03-27 12:31:51,552 - INFO - 	Count On-policy: 1
2025-03-27 12:31:51,552 - INFO - 	Originally on Policy: True
2025-03-27 12:31:51,552 - INFO - 	Invalid: False
2025-03-27 12:31:51,553 - INFO - 	Traversal: exp,sub,mul,sub,x1,Nxexpr,x1,Nxexpr
2025-03-27 12:31:51,553 - INFO - 	Expression:
2025-03-27 12:31:51,565 - INFO - 	   -Nxexpr + x₁⋅(-Nxexpr + x₁)
	  ℯ                           

2025-03-27 12:31:51,566 - INFO - -- RUNNING ITERATIONS START -------------
2025-03-27 12:31:54,779 - INFO - -- RUNNING ITERATIONS START -------------
2025-03-27 12:31:56,140 - INFO - -- RUNNING ITERATIONS START -------------
2025-03-27 12:31:58,206 - INFO - -- RUNNING ITERATIONS START -------------
2025-03-27 12:32:00,352 - INFO - -- RUNNING ITERATIONS START -------------
2025-03-27 12:32:01,984 - INFO - [00:00:00:01.63] Training iteration 10, current best R: 1.0000
2025-03-27 12:32:01,985 - INFO - -- RUNNING ITERATIONS START -------------
2025-03-27 12:32:03,699 - INFO - -- RUNNING ITERATIONS START -------------
2025-03-27 12:32:05,628 - INFO - -- RUNNING ITERATIONS START -------------
2025-03-27 12:32:07,760 - INFO - -- RUNNING ITERATIONS START -------------
2025-03-27 12:32:09,836 - INFO - -- RUNNING ITERATIONS START -------------
2025-03-27 12:32:11,676 - INFO - [00:00:00:01.84] Training iteration 15, current best R: 1.0000
2025-03-27 12:32:11,677 - INFO - 
	** New best
2025-03-27 12:32:11,677 - INFO - 	Reward: 1.0
2025-03-27 12:32:11,677 - INFO - 	Count Off-policy: 0
2025-03-27 12:32:11,677 - INFO - 	Count On-policy: 1
2025-03-27 12:32:11,677 - INFO - 	Originally on Policy: True
2025-03-27 12:32:11,677 - INFO - 	Invalid: False
2025-03-27 12:32:11,677 - INFO - 	Traversal: mul,Nxexpr,mul,cos,div,x1,x1,exp,mul,x1,x1
2025-03-27 12:32:11,677 - INFO - 	Expression:
2025-03-27 12:32:11,687 - INFO - 	          ⎛  2⎞       
	          ⎝x₁ ⎠       
	  Nxexpr⋅ℯ     ⋅cos(1)

2025-03-27 12:32:11,687 - INFO - [00:00:00:01.85] Early stopping criteria met; breaking early.
2025-03-27 12:32:12,053 - INFO - Invalid expressions: 5130 of 7500 (68.4%).
2025-03-27 12:32:12,053 - INFO - Error type counts:
2025-03-27 12:32:12,053 - INFO -   log: 4584 (89.4%)
2025-03-27 12:32:12,053 - INFO -   exp: 222 (4.3%)
2025-03-27 12:32:12,053 - INFO -   true_divide: 324 (6.3%)
2025-03-27 12:32:12,053 - INFO - Error node counts:
2025-03-27 12:32:12,053 - INFO -   divide: 1017 (19.8%)
2025-03-27 12:32:12,053 - INFO -   invalid: 3888 (75.8%)
2025-03-27 12:32:12,053 - INFO -   overflow: 215 (4.2%)
2025-03-27 12:32:12,053 - INFO -   underflow: 10 (0.2%)
2025-03-27 12:32:12,053 - INFO - Time used: 36.79706311225891
2025-03-27 12:32:12,053 - INFO - Identified var x1's parametirc expression:
2025-03-27 12:32:12,054 - INFO - Nxexpr*exp(x1**2)*cos(1)
2025-03-27 12:32:12,054 - INFO - Identified var x1's traversal:
2025-03-27 12:32:12,054 - INFO - [mul, Nxexpr, mul, cos, div, x1, x1, exp, mul, x1, x1]
