
== EXPERIMENT SETUP START ===========
Task type            : regression
Dataset              : data/heat3d_truth.csv
Starting seed        : 500
Runs                 : 1
Additional context   :
      INFO: Replacing config seed 0 with command-line seed 500.
== EXPERIMENT SETUP END =============

== TRAINING SEED 500 START ============
-- BUILDING PRIOR START -------------
WARNING: Skipping invalid 'RelationalConstraint' with arguments {'targets': [], 'effectors': [], 'relationship': None}. Reason: Prior disabled.
WARNING: Skipping invalid 'DomainRangeConstraint' with arguments {}. Reason: Prior disabled.
WARNING: Skipping invalid 'LanguageModelPrior' with arguments {'weight': None}. Reason: Prior disabled.
WARNING: Skipping invalid 'MultiDiscreteConstraint' with arguments {'dense': False, 'ordered': False}. Reason: Prior disabled.
LengthConstraint: Sequences have minimum length 4.
                  Sequences have maximum length 64.
RepeatConstraint: [const] cannot occur more than 3 times.
RelationalConstraint: [exp] cannot be a child of [log].
InverseUnaryConstraint: RelationalConstraint: [log] cannot be a child of [exp].
TrigConstraint: [sin, cos] cannot be a descendant of [sin, cos].
ConstConstraint: [const] cannot be the only unique child of [sin, cos, exp, log, add, sub, mul, div].
NoInputsConstraint: Sequences contain at least one input variable Token.
UniformArityPrior: Activated.
SoftLengthPrior: No description available.
-- BUILDING PRIOR END ---------------

-- RUNNING ITERATIONS START -------------
[00:00:00:08.47] Training iteration 1, current best R: 0.5384

	** New best
	Reward: 0.5384265154462865
	Count Off-policy: 0
	Count On-policy: 1
	Originally on Policy: True
	Invalid: False
	Traversal: mul,x3,sub,log,log,mul,exp,sin,mul,x1,-0.6368004803788759,x3,add,x1,-0.18082698232432112
	Expression:
	     ⎛         ⎛   ⎛    -sin(0.6368004803788759⋅x₁)⎞⎞                      ⎞
	  x₃⋅⎝-x₁ + log⎝log⎝x₃⋅ℯ                           ⎠⎠ + 0.18082698232432112⎠

-- RUNNING ITERATIONS START -------------
[00:00:00:06.02] Training iteration 2, current best R: 0.5641

	** New best
	Reward: 0.5641247539012094
	Count Off-policy: 0
	Count On-policy: 1
	Originally on Policy: True
	Invalid: False
	Traversal: mul,x1,add,cos,x1,sub,-0.9915090361522502,sin,div,exp,mul,1.5791980684520885,sub,sub,x4,x2,x4,0.9712429622166687
	Expression:
	     ⎛     ⎛                  -1.5791980684520885⋅x₂⎞                           
	  x₁⋅⎝- sin⎝1.02960849025634⋅ℯ                      ⎠ + cos(x₁) - 0.991509036152

	      ⎞
	  2502⎠

-- RUNNING ITERATIONS START -------------
[00:00:00:06.55] Training iteration 3, current best R: 0.5747

	** New best
	Reward: 0.5746933922600571
	Count Off-policy: 0
	Count On-policy: 1
	Originally on Policy: True
	Invalid: False
	Traversal: sub,1.2312430610196892,add,x1,add,exp,mul,mul,x4,sin,log,x4,add,x3,x4,x3
	Expression:
	              x₄⋅(x₃ + x₄)⋅sin(log(x₄))                     
	  -x₁ - x₃ - ℯ                          + 1.2312430610196892

-- RUNNING ITERATIONS START -------------
-- RUNNING ITERATIONS START -------------
[00:00:00:07.84] Training iteration 5, current best R: 0.5930

	** New best
	Reward: 0.5930197898318359
	Count Off-policy: 0
	Count On-policy: 1
	Originally on Policy: True
	Invalid: False
	Traversal: log,div,0.9869912798552694,log,div,sub,sub,mul,sin,x1,sin,x3,sin,x3,1.6171774812012816,x2
	Expression:
	     ⎛                 0.9869912798552694                ⎞
	  log⎜───────────────────────────────────────────────────⎟
	     ⎜   ⎛sin(x₁)⋅sin(x₃) - sin(x₃) - 1.6171774812012816⎞⎟
	     ⎜log⎜──────────────────────────────────────────────⎟⎟
	     ⎝   ⎝                      x₂                      ⎠⎠

-- RUNNING ITERATIONS START -------------
-- RUNNING ITERATIONS START -------------
-- RUNNING ITERATIONS START -------------
[00:00:00:07.38] Training iteration 8, current best R: 0.5985

	** New best
	Reward: 0.5985368102078321
	Count Off-policy: 0
	Count On-policy: 1
	Originally on Policy: True
	Invalid: False
	Traversal: sin,log,log,sub,log,x1,exp,exp,sub,log,add,-0.0895358709470126,x2,x3
	Expression:
	     ⎛   ⎛   ⎛                              -x₃          ⎞⎞⎞
	     ⎜   ⎜   ⎜   (x₂ - 0.0895358709470126)⋅ℯ             ⎟⎟⎟
	  sin⎝log⎝log⎝- ℯ                               + log(x₁)⎠⎠⎠

-- RUNNING ITERATIONS START -------------
-- RUNNING ITERATIONS START -------------
[00:00:00:07.85] Training iteration 10, current best R: 0.5985
-- RUNNING ITERATIONS START -------------
-- RUNNING ITERATIONS START -------------
-- RUNNING ITERATIONS START -------------
-- RUNNING ITERATIONS START -------------
-- RUNNING ITERATIONS START -------------
-- RUNNING ITERATIONS START -------------
-- RUNNING ITERATIONS START -------------
-- RUNNING ITERATIONS START -------------
-- RUNNING ITERATIONS START -------------
-- RUNNING ITERATIONS START -------------
[00:00:00:07.26] Training iteration 20, current best R: 0.5985
-- RUNNING ITERATIONS START -------------
-- RUNNING ITERATIONS START -------------
-- RUNNING ITERATIONS START -------------
-- RUNNING ITERATIONS START -------------
-- RUNNING ITERATIONS START -------------
-- RUNNING ITERATIONS START -------------
-- RUNNING ITERATIONS START -------------
-- RUNNING ITERATIONS START -------------
-- RUNNING ITERATIONS START -------------
-- RUNNING ITERATIONS START -------------
[00:00:00:08.06] Training iteration 30, current best R: 0.5985
-- RUNNING ITERATIONS START -------------
-- RUNNING ITERATIONS START -------------
-- RUNNING ITERATIONS START -------------
-- RUNNING ITERATIONS START -------------
-- RUNNING ITERATIONS START -------------
[00:00:00:09.85] Training iteration 35, current best R: 0.6125

	** New best
	Reward: 0.6125330787397041
	Count Off-policy: 0
	Count On-policy: 1
	Originally on Policy: True
	Invalid: False
	Traversal: cos,mul,4.686418733371063,exp,div,-2.823192910427523,exp,add,div,exp,x3,exp,exp,add,add,log,x2,-0.05817106578000324,x1,x1
	Expression:
	     ⎛                                                                          
	     ⎜                                              x₃  -0.9434885350289536⋅x₂⋅ℯ
	     ⎜                                       -x₁ - ℯ  ⋅ℯ                        
	     ⎜                   -2.823192910427523⋅ℯ                                   
	  cos⎝4.686418733371063⋅ℯ                                                       

	  x₁⎞
	    ⎟
	    ⎟
	    ⎟
	    ⎠

-- RUNNING ITERATIONS START -------------
-- RUNNING ITERATIONS START -------------
-- RUNNING ITERATIONS START -------------
-- RUNNING ITERATIONS START -------------
-- RUNNING ITERATIONS START -------------
[00:00:00:12.07] Training iteration 40, current best R: 0.6125
-- RUNNING ITERATIONS START -------------
-- RUNNING ITERATIONS START -------------
-- RUNNING ITERATIONS START -------------
-- RUNNING ITERATIONS START -------------
-- RUNNING ITERATIONS START -------------
-- RUNNING ITERATIONS START -------------
-- RUNNING ITERATIONS START -------------
-- RUNNING ITERATIONS START -------------
-- RUNNING ITERATIONS START -------------
-- RUNNING ITERATIONS START -------------
[00:00:00:14.64] Training iteration 50, current best R: 0.6125
-- RUNNING ITERATIONS START -------------
-- RUNNING ITERATIONS START -------------
-- RUNNING ITERATIONS START -------------
-- RUNNING ITERATIONS START -------------
-- RUNNING ITERATIONS START -------------
-- RUNNING ITERATIONS START -------------
-- RUNNING ITERATIONS START -------------
[00:00:00:17.01] Training iteration 57, current best R: 0.6221

	** New best
	Reward: 0.6220965093097869
	Count Off-policy: 0
	Count On-policy: 1
	Originally on Policy: True
	Invalid: False
	Traversal: sub,0.8120963655073459,log,add,sub,-5.216473211749359,sub,mul,-8.710930056713575,cos,x2,x1,x1
	Expression:
	  0.8120963655073459 - log(2⋅x₁ + 8.710930056713575⋅cos(x₂) - 5.216473211749359)

-- RUNNING ITERATIONS START -------------
-- RUNNING ITERATIONS START -------------
-- RUNNING ITERATIONS START -------------
[00:00:00:15.38] Training iteration 60, current best R: 0.6221
-- RUNNING ITERATIONS START -------------
-- RUNNING ITERATIONS START -------------
[00:00:00:13.92] Training iteration 62, current best R: 0.6772

	** New best
	Reward: 0.6771889635748526
	Count Off-policy: 0
	Count On-policy: 1
	Originally on Policy: True
	Invalid: False
	Traversal: sub,add,cos,sub,x3,log,sub,x2,sub,exp,sub,x2,0.08830303342025879,0.8433257430720614,1.6116907132099063,exp,x1
	Expression:
	     x₁      ⎛        ⎛                         x₂                     ⎞⎞       
	  - ℯ   + cos⎝x₃ - log⎝x₂ - 0.9154834126152851⋅ℯ   + 0.8433257430720614⎠⎠ + 1.61

              
	  16907132099063

-- RUNNING ITERATIONS START -------------
-- RUNNING ITERATIONS START -------------
-- RUNNING ITERATIONS START -------------
-- RUNNING ITERATIONS START -------------
-- RUNNING ITERATIONS START -------------
-- RUNNING ITERATIONS START -------------
-- RUNNING ITERATIONS START -------------
-- RUNNING ITERATIONS START -------------
[00:00:00:17.27] Training iteration 70, current best R: 0.6772
-- RUNNING ITERATIONS START -------------
-- RUNNING ITERATIONS START -------------
-- RUNNING ITERATIONS START -------------
-- RUNNING ITERATIONS START -------------
-- RUNNING ITERATIONS START -------------
-- RUNNING ITERATIONS START -------------
-- RUNNING ITERATIONS START -------------
-- RUNNING ITERATIONS START -------------
-- RUNNING ITERATIONS START -------------
-- RUNNING ITERATIONS START -------------
[00:00:00:14.11] Training iteration 80, current best R: 0.6772
-- RUNNING ITERATIONS START -------------
-- RUNNING ITERATIONS START -------------
-- RUNNING ITERATIONS START -------------
-- RUNNING ITERATIONS START -------------
-- RUNNING ITERATIONS START -------------
-- RUNNING ITERATIONS START -------------
-- RUNNING ITERATIONS START -------------
-- RUNNING ITERATIONS START -------------
-- RUNNING ITERATIONS START -------------
-- RUNNING ITERATIONS START -------------
[00:00:00:11.90] Training iteration 90, current best R: 0.6772
-- RUNNING ITERATIONS START -------------
-- RUNNING ITERATIONS START -------------
[00:00:00:12.81] Training iteration 92, current best R: 0.6822

	** New best
	Reward: 0.6821803270484776
	Count Off-policy: 0
	Count On-policy: 1
	Originally on Policy: True
	Invalid: False
	Traversal: add,sin,sub,x3,3.1279391789261455,add,mul,-4.6916939476116,add,-0.8762172954683105,cos,x2,mul,sub,x3,x1,x1
	Expression:
	  x₁⋅(-x₁ + x₃) + sin(x₃ - 3.1279391789261455) - 4.6916939476116⋅cos(x₂) + 4.110
	  943381941277

-- RUNNING ITERATIONS START -------------
-- RUNNING ITERATIONS START -------------
-- RUNNING ITERATIONS START -------------
-- RUNNING ITERATIONS START -------------
-- RUNNING ITERATIONS START -------------
-- RUNNING ITERATIONS START -------------
-- RUNNING ITERATIONS START -------------
-- RUNNING ITERATIONS START -------------
[00:00:00:12.35] Training iteration 100, current best R: 0.6822
-- RUNNING ITERATIONS START -------------
-- RUNNING ITERATIONS START -------------
-- RUNNING ITERATIONS START -------------
-- RUNNING ITERATIONS START -------------
-- RUNNING ITERATIONS START -------------
-- RUNNING ITERATIONS START -------------
-- RUNNING ITERATIONS START -------------
-- RUNNING ITERATIONS START -------------
-- RUNNING ITERATIONS START -------------
-- RUNNING ITERATIONS START -------------
[00:00:00:11.69] Training iteration 110, current best R: 0.6822
-- RUNNING ITERATIONS START -------------
-- RUNNING ITERATIONS START -------------
-- RUNNING ITERATIONS START -------------
-- RUNNING ITERATIONS START -------------
-- RUNNING ITERATIONS START -------------
-- RUNNING ITERATIONS START -------------
-- RUNNING ITERATIONS START -------------
-- RUNNING ITERATIONS START -------------
-- RUNNING ITERATIONS START -------------
-- RUNNING ITERATIONS START -------------
[00:00:00:11.72] Training iteration 120, current best R: 0.6822
-- RUNNING ITERATIONS START -------------
-- RUNNING ITERATIONS START -------------
-- RUNNING ITERATIONS START -------------
-- RUNNING ITERATIONS START -------------
-- RUNNING ITERATIONS START -------------
-- RUNNING ITERATIONS START -------------
-- RUNNING ITERATIONS START -------------
-- RUNNING ITERATIONS START -------------
-- RUNNING ITERATIONS START -------------
-- RUNNING ITERATIONS START -------------
[00:00:00:11.49] Training iteration 130, current best R: 0.6822
-- RUNNING ITERATIONS START -------------
-- RUNNING ITERATIONS START -------------
-- RUNNING ITERATIONS START -------------
-- RUNNING ITERATIONS START -------------
-- RUNNING ITERATIONS START -------------
-- RUNNING ITERATIONS START -------------
-- RUNNING ITERATIONS START -------------
-- RUNNING ITERATIONS START -------------
-- RUNNING ITERATIONS START -------------
-- RUNNING ITERATIONS START -------------
[00:00:00:10.71] Training iteration 140, current best R: 0.6822
-- RUNNING ITERATIONS START -------------
-- RUNNING ITERATIONS START -------------
-- RUNNING ITERATIONS START -------------
-- RUNNING ITERATIONS START -------------
-- RUNNING ITERATIONS START -------------
-- RUNNING ITERATIONS START -------------
-- RUNNING ITERATIONS START -------------
-- RUNNING ITERATIONS START -------------
-- RUNNING ITERATIONS START -------------
-- RUNNING ITERATIONS START -------------
[00:00:00:10.98] Training iteration 150, current best R: 0.6822
-- RUNNING ITERATIONS START -------------
-- RUNNING ITERATIONS START -------------
-- RUNNING ITERATIONS START -------------
-- RUNNING ITERATIONS START -------------
-- RUNNING ITERATIONS START -------------
-- RUNNING ITERATIONS START -------------
-- RUNNING ITERATIONS START -------------
-- RUNNING ITERATIONS START -------------
-- RUNNING ITERATIONS START -------------
-- RUNNING ITERATIONS START -------------
[00:00:00:10.98] Training iteration 160, current best R: 0.6822
-- RUNNING ITERATIONS START -------------
-- RUNNING ITERATIONS START -------------
-- RUNNING ITERATIONS START -------------
-- RUNNING ITERATIONS START -------------
-- RUNNING ITERATIONS START -------------
-- RUNNING ITERATIONS START -------------
-- RUNNING ITERATIONS START -------------
-- RUNNING ITERATIONS START -------------
-- RUNNING ITERATIONS START -------------
-- RUNNING ITERATIONS START -------------
[00:00:00:10.31] Training iteration 170, current best R: 0.6822
-- RUNNING ITERATIONS START -------------
-- RUNNING ITERATIONS START -------------
-- RUNNING ITERATIONS START -------------
-- RUNNING ITERATIONS START -------------
-- RUNNING ITERATIONS START -------------
-- RUNNING ITERATIONS START -------------
-- RUNNING ITERATIONS START -------------
-- RUNNING ITERATIONS START -------------
[00:00:00:11.03] Training iteration 178, current best R: 0.6833

	** New best
	Reward: 0.683326850113383
	Count Off-policy: 0
	Count On-policy: 1
	Originally on Policy: True
	Invalid: False
	Traversal: sub,sub,mul,x2,add,-1.3961635538709154,exp,x2,sin,sub,add,-0.35566515330998083,x1,mul,-0.978988524005911,x1,x3
	Expression:
	     ⎛ x₂                     ⎞                                                 
	  x₂⋅⎝ℯ   - 1.3961635538709154⎠ - x₃ - sin(1.97898852400591⋅x₁ - 0.3556651533099

     
	  8083)

-- RUNNING ITERATIONS START -------------
-- RUNNING ITERATIONS START -------------
[00:00:00:10.98] Training iteration 180, current best R: 0.6833
-- RUNNING ITERATIONS START -------------
[00:00:00:10.45] Training iteration 181, current best R: 0.6925

	** New best
	Reward: 0.6925230048444921
	Count Off-policy: 0
	Count On-policy: 1
	Originally on Policy: True
	Invalid: False
	Traversal: sub,mul,add,mul,-0.004648437498792748,cos,x2,0.0042502600368652,add,add,x1,1009.5101053226574,x3,add,mul,x3,x1,x1
	Expression:
	  -x₁⋅x₃ - x₁ + (0.0042502600368652 - 0.004648437498792748⋅cos(x₂))⋅(x₁ + x₃ + 1
	  009.5101053226574)

-- RUNNING ITERATIONS START -------------
-- RUNNING ITERATIONS START -------------
-- RUNNING ITERATIONS START -------------
-- RUNNING ITERATIONS START -------------
-- RUNNING ITERATIONS START -------------
-- RUNNING ITERATIONS START -------------
-- RUNNING ITERATIONS START -------------
-- RUNNING ITERATIONS START -------------
-- RUNNING ITERATIONS START -------------
[00:00:00:09.95] Training iteration 190, current best R: 0.6925
-- RUNNING ITERATIONS START -------------
-- RUNNING ITERATIONS START -------------
-- RUNNING ITERATIONS START -------------
[00:00:00:10.99] Training iteration 193, current best R: 0.7359

	** New best
	Reward: 0.7359155977520143
	Count Off-policy: 0
	Count On-policy: 1
	Originally on Policy: True
	Invalid: False
	Traversal: sub,add,add,add,mul,cos,x2,sub,-3.9440915219032893,x1,x3,2.031120622131056,2.031120622131056,add,add,x1,x3,x3
	Expression:
	  -x₁ - x₃ + (-x₁ - 3.9440915219032893)⋅cos(x₂) + 4.062241244262112

-- RUNNING ITERATIONS START -------------
-- RUNNING ITERATIONS START -------------
-- RUNNING ITERATIONS START -------------
-- RUNNING ITERATIONS START -------------
-- RUNNING ITERATIONS START -------------
-- RUNNING ITERATIONS START -------------
-- RUNNING ITERATIONS START -------------
[00:00:00:11.38] Training iteration 200, current best R: 0.7359
-- RUNNING ITERATIONS START -------------
-- RUNNING ITERATIONS START -------------
-- RUNNING ITERATIONS START -------------
-- RUNNING ITERATIONS START -------------
-- RUNNING ITERATIONS START -------------
-- RUNNING ITERATIONS START -------------
-- RUNNING ITERATIONS START -------------
-- RUNNING ITERATIONS START -------------
-- RUNNING ITERATIONS START -------------
-- RUNNING ITERATIONS START -------------
[00:00:00:10.24] Training iteration 210, current best R: 0.7359
-- RUNNING ITERATIONS START -------------
-- RUNNING ITERATIONS START -------------
-- RUNNING ITERATIONS START -------------
-- RUNNING ITERATIONS START -------------
-- RUNNING ITERATIONS START -------------
-- RUNNING ITERATIONS START -------------
-- RUNNING ITERATIONS START -------------
-- RUNNING ITERATIONS START -------------
-- RUNNING ITERATIONS START -------------
-- RUNNING ITERATIONS START -------------
[00:00:00:10.68] Training iteration 220, current best R: 0.7359
-- RUNNING ITERATIONS START -------------
-- RUNNING ITERATIONS START -------------
-- RUNNING ITERATIONS START -------------
-- RUNNING ITERATIONS START -------------
-- RUNNING ITERATIONS START -------------
-- RUNNING ITERATIONS START -------------
-- RUNNING ITERATIONS START -------------
-- RUNNING ITERATIONS START -------------
-- RUNNING ITERATIONS START -------------
-- RUNNING ITERATIONS START -------------
[00:00:00:10.60] Training iteration 230, current best R: 0.7359
-- RUNNING ITERATIONS START -------------
-- RUNNING ITERATIONS START -------------
-- RUNNING ITERATIONS START -------------
-- RUNNING ITERATIONS START -------------
-- RUNNING ITERATIONS START -------------
-- RUNNING ITERATIONS START -------------
-- RUNNING ITERATIONS START -------------
[00:00:00:10.92] Training iteration 237, current best R: 0.7635

	** New best
	Reward: 0.7634634171739554
	Count Off-policy: 0
	Count On-policy: 1
	Originally on Policy: True
	Invalid: False
	Traversal: sub,mul,add,x3,log,cos,x2,-3.6413002137564043,add,-0.1399869450093476,add,add,mul,-2.8894729496759286,x3,x1,x1
	Expression:
	  -2⋅x₁ - 0.7518272640804757⋅x₃ - 3.6413002137564043⋅log(cos(x₂)) + 0.1399869450
	  093476

-- RUNNING ITERATIONS START -------------
-- RUNNING ITERATIONS START -------------
-- RUNNING ITERATIONS START -------------
[00:00:00:11.09] Training iteration 240, current best R: 0.7635
-- RUNNING ITERATIONS START -------------
-- RUNNING ITERATIONS START -------------
-- RUNNING ITERATIONS START -------------
-- RUNNING ITERATIONS START -------------
-- RUNNING ITERATIONS START -------------
-- RUNNING ITERATIONS START -------------
-- RUNNING ITERATIONS START -------------
-- RUNNING ITERATIONS START -------------
-- RUNNING ITERATIONS START -------------
-- RUNNING ITERATIONS START -------------
[00:00:00:11.02] Training iteration 250, current best R: 0.7635
-- RUNNING ITERATIONS START -------------
-- RUNNING ITERATIONS START -------------
-- RUNNING ITERATIONS START -------------
-- RUNNING ITERATIONS START -------------
-- RUNNING ITERATIONS START -------------
-- RUNNING ITERATIONS START -------------
-- RUNNING ITERATIONS START -------------
-- RUNNING ITERATIONS START -------------
-- RUNNING ITERATIONS START -------------
-- RUNNING ITERATIONS START -------------
[00:00:00:09.96] Training iteration 260, current best R: 0.7635
-- RUNNING ITERATIONS START -------------
-- RUNNING ITERATIONS START -------------
-- RUNNING ITERATIONS START -------------
-- RUNNING ITERATIONS START -------------
-- RUNNING ITERATIONS START -------------
-- RUNNING ITERATIONS START -------------
-- RUNNING ITERATIONS START -------------
-- RUNNING ITERATIONS START -------------
-- RUNNING ITERATIONS START -------------
-- RUNNING ITERATIONS START -------------
[00:00:00:09.61] Training iteration 270, current best R: 0.7635
-- RUNNING ITERATIONS START -------------
-- RUNNING ITERATIONS START -------------
-- RUNNING ITERATIONS START -------------
-- RUNNING ITERATIONS START -------------
-- RUNNING ITERATIONS START -------------
-- RUNNING ITERATIONS START -------------
-- RUNNING ITERATIONS START -------------
-- RUNNING ITERATIONS START -------------
-- RUNNING ITERATIONS START -------------
-- RUNNING ITERATIONS START -------------
[00:00:00:09.66] Training iteration 280, current best R: 0.7635
-- RUNNING ITERATIONS START -------------
-- RUNNING ITERATIONS START -------------
-- RUNNING ITERATIONS START -------------
-- RUNNING ITERATIONS START -------------
-- RUNNING ITERATIONS START -------------
-- RUNNING ITERATIONS START -------------
-- RUNNING ITERATIONS START -------------
-- RUNNING ITERATIONS START -------------
-- RUNNING ITERATIONS START -------------
-- RUNNING ITERATIONS START -------------
[00:00:00:10.44] Training iteration 290, current best R: 0.7635
-- RUNNING ITERATIONS START -------------
-- RUNNING ITERATIONS START -------------
-- RUNNING ITERATIONS START -------------
-- RUNNING ITERATIONS START -------------
-- RUNNING ITERATIONS START -------------
-- RUNNING ITERATIONS START -------------
-- RUNNING ITERATIONS START -------------
-- RUNNING ITERATIONS START -------------
-- RUNNING ITERATIONS START -------------
-- RUNNING ITERATIONS START -------------
[00:00:00:13.30] Training iteration 300, current best R: 0.7635
-- RUNNING ITERATIONS START -------------
-- RUNNING ITERATIONS START -------------
-- RUNNING ITERATIONS START -------------
-- RUNNING ITERATIONS START -------------
-- RUNNING ITERATIONS START -------------
-- RUNNING ITERATIONS START -------------
-- RUNNING ITERATIONS START -------------
-- RUNNING ITERATIONS START -------------
-- RUNNING ITERATIONS START -------------
-- RUNNING ITERATIONS START -------------
[00:00:00:11.09] Training iteration 310, current best R: 0.7635
-- RUNNING ITERATIONS START -------------
-- RUNNING ITERATIONS START -------------
-- RUNNING ITERATIONS START -------------
-- RUNNING ITERATIONS START -------------
-- RUNNING ITERATIONS START -------------
-- RUNNING ITERATIONS START -------------
-- RUNNING ITERATIONS START -------------
-- RUNNING ITERATIONS START -------------
-- RUNNING ITERATIONS START -------------
-- RUNNING ITERATIONS START -------------
[00:00:00:10.19] Training iteration 320, current best R: 0.7635
-- RUNNING ITERATIONS START -------------
-- RUNNING ITERATIONS START -------------
-- RUNNING ITERATIONS START -------------
-- RUNNING ITERATIONS START -------------
-- RUNNING ITERATIONS START -------------
-- RUNNING ITERATIONS START -------------
-- RUNNING ITERATIONS START -------------
-- RUNNING ITERATIONS START -------------
-- RUNNING ITERATIONS START -------------
-- RUNNING ITERATIONS START -------------
[00:00:00:11.31] Training iteration 330, current best R: 0.7635
-- RUNNING ITERATIONS START -------------
-- RUNNING ITERATIONS START -------------
-- RUNNING ITERATIONS START -------------
-- RUNNING ITERATIONS START -------------
-- RUNNING ITERATIONS START -------------
-- RUNNING ITERATIONS START -------------
-- RUNNING ITERATIONS START -------------
-- RUNNING ITERATIONS START -------------
-- RUNNING ITERATIONS START -------------
-- RUNNING ITERATIONS START -------------
[00:00:00:10.84] Training iteration 340, current best R: 0.7635
-- RUNNING ITERATIONS START -------------
-- RUNNING ITERATIONS START -------------
-- RUNNING ITERATIONS START -------------
-- RUNNING ITERATIONS START -------------
-- RUNNING ITERATIONS START -------------
-- RUNNING ITERATIONS START -------------
-- RUNNING ITERATIONS START -------------
-- RUNNING ITERATIONS START -------------
-- RUNNING ITERATIONS START -------------
-- RUNNING ITERATIONS START -------------
[00:00:00:10.00] Training iteration 350, current best R: 0.7635
-- RUNNING ITERATIONS START -------------
-- RUNNING ITERATIONS START -------------
-- RUNNING ITERATIONS START -------------
-- RUNNING ITERATIONS START -------------
-- RUNNING ITERATIONS START -------------
-- RUNNING ITERATIONS START -------------
-- RUNNING ITERATIONS START -------------
-- RUNNING ITERATIONS START -------------
-- RUNNING ITERATIONS START -------------
-- RUNNING ITERATIONS START -------------
[00:00:00:10.40] Training iteration 360, current best R: 0.7635
-- RUNNING ITERATIONS START -------------
-- RUNNING ITERATIONS START -------------
-- RUNNING ITERATIONS START -------------
-- RUNNING ITERATIONS START -------------
-- RUNNING ITERATIONS START -------------
-- RUNNING ITERATIONS START -------------
-- RUNNING ITERATIONS START -------------
-- RUNNING ITERATIONS START -------------
-- RUNNING ITERATIONS START -------------
-- RUNNING ITERATIONS START -------------
[00:00:00:10.46] Training iteration 370, current best R: 0.7635
-- RUNNING ITERATIONS START -------------
-- RUNNING ITERATIONS START -------------
-- RUNNING ITERATIONS START -------------
-- RUNNING ITERATIONS START -------------
-- RUNNING ITERATIONS START -------------
-- RUNNING ITERATIONS START -------------
-- RUNNING ITERATIONS START -------------
-- RUNNING ITERATIONS START -------------
-- RUNNING ITERATIONS START -------------
-- RUNNING ITERATIONS START -------------
[00:00:00:11.79] Training iteration 380, current best R: 0.7635
-- RUNNING ITERATIONS START -------------
-- RUNNING ITERATIONS START -------------
-- RUNNING ITERATIONS START -------------
-- RUNNING ITERATIONS START -------------
-- RUNNING ITERATIONS START -------------
-- RUNNING ITERATIONS START -------------
-- RUNNING ITERATIONS START -------------
-- RUNNING ITERATIONS START -------------
-- RUNNING ITERATIONS START -------------
-- RUNNING ITERATIONS START -------------
[00:00:00:09.43] Training iteration 390, current best R: 0.7635
-- RUNNING ITERATIONS START -------------
-- RUNNING ITERATIONS START -------------
-- RUNNING ITERATIONS START -------------
-- RUNNING ITERATIONS START -------------
-- RUNNING ITERATIONS START -------------
-- RUNNING ITERATIONS START -------------
-- RUNNING ITERATIONS START -------------
-- RUNNING ITERATIONS START -------------
-- RUNNING ITERATIONS START -------------
-- RUNNING ITERATIONS START -------------
[00:00:00:09.38] Training iteration 400, current best R: 0.7635
-- RUNNING ITERATIONS START -------------
-- RUNNING ITERATIONS START -------------
-- RUNNING ITERATIONS START -------------
-- RUNNING ITERATIONS START -------------
-- RUNNING ITERATIONS START -------------
-- RUNNING ITERATIONS START -------------
-- RUNNING ITERATIONS START -------------
-- RUNNING ITERATIONS START -------------
-- RUNNING ITERATIONS START -------------
-- RUNNING ITERATIONS START -------------
[00:00:00:10.78] Training iteration 410, current best R: 0.7635
-- RUNNING ITERATIONS START -------------
-- RUNNING ITERATIONS START -------------
-- RUNNING ITERATIONS START -------------
-- RUNNING ITERATIONS START -------------
-- RUNNING ITERATIONS START -------------
-- RUNNING ITERATIONS START -------------
-- RUNNING ITERATIONS START -------------
-- RUNNING ITERATIONS START -------------
-- RUNNING ITERATIONS START -------------
-- RUNNING ITERATIONS START -------------
[00:00:00:10.44] Training iteration 420, current best R: 0.7635
-- RUNNING ITERATIONS START -------------
-- RUNNING ITERATIONS START -------------
-- RUNNING ITERATIONS START -------------
-- RUNNING ITERATIONS START -------------
-- RUNNING ITERATIONS START -------------
-- RUNNING ITERATIONS START -------------
-- RUNNING ITERATIONS START -------------
-- RUNNING ITERATIONS START -------------
-- RUNNING ITERATIONS START -------------
-- RUNNING ITERATIONS START -------------
[00:00:00:10.52] Training iteration 430, current best R: 0.7635
-- RUNNING ITERATIONS START -------------
-- RUNNING ITERATIONS START -------------
-- RUNNING ITERATIONS START -------------
-- RUNNING ITERATIONS START -------------
-- RUNNING ITERATIONS START -------------
-- RUNNING ITERATIONS START -------------
-- RUNNING ITERATIONS START -------------
-- RUNNING ITERATIONS START -------------
-- RUNNING ITERATIONS START -------------
-- RUNNING ITERATIONS START -------------
[00:00:00:11.90] Training iteration 440, current best R: 0.7635
-- RUNNING ITERATIONS START -------------
-- RUNNING ITERATIONS START -------------
-- RUNNING ITERATIONS START -------------
-- RUNNING ITERATIONS START -------------
-- RUNNING ITERATIONS START -------------
-- RUNNING ITERATIONS START -------------
-- RUNNING ITERATIONS START -------------
-- RUNNING ITERATIONS START -------------
-- RUNNING ITERATIONS START -------------
-- RUNNING ITERATIONS START -------------
[00:00:00:11.43] Training iteration 450, current best R: 0.7635
-- RUNNING ITERATIONS START -------------
-- RUNNING ITERATIONS START -------------
-- RUNNING ITERATIONS START -------------
-- RUNNING ITERATIONS START -------------
-- RUNNING ITERATIONS START -------------
-- RUNNING ITERATIONS START -------------
-- RUNNING ITERATIONS START -------------
-- RUNNING ITERATIONS START -------------
-- RUNNING ITERATIONS START -------------
-- RUNNING ITERATIONS START -------------
[00:00:00:10.18] Training iteration 460, current best R: 0.7635
-- RUNNING ITERATIONS START -------------
-- RUNNING ITERATIONS START -------------
-- RUNNING ITERATIONS START -------------
-- RUNNING ITERATIONS START -------------
-- RUNNING ITERATIONS START -------------
-- RUNNING ITERATIONS START -------------
-- RUNNING ITERATIONS START -------------
-- RUNNING ITERATIONS START -------------
-- RUNNING ITERATIONS START -------------
-- RUNNING ITERATIONS START -------------
[00:00:00:10.31] Training iteration 470, current best R: 0.7635
-- RUNNING ITERATIONS START -------------
-- RUNNING ITERATIONS START -------------
-- RUNNING ITERATIONS START -------------
-- RUNNING ITERATIONS START -------------
-- RUNNING ITERATIONS START -------------
-- RUNNING ITERATIONS START -------------
-- RUNNING ITERATIONS START -------------
-- RUNNING ITERATIONS START -------------
-- RUNNING ITERATIONS START -------------
-- RUNNING ITERATIONS START -------------
[00:00:00:11.90] Training iteration 480, current best R: 0.7635
-- RUNNING ITERATIONS START -------------
-- RUNNING ITERATIONS START -------------
-- RUNNING ITERATIONS START -------------
-- RUNNING ITERATIONS START -------------
-- RUNNING ITERATIONS START -------------
-- RUNNING ITERATIONS START -------------
-- RUNNING ITERATIONS START -------------
-- RUNNING ITERATIONS START -------------
-- RUNNING ITERATIONS START -------------
-- RUNNING ITERATIONS START -------------
[00:00:00:09.94] Training iteration 490, current best R: 0.7635
-- RUNNING ITERATIONS START -------------
-- RUNNING ITERATIONS START -------------
-- RUNNING ITERATIONS START -------------
-- RUNNING ITERATIONS START -------------
-- RUNNING ITERATIONS START -------------
-- RUNNING ITERATIONS START -------------
-- RUNNING ITERATIONS START -------------
-- RUNNING ITERATIONS START -------------
-- RUNNING ITERATIONS START -------------
-- RUNNING ITERATIONS START -------------
[00:00:00:11.97] Training iteration 500, current best R: 0.7635
-- RUNNING ITERATIONS START -------------
-- RUNNING ITERATIONS START -------------
-- RUNNING ITERATIONS START -------------
-- RUNNING ITERATIONS START -------------
-- RUNNING ITERATIONS START -------------
-- RUNNING ITERATIONS START -------------
-- RUNNING ITERATIONS START -------------
-- RUNNING ITERATIONS START -------------
-- RUNNING ITERATIONS START -------------
-- RUNNING ITERATIONS START -------------
[00:00:00:11.20] Training iteration 510, current best R: 0.7635
-- RUNNING ITERATIONS START -------------
-- RUNNING ITERATIONS START -------------
-- RUNNING ITERATIONS START -------------
-- RUNNING ITERATIONS START -------------
-- RUNNING ITERATIONS START -------------
-- RUNNING ITERATIONS START -------------
-- RUNNING ITERATIONS START -------------
-- RUNNING ITERATIONS START -------------
-- RUNNING ITERATIONS START -------------
-- RUNNING ITERATIONS START -------------
[00:00:00:10.13] Training iteration 520, current best R: 0.7635
-- RUNNING ITERATIONS START -------------
-- RUNNING ITERATIONS START -------------
-- RUNNING ITERATIONS START -------------
-- RUNNING ITERATIONS START -------------
-- RUNNING ITERATIONS START -------------
-- RUNNING ITERATIONS START -------------
-- RUNNING ITERATIONS START -------------
-- RUNNING ITERATIONS START -------------
-- RUNNING ITERATIONS START -------------
-- RUNNING ITERATIONS START -------------
[00:00:00:09.82] Training iteration 530, current best R: 0.7635
-- RUNNING ITERATIONS START -------------
-- RUNNING ITERATIONS START -------------
-- RUNNING ITERATIONS START -------------
-- RUNNING ITERATIONS START -------------
-- RUNNING ITERATIONS START -------------
-- RUNNING ITERATIONS START -------------
-- RUNNING ITERATIONS START -------------
-- RUNNING ITERATIONS START -------------
-- RUNNING ITERATIONS START -------------
-- RUNNING ITERATIONS START -------------
[00:00:00:09.42] Training iteration 540, current best R: 0.7635
-- RUNNING ITERATIONS START -------------
-- RUNNING ITERATIONS START -------------
-- RUNNING ITERATIONS START -------------
-- RUNNING ITERATIONS START -------------
-- RUNNING ITERATIONS START -------------
-- RUNNING ITERATIONS START -------------
-- RUNNING ITERATIONS START -------------
-- RUNNING ITERATIONS START -------------
-- RUNNING ITERATIONS START -------------
-- RUNNING ITERATIONS START -------------
[00:00:00:10.40] Training iteration 550, current best R: 0.7635
-- RUNNING ITERATIONS START -------------
-- RUNNING ITERATIONS START -------------
-- RUNNING ITERATIONS START -------------
-- RUNNING ITERATIONS START -------------
-- RUNNING ITERATIONS START -------------
-- RUNNING ITERATIONS START -------------
-- RUNNING ITERATIONS START -------------
-- RUNNING ITERATIONS START -------------
-- RUNNING ITERATIONS START -------------
-- RUNNING ITERATIONS START -------------
[00:00:00:11.79] Training iteration 560, current best R: 0.7635
-- RUNNING ITERATIONS START -------------
-- RUNNING ITERATIONS START -------------
-- RUNNING ITERATIONS START -------------
-- RUNNING ITERATIONS START -------------
-- RUNNING ITERATIONS START -------------
-- RUNNING ITERATIONS START -------------
-- RUNNING ITERATIONS START -------------
-- RUNNING ITERATIONS START -------------
-- RUNNING ITERATIONS START -------------
-- RUNNING ITERATIONS START -------------
[00:00:00:09.77] Training iteration 570, current best R: 0.7635
-- RUNNING ITERATIONS START -------------
-- RUNNING ITERATIONS START -------------
-- RUNNING ITERATIONS START -------------
-- RUNNING ITERATIONS START -------------
-- RUNNING ITERATIONS START -------------
-- RUNNING ITERATIONS START -------------
-- RUNNING ITERATIONS START -------------
-- RUNNING ITERATIONS START -------------
-- RUNNING ITERATIONS START -------------
-- RUNNING ITERATIONS START -------------
[00:00:00:10.05] Training iteration 580, current best R: 0.7635
-- RUNNING ITERATIONS START -------------
-- RUNNING ITERATIONS START -------------
-- RUNNING ITERATIONS START -------------
-- RUNNING ITERATIONS START -------------
-- RUNNING ITERATIONS START -------------
-- RUNNING ITERATIONS START -------------
-- RUNNING ITERATIONS START -------------
-- RUNNING ITERATIONS START -------------
-- RUNNING ITERATIONS START -------------
-- RUNNING ITERATIONS START -------------
[00:00:00:10.09] Training iteration 590, current best R: 0.7635
-- RUNNING ITERATIONS START -------------
-- RUNNING ITERATIONS START -------------
-- RUNNING ITERATIONS START -------------
-- RUNNING ITERATIONS START -------------
-- RUNNING ITERATIONS START -------------
-- RUNNING ITERATIONS START -------------
-- RUNNING ITERATIONS START -------------
-- RUNNING ITERATIONS START -------------
-- RUNNING ITERATIONS START -------------
-- RUNNING ITERATIONS START -------------
[00:00:00:12.36] Training iteration 600, current best R: 0.7635
-- RUNNING ITERATIONS START -------------
-- RUNNING ITERATIONS START -------------
-- RUNNING ITERATIONS START -------------
-- RUNNING ITERATIONS START -------------
-- RUNNING ITERATIONS START -------------
-- RUNNING ITERATIONS START -------------
-- RUNNING ITERATIONS START -------------
-- RUNNING ITERATIONS START -------------
-- RUNNING ITERATIONS START -------------
-- RUNNING ITERATIONS START -------------
[00:00:00:10.02] Training iteration 610, current best R: 0.7635
-- RUNNING ITERATIONS START -------------
-- RUNNING ITERATIONS START -------------
-- RUNNING ITERATIONS START -------------
-- RUNNING ITERATIONS START -------------
-- RUNNING ITERATIONS START -------------
-- RUNNING ITERATIONS START -------------
-- RUNNING ITERATIONS START -------------
-- RUNNING ITERATIONS START -------------
-- RUNNING ITERATIONS START -------------
-- RUNNING ITERATIONS START -------------
[00:00:00:10.32] Training iteration 620, current best R: 0.7635
-- RUNNING ITERATIONS START -------------
-- RUNNING ITERATIONS START -------------
-- RUNNING ITERATIONS START -------------
-- RUNNING ITERATIONS START -------------
-- RUNNING ITERATIONS START -------------
-- RUNNING ITERATIONS START -------------
-- RUNNING ITERATIONS START -------------
-- RUNNING ITERATIONS START -------------
-- RUNNING ITERATIONS START -------------
-- RUNNING ITERATIONS START -------------
[00:00:00:11.66] Training iteration 630, current best R: 0.7635
-- RUNNING ITERATIONS START -------------
-- RUNNING ITERATIONS START -------------
-- RUNNING ITERATIONS START -------------
-- RUNNING ITERATIONS START -------------
-- RUNNING ITERATIONS START -------------
-- RUNNING ITERATIONS START -------------
-- RUNNING ITERATIONS START -------------
-- RUNNING ITERATIONS START -------------
-- RUNNING ITERATIONS START -------------
-- RUNNING ITERATIONS START -------------
[00:00:00:10.08] Training iteration 640, current best R: 0.7635
-- RUNNING ITERATIONS START -------------
-- RUNNING ITERATIONS START -------------
-- RUNNING ITERATIONS START -------------
-- RUNNING ITERATIONS START -------------
-- RUNNING ITERATIONS START -------------
-- RUNNING ITERATIONS START -------------
-- RUNNING ITERATIONS START -------------
-- RUNNING ITERATIONS START -------------
-- RUNNING ITERATIONS START -------------
-- RUNNING ITERATIONS START -------------
[00:00:00:09.37] Training iteration 650, current best R: 0.7635
-- RUNNING ITERATIONS START -------------
-- RUNNING ITERATIONS START -------------
-- RUNNING ITERATIONS START -------------
-- RUNNING ITERATIONS START -------------
-- RUNNING ITERATIONS START -------------
-- RUNNING ITERATIONS START -------------
-- RUNNING ITERATIONS START -------------
-- RUNNING ITERATIONS START -------------
-- RUNNING ITERATIONS START -------------
-- RUNNING ITERATIONS START -------------
[00:00:00:09.61] Training iteration 660, current best R: 0.7635
-- RUNNING ITERATIONS START -------------
-- RUNNING ITERATIONS START -------------
-- RUNNING ITERATIONS START -------------
-- RUNNING ITERATIONS START -------------
-- RUNNING ITERATIONS START -------------
-- RUNNING ITERATIONS START -------------
-- RUNNING ITERATIONS START -------------
-- RUNNING ITERATIONS START -------------
-- RUNNING ITERATIONS START -------------
-- RUNNING ITERATIONS START -------------
[00:00:00:11.39] Training iteration 670, current best R: 0.7635
-- RUNNING ITERATIONS START -------------
-- RUNNING ITERATIONS START -------------
-- RUNNING ITERATIONS START -------------
-- RUNNING ITERATIONS START -------------
-- RUNNING ITERATIONS START -------------
-- RUNNING ITERATIONS START -------------
-- RUNNING ITERATIONS START -------------
-- RUNNING ITERATIONS START -------------
-- RUNNING ITERATIONS START -------------
-- RUNNING ITERATIONS START -------------
[00:00:00:10.42] Training iteration 680, current best R: 0.7635
-- RUNNING ITERATIONS START -------------
-- RUNNING ITERATIONS START -------------
-- RUNNING ITERATIONS START -------------
-- RUNNING ITERATIONS START -------------
-- RUNNING ITERATIONS START -------------
-- RUNNING ITERATIONS START -------------
-- RUNNING ITERATIONS START -------------
-- RUNNING ITERATIONS START -------------
-- RUNNING ITERATIONS START -------------
-- RUNNING ITERATIONS START -------------
[00:00:00:10.57] Training iteration 690, current best R: 0.7635
-- RUNNING ITERATIONS START -------------
-- RUNNING ITERATIONS START -------------
-- RUNNING ITERATIONS START -------------
-- RUNNING ITERATIONS START -------------
-- RUNNING ITERATIONS START -------------
-- RUNNING ITERATIONS START -------------
-- RUNNING ITERATIONS START -------------
-- RUNNING ITERATIONS START -------------
-- RUNNING ITERATIONS START -------------
-- RUNNING ITERATIONS START -------------
[00:00:00:09.76] Training iteration 700, current best R: 0.7635
-- RUNNING ITERATIONS START -------------
-- RUNNING ITERATIONS START -------------
-- RUNNING ITERATIONS START -------------
-- RUNNING ITERATIONS START -------------
-- RUNNING ITERATIONS START -------------
-- RUNNING ITERATIONS START -------------
-- RUNNING ITERATIONS START -------------
-- RUNNING ITERATIONS START -------------
-- RUNNING ITERATIONS START -------------
-- RUNNING ITERATIONS START -------------
[00:00:00:10.01] Training iteration 710, current best R: 0.7635
-- RUNNING ITERATIONS START -------------
-- RUNNING ITERATIONS START -------------
-- RUNNING ITERATIONS START -------------
-- RUNNING ITERATIONS START -------------
-- RUNNING ITERATIONS START -------------
-- RUNNING ITERATIONS START -------------
-- RUNNING ITERATIONS START -------------
-- RUNNING ITERATIONS START -------------
-- RUNNING ITERATIONS START -------------
-- RUNNING ITERATIONS START -------------
[00:00:00:10.43] Training iteration 720, current best R: 0.7635
-- RUNNING ITERATIONS START -------------
-- RUNNING ITERATIONS START -------------
-- RUNNING ITERATIONS START -------------
-- RUNNING ITERATIONS START -------------
-- RUNNING ITERATIONS START -------------
-- RUNNING ITERATIONS START -------------
-- RUNNING ITERATIONS START -------------
-- RUNNING ITERATIONS START -------------
-- RUNNING ITERATIONS START -------------
-- RUNNING ITERATIONS START -------------
[00:00:00:10.67] Training iteration 730, current best R: 0.7635
-- RUNNING ITERATIONS START -------------
-- RUNNING ITERATIONS START -------------
-- RUNNING ITERATIONS START -------------
-- RUNNING ITERATIONS START -------------
-- RUNNING ITERATIONS START -------------
-- RUNNING ITERATIONS START -------------
-- RUNNING ITERATIONS START -------------
-- RUNNING ITERATIONS START -------------
-- RUNNING ITERATIONS START -------------
-- RUNNING ITERATIONS START -------------
[00:00:00:10.91] Training iteration 740, current best R: 0.7635
-- RUNNING ITERATIONS START -------------
-- RUNNING ITERATIONS START -------------
-- RUNNING ITERATIONS START -------------
-- RUNNING ITERATIONS START -------------
-- RUNNING ITERATIONS START -------------
-- RUNNING ITERATIONS START -------------
-- RUNNING ITERATIONS START -------------
-- RUNNING ITERATIONS START -------------
-- RUNNING ITERATIONS START -------------
-- RUNNING ITERATIONS START -------------
[00:00:00:11.16] Training iteration 750, current best R: 0.7635
-- RUNNING ITERATIONS START -------------
-- RUNNING ITERATIONS START -------------
-- RUNNING ITERATIONS START -------------
-- RUNNING ITERATIONS START -------------
-- RUNNING ITERATIONS START -------------
-- RUNNING ITERATIONS START -------------
-- RUNNING ITERATIONS START -------------
-- RUNNING ITERATIONS START -------------
-- RUNNING ITERATIONS START -------------
-- RUNNING ITERATIONS START -------------
[00:00:00:09.35] Training iteration 760, current best R: 0.7635
-- RUNNING ITERATIONS START -------------
-- RUNNING ITERATIONS START -------------
-- RUNNING ITERATIONS START -------------
-- RUNNING ITERATIONS START -------------
-- RUNNING ITERATIONS START -------------
-- RUNNING ITERATIONS START -------------
-- RUNNING ITERATIONS START -------------
-- RUNNING ITERATIONS START -------------
-- RUNNING ITERATIONS START -------------
-- RUNNING ITERATIONS START -------------
[00:00:00:10.41] Training iteration 770, current best R: 0.7635
-- RUNNING ITERATIONS START -------------
-- RUNNING ITERATIONS START -------------
-- RUNNING ITERATIONS START -------------
-- RUNNING ITERATIONS START -------------
-- RUNNING ITERATIONS START -------------
-- RUNNING ITERATIONS START -------------
-- RUNNING ITERATIONS START -------------
-- RUNNING ITERATIONS START -------------
-- RUNNING ITERATIONS START -------------
-- RUNNING ITERATIONS START -------------
[00:00:00:11.67] Training iteration 780, current best R: 0.7635
-- RUNNING ITERATIONS START -------------
-- RUNNING ITERATIONS START -------------
-- RUNNING ITERATIONS START -------------
-- RUNNING ITERATIONS START -------------
-- RUNNING ITERATIONS START -------------
-- RUNNING ITERATIONS START -------------
-- RUNNING ITERATIONS START -------------
-- RUNNING ITERATIONS START -------------
-- RUNNING ITERATIONS START -------------
-- RUNNING ITERATIONS START -------------
[00:00:00:09.75] Training iteration 790, current best R: 0.7635
-- RUNNING ITERATIONS START -------------
-- RUNNING ITERATIONS START -------------
-- RUNNING ITERATIONS START -------------
-- RUNNING ITERATIONS START -------------
-- RUNNING ITERATIONS START -------------
-- RUNNING ITERATIONS START -------------
-- RUNNING ITERATIONS START -------------
-- RUNNING ITERATIONS START -------------
-- RUNNING ITERATIONS START -------------
-- RUNNING ITERATIONS START -------------
[00:00:00:10.93] Training iteration 800, current best R: 0.7635
-- RUNNING ITERATIONS START -------------
-- RUNNING ITERATIONS START -------------
-- RUNNING ITERATIONS START -------------
-- RUNNING ITERATIONS START -------------
-- RUNNING ITERATIONS START -------------
-- RUNNING ITERATIONS START -------------
-- RUNNING ITERATIONS START -------------
-- RUNNING ITERATIONS START -------------
-- RUNNING ITERATIONS START -------------
-- RUNNING ITERATIONS START -------------
[00:00:00:10.40] Training iteration 810, current best R: 0.7635
-- RUNNING ITERATIONS START -------------
-- RUNNING ITERATIONS START -------------
-- RUNNING ITERATIONS START -------------
-- RUNNING ITERATIONS START -------------
-- RUNNING ITERATIONS START -------------
-- RUNNING ITERATIONS START -------------
-- RUNNING ITERATIONS START -------------
-- RUNNING ITERATIONS START -------------
-- RUNNING ITERATIONS START -------------
-- RUNNING ITERATIONS START -------------
[00:00:00:10.24] Training iteration 820, current best R: 0.7635
-- RUNNING ITERATIONS START -------------
-- RUNNING ITERATIONS START -------------
-- RUNNING ITERATIONS START -------------
-- RUNNING ITERATIONS START -------------
-- RUNNING ITERATIONS START -------------
-- RUNNING ITERATIONS START -------------
-- RUNNING ITERATIONS START -------------
-- RUNNING ITERATIONS START -------------
-- RUNNING ITERATIONS START -------------
-- RUNNING ITERATIONS START -------------
[00:00:00:10.80] Training iteration 830, current best R: 0.7635
-- RUNNING ITERATIONS START -------------
-- RUNNING ITERATIONS START -------------
-- RUNNING ITERATIONS START -------------
-- RUNNING ITERATIONS START -------------
-- RUNNING ITERATIONS START -------------
-- RUNNING ITERATIONS START -------------
-- RUNNING ITERATIONS START -------------
-- RUNNING ITERATIONS START -------------
-- RUNNING ITERATIONS START -------------
-- RUNNING ITERATIONS START -------------
[00:00:00:09.80] Training iteration 840, current best R: 0.7635
-- RUNNING ITERATIONS START -------------
-- RUNNING ITERATIONS START -------------
-- RUNNING ITERATIONS START -------------
-- RUNNING ITERATIONS START -------------
-- RUNNING ITERATIONS START -------------
-- RUNNING ITERATIONS START -------------
-- RUNNING ITERATIONS START -------------
-- RUNNING ITERATIONS START -------------
-- RUNNING ITERATIONS START -------------
-- RUNNING ITERATIONS START -------------
[00:00:00:10.23] Training iteration 850, current best R: 0.7635
-- RUNNING ITERATIONS START -------------
-- RUNNING ITERATIONS START -------------
-- RUNNING ITERATIONS START -------------
-- RUNNING ITERATIONS START -------------
-- RUNNING ITERATIONS START -------------
-- RUNNING ITERATIONS START -------------
-- RUNNING ITERATIONS START -------------
-- RUNNING ITERATIONS START -------------
-- RUNNING ITERATIONS START -------------
-- RUNNING ITERATIONS START -------------
[00:00:00:12.25] Training iteration 860, current best R: 0.7635
-- RUNNING ITERATIONS START -------------
-- RUNNING ITERATIONS START -------------
-- RUNNING ITERATIONS START -------------
-- RUNNING ITERATIONS START -------------
-- RUNNING ITERATIONS START -------------
-- RUNNING ITERATIONS START -------------
-- RUNNING ITERATIONS START -------------
-- RUNNING ITERATIONS START -------------
-- RUNNING ITERATIONS START -------------
-- RUNNING ITERATIONS START -------------
[00:00:00:09.98] Training iteration 870, current best R: 0.7635
-- RUNNING ITERATIONS START -------------
-- RUNNING ITERATIONS START -------------
-- RUNNING ITERATIONS START -------------
-- RUNNING ITERATIONS START -------------
-- RUNNING ITERATIONS START -------------
-- RUNNING ITERATIONS START -------------
-- RUNNING ITERATIONS START -------------
-- RUNNING ITERATIONS START -------------
-- RUNNING ITERATIONS START -------------
-- RUNNING ITERATIONS START -------------
[00:00:00:09.80] Training iteration 880, current best R: 0.7635
-- RUNNING ITERATIONS START -------------
-- RUNNING ITERATIONS START -------------
-- RUNNING ITERATIONS START -------------
-- RUNNING ITERATIONS START -------------
-- RUNNING ITERATIONS START -------------
-- RUNNING ITERATIONS START -------------
-- RUNNING ITERATIONS START -------------
-- RUNNING ITERATIONS START -------------
-- RUNNING ITERATIONS START -------------
-- RUNNING ITERATIONS START -------------
[00:00:00:10.12] Training iteration 890, current best R: 0.7635
-- RUNNING ITERATIONS START -------------
-- RUNNING ITERATIONS START -------------
-- RUNNING ITERATIONS START -------------
-- RUNNING ITERATIONS START -------------
-- RUNNING ITERATIONS START -------------
-- RUNNING ITERATIONS START -------------
-- RUNNING ITERATIONS START -------------
-- RUNNING ITERATIONS START -------------
-- RUNNING ITERATIONS START -------------
-- RUNNING ITERATIONS START -------------
[00:00:00:10.09] Training iteration 900, current best R: 0.7635
-- RUNNING ITERATIONS START -------------
-- RUNNING ITERATIONS START -------------
-- RUNNING ITERATIONS START -------------
-- RUNNING ITERATIONS START -------------
-- RUNNING ITERATIONS START -------------
-- RUNNING ITERATIONS START -------------
-- RUNNING ITERATIONS START -------------
-- RUNNING ITERATIONS START -------------
-- RUNNING ITERATIONS START -------------
-- RUNNING ITERATIONS START -------------
[00:00:00:10.49] Training iteration 910, current best R: 0.7635
-- RUNNING ITERATIONS START -------------
-- RUNNING ITERATIONS START -------------
-- RUNNING ITERATIONS START -------------
-- RUNNING ITERATIONS START -------------
-- RUNNING ITERATIONS START -------------
-- RUNNING ITERATIONS START -------------
-- RUNNING ITERATIONS START -------------
-- RUNNING ITERATIONS START -------------
-- RUNNING ITERATIONS START -------------
-- RUNNING ITERATIONS START -------------
[00:00:00:10.92] Training iteration 920, current best R: 0.7635
-- RUNNING ITERATIONS START -------------
-- RUNNING ITERATIONS START -------------
-- RUNNING ITERATIONS START -------------
-- RUNNING ITERATIONS START -------------
-- RUNNING ITERATIONS START -------------
-- RUNNING ITERATIONS START -------------
-- RUNNING ITERATIONS START -------------
-- RUNNING ITERATIONS START -------------
-- RUNNING ITERATIONS START -------------
-- RUNNING ITERATIONS START -------------
[00:00:00:10.37] Training iteration 930, current best R: 0.7635
-- RUNNING ITERATIONS START -------------
-- RUNNING ITERATIONS START -------------
-- RUNNING ITERATIONS START -------------
-- RUNNING ITERATIONS START -------------
-- RUNNING ITERATIONS START -------------
-- RUNNING ITERATIONS START -------------
-- RUNNING ITERATIONS START -------------
-- RUNNING ITERATIONS START -------------
-- RUNNING ITERATIONS START -------------
-- RUNNING ITERATIONS START -------------
[00:00:00:10.85] Training iteration 940, current best R: 0.7635
-- RUNNING ITERATIONS START -------------
-- RUNNING ITERATIONS START -------------
-- RUNNING ITERATIONS START -------------
-- RUNNING ITERATIONS START -------------
-- RUNNING ITERATIONS START -------------
-- RUNNING ITERATIONS START -------------
-- RUNNING ITERATIONS START -------------
-- RUNNING ITERATIONS START -------------
-- RUNNING ITERATIONS START -------------
-- RUNNING ITERATIONS START -------------
[00:00:00:10.86] Training iteration 950, current best R: 0.7635
-- RUNNING ITERATIONS START -------------
-- RUNNING ITERATIONS START -------------
-- RUNNING ITERATIONS START -------------
-- RUNNING ITERATIONS START -------------
-- RUNNING ITERATIONS START -------------
-- RUNNING ITERATIONS START -------------
-- RUNNING ITERATIONS START -------------
-- RUNNING ITERATIONS START -------------
-- RUNNING ITERATIONS START -------------
-- RUNNING ITERATIONS START -------------
[00:00:00:09.23] Training iteration 960, current best R: 0.7635
-- RUNNING ITERATIONS START -------------
-- RUNNING ITERATIONS START -------------
-- RUNNING ITERATIONS START -------------
-- RUNNING ITERATIONS START -------------
-- RUNNING ITERATIONS START -------------
-- RUNNING ITERATIONS START -------------
-- RUNNING ITERATIONS START -------------
-- RUNNING ITERATIONS START -------------
-- RUNNING ITERATIONS START -------------
-- RUNNING ITERATIONS START -------------
[00:00:00:10.13] Training iteration 970, current best R: 0.7635
-- RUNNING ITERATIONS START -------------
-- RUNNING ITERATIONS START -------------
-- RUNNING ITERATIONS START -------------
-- RUNNING ITERATIONS START -------------
-- RUNNING ITERATIONS START -------------
-- RUNNING ITERATIONS START -------------
-- RUNNING ITERATIONS START -------------
-- RUNNING ITERATIONS START -------------
-- RUNNING ITERATIONS START -------------
-- RUNNING ITERATIONS START -------------
[00:00:00:10.49] Training iteration 980, current best R: 0.7635
-- RUNNING ITERATIONS START -------------
-- RUNNING ITERATIONS START -------------
-- RUNNING ITERATIONS START -------------
-- RUNNING ITERATIONS START -------------
-- RUNNING ITERATIONS START -------------
-- RUNNING ITERATIONS START -------------
-- RUNNING ITERATIONS START -------------
-- RUNNING ITERATIONS START -------------
-- RUNNING ITERATIONS START -------------
-- RUNNING ITERATIONS START -------------
[00:00:00:10.47] Training iteration 990, current best R: 0.7635
-- RUNNING ITERATIONS START -------------
-- RUNNING ITERATIONS START -------------
-- RUNNING ITERATIONS START -------------
-- RUNNING ITERATIONS START -------------
-- RUNNING ITERATIONS START -------------
-- RUNNING ITERATIONS START -------------
-- RUNNING ITERATIONS START -------------
-- RUNNING ITERATIONS START -------------
-- RUNNING ITERATIONS START -------------
-- RUNNING ITERATIONS START -------------
[00:00:00:10.39] Training iteration 1000, current best R: 0.7635
Saving Hall of Fame to ./log/data_heat3d_truth_2025-03-31-014351/ssde_data_heat3d_truth_500_hof.csv
Saving Pareto Front to ./log/data_heat3d_truth_2025-03-31-014351/ssde_data_heat3d_truth_500_pf.csv
== TRAINING SEED 500 END ==============
INFO: Completed run 1 of 1 in 10849 s

== POST-PROCESS START =================
-- LOADING LOGS START ----------------
Successfully loaded summary data
Successfully loaded Hall of Fame data
Successfully loaded Pareto Front data
-- LOADING LOGS END ------------------

-- ANALYZING LOG START --------------
Task_____________regression
Source path______./log/data_heat3d_truth_2025-03-31-014351
Runs_____________1
Max Samples/run__1000000
Success_rate_____0.0
Hall of Fame (Top 5 of 100)____
    0: S=500 R=0.763463 <-- -2*x1 - 0.7518272640804757*x3 - 3.6413002137564043*log(cos(x2)) + 0.1399869450093476
    1: S=500 R=0.753661 <-- -1.598497636352736*x1 - 0.7992488181763681*x3 - 4.54106113955426*cos(x2) + 4.444963050135543
    2: S=500 R=0.746363 <-- -1.545516320975424*x1 - 0.7727581604877121*x3 - 4.569586810814188*cos(x2) - 0.7727581604877121*cos(x3) + 5.1010639629721
    3: S=500 R=0.741170 <-- -2*x1 - x3 + 0.22704397546049412*exp(x1) - 4.477279306410905*cos(x2) + 4.200342855010836
    4: S=500 R=0.735916 <-- -x1 - x3 + (-x1 - 3.9440915219032893)*cos(x2) + 4.062241244262112
  Saving Hall of Fame plot to ./log/data_heat3d_truth_2025-03-31-014351/ssde_data_heat3d_truth_plot_hof.png
Pareto Front (5 of 8)____
    0: S=500 R=0.763463 C=22.00 <-- -2*x1 - 0.7518272640804757*x3 - 3.6413002137564043*log(cos(x2)) + 0.1399869450093476
    1: S=500 R=0.753661 C=16.00 <-- -1.598497636352736*x1 - 0.7992488181763681*x3 - 4.54106113955426*cos(x2) + 4.444963050135543
    2: S=500 R=0.718680 C=14.00 <-- -x1 - x3 - 4.521217944702142*cos(x2) + 4.12982037041245
    3: S=500 R=0.684737 C=13.00 <-- -1.7024424957968007*x1 + x2**2 - 0.82331813316979013*x3 + 0.34096880757461364
    4: S=500 R=0.653858 C=10.00 <-- -1.806772020804704*x1 + 2.233235088016166*x2**2
  Saving Pareto Front plot to ./log/data_heat3d_truth_2025-03-31-014351/ssde_data_heat3d_truth_plot_pf.png
-- ANALYZING LOG END ----------------
== POST-PROCESS END ===================
