use +-*/ consts * 3


/home/weishu/.conda/envs/ssde/lib/python3.6/site-packages/tqdm/auto.py:22: TqdmWarning: IProgress not found. Please update jupyter and ipywidgets. See https://ipywidgets.readthedocs.io/en/stable/user_install.html
  from .autonotebook import tqdm as notebook_tqdm
WARNING: logdir not provided. Results will not be saved to file.
-- BUILDING PRIOR START -------------
WARNING: Skipping invalid 'RelationalConstraint' with arguments {'targets': [], 'effectors': [], 'relationship': None}. Reason: Prior disabled.
WARNING: Skipping invalid 'InverseUnaryConstraint' with arguments {}. Reason: There are no inverse unary Token pairs in the Library.
WARNING: Skipping invalid 'TrigConstraint' with arguments {}. Reason: There are no target Tokens.
WARNING: Skipping invalid 'DomainRangeConstraint' with arguments {}. Reason: Prior disabled.
WARNING: Skipping invalid 'LanguageModelPrior' with arguments {'weight': None}. Reason: Prior disabled.
WARNING: Skipping invalid 'MultiDiscreteConstraint' with arguments {'dense': False, 'ordered': False}. Reason: Prior disabled.
LengthConstraint: Sequences have minimum length 4.
                  Sequences have maximum length 64.
RepeatConstraint: [const] cannot occur more than 3 times.
ConstConstraint: [const] cannot be the only unique child of [add, sub, mul, div].
NoInputsConstraint: Sequences contain at least one input variable Token.
UniformArityPrior: Activated.
SoftLengthPrior: No description available.
-- BUILDING PRIOR END ---------------

WARNING: Entity <bound method MultiRNNCell.call of <tensorflow.python.ops.rnn_cell_impl.MultiRNNCell object at 0x7fc698a29c88>> could not be transformed and will be executed as-is. Please report this to the AutgoGraph team. When filing the bug, set the verbosity to 10 (on Linux, `export AUTOGRAPH_VERBOSITY=10`) and attach the full output. Cause: converting <bound method MultiRNNCell.call of <tensorflow.python.ops.rnn_cell_impl.MultiRNNCell object at 0x7fc698a29c88>>: AttributeError: module 'gast' has no attribute 'Index'
WARNING: Entity <bound method LSTMCell.call of <tensorflow.python.ops.rnn_cell_impl.LSTMCell object at 0x7fc698a29cc0>> could not be transformed and will be executed as-is. Please report this to the AutgoGraph team. When filing the bug, set the verbosity to 10 (on Linux, `export AUTOGRAPH_VERBOSITY=10`) and attach the full output. Cause: converting <bound method LSTMCell.call of <tensorflow.python.ops.rnn_cell_impl.LSTMCell object at 0x7fc698a29cc0>>: AttributeError: module 'gast' has no attribute 'Index'
WARNING: Entity <bound method Dense.call of <tensorflow.python.layers.core.Dense object at 0x7fc6980d59b0>> could not be transformed and will be executed as-is. Please report this to the AutgoGraph team. When filing the bug, set the verbosity to 10 (on Linux, `export AUTOGRAPH_VERBOSITY=10`) and attach the full output. Cause: converting <bound method Dense.call of <tensorflow.python.layers.core.Dense object at 0x7fc6980d59b0>>: AttributeError: module 'gast' has no attribute 'Index'
/home/weishu/SSDE/ssde/ssde/prior.py:931: RuntimeWarning: divide by zero encountered in log
  self.logit_adjust[tokens] -= np.log(len(tokens))
WARNING: Entity <bound method MultiRNNCell.call of <tensorflow.python.ops.rnn_cell_impl.MultiRNNCell object at 0x7fc698a29c88>> could not be transformed and will be executed as-is. Please report this to the AutgoGraph team. When filing the bug, set the verbosity to 10 (on Linux, `export AUTOGRAPH_VERBOSITY=10`) and attach the full output. Cause: converting <bound method MultiRNNCell.call of <tensorflow.python.ops.rnn_cell_impl.MultiRNNCell object at 0x7fc698a29c88>>: AttributeError: module 'gast' has no attribute 'Index'
WARNING: Entity <bound method LSTMCell.call of <tensorflow.python.ops.rnn_cell_impl.LSTMCell object at 0x7fc698a29cc0>> could not be transformed and will be executed as-is. Please report this to the AutgoGraph team. When filing the bug, set the verbosity to 10 (on Linux, `export AUTOGRAPH_VERBOSITY=10`) and attach the full output. Cause: converting <bound method LSTMCell.call of <tensorflow.python.ops.rnn_cell_impl.LSTMCell object at 0x7fc698a29cc0>>: AttributeError: module 'gast' has no attribute 'Index'
WARNING: Entity <bound method Dense.call of <tensorflow.python.layers.core.Dense object at 0x7fc698132f28>> could not be transformed and will be executed as-is. Please report this to the AutgoGraph team. When filing the bug, set the verbosity to 10 (on Linux, `export AUTOGRAPH_VERBOSITY=10`) and attach the full output. Cause: converting <bound method Dense.call of <tensorflow.python.layers.core.Dense object at 0x7fc698132f28>>: AttributeError: module 'gast' has no attribute 'Index'
WARNING: Entity <bound method MultiRNNCell.call of <tensorflow.python.ops.rnn_cell_impl.MultiRNNCell object at 0x7fc698a29c88>> could not be transformed and will be executed as-is. Please report this to the AutgoGraph team. When filing the bug, set the verbosity to 10 (on Linux, `export AUTOGRAPH_VERBOSITY=10`) and attach the full output. Cause: converting <bound method MultiRNNCell.call of <tensorflow.python.ops.rnn_cell_impl.MultiRNNCell object at 0x7fc698a29c88>>: AttributeError: module 'gast' has no attribute 'Index'
WARNING: Entity <bound method LSTMCell.call of <tensorflow.python.ops.rnn_cell_impl.LSTMCell object at 0x7fc698a29cc0>> could not be transformed and will be executed as-is. Please report this to the AutgoGraph team. When filing the bug, set the verbosity to 10 (on Linux, `export AUTOGRAPH_VERBOSITY=10`) and attach the full output. Cause: converting <bound method LSTMCell.call of <tensorflow.python.ops.rnn_cell_impl.LSTMCell object at 0x7fc698a29cc0>>: AttributeError: module 'gast' has no attribute 'Index'
WARNING: Entity <bound method Dense.call of <tensorflow.python.layers.core.Dense object at 0x7fc6905d74a8>> could not be transformed and will be executed as-is. Please report this to the AutgoGraph team. When filing the bug, set the verbosity to 10 (on Linux, `export AUTOGRAPH_VERBOSITY=10`) and attach the full output. Cause: converting <bound method Dense.call of <tensorflow.python.layers.core.Dense object at 0x7fc6905d74a8>>: AttributeError: module 'gast' has no attribute 'Index'
-- RUNNING ITERATIONS START -------------
[00:00:00:12.95] Training iteration 1, current best R: 0.7951

	** New best
	Reward: 0.7951115797232413
	Count Off-policy: 0
	Count On-policy: 1
	Originally on Policy: True
	Invalid: False
	Traversal: mul,mul,x2,div,mul,add,add,add,mul,x2,-18.38058113473919,x1,x1,sub,x1,-32.89907098034279,-0.03361263935708336,x2,x2
	Expression:
	  x₂⋅(-0.1008379180712501⋅x₁ + 0.6178198448555984⋅x₂ - 1.105824608045349)

-- RUNNING ITERATIONS START -------------
-- RUNNING ITERATIONS START -------------
-- RUNNING ITERATIONS START -------------
-- RUNNING ITERATIONS START -------------
-- RUNNING ITERATIONS START -------------
[00:00:00:09.89] Training iteration 6, current best R: 0.8664

	** New best
	Reward: 0.8663580870589823
	Count Off-policy: 0
	Count On-policy: 1
	Originally on Policy: True
	Invalid: False
	Traversal: div,x2,sub,sub,mul,div,sub,sub,sub,x1,mul,x1,x1,div,div,0.004816980794781105,x2,x2,-0.05580043329790983,x2,x1,0.8773701911564304,x2
	Expression:
	                                            x₂                                  
	  ──────────────────────────────────────────────────────────────────────────────
	     ⎛    2                              0.004816980794781105⎞                  
	  x₁⋅⎜- x₁  + x₁ + 0.05580043329790983 - ────────────────────⎟                  
	     ⎜                                             2         ⎟                  
	     ⎝                                           x₂          ⎠                  
	  ──────────────────────────────────────────────────────────── - x₂ - 0.87737019
	                               x₂                                               

        
	  ────────
        
        
        
        
	  11564304
        

-- RUNNING ITERATIONS START -------------
-- RUNNING ITERATIONS START -------------
-- RUNNING ITERATIONS START -------------
-- RUNNING ITERATIONS START -------------
[00:00:00:08.73] Training iteration 10, current best R: 0.8664
-- RUNNING ITERATIONS START -------------
-- RUNNING ITERATIONS START -------------
-- RUNNING ITERATIONS START -------------
-- RUNNING ITERATIONS START -------------
-- RUNNING ITERATIONS START -------------
-- RUNNING ITERATIONS START -------------
-- RUNNING ITERATIONS START -------------
-- RUNNING ITERATIONS START -------------
-- RUNNING ITERATIONS START -------------
-- RUNNING ITERATIONS START -------------
[00:00:00:09.81] Training iteration 20, current best R: 0.8664
-- RUNNING ITERATIONS START -------------
-- RUNNING ITERATIONS START -------------
-- RUNNING ITERATIONS START -------------
-- RUNNING ITERATIONS START -------------
-- RUNNING ITERATIONS START -------------
-- RUNNING ITERATIONS START -------------
-- RUNNING ITERATIONS START -------------
-- RUNNING ITERATIONS START -------------
-- RUNNING ITERATIONS START -------------
-- RUNNING ITERATIONS START -------------
[00:00:00:10.34] Training iteration 30, current best R: 0.8664
-- RUNNING ITERATIONS START -------------
-- RUNNING ITERATIONS START -------------
-- RUNNING ITERATIONS START -------------
-- RUNNING ITERATIONS START -------------
-- RUNNING ITERATIONS START -------------
-- RUNNING ITERATIONS START -------------
-- RUNNING ITERATIONS START -------------
-- RUNNING ITERATIONS START -------------
-- RUNNING ITERATIONS START -------------
-- RUNNING ITERATIONS START -------------
[00:00:00:10.31] Training iteration 40, current best R: 0.8664
-- RUNNING ITERATIONS START -------------
-- RUNNING ITERATIONS START -------------
-- RUNNING ITERATIONS START -------------
-- RUNNING ITERATIONS START -------------
-- RUNNING ITERATIONS START -------------
-- RUNNING ITERATIONS START -------------
-- RUNNING ITERATIONS START -------------
-- RUNNING ITERATIONS START -------------
-- RUNNING ITERATIONS START -------------
-- RUNNING ITERATIONS START -------------
[00:00:00:11.00] Training iteration 50, current best R: 0.8664
-- RUNNING ITERATIONS START -------------
-- RUNNING ITERATIONS START -------------
-- RUNNING ITERATIONS START -------------
-- RUNNING ITERATIONS START -------------
-- RUNNING ITERATIONS START -------------
-- RUNNING ITERATIONS START -------------
-- RUNNING ITERATIONS START -------------
-- RUNNING ITERATIONS START -------------
-- RUNNING ITERATIONS START -------------
-- RUNNING ITERATIONS START -------------
[00:00:00:12.11] Training iteration 60, current best R: 0.8664
-- RUNNING ITERATIONS START -------------
-- RUNNING ITERATIONS START -------------
-- RUNNING ITERATIONS START -------------
-- RUNNING ITERATIONS START -------------
-- RUNNING ITERATIONS START -------------
-- RUNNING ITERATIONS START -------------
-- RUNNING ITERATIONS START -------------
-- RUNNING ITERATIONS START -------------
-- RUNNING ITERATIONS START -------------
-- RUNNING ITERATIONS START -------------
[00:00:00:12.75] Training iteration 70, current best R: 0.8664
-- RUNNING ITERATIONS START -------------
-- RUNNING ITERATIONS START -------------
-- RUNNING ITERATIONS START -------------
-- RUNNING ITERATIONS START -------------
-- RUNNING ITERATIONS START -------------
-- RUNNING ITERATIONS START -------------
-- RUNNING ITERATIONS START -------------
-- RUNNING ITERATIONS START -------------
-- RUNNING ITERATIONS START -------------
-- RUNNING ITERATIONS START -------------
[00:00:00:11.21] Training iteration 80, current best R: 0.8664
-- RUNNING ITERATIONS START -------------
-- RUNNING ITERATIONS START -------------
-- RUNNING ITERATIONS START -------------
-- RUNNING ITERATIONS START -------------
-- RUNNING ITERATIONS START -------------
-- RUNNING ITERATIONS START -------------
-- RUNNING ITERATIONS START -------------
-- RUNNING ITERATIONS START -------------
-- RUNNING ITERATIONS START -------------
-- RUNNING ITERATIONS START -------------
[00:00:00:12.41] Training iteration 90, current best R: 0.8664
-- RUNNING ITERATIONS START -------------
-- RUNNING ITERATIONS START -------------
-- RUNNING ITERATIONS START -------------
-- RUNNING ITERATIONS START -------------
-- RUNNING ITERATIONS START -------------
-- RUNNING ITERATIONS START -------------
-- RUNNING ITERATIONS START -------------
-- RUNNING ITERATIONS START -------------
-- RUNNING ITERATIONS START -------------
-- RUNNING ITERATIONS START -------------
[00:00:00:12.70] Training iteration 100, current best R: 0.8664
-- RUNNING ITERATIONS START -------------
-- RUNNING ITERATIONS START -------------
-- RUNNING ITERATIONS START -------------
-- RUNNING ITERATIONS START -------------
-- RUNNING ITERATIONS START -------------
-- RUNNING ITERATIONS START -------------
-- RUNNING ITERATIONS START -------------
-- RUNNING ITERATIONS START -------------
-- RUNNING ITERATIONS START -------------
-- RUNNING ITERATIONS START -------------
[00:00:00:14.69] Training iteration 110, current best R: 0.8664
-- RUNNING ITERATIONS START -------------
-- RUNNING ITERATIONS START -------------
-- RUNNING ITERATIONS START -------------
-- RUNNING ITERATIONS START -------------
-- RUNNING ITERATIONS START -------------
-- RUNNING ITERATIONS START -------------
-- RUNNING ITERATIONS START -------------
-- RUNNING ITERATIONS START -------------
-- RUNNING ITERATIONS START -------------
-- RUNNING ITERATIONS START -------------
[00:00:00:12.30] Training iteration 120, current best R: 0.8664
-- RUNNING ITERATIONS START -------------
-- RUNNING ITERATIONS START -------------
-- RUNNING ITERATIONS START -------------
-- RUNNING ITERATIONS START -------------
-- RUNNING ITERATIONS START -------------
-- RUNNING ITERATIONS START -------------
-- RUNNING ITERATIONS START -------------
-- RUNNING ITERATIONS START -------------
-- RUNNING ITERATIONS START -------------
-- RUNNING ITERATIONS START -------------
[00:00:00:15.88] Training iteration 130, current best R: 0.8664
-- RUNNING ITERATIONS START -------------
-- RUNNING ITERATIONS START -------------
-- RUNNING ITERATIONS START -------------
-- RUNNING ITERATIONS START -------------
-- RUNNING ITERATIONS START -------------
-- RUNNING ITERATIONS START -------------
-- RUNNING ITERATIONS START -------------
-- RUNNING ITERATIONS START -------------
-- RUNNING ITERATIONS START -------------
-- RUNNING ITERATIONS START -------------
[00:00:00:14.69] Training iteration 140, current best R: 0.8664
-- RUNNING ITERATIONS START -------------
-- RUNNING ITERATIONS START -------------
-- RUNNING ITERATIONS START -------------
-- RUNNING ITERATIONS START -------------
-- RUNNING ITERATIONS START -------------
-- RUNNING ITERATIONS START -------------
-- RUNNING ITERATIONS START -------------
-- RUNNING ITERATIONS START -------------
-- RUNNING ITERATIONS START -------------
-- RUNNING ITERATIONS START -------------
[00:00:00:16.34] Training iteration 150, current best R: 0.8664
-- RUNNING ITERATIONS START -------------
-- RUNNING ITERATIONS START -------------
-- RUNNING ITERATIONS START -------------
-- RUNNING ITERATIONS START -------------
-- RUNNING ITERATIONS START -------------
-- RUNNING ITERATIONS START -------------
-- RUNNING ITERATIONS START -------------
-- RUNNING ITERATIONS START -------------
-- RUNNING ITERATIONS START -------------
-- RUNNING ITERATIONS START -------------
[00:00:00:16.49] Training iteration 160, current best R: 0.8664
-- RUNNING ITERATIONS START -------------
-- RUNNING ITERATIONS START -------------
-- RUNNING ITERATIONS START -------------
-- RUNNING ITERATIONS START -------------
-- RUNNING ITERATIONS START -------------
-- RUNNING ITERATIONS START -------------
-- RUNNING ITERATIONS START -------------
-- RUNNING ITERATIONS START -------------
-- RUNNING ITERATIONS START -------------
-- RUNNING ITERATIONS START -------------
[00:00:00:14.38] Training iteration 170, current best R: 0.8664
-- RUNNING ITERATIONS START -------------
-- RUNNING ITERATIONS START -------------
-- RUNNING ITERATIONS START -------------
-- RUNNING ITERATIONS START -------------
-- RUNNING ITERATIONS START -------------
-- RUNNING ITERATIONS START -------------
-- RUNNING ITERATIONS START -------------
-- RUNNING ITERATIONS START -------------
-- RUNNING ITERATIONS START -------------
-- RUNNING ITERATIONS START -------------
[00:00:00:14.33] Training iteration 180, current best R: 0.8664
-- RUNNING ITERATIONS START -------------
-- RUNNING ITERATIONS START -------------
-- RUNNING ITERATIONS START -------------
-- RUNNING ITERATIONS START -------------
-- RUNNING ITERATIONS START -------------
-- RUNNING ITERATIONS START -------------
-- RUNNING ITERATIONS START -------------
-- RUNNING ITERATIONS START -------------
-- RUNNING ITERATIONS START -------------
-- RUNNING ITERATIONS START -------------
[00:00:00:16.98] Training iteration 190, current best R: 0.8664
-- RUNNING ITERATIONS START -------------
-- RUNNING ITERATIONS START -------------
-- RUNNING ITERATIONS START -------------
-- RUNNING ITERATIONS START -------------
-- RUNNING ITERATIONS START -------------
-- RUNNING ITERATIONS START -------------
-- RUNNING ITERATIONS START -------------
-- RUNNING ITERATIONS START -------------
-- RUNNING ITERATIONS START -------------
-- RUNNING ITERATIONS START -------------
[00:00:00:17.04] Training iteration 200, current best R: 0.8664
-- RUNNING ITERATIONS START -------------
-- RUNNING ITERATIONS START -------------
-- RUNNING ITERATIONS START -------------
-- RUNNING ITERATIONS START -------------
-- RUNNING ITERATIONS START -------------
-- RUNNING ITERATIONS START -------------
-- RUNNING ITERATIONS START -------------
-- RUNNING ITERATIONS START -------------
-- RUNNING ITERATIONS START -------------
-- RUNNING ITERATIONS START -------------
[00:00:00:14.74] Training iteration 210, current best R: 0.8664
-- RUNNING ITERATIONS START -------------
-- RUNNING ITERATIONS START -------------
-- RUNNING ITERATIONS START -------------
-- RUNNING ITERATIONS START -------------
-- RUNNING ITERATIONS START -------------
-- RUNNING ITERATIONS START -------------
-- RUNNING ITERATIONS START -------------
-- RUNNING ITERATIONS START -------------
-- RUNNING ITERATIONS START -------------
-- RUNNING ITERATIONS START -------------
[00:00:00:16.51] Training iteration 220, current best R: 0.8664
-- RUNNING ITERATIONS START -------------
-- RUNNING ITERATIONS START -------------
-- RUNNING ITERATIONS START -------------
-- RUNNING ITERATIONS START -------------
-- RUNNING ITERATIONS START -------------
-- RUNNING ITERATIONS START -------------
-- RUNNING ITERATIONS START -------------
-- RUNNING ITERATIONS START -------------
-- RUNNING ITERATIONS START -------------
-- RUNNING ITERATIONS START -------------
[00:00:00:13.66] Training iteration 230, current best R: 0.8664
-- RUNNING ITERATIONS START -------------
-- RUNNING ITERATIONS START -------------
-- RUNNING ITERATIONS START -------------
-- RUNNING ITERATIONS START -------------
-- RUNNING ITERATIONS START -------------
-- RUNNING ITERATIONS START -------------
-- RUNNING ITERATIONS START -------------
-- RUNNING ITERATIONS START -------------
-- RUNNING ITERATIONS START -------------
-- RUNNING ITERATIONS START -------------
[00:00:00:15.62] Training iteration 240, current best R: 0.8664
-- RUNNING ITERATIONS START -------------
-- RUNNING ITERATIONS START -------------
-- RUNNING ITERATIONS START -------------
-- RUNNING ITERATIONS START -------------
-- RUNNING ITERATIONS START -------------
-- RUNNING ITERATIONS START -------------
-- RUNNING ITERATIONS START -------------
-- RUNNING ITERATIONS START -------------
-- RUNNING ITERATIONS START -------------
-- RUNNING ITERATIONS START -------------
[00:00:00:17.05] Training iteration 250, current best R: 0.8664
-- RUNNING ITERATIONS START -------------
-- RUNNING ITERATIONS START -------------
-- RUNNING ITERATIONS START -------------
-- RUNNING ITERATIONS START -------------
-- RUNNING ITERATIONS START -------------
-- RUNNING ITERATIONS START -------------
-- RUNNING ITERATIONS START -------------
-- RUNNING ITERATIONS START -------------
-- RUNNING ITERATIONS START -------------
-- RUNNING ITERATIONS START -------------
[00:00:00:16.13] Training iteration 260, current best R: 0.8664
-- RUNNING ITERATIONS START -------------
-- RUNNING ITERATIONS START -------------
-- RUNNING ITERATIONS START -------------
-- RUNNING ITERATIONS START -------------
-- RUNNING ITERATIONS START -------------
-- RUNNING ITERATIONS START -------------
-- RUNNING ITERATIONS START -------------
-- RUNNING ITERATIONS START -------------
-- RUNNING ITERATIONS START -------------
-- RUNNING ITERATIONS START -------------
[00:00:00:15.58] Training iteration 270, current best R: 0.8664
-- RUNNING ITERATIONS START -------------
-- RUNNING ITERATIONS START -------------
-- RUNNING ITERATIONS START -------------
-- RUNNING ITERATIONS START -------------
-- RUNNING ITERATIONS START -------------
-- RUNNING ITERATIONS START -------------
-- RUNNING ITERATIONS START -------------
-- RUNNING ITERATIONS START -------------
-- RUNNING ITERATIONS START -------------
-- RUNNING ITERATIONS START -------------
[00:00:00:14.57] Training iteration 280, current best R: 0.8664
-- RUNNING ITERATIONS START -------------
-- RUNNING ITERATIONS START -------------
-- RUNNING ITERATIONS START -------------
-- RUNNING ITERATIONS START -------------
-- RUNNING ITERATIONS START -------------
-- RUNNING ITERATIONS START -------------
-- RUNNING ITERATIONS START -------------
-- RUNNING ITERATIONS START -------------
-- RUNNING ITERATIONS START -------------
-- RUNNING ITERATIONS START -------------
[00:00:00:18.69] Training iteration 290, current best R: 0.8664
-- RUNNING ITERATIONS START -------------
-- RUNNING ITERATIONS START -------------
-- RUNNING ITERATIONS START -------------
-- RUNNING ITERATIONS START -------------
-- RUNNING ITERATIONS START -------------
-- RUNNING ITERATIONS START -------------
-- RUNNING ITERATIONS START -------------
-- RUNNING ITERATIONS START -------------
-- RUNNING ITERATIONS START -------------
-- RUNNING ITERATIONS START -------------
[00:00:00:17.21] Training iteration 300, current best R: 0.8664
-- RUNNING ITERATIONS START -------------
-- RUNNING ITERATIONS START -------------
-- RUNNING ITERATIONS START -------------
-- RUNNING ITERATIONS START -------------
-- RUNNING ITERATIONS START -------------
-- RUNNING ITERATIONS START -------------
-- RUNNING ITERATIONS START -------------
-- RUNNING ITERATIONS START -------------
-- RUNNING ITERATIONS START -------------
-- RUNNING ITERATIONS START -------------
[00:00:00:16.90] Training iteration 310, current best R: 0.8664
-- RUNNING ITERATIONS START -------------
-- RUNNING ITERATIONS START -------------
-- RUNNING ITERATIONS START -------------
-- RUNNING ITERATIONS START -------------
-- RUNNING ITERATIONS START -------------
-- RUNNING ITERATIONS START -------------
-- RUNNING ITERATIONS START -------------
-- RUNNING ITERATIONS START -------------
-- RUNNING ITERATIONS START -------------
-- RUNNING ITERATIONS START -------------
[00:00:00:16.15] Training iteration 320, current best R: 0.8664
-- RUNNING ITERATIONS START -------------
-- RUNNING ITERATIONS START -------------
-- RUNNING ITERATIONS START -------------
-- RUNNING ITERATIONS START -------------
-- RUNNING ITERATIONS START -------------
-- RUNNING ITERATIONS START -------------
-- RUNNING ITERATIONS START -------------
-- RUNNING ITERATIONS START -------------
-- RUNNING ITERATIONS START -------------
-- RUNNING ITERATIONS START -------------
[00:00:00:16.17] Training iteration 330, current best R: 0.8664
-- RUNNING ITERATIONS START -------------
-- RUNNING ITERATIONS START -------------
-- RUNNING ITERATIONS START -------------
-- RUNNING ITERATIONS START -------------
-- RUNNING ITERATIONS START -------------
-- RUNNING ITERATIONS START -------------
-- RUNNING ITERATIONS START -------------
-- RUNNING ITERATIONS START -------------
-- RUNNING ITERATIONS START -------------
-- RUNNING ITERATIONS START -------------
[00:00:00:14.72] Training iteration 340, current best R: 0.8664
-- RUNNING ITERATIONS START -------------
-- RUNNING ITERATIONS START -------------
-- RUNNING ITERATIONS START -------------
-- RUNNING ITERATIONS START -------------
-- RUNNING ITERATIONS START -------------
-- RUNNING ITERATIONS START -------------
-- RUNNING ITERATIONS START -------------
-- RUNNING ITERATIONS START -------------
-- RUNNING ITERATIONS START -------------
-- RUNNING ITERATIONS START -------------
[00:00:00:18.17] Training iteration 350, current best R: 0.8664
-- RUNNING ITERATIONS START -------------
-- RUNNING ITERATIONS START -------------
-- RUNNING ITERATIONS START -------------
-- RUNNING ITERATIONS START -------------
-- RUNNING ITERATIONS START -------------
-- RUNNING ITERATIONS START -------------
-- RUNNING ITERATIONS START -------------
-- RUNNING ITERATIONS START -------------
-- RUNNING ITERATIONS START -------------
-- RUNNING ITERATIONS START -------------
[00:00:00:16.68] Training iteration 360, current best R: 0.8664
-- RUNNING ITERATIONS START -------------
-- RUNNING ITERATIONS START -------------
-- RUNNING ITERATIONS START -------------
-- RUNNING ITERATIONS START -------------
-- RUNNING ITERATIONS START -------------
-- RUNNING ITERATIONS START -------------
-- RUNNING ITERATIONS START -------------
-- RUNNING ITERATIONS START -------------
-- RUNNING ITERATIONS START -------------
-- RUNNING ITERATIONS START -------------
[00:00:00:16.60] Training iteration 370, current best R: 0.8664
-- RUNNING ITERATIONS START -------------
-- RUNNING ITERATIONS START -------------
-- RUNNING ITERATIONS START -------------
-- RUNNING ITERATIONS START -------------
-- RUNNING ITERATIONS START -------------
-- RUNNING ITERATIONS START -------------
-- RUNNING ITERATIONS START -------------
-- RUNNING ITERATIONS START -------------
-- RUNNING ITERATIONS START -------------
-- RUNNING ITERATIONS START -------------
[00:00:00:15.18] Training iteration 380, current best R: 0.8664
-- RUNNING ITERATIONS START -------------
-- RUNNING ITERATIONS START -------------
-- RUNNING ITERATIONS START -------------
-- RUNNING ITERATIONS START -------------
-- RUNNING ITERATIONS START -------------
-- RUNNING ITERATIONS START -------------
-- RUNNING ITERATIONS START -------------
-- RUNNING ITERATIONS START -------------
-- RUNNING ITERATIONS START -------------
-- RUNNING ITERATIONS START -------------
[00:00:00:17.07] Training iteration 390, current best R: 0.8664
-- RUNNING ITERATIONS START -------------
-- RUNNING ITERATIONS START -------------
-- RUNNING ITERATIONS START -------------
-- RUNNING ITERATIONS START -------------
-- RUNNING ITERATIONS START -------------
-- RUNNING ITERATIONS START -------------
-- RUNNING ITERATIONS START -------------
-- RUNNING ITERATIONS START -------------
-- RUNNING ITERATIONS START -------------
-- RUNNING ITERATIONS START -------------
[00:00:00:15.21] Training iteration 400, current best R: 0.8664
-- RUNNING ITERATIONS START -------------
-- RUNNING ITERATIONS START -------------
-- RUNNING ITERATIONS START -------------
-- RUNNING ITERATIONS START -------------
-- RUNNING ITERATIONS START -------------
-- RUNNING ITERATIONS START -------------
-- RUNNING ITERATIONS START -------------
-- RUNNING ITERATIONS START -------------
-- RUNNING ITERATIONS START -------------
-- RUNNING ITERATIONS START -------------
[00:00:00:14.95] Training iteration 410, current best R: 0.8664
-- RUNNING ITERATIONS START -------------
-- RUNNING ITERATIONS START -------------
-- RUNNING ITERATIONS START -------------
-- RUNNING ITERATIONS START -------------
-- RUNNING ITERATIONS START -------------
-- RUNNING ITERATIONS START -------------
-- RUNNING ITERATIONS START -------------
-- RUNNING ITERATIONS START -------------
-- RUNNING ITERATIONS START -------------
-- RUNNING ITERATIONS START -------------
[00:00:00:18.89] Training iteration 420, current best R: 0.8664
-- RUNNING ITERATIONS START -------------
-- RUNNING ITERATIONS START -------------
-- RUNNING ITERATIONS START -------------
-- RUNNING ITERATIONS START -------------
-- RUNNING ITERATIONS START -------------
-- RUNNING ITERATIONS START -------------
-- RUNNING ITERATIONS START -------------
-- RUNNING ITERATIONS START -------------
-- RUNNING ITERATIONS START -------------
-- RUNNING ITERATIONS START -------------
[00:00:00:21.05] Training iteration 430, current best R: 0.8664
-- RUNNING ITERATIONS START -------------
-- RUNNING ITERATIONS START -------------
-- RUNNING ITERATIONS START -------------
-- RUNNING ITERATIONS START -------------
-- RUNNING ITERATIONS START -------------
-- RUNNING ITERATIONS START -------------
-- RUNNING ITERATIONS START -------------
-- RUNNING ITERATIONS START -------------
-- RUNNING ITERATIONS START -------------
-- RUNNING ITERATIONS START -------------
[00:00:00:17.02] Training iteration 440, current best R: 0.8664
-- RUNNING ITERATIONS START -------------
-- RUNNING ITERATIONS START -------------
-- RUNNING ITERATIONS START -------------
-- RUNNING ITERATIONS START -------------
-- RUNNING ITERATIONS START -------------
-- RUNNING ITERATIONS START -------------
-- RUNNING ITERATIONS START -------------
-- RUNNING ITERATIONS START -------------
-- RUNNING ITERATIONS START -------------
-- RUNNING ITERATIONS START -------------
[00:00:00:18.77] Training iteration 450, current best R: 0.8664
-- RUNNING ITERATIONS START -------------
-- RUNNING ITERATIONS START -------------
-- RUNNING ITERATIONS START -------------
-- RUNNING ITERATIONS START -------------
-- RUNNING ITERATIONS START -------------
-- RUNNING ITERATIONS START -------------
-- RUNNING ITERATIONS START -------------
-- RUNNING ITERATIONS START -------------
-- RUNNING ITERATIONS START -------------
-- RUNNING ITERATIONS START -------------
[00:00:00:18.26] Training iteration 460, current best R: 0.8664
-- RUNNING ITERATIONS START -------------
-- RUNNING ITERATIONS START -------------
-- RUNNING ITERATIONS START -------------
-- RUNNING ITERATIONS START -------------
-- RUNNING ITERATIONS START -------------
-- RUNNING ITERATIONS START -------------
-- RUNNING ITERATIONS START -------------
-- RUNNING ITERATIONS START -------------
-- RUNNING ITERATIONS START -------------
-- RUNNING ITERATIONS START -------------
[00:00:00:19.94] Training iteration 470, current best R: 0.8664
-- RUNNING ITERATIONS START -------------
-- RUNNING ITERATIONS START -------------
-- RUNNING ITERATIONS START -------------
