
== EXPERIMENT SETUP START ===========
Task type            : regression
Dataset              : data/poisson3d_truth.csv
Starting seed        : 500
Runs                 : 1
Additional context   :
      INFO: Replacing config seed 0 with command-line seed 500.
== EXPERIMENT SETUP END =============

== TRAINING SEED 500 START ============
-- BUILDING PRIOR START -------------
WARNING: Skipping invalid 'RelationalConstraint' with arguments {'targets': [], 'effectors': [], 'relationship': None}. Reason: Prior disabled.
WARNING: Skipping invalid 'DomainRangeConstraint' with arguments {}. Reason: Prior disabled.
WARNING: Skipping invalid 'LanguageModelPrior' with arguments {'weight': None}. Reason: Prior disabled.
WARNING: Skipping invalid 'MultiDiscreteConstraint' with arguments {'dense': False, 'ordered': False}. Reason: Prior disabled.
LengthConstraint: Sequences have minimum length 4.
                  Sequences have maximum length 64.
RepeatConstraint: [const] cannot occur more than 3 times.
RelationalConstraint: [exp] cannot be a child of [log].
InverseUnaryConstraint: RelationalConstraint: [log] cannot be a child of [exp].
TrigConstraint: [sin, cos] cannot be a descendant of [sin, cos].
ConstConstraint: [const] cannot be the only unique child of [sin, cos, exp, log, add, sub, mul, div].
NoInputsConstraint: Sequences contain at least one input variable Token.
UniformArityPrior: Activated.
SoftLengthPrior: No description available.
-- BUILDING PRIOR END ---------------

-- RUNNING ITERATIONS START -------------
[00:00:00:10.61] Training iteration 1, current best R: 0.5965

	** New best
	Reward: 0.5964702321688927
	Count Off-policy: 0
	Count On-policy: 1
	Originally on Policy: True
	Invalid: False
	Traversal: exp,sin,sub,4.690527940574993,log,div,-31.734398065707808,add,log,x2,mul,log,x1,24.72739264028818
	Expression:
	       ⎛   ⎛        -31.734398065707808        ⎞                    ⎞
	   -sin⎜log⎜───────────────────────────────────⎟ - 4.690527940574993⎟
	       ⎝   ⎝24.72739264028818⋅log(x₁) + log(x₂)⎠                    ⎠
	  ℯ                                                                  

-- RUNNING ITERATIONS START -------------
[00:00:00:09.11] Training iteration 2, current best R: 0.6121

	** New best
	Reward: 0.6121303506488545
	Count Off-policy: 0
	Count On-policy: 1
	Originally on Policy: True
	Invalid: False
	Traversal: div,-0.40810634456274064,log,sin,add,-12.568835987473731,x1
	Expression:
	        -0.40810634456274064       
	  ─────────────────────────────────
	  log(sin(x₁ - 12.568835987473731))

-- RUNNING ITERATIONS START -------------
-- RUNNING ITERATIONS START -------------
-- RUNNING ITERATIONS START -------------
-- RUNNING ITERATIONS START -------------
-- RUNNING ITERATIONS START -------------
-- RUNNING ITERATIONS START -------------
-- RUNNING ITERATIONS START -------------
-- RUNNING ITERATIONS START -------------
[00:00:00:08.69] Training iteration 10, current best R: 0.6246

	** New best
	Reward: 0.6245688867750493
	Count Off-policy: 0
	Count On-policy: 1
	Originally on Policy: True
	Invalid: False
	Traversal: log,add,1.089138780861641,exp,mul,-11.407811906264461,add,cos,x1,-0.7649531879716944
	Expression:
	     ⎛                                        -11.407811906264461⋅cos(x₁)⎞
	  log⎝1.089138780861641 + 6163.7589247473498⋅ℯ                           ⎠

[00:00:00:08.71] Training iteration 10, current best R: 0.6246
-- RUNNING ITERATIONS START -------------
-- RUNNING ITERATIONS START -------------
-- RUNNING ITERATIONS START -------------
-- RUNNING ITERATIONS START -------------
-- RUNNING ITERATIONS START -------------
[00:00:00:10.28] Training iteration 15, current best R: 0.6509

	** New best
	Reward: 0.6509117189514667
	Count Off-policy: 0
	Count On-policy: 1
	Originally on Policy: True
	Invalid: False
	Traversal: exp,sub,exp,cos,add,3.1539373763982135,mul,1.462921464351061,mul,1.4629214424478458,x1,exp,x2
	Expression:
	      x₂    cos(2.140139178816369⋅x₁ + 3.1539373763982135)
	   - ℯ   + ℯ                                              
	  ℯ                                                       

-- RUNNING ITERATIONS START -------------
-- RUNNING ITERATIONS START -------------
-- RUNNING ITERATIONS START -------------
-- RUNNING ITERATIONS START -------------
-- RUNNING ITERATIONS START -------------
[00:00:00:08.27] Training iteration 20, current best R: 0.6509
-- RUNNING ITERATIONS START -------------
-- RUNNING ITERATIONS START -------------
-- RUNNING ITERATIONS START -------------
-- RUNNING ITERATIONS START -------------
-- RUNNING ITERATIONS START -------------
-- RUNNING ITERATIONS START -------------
-- RUNNING ITERATIONS START -------------
-- RUNNING ITERATIONS START -------------
-- RUNNING ITERATIONS START -------------
-- RUNNING ITERATIONS START -------------
[00:00:00:09.52] Training iteration 30, current best R: 0.6509
-- RUNNING ITERATIONS START -------------
-- RUNNING ITERATIONS START -------------
-- RUNNING ITERATIONS START -------------
-- RUNNING ITERATIONS START -------------
-- RUNNING ITERATIONS START -------------
-- RUNNING ITERATIONS START -------------
-- RUNNING ITERATIONS START -------------
-- RUNNING ITERATIONS START -------------
-- RUNNING ITERATIONS START -------------
[00:00:00:12.11] Training iteration 39, current best R: 0.7140

	** New best
	Reward: 0.7140389797228993
	Count Off-policy: 0
	Count On-policy: 1
	Originally on Policy: True
	Invalid: False
	Traversal: add,sin,sub,1.4142415107721835,exp,x2,div,mul,x1,x1,sin,sub,1.5267136918622823,x1
	Expression:
	                  2                                             
	                x₁                    ⎛ x₂                     ⎞
	  - ──────────────────────────── - sin⎝ℯ   - 1.4142415107721835⎠
	    sin(x₁ - 1.5267136918622823)                                

-- RUNNING ITERATIONS START -------------
[00:00:00:11.12] Training iteration 40, current best R: 0.7140
-- RUNNING ITERATIONS START -------------
-- RUNNING ITERATIONS START -------------
-- RUNNING ITERATIONS START -------------
-- RUNNING ITERATIONS START -------------
-- RUNNING ITERATIONS START -------------
-- RUNNING ITERATIONS START -------------
-- RUNNING ITERATIONS START -------------
-- RUNNING ITERATIONS START -------------
-- RUNNING ITERATIONS START -------------
-- RUNNING ITERATIONS START -------------
[00:00:00:13.86] Training iteration 50, current best R: 0.7140
-- RUNNING ITERATIONS START -------------
-- RUNNING ITERATIONS START -------------
-- RUNNING ITERATIONS START -------------
-- RUNNING ITERATIONS START -------------
[00:00:00:14.82] Training iteration 54, current best R: 0.7199

	** New best
	Reward: 0.7198568530151787
	Count Off-policy: 0
	Count On-policy: 1
	Originally on Policy: True
	Invalid: False
	Traversal: add,mul,mul,2.0986064380431553,x1,x1,cos,sub,mul,0.044404780839866605,sub,x3,35.71194790954381,x2
	Expression:
	                       2                                                        
	  2.0986064380431553⋅x₁  + cos(x₂ - 0.044404780839866605⋅x₃ + 1.5857812202880252

 
	  )

-- RUNNING ITERATIONS START -------------
-- RUNNING ITERATIONS START -------------
[00:00:00:15.57] Training iteration 56, current best R: 0.7200

	** New best
	Reward: 0.7199747552727774
	Count Off-policy: 0
	Count On-policy: 1
	Originally on Policy: True
	Invalid: False
	Traversal: sub,x2,add,x2,add,mul,x1,add,exp,mul,2.2319401651133837,sub,x1,3.124546845562924,mul,-2.0807945322757093,x1,x2
	Expression:
	       ⎛                                                2.2319401651133837⋅x₁⎞  
	  - x₁⋅⎝-2.0807945322757093⋅x₁ + 0.0009360875005239646⋅ℯ                     ⎠ -

   
	   x₂

-- RUNNING ITERATIONS START -------------
-- RUNNING ITERATIONS START -------------
-- RUNNING ITERATIONS START -------------
-- RUNNING ITERATIONS START -------------
[00:00:00:16.10] Training iteration 60, current best R: 0.7200
-- RUNNING ITERATIONS START -------------
-- RUNNING ITERATIONS START -------------
-- RUNNING ITERATIONS START -------------
-- RUNNING ITERATIONS START -------------
-- RUNNING ITERATIONS START -------------
-- RUNNING ITERATIONS START -------------
[00:00:00:13.41] Training iteration 66, current best R: 0.7540

	** New best
	Reward: 0.7540494231976118
	Count Off-policy: 0
	Count On-policy: 1
	Originally on Policy: True
	Invalid: False
	Traversal: log,div,add,mul,-0.6718879540608736,exp,x2,2.1335785523207207,sub,1.0581858096393943,div,mul,mul,x1,x1,x1,x1
	Expression:
	     ⎛                                         x₂⎞
	     ⎜2.1335785523207207 - 0.6718879540608736⋅ℯ  ⎟
	  log⎜───────────────────────────────────────────⎟
	     ⎜                                 2         ⎟
	     ⎝          1.0581858096393943 - x₁          ⎠

-- RUNNING ITERATIONS START -------------
-- RUNNING ITERATIONS START -------------
-- RUNNING ITERATIONS START -------------
-- RUNNING ITERATIONS START -------------
[00:00:00:13.83] Training iteration 70, current best R: 0.7540
-- RUNNING ITERATIONS START -------------
-- RUNNING ITERATIONS START -------------
-- RUNNING ITERATIONS START -------------
-- RUNNING ITERATIONS START -------------
-- RUNNING ITERATIONS START -------------
-- RUNNING ITERATIONS START -------------
-- RUNNING ITERATIONS START -------------
-- RUNNING ITERATIONS START -------------
-- RUNNING ITERATIONS START -------------
-- RUNNING ITERATIONS START -------------
[00:00:00:12.40] Training iteration 80, current best R: 0.7540
-- RUNNING ITERATIONS START -------------
-- RUNNING ITERATIONS START -------------
-- RUNNING ITERATIONS START -------------
-- RUNNING ITERATIONS START -------------
-- RUNNING ITERATIONS START -------------
-- RUNNING ITERATIONS START -------------
-- RUNNING ITERATIONS START -------------
-- RUNNING ITERATIONS START -------------
-- RUNNING ITERATIONS START -------------
-- RUNNING ITERATIONS START -------------
[00:00:00:10.99] Training iteration 90, current best R: 0.7540
-- RUNNING ITERATIONS START -------------
-- RUNNING ITERATIONS START -------------
-- RUNNING ITERATIONS START -------------
-- RUNNING ITERATIONS START -------------
-- RUNNING ITERATIONS START -------------
-- RUNNING ITERATIONS START -------------
[00:00:00:09.92] Training iteration 96, current best R: 0.7602

	** New best
	Reward: 0.7601570928942183
	Count Off-policy: 0
	Count On-policy: 1
	Originally on Policy: True
	Invalid: False
	Traversal: sub,mul,x2,-0.7874266427821056,mul,mul,add,-0.8378491584635731,mul,mul,-0.846737298127421,add,x1,x1,x1,x1,x1
	Expression:
	      2 ⎛                     2                     ⎞                        
	  - x₁ ⋅⎝- 1.69347459625484⋅x₁  - 0.8378491584635731⎠ - 0.7874266427821056⋅x₂

-- RUNNING ITERATIONS START -------------
-- RUNNING ITERATIONS START -------------
-- RUNNING ITERATIONS START -------------
-- RUNNING ITERATIONS START -------------
[00:00:00:10.78] Training iteration 100, current best R: 0.7642

	** New best
	Reward: 0.7642404056452671
	Count Off-policy: 0
	Count On-policy: 1
	Originally on Policy: True
	Invalid: False
	Traversal: sub,5.351180376759006,mul,add,5.1595886286558015,x2,cos,mul,x1,x1
	Expression:
	                                 ⎛  2⎞                    
	  - (x₂ + 5.1595886286558015)⋅cos⎝x₁ ⎠ + 5.351180376759006

[00:00:00:10.80] Training iteration 100, current best R: 0.7642
-- RUNNING ITERATIONS START -------------
-- RUNNING ITERATIONS START -------------
-- RUNNING ITERATIONS START -------------
-- RUNNING ITERATIONS START -------------
-- RUNNING ITERATIONS START -------------
-- RUNNING ITERATIONS START -------------
-- RUNNING ITERATIONS START -------------
-- RUNNING ITERATIONS START -------------
-- RUNNING ITERATIONS START -------------
-- RUNNING ITERATIONS START -------------
[00:00:00:10.04] Training iteration 110, current best R: 0.7642
-- RUNNING ITERATIONS START -------------
-- RUNNING ITERATIONS START -------------
-- RUNNING ITERATIONS START -------------
-- RUNNING ITERATIONS START -------------
-- RUNNING ITERATIONS START -------------
-- RUNNING ITERATIONS START -------------
-- RUNNING ITERATIONS START -------------
-- RUNNING ITERATIONS START -------------
-- RUNNING ITERATIONS START -------------
-- RUNNING ITERATIONS START -------------
[00:00:00:10.01] Training iteration 120, current best R: 0.7668

	** New best
	Reward: 0.7667538566392865
	Count Off-policy: 0
	Count On-policy: 1
	Originally on Policy: True
	Invalid: False
	Traversal: add,sin,mul,add,x2,3.54108431957078,0.8271864469192135,mul,mul,mul,2.425144153290464,x1,mul,x1,x1,x1
	Expression:
	                      4                                                 
	  2.425144153290464⋅x₁  + sin(0.8271864469192135⋅x₂ + 2.929136956547094)

[00:00:00:10.05] Training iteration 120, current best R: 0.7668
-- RUNNING ITERATIONS START -------------
-- RUNNING ITERATIONS START -------------
-- RUNNING ITERATIONS START -------------
-- RUNNING ITERATIONS START -------------
-- RUNNING ITERATIONS START -------------
-- RUNNING ITERATIONS START -------------
-- RUNNING ITERATIONS START -------------
-- RUNNING ITERATIONS START -------------
[00:00:00:11.31] Training iteration 128, current best R: 0.7701

	** New best
	Reward: 0.7700742540200639
	Count Off-policy: 0
	Count On-policy: 1
	Originally on Policy: True
	Invalid: False
	Traversal: add,mul,-0.6861517638038052,exp,x2,log,mul,2.7338989146994463,exp,mul,mul,x1,mul,2.4074226099152263,mul,x1,x1,x1
	Expression:
	                                ⎛                                         4⎞
	                        x₂      ⎜                    2.4074226099152263⋅x₁ ⎟
	  - 0.6861517638038052⋅ℯ   + log⎝2.7338989146994463⋅ℯ                      ⎠

-- RUNNING ITERATIONS START -------------
-- RUNNING ITERATIONS START -------------
[00:00:00:09.84] Training iteration 130, current best R: 0.7701
-- RUNNING ITERATIONS START -------------
-- RUNNING ITERATIONS START -------------
-- RUNNING ITERATIONS START -------------
-- RUNNING ITERATIONS START -------------
-- RUNNING ITERATIONS START -------------
-- RUNNING ITERATIONS START -------------
-- RUNNING ITERATIONS START -------------
-- RUNNING ITERATIONS START -------------
-- RUNNING ITERATIONS START -------------
-- RUNNING ITERATIONS START -------------
[00:00:00:10.60] Training iteration 140, current best R: 0.7701
-- RUNNING ITERATIONS START -------------
-- RUNNING ITERATIONS START -------------
-- RUNNING ITERATIONS START -------------
-- RUNNING ITERATIONS START -------------
-- RUNNING ITERATIONS START -------------
-- RUNNING ITERATIONS START -------------
-- RUNNING ITERATIONS START -------------
-- RUNNING ITERATIONS START -------------
-- RUNNING ITERATIONS START -------------
-- RUNNING ITERATIONS START -------------
[00:00:00:10.99] Training iteration 150, current best R: 0.7701
-- RUNNING ITERATIONS START -------------
-- RUNNING ITERATIONS START -------------
-- RUNNING ITERATIONS START -------------
-- RUNNING ITERATIONS START -------------
-- RUNNING ITERATIONS START -------------
-- RUNNING ITERATIONS START -------------
-- RUNNING ITERATIONS START -------------
-- RUNNING ITERATIONS START -------------
-- RUNNING ITERATIONS START -------------
-- RUNNING ITERATIONS START -------------
[00:00:00:11.59] Training iteration 160, current best R: 0.7701
-- RUNNING ITERATIONS START -------------
-- RUNNING ITERATIONS START -------------
-- RUNNING ITERATIONS START -------------
-- RUNNING ITERATIONS START -------------
-- RUNNING ITERATIONS START -------------
-- RUNNING ITERATIONS START -------------
-- RUNNING ITERATIONS START -------------
-- RUNNING ITERATIONS START -------------
-- RUNNING ITERATIONS START -------------
-- RUNNING ITERATIONS START -------------
[00:00:00:11.10] Training iteration 170, current best R: 0.7701
-- RUNNING ITERATIONS START -------------
-- RUNNING ITERATIONS START -------------
-- RUNNING ITERATIONS START -------------
-- RUNNING ITERATIONS START -------------
-- RUNNING ITERATIONS START -------------
-- RUNNING ITERATIONS START -------------
-- RUNNING ITERATIONS START -------------
-- RUNNING ITERATIONS START -------------
-- RUNNING ITERATIONS START -------------
-- RUNNING ITERATIONS START -------------
[00:00:00:10.46] Training iteration 180, current best R: 0.7701
-- RUNNING ITERATIONS START -------------
-- RUNNING ITERATIONS START -------------
-- RUNNING ITERATIONS START -------------
-- RUNNING ITERATIONS START -------------
-- RUNNING ITERATIONS START -------------
-- RUNNING ITERATIONS START -------------
-- RUNNING ITERATIONS START -------------
-- RUNNING ITERATIONS START -------------
-- RUNNING ITERATIONS START -------------
-- RUNNING ITERATIONS START -------------
[00:00:00:11.61] Training iteration 190, current best R: 0.7701
-- RUNNING ITERATIONS START -------------
-- RUNNING ITERATIONS START -------------
-- RUNNING ITERATIONS START -------------
-- RUNNING ITERATIONS START -------------
-- RUNNING ITERATIONS START -------------
-- RUNNING ITERATIONS START -------------
-- RUNNING ITERATIONS START -------------
-- RUNNING ITERATIONS START -------------
-- RUNNING ITERATIONS START -------------
-- RUNNING ITERATIONS START -------------
[00:00:00:10.79] Training iteration 200, current best R: 0.7701
-- RUNNING ITERATIONS START -------------
-- RUNNING ITERATIONS START -------------
-- RUNNING ITERATIONS START -------------
-- RUNNING ITERATIONS START -------------
-- RUNNING ITERATIONS START -------------
-- RUNNING ITERATIONS START -------------
-- RUNNING ITERATIONS START -------------
-- RUNNING ITERATIONS START -------------
-- RUNNING ITERATIONS START -------------
-- RUNNING ITERATIONS START -------------
[00:00:00:11.83] Training iteration 210, current best R: 0.7701
-- RUNNING ITERATIONS START -------------
-- RUNNING ITERATIONS START -------------
-- RUNNING ITERATIONS START -------------
-- RUNNING ITERATIONS START -------------
-- RUNNING ITERATIONS START -------------
-- RUNNING ITERATIONS START -------------
-- RUNNING ITERATIONS START -------------
-- RUNNING ITERATIONS START -------------
-- RUNNING ITERATIONS START -------------
-- RUNNING ITERATIONS START -------------
[00:00:00:12.01] Training iteration 220, current best R: 0.7701
-- RUNNING ITERATIONS START -------------
-- RUNNING ITERATIONS START -------------
-- RUNNING ITERATIONS START -------------
-- RUNNING ITERATIONS START -------------
-- RUNNING ITERATIONS START -------------
-- RUNNING ITERATIONS START -------------
-- RUNNING ITERATIONS START -------------
-- RUNNING ITERATIONS START -------------
-- RUNNING ITERATIONS START -------------
-- RUNNING ITERATIONS START -------------
[00:00:00:10.95] Training iteration 230, current best R: 0.7701
-- RUNNING ITERATIONS START -------------
-- RUNNING ITERATIONS START -------------
-- RUNNING ITERATIONS START -------------
-- RUNNING ITERATIONS START -------------
-- RUNNING ITERATIONS START -------------
-- RUNNING ITERATIONS START -------------
-- RUNNING ITERATIONS START -------------
-- RUNNING ITERATIONS START -------------
-- RUNNING ITERATIONS START -------------
-- RUNNING ITERATIONS START -------------
[00:00:00:11.61] Training iteration 240, current best R: 0.7701
-- RUNNING ITERATIONS START -------------
-- RUNNING ITERATIONS START -------------
-- RUNNING ITERATIONS START -------------
-- RUNNING ITERATIONS START -------------
-- RUNNING ITERATIONS START -------------
-- RUNNING ITERATIONS START -------------
-- RUNNING ITERATIONS START -------------
-- RUNNING ITERATIONS START -------------
-- RUNNING ITERATIONS START -------------
-- RUNNING ITERATIONS START -------------
[00:00:00:12.30] Training iteration 250, current best R: 0.7701
-- RUNNING ITERATIONS START -------------
-- RUNNING ITERATIONS START -------------
-- RUNNING ITERATIONS START -------------
-- RUNNING ITERATIONS START -------------
-- RUNNING ITERATIONS START -------------
-- RUNNING ITERATIONS START -------------
-- RUNNING ITERATIONS START -------------
-- RUNNING ITERATIONS START -------------
-- RUNNING ITERATIONS START -------------
-- RUNNING ITERATIONS START -------------
[00:00:00:11.42] Training iteration 260, current best R: 0.7701
-- RUNNING ITERATIONS START -------------
-- RUNNING ITERATIONS START -------------
-- RUNNING ITERATIONS START -------------
-- RUNNING ITERATIONS START -------------
-- RUNNING ITERATIONS START -------------
-- RUNNING ITERATIONS START -------------
-- RUNNING ITERATIONS START -------------
-- RUNNING ITERATIONS START -------------
-- RUNNING ITERATIONS START -------------
-- RUNNING ITERATIONS START -------------
[00:00:00:13.39] Training iteration 270, current best R: 0.7701
-- RUNNING ITERATIONS START -------------
-- RUNNING ITERATIONS START -------------
-- RUNNING ITERATIONS START -------------
-- RUNNING ITERATIONS START -------------
-- RUNNING ITERATIONS START -------------
-- RUNNING ITERATIONS START -------------
-- RUNNING ITERATIONS START -------------
-- RUNNING ITERATIONS START -------------
-- RUNNING ITERATIONS START -------------
-- RUNNING ITERATIONS START -------------
[00:00:00:11.27] Training iteration 280, current best R: 0.7701
-- RUNNING ITERATIONS START -------------
-- RUNNING ITERATIONS START -------------
-- RUNNING ITERATIONS START -------------
-- RUNNING ITERATIONS START -------------
-- RUNNING ITERATIONS START -------------
-- RUNNING ITERATIONS START -------------
-- RUNNING ITERATIONS START -------------
-- RUNNING ITERATIONS START -------------
-- RUNNING ITERATIONS START -------------
-- RUNNING ITERATIONS START -------------
[00:00:00:11.83] Training iteration 290, current best R: 0.7701
-- RUNNING ITERATIONS START -------------
-- RUNNING ITERATIONS START -------------
-- RUNNING ITERATIONS START -------------
-- RUNNING ITERATIONS START -------------
-- RUNNING ITERATIONS START -------------
-- RUNNING ITERATIONS START -------------
-- RUNNING ITERATIONS START -------------
[00:00:00:11.61] Training iteration 297, current best R: 0.7750

	** New best
	Reward: 0.775018341695692
	Count Off-policy: 0
	Count On-policy: 1
	Originally on Policy: True
	Invalid: False
	Traversal: add,mul,-1.7968655530085729,x2,div,mul,add,sub,x2,-0.19288414994769915,mul,mul,2.4151439468291476,x1,mul,mul,x1,x1,x1,x1,x1
	Expression:
	                       4                                              
	  2.4151439468291476⋅x₁  - 0.7968655530085729⋅x₂ + 0.19288414994769915

-- RUNNING ITERATIONS START -------------
-- RUNNING ITERATIONS START -------------
-- RUNNING ITERATIONS START -------------
[00:00:00:12.42] Training iteration 300, current best R: 0.7750
-- RUNNING ITERATIONS START -------------
-- RUNNING ITERATIONS START -------------
-- RUNNING ITERATIONS START -------------
-- RUNNING ITERATIONS START -------------
-- RUNNING ITERATIONS START -------------
-- RUNNING ITERATIONS START -------------
-- RUNNING ITERATIONS START -------------
-- RUNNING ITERATIONS START -------------
-- RUNNING ITERATIONS START -------------
-- RUNNING ITERATIONS START -------------
[00:00:00:11.35] Training iteration 310, current best R: 0.7750
-- RUNNING ITERATIONS START -------------
-- RUNNING ITERATIONS START -------------
-- RUNNING ITERATIONS START -------------
-- RUNNING ITERATIONS START -------------
-- RUNNING ITERATIONS START -------------
-- RUNNING ITERATIONS START -------------
-- RUNNING ITERATIONS START -------------
-- RUNNING ITERATIONS START -------------
-- RUNNING ITERATIONS START -------------
-- RUNNING ITERATIONS START -------------
[00:00:00:11.05] Training iteration 320, current best R: 0.7750
-- RUNNING ITERATIONS START -------------
-- RUNNING ITERATIONS START -------------
-- RUNNING ITERATIONS START -------------
-- RUNNING ITERATIONS START -------------
-- RUNNING ITERATIONS START -------------
-- RUNNING ITERATIONS START -------------
-- RUNNING ITERATIONS START -------------
-- RUNNING ITERATIONS START -------------
-- RUNNING ITERATIONS START -------------
-- RUNNING ITERATIONS START -------------
[00:00:00:10.67] Training iteration 330, current best R: 0.7750
-- RUNNING ITERATIONS START -------------
-- RUNNING ITERATIONS START -------------
-- RUNNING ITERATIONS START -------------
-- RUNNING ITERATIONS START -------------
-- RUNNING ITERATIONS START -------------
-- RUNNING ITERATIONS START -------------
-- RUNNING ITERATIONS START -------------
-- RUNNING ITERATIONS START -------------
-- RUNNING ITERATIONS START -------------
-- RUNNING ITERATIONS START -------------
[00:00:00:10.81] Training iteration 340, current best R: 0.7750
-- RUNNING ITERATIONS START -------------
-- RUNNING ITERATIONS START -------------
-- RUNNING ITERATIONS START -------------
-- RUNNING ITERATIONS START -------------
-- RUNNING ITERATIONS START -------------
-- RUNNING ITERATIONS START -------------
-- RUNNING ITERATIONS START -------------
-- RUNNING ITERATIONS START -------------
-- RUNNING ITERATIONS START -------------
-- RUNNING ITERATIONS START -------------
[00:00:00:11.63] Training iteration 350, current best R: 0.7750
-- RUNNING ITERATIONS START -------------
-- RUNNING ITERATIONS START -------------
-- RUNNING ITERATIONS START -------------
-- RUNNING ITERATIONS START -------------
-- RUNNING ITERATIONS START -------------
-- RUNNING ITERATIONS START -------------
-- RUNNING ITERATIONS START -------------
-- RUNNING ITERATIONS START -------------
-- RUNNING ITERATIONS START -------------
-- RUNNING ITERATIONS START -------------
[00:00:00:11.37] Training iteration 360, current best R: 0.7750
-- RUNNING ITERATIONS START -------------
-- RUNNING ITERATIONS START -------------
-- RUNNING ITERATIONS START -------------
-- RUNNING ITERATIONS START -------------
-- RUNNING ITERATIONS START -------------
-- RUNNING ITERATIONS START -------------
-- RUNNING ITERATIONS START -------------
-- RUNNING ITERATIONS START -------------
-- RUNNING ITERATIONS START -------------
-- RUNNING ITERATIONS START -------------
[00:00:00:11.09] Training iteration 370, current best R: 0.7750
-- RUNNING ITERATIONS START -------------
-- RUNNING ITERATIONS START -------------
-- RUNNING ITERATIONS START -------------
-- RUNNING ITERATIONS START -------------
-- RUNNING ITERATIONS START -------------
-- RUNNING ITERATIONS START -------------
-- RUNNING ITERATIONS START -------------
-- RUNNING ITERATIONS START -------------
-- RUNNING ITERATIONS START -------------
-- RUNNING ITERATIONS START -------------
[00:00:00:11.03] Training iteration 380, current best R: 0.7750
-- RUNNING ITERATIONS START -------------
-- RUNNING ITERATIONS START -------------
-- RUNNING ITERATIONS START -------------
-- RUNNING ITERATIONS START -------------
-- RUNNING ITERATIONS START -------------
-- RUNNING ITERATIONS START -------------
-- RUNNING ITERATIONS START -------------
-- RUNNING ITERATIONS START -------------
-- RUNNING ITERATIONS START -------------
-- RUNNING ITERATIONS START -------------
[00:00:00:09.50] Training iteration 390, current best R: 0.7750
-- RUNNING ITERATIONS START -------------
-- RUNNING ITERATIONS START -------------
-- RUNNING ITERATIONS START -------------
-- RUNNING ITERATIONS START -------------
-- RUNNING ITERATIONS START -------------
-- RUNNING ITERATIONS START -------------
-- RUNNING ITERATIONS START -------------
-- RUNNING ITERATIONS START -------------
-- RUNNING ITERATIONS START -------------
-- RUNNING ITERATIONS START -------------
[00:00:00:10.80] Training iteration 400, current best R: 0.7750
-- RUNNING ITERATIONS START -------------
-- RUNNING ITERATIONS START -------------
-- RUNNING ITERATIONS START -------------
-- RUNNING ITERATIONS START -------------
-- RUNNING ITERATIONS START -------------
-- RUNNING ITERATIONS START -------------
-- RUNNING ITERATIONS START -------------
-- RUNNING ITERATIONS START -------------
-- RUNNING ITERATIONS START -------------
-- RUNNING ITERATIONS START -------------
[00:00:00:12.26] Training iteration 410, current best R: 0.7750
-- RUNNING ITERATIONS START -------------
-- RUNNING ITERATIONS START -------------
-- RUNNING ITERATIONS START -------------
-- RUNNING ITERATIONS START -------------
-- RUNNING ITERATIONS START -------------
-- RUNNING ITERATIONS START -------------
-- RUNNING ITERATIONS START -------------
-- RUNNING ITERATIONS START -------------
-- RUNNING ITERATIONS START -------------
-- RUNNING ITERATIONS START -------------
[00:00:00:11.03] Training iteration 420, current best R: 0.7750
-- RUNNING ITERATIONS START -------------
-- RUNNING ITERATIONS START -------------
-- RUNNING ITERATIONS START -------------
-- RUNNING ITERATIONS START -------------
-- RUNNING ITERATIONS START -------------
-- RUNNING ITERATIONS START -------------
-- RUNNING ITERATIONS START -------------
-- RUNNING ITERATIONS START -------------
-- RUNNING ITERATIONS START -------------
-- RUNNING ITERATIONS START -------------
[00:00:00:11.15] Training iteration 430, current best R: 0.7750
-- RUNNING ITERATIONS START -------------
-- RUNNING ITERATIONS START -------------
-- RUNNING ITERATIONS START -------------
-- RUNNING ITERATIONS START -------------
-- RUNNING ITERATIONS START -------------
-- RUNNING ITERATIONS START -------------
-- RUNNING ITERATIONS START -------------
-- RUNNING ITERATIONS START -------------
-- RUNNING ITERATIONS START -------------
-- RUNNING ITERATIONS START -------------
[00:00:00:09.28] Training iteration 440, current best R: 0.7750
-- RUNNING ITERATIONS START -------------
-- RUNNING ITERATIONS START -------------
-- RUNNING ITERATIONS START -------------
-- RUNNING ITERATIONS START -------------
-- RUNNING ITERATIONS START -------------
-- RUNNING ITERATIONS START -------------
-- RUNNING ITERATIONS START -------------
-- RUNNING ITERATIONS START -------------
-- RUNNING ITERATIONS START -------------
-- RUNNING ITERATIONS START -------------
[00:00:00:09.62] Training iteration 450, current best R: 0.7750
-- RUNNING ITERATIONS START -------------
-- RUNNING ITERATIONS START -------------
-- RUNNING ITERATIONS START -------------
-- RUNNING ITERATIONS START -------------
-- RUNNING ITERATIONS START -------------
-- RUNNING ITERATIONS START -------------
-- RUNNING ITERATIONS START -------------
-- RUNNING ITERATIONS START -------------
-- RUNNING ITERATIONS START -------------
-- RUNNING ITERATIONS START -------------
[00:00:00:10.63] Training iteration 460, current best R: 0.7750
-- RUNNING ITERATIONS START -------------
-- RUNNING ITERATIONS START -------------
-- RUNNING ITERATIONS START -------------
-- RUNNING ITERATIONS START -------------
-- RUNNING ITERATIONS START -------------
-- RUNNING ITERATIONS START -------------
-- RUNNING ITERATIONS START -------------
[00:00:00:10.64] Training iteration 467, current best R: 0.7750

	** New best
	Reward: 0.7750183492111193
	Count Off-policy: 0
	Count On-policy: 1
	Originally on Policy: True
	Invalid: False
	Traversal: mul,0.796779045259813,sub,0.24211247834054844,sub,x2,mul,3.0312721081092615,mul,x1,mul,x1,mul,x1,x1
	Expression:
	                       4                                             
	  2.4152540962219981⋅x₁  - 0.796779045259813⋅x₂ + 0.19291014933766935

-- RUNNING ITERATIONS START -------------
-- RUNNING ITERATIONS START -------------
-- RUNNING ITERATIONS START -------------
[00:00:00:10.39] Training iteration 470, current best R: 0.7750
-- RUNNING ITERATIONS START -------------
-- RUNNING ITERATIONS START -------------
-- RUNNING ITERATIONS START -------------
-- RUNNING ITERATIONS START -------------
-- RUNNING ITERATIONS START -------------
[00:00:00:10.67] Training iteration 475, current best R: 0.7782

	** New best
	Reward: 0.7782215717929666
	Count Off-policy: 0
	Count On-policy: 1
	Originally on Policy: True
	Invalid: False
	Traversal: sub,cos,x2,log,mul,add,x2,1.332937916802564,sub,mul,mul,x1,1.5698299432089424,x1,1.663237433701366
	Expression:
	       ⎛⎛                     2                    ⎞                         ⎞  
	  - log⎝⎝1.5698299432089424⋅x₁  - 1.663237433701366⎠⋅(x₂ + 1.332937916802564)⎠ +

        
	   cos(x₂)

-- RUNNING ITERATIONS START -------------
-- RUNNING ITERATIONS START -------------
-- RUNNING ITERATIONS START -------------
-- RUNNING ITERATIONS START -------------
-- RUNNING ITERATIONS START -------------
[00:00:00:10.00] Training iteration 480, current best R: 0.7782
-- RUNNING ITERATIONS START -------------
-- RUNNING ITERATIONS START -------------
-- RUNNING ITERATIONS START -------------
-- RUNNING ITERATIONS START -------------
-- RUNNING ITERATIONS START -------------
-- RUNNING ITERATIONS START -------------
-- RUNNING ITERATIONS START -------------
-- RUNNING ITERATIONS START -------------
-- RUNNING ITERATIONS START -------------
-- RUNNING ITERATIONS START -------------
[00:00:00:11.09] Training iteration 490, current best R: 0.7782
-- RUNNING ITERATIONS START -------------
-- RUNNING ITERATIONS START -------------
-- RUNNING ITERATIONS START -------------
-- RUNNING ITERATIONS START -------------
-- RUNNING ITERATIONS START -------------
-- RUNNING ITERATIONS START -------------
-- RUNNING ITERATIONS START -------------
-- RUNNING ITERATIONS START -------------
-- RUNNING ITERATIONS START -------------
-- RUNNING ITERATIONS START -------------
[00:00:00:10.12] Training iteration 500, current best R: 0.7782
-- RUNNING ITERATIONS START -------------
-- RUNNING ITERATIONS START -------------
-- RUNNING ITERATIONS START -------------
-- RUNNING ITERATIONS START -------------
-- RUNNING ITERATIONS START -------------
-- RUNNING ITERATIONS START -------------
-- RUNNING ITERATIONS START -------------
-- RUNNING ITERATIONS START -------------
-- RUNNING ITERATIONS START -------------
-- RUNNING ITERATIONS START -------------
[00:00:00:10.18] Training iteration 510, current best R: 0.7782
-- RUNNING ITERATIONS START -------------
-- RUNNING ITERATIONS START -------------
-- RUNNING ITERATIONS START -------------
-- RUNNING ITERATIONS START -------------
-- RUNNING ITERATIONS START -------------
-- RUNNING ITERATIONS START -------------
-- RUNNING ITERATIONS START -------------
-- RUNNING ITERATIONS START -------------
-- RUNNING ITERATIONS START -------------
-- RUNNING ITERATIONS START -------------
[00:00:00:10.31] Training iteration 520, current best R: 0.7782
-- RUNNING ITERATIONS START -------------
-- RUNNING ITERATIONS START -------------
-- RUNNING ITERATIONS START -------------
-- RUNNING ITERATIONS START -------------
-- RUNNING ITERATIONS START -------------
-- RUNNING ITERATIONS START -------------
-- RUNNING ITERATIONS START -------------
-- RUNNING ITERATIONS START -------------
-- RUNNING ITERATIONS START -------------
-- RUNNING ITERATIONS START -------------
[00:00:00:12.39] Training iteration 530, current best R: 0.7782
-- RUNNING ITERATIONS START -------------
-- RUNNING ITERATIONS START -------------
-- RUNNING ITERATIONS START -------------
-- RUNNING ITERATIONS START -------------
-- RUNNING ITERATIONS START -------------
-- RUNNING ITERATIONS START -------------
-- RUNNING ITERATIONS START -------------
-- RUNNING ITERATIONS START -------------
-- RUNNING ITERATIONS START -------------
-- RUNNING ITERATIONS START -------------
[00:00:00:10.49] Training iteration 540, current best R: 0.7782
-- RUNNING ITERATIONS START -------------
-- RUNNING ITERATIONS START -------------
-- RUNNING ITERATIONS START -------------
-- RUNNING ITERATIONS START -------------
-- RUNNING ITERATIONS START -------------
-- RUNNING ITERATIONS START -------------
-- RUNNING ITERATIONS START -------------
-- RUNNING ITERATIONS START -------------
-- RUNNING ITERATIONS START -------------
-- RUNNING ITERATIONS START -------------
[00:00:00:09.29] Training iteration 550, current best R: 0.7782
-- RUNNING ITERATIONS START -------------
-- RUNNING ITERATIONS START -------------
-- RUNNING ITERATIONS START -------------
-- RUNNING ITERATIONS START -------------
-- RUNNING ITERATIONS START -------------
-- RUNNING ITERATIONS START -------------
-- RUNNING ITERATIONS START -------------
-- RUNNING ITERATIONS START -------------
-- RUNNING ITERATIONS START -------------
-- RUNNING ITERATIONS START -------------
[00:00:00:10.18] Training iteration 560, current best R: 0.7782
-- RUNNING ITERATIONS START -------------
-- RUNNING ITERATIONS START -------------
-- RUNNING ITERATIONS START -------------
-- RUNNING ITERATIONS START -------------
-- RUNNING ITERATIONS START -------------
-- RUNNING ITERATIONS START -------------
-- RUNNING ITERATIONS START -------------
-- RUNNING ITERATIONS START -------------
-- RUNNING ITERATIONS START -------------
-- RUNNING ITERATIONS START -------------
[00:00:00:09.62] Training iteration 570, current best R: 0.7782
-- RUNNING ITERATIONS START -------------
-- RUNNING ITERATIONS START -------------
-- RUNNING ITERATIONS START -------------
-- RUNNING ITERATIONS START -------------
-- RUNNING ITERATIONS START -------------
-- RUNNING ITERATIONS START -------------
-- RUNNING ITERATIONS START -------------
-- RUNNING ITERATIONS START -------------
-- RUNNING ITERATIONS START -------------
-- RUNNING ITERATIONS START -------------
[00:00:00:10.02] Training iteration 580, current best R: 0.7782
-- RUNNING ITERATIONS START -------------
-- RUNNING ITERATIONS START -------------
-- RUNNING ITERATIONS START -------------
-- RUNNING ITERATIONS START -------------
-- RUNNING ITERATIONS START -------------
-- RUNNING ITERATIONS START -------------
-- RUNNING ITERATIONS START -------------
-- RUNNING ITERATIONS START -------------
-- RUNNING ITERATIONS START -------------
-- RUNNING ITERATIONS START -------------
[00:00:00:09.54] Training iteration 590, current best R: 0.7782
-- RUNNING ITERATIONS START -------------
-- RUNNING ITERATIONS START -------------
-- RUNNING ITERATIONS START -------------
-- RUNNING ITERATIONS START -------------
-- RUNNING ITERATIONS START -------------
-- RUNNING ITERATIONS START -------------
-- RUNNING ITERATIONS START -------------
-- RUNNING ITERATIONS START -------------
-- RUNNING ITERATIONS START -------------
-- RUNNING ITERATIONS START -------------
[00:00:00:09.97] Training iteration 600, current best R: 0.7782
-- RUNNING ITERATIONS START -------------
-- RUNNING ITERATIONS START -------------
-- RUNNING ITERATIONS START -------------
-- RUNNING ITERATIONS START -------------
-- RUNNING ITERATIONS START -------------
-- RUNNING ITERATIONS START -------------
-- RUNNING ITERATIONS START -------------
-- RUNNING ITERATIONS START -------------
-- RUNNING ITERATIONS START -------------
-- RUNNING ITERATIONS START -------------
[00:00:00:10.06] Training iteration 610, current best R: 0.7782
-- RUNNING ITERATIONS START -------------
-- RUNNING ITERATIONS START -------------
-- RUNNING ITERATIONS START -------------
-- RUNNING ITERATIONS START -------------
-- RUNNING ITERATIONS START -------------
-- RUNNING ITERATIONS START -------------
-- RUNNING ITERATIONS START -------------
-- RUNNING ITERATIONS START -------------
-- RUNNING ITERATIONS START -------------
-- RUNNING ITERATIONS START -------------
[00:00:00:10.41] Training iteration 620, current best R: 0.7782
-- RUNNING ITERATIONS START -------------
-- RUNNING ITERATIONS START -------------
-- RUNNING ITERATIONS START -------------
-- RUNNING ITERATIONS START -------------
-- RUNNING ITERATIONS START -------------
-- RUNNING ITERATIONS START -------------
-- RUNNING ITERATIONS START -------------
-- RUNNING ITERATIONS START -------------
-- RUNNING ITERATIONS START -------------
-- RUNNING ITERATIONS START -------------
[00:00:00:10.03] Training iteration 630, current best R: 0.7782
-- RUNNING ITERATIONS START -------------
-- RUNNING ITERATIONS START -------------
-- RUNNING ITERATIONS START -------------
-- RUNNING ITERATIONS START -------------
-- RUNNING ITERATIONS START -------------
-- RUNNING ITERATIONS START -------------
-- RUNNING ITERATIONS START -------------
-- RUNNING ITERATIONS START -------------
-- RUNNING ITERATIONS START -------------
-- RUNNING ITERATIONS START -------------
[00:00:00:09.48] Training iteration 640, current best R: 0.7782
-- RUNNING ITERATIONS START -------------
-- RUNNING ITERATIONS START -------------
-- RUNNING ITERATIONS START -------------
-- RUNNING ITERATIONS START -------------
-- RUNNING ITERATIONS START -------------
-- RUNNING ITERATIONS START -------------
-- RUNNING ITERATIONS START -------------
-- RUNNING ITERATIONS START -------------
-- RUNNING ITERATIONS START -------------
-- RUNNING ITERATIONS START -------------
[00:00:00:09.46] Training iteration 650, current best R: 0.7782
-- RUNNING ITERATIONS START -------------
-- RUNNING ITERATIONS START -------------
-- RUNNING ITERATIONS START -------------
-- RUNNING ITERATIONS START -------------
-- RUNNING ITERATIONS START -------------
-- RUNNING ITERATIONS START -------------
-- RUNNING ITERATIONS START -------------
-- RUNNING ITERATIONS START -------------
-- RUNNING ITERATIONS START -------------
-- RUNNING ITERATIONS START -------------
[00:00:00:13.75] Training iteration 660, current best R: 0.7782
-- RUNNING ITERATIONS START -------------
-- RUNNING ITERATIONS START -------------
-- RUNNING ITERATIONS START -------------
-- RUNNING ITERATIONS START -------------
-- RUNNING ITERATIONS START -------------
-- RUNNING ITERATIONS START -------------
-- RUNNING ITERATIONS START -------------
-- RUNNING ITERATIONS START -------------
-- RUNNING ITERATIONS START -------------
-- RUNNING ITERATIONS START -------------
[00:00:00:10.37] Training iteration 670, current best R: 0.7782
-- RUNNING ITERATIONS START -------------
-- RUNNING ITERATIONS START -------------
-- RUNNING ITERATIONS START -------------
-- RUNNING ITERATIONS START -------------
-- RUNNING ITERATIONS START -------------
-- RUNNING ITERATIONS START -------------
-- RUNNING ITERATIONS START -------------
-- RUNNING ITERATIONS START -------------
-- RUNNING ITERATIONS START -------------
-- RUNNING ITERATIONS START -------------
[00:00:00:08.55] Training iteration 680, current best R: 0.7782
-- RUNNING ITERATIONS START -------------
-- RUNNING ITERATIONS START -------------
-- RUNNING ITERATIONS START -------------
-- RUNNING ITERATIONS START -------------
-- RUNNING ITERATIONS START -------------
-- RUNNING ITERATIONS START -------------
-- RUNNING ITERATIONS START -------------
-- RUNNING ITERATIONS START -------------
-- RUNNING ITERATIONS START -------------
-- RUNNING ITERATIONS START -------------
[00:00:00:10.27] Training iteration 690, current best R: 0.7782
-- RUNNING ITERATIONS START -------------
-- RUNNING ITERATIONS START -------------
-- RUNNING ITERATIONS START -------------
-- RUNNING ITERATIONS START -------------
-- RUNNING ITERATIONS START -------------
-- RUNNING ITERATIONS START -------------
-- RUNNING ITERATIONS START -------------
-- RUNNING ITERATIONS START -------------
-- RUNNING ITERATIONS START -------------
-- RUNNING ITERATIONS START -------------
[00:00:00:07.39] Training iteration 700, current best R: 0.7782
-- RUNNING ITERATIONS START -------------
-- RUNNING ITERATIONS START -------------
-- RUNNING ITERATIONS START -------------
-- RUNNING ITERATIONS START -------------
-- RUNNING ITERATIONS START -------------
-- RUNNING ITERATIONS START -------------
-- RUNNING ITERATIONS START -------------
-- RUNNING ITERATIONS START -------------
-- RUNNING ITERATIONS START -------------
-- RUNNING ITERATIONS START -------------
[00:00:00:10.29] Training iteration 710, current best R: 0.7782
-- RUNNING ITERATIONS START -------------
-- RUNNING ITERATIONS START -------------
-- RUNNING ITERATIONS START -------------
-- RUNNING ITERATIONS START -------------
-- RUNNING ITERATIONS START -------------
-- RUNNING ITERATIONS START -------------
-- RUNNING ITERATIONS START -------------
-- RUNNING ITERATIONS START -------------
-- RUNNING ITERATIONS START -------------
-- RUNNING ITERATIONS START -------------
[00:00:00:09.31] Training iteration 720, current best R: 0.7782
-- RUNNING ITERATIONS START -------------
-- RUNNING ITERATIONS START -------------
-- RUNNING ITERATIONS START -------------
-- RUNNING ITERATIONS START -------------
-- RUNNING ITERATIONS START -------------
-- RUNNING ITERATIONS START -------------
-- RUNNING ITERATIONS START -------------
-- RUNNING ITERATIONS START -------------
-- RUNNING ITERATIONS START -------------
-- RUNNING ITERATIONS START -------------
[00:00:00:09.51] Training iteration 730, current best R: 0.7782
-- RUNNING ITERATIONS START -------------
-- RUNNING ITERATIONS START -------------
-- RUNNING ITERATIONS START -------------
-- RUNNING ITERATIONS START -------------
-- RUNNING ITERATIONS START -------------
-- RUNNING ITERATIONS START -------------
-- RUNNING ITERATIONS START -------------
-- RUNNING ITERATIONS START -------------
-- RUNNING ITERATIONS START -------------
-- RUNNING ITERATIONS START -------------
[00:00:00:09.35] Training iteration 740, current best R: 0.7782
-- RUNNING ITERATIONS START -------------
-- RUNNING ITERATIONS START -------------
-- RUNNING ITERATIONS START -------------
-- RUNNING ITERATIONS START -------------
-- RUNNING ITERATIONS START -------------
-- RUNNING ITERATIONS START -------------
-- RUNNING ITERATIONS START -------------
-- RUNNING ITERATIONS START -------------
-- RUNNING ITERATIONS START -------------
-- RUNNING ITERATIONS START -------------
[00:00:00:10.01] Training iteration 750, current best R: 0.7782
-- RUNNING ITERATIONS START -------------
-- RUNNING ITERATIONS START -------------
-- RUNNING ITERATIONS START -------------
-- RUNNING ITERATIONS START -------------
-- RUNNING ITERATIONS START -------------
-- RUNNING ITERATIONS START -------------
-- RUNNING ITERATIONS START -------------
-- RUNNING ITERATIONS START -------------
-- RUNNING ITERATIONS START -------------
-- RUNNING ITERATIONS START -------------
[00:00:00:10.15] Training iteration 760, current best R: 0.7782
-- RUNNING ITERATIONS START -------------
-- RUNNING ITERATIONS START -------------
-- RUNNING ITERATIONS START -------------
-- RUNNING ITERATIONS START -------------
-- RUNNING ITERATIONS START -------------
-- RUNNING ITERATIONS START -------------
-- RUNNING ITERATIONS START -------------
-- RUNNING ITERATIONS START -------------
-- RUNNING ITERATIONS START -------------
-- RUNNING ITERATIONS START -------------
[00:00:00:10.00] Training iteration 770, current best R: 0.7782
-- RUNNING ITERATIONS START -------------
-- RUNNING ITERATIONS START -------------
-- RUNNING ITERATIONS START -------------
-- RUNNING ITERATIONS START -------------
-- RUNNING ITERATIONS START -------------
-- RUNNING ITERATIONS START -------------
-- RUNNING ITERATIONS START -------------
-- RUNNING ITERATIONS START -------------
-- RUNNING ITERATIONS START -------------
-- RUNNING ITERATIONS START -------------
[00:00:00:10.43] Training iteration 780, current best R: 0.7782
-- RUNNING ITERATIONS START -------------
-- RUNNING ITERATIONS START -------------
-- RUNNING ITERATIONS START -------------
-- RUNNING ITERATIONS START -------------
-- RUNNING ITERATIONS START -------------
-- RUNNING ITERATIONS START -------------
-- RUNNING ITERATIONS START -------------
-- RUNNING ITERATIONS START -------------
-- RUNNING ITERATIONS START -------------
-- RUNNING ITERATIONS START -------------
[00:00:00:09.48] Training iteration 790, current best R: 0.7782
-- RUNNING ITERATIONS START -------------
-- RUNNING ITERATIONS START -------------
-- RUNNING ITERATIONS START -------------
-- RUNNING ITERATIONS START -------------
-- RUNNING ITERATIONS START -------------
-- RUNNING ITERATIONS START -------------
-- RUNNING ITERATIONS START -------------
-- RUNNING ITERATIONS START -------------
-- RUNNING ITERATIONS START -------------
-- RUNNING ITERATIONS START -------------
[00:00:00:09.76] Training iteration 800, current best R: 0.7782
-- RUNNING ITERATIONS START -------------
-- RUNNING ITERATIONS START -------------
-- RUNNING ITERATIONS START -------------
-- RUNNING ITERATIONS START -------------
-- RUNNING ITERATIONS START -------------
-- RUNNING ITERATIONS START -------------
-- RUNNING ITERATIONS START -------------
-- RUNNING ITERATIONS START -------------
-- RUNNING ITERATIONS START -------------
-- RUNNING ITERATIONS START -------------
[00:00:00:09.23] Training iteration 810, current best R: 0.7782
-- RUNNING ITERATIONS START -------------
-- RUNNING ITERATIONS START -------------
-- RUNNING ITERATIONS START -------------
-- RUNNING ITERATIONS START -------------
-- RUNNING ITERATIONS START -------------
-- RUNNING ITERATIONS START -------------
-- RUNNING ITERATIONS START -------------
-- RUNNING ITERATIONS START -------------
-- RUNNING ITERATIONS START -------------
-- RUNNING ITERATIONS START -------------
[00:00:00:10.06] Training iteration 820, current best R: 0.7782
-- RUNNING ITERATIONS START -------------
-- RUNNING ITERATIONS START -------------
-- RUNNING ITERATIONS START -------------
-- RUNNING ITERATIONS START -------------
-- RUNNING ITERATIONS START -------------
-- RUNNING ITERATIONS START -------------
-- RUNNING ITERATIONS START -------------
-- RUNNING ITERATIONS START -------------
-- RUNNING ITERATIONS START -------------
-- RUNNING ITERATIONS START -------------
[00:00:00:09.34] Training iteration 830, current best R: 0.7782
-- RUNNING ITERATIONS START -------------
-- RUNNING ITERATIONS START -------------
-- RUNNING ITERATIONS START -------------
-- RUNNING ITERATIONS START -------------
-- RUNNING ITERATIONS START -------------
-- RUNNING ITERATIONS START -------------
-- RUNNING ITERATIONS START -------------
-- RUNNING ITERATIONS START -------------
-- RUNNING ITERATIONS START -------------
-- RUNNING ITERATIONS START -------------
[00:00:00:09.87] Training iteration 840, current best R: 0.7782
-- RUNNING ITERATIONS START -------------
-- RUNNING ITERATIONS START -------------
-- RUNNING ITERATIONS START -------------
-- RUNNING ITERATIONS START -------------
-- RUNNING ITERATIONS START -------------
-- RUNNING ITERATIONS START -------------
-- RUNNING ITERATIONS START -------------
-- RUNNING ITERATIONS START -------------
-- RUNNING ITERATIONS START -------------
-- RUNNING ITERATIONS START -------------
[00:00:00:10.10] Training iteration 850, current best R: 0.7782
-- RUNNING ITERATIONS START -------------
-- RUNNING ITERATIONS START -------------
-- RUNNING ITERATIONS START -------------
-- RUNNING ITERATIONS START -------------
-- RUNNING ITERATIONS START -------------
-- RUNNING ITERATIONS START -------------
-- RUNNING ITERATIONS START -------------
-- RUNNING ITERATIONS START -------------
-- RUNNING ITERATIONS START -------------
-- RUNNING ITERATIONS START -------------
[00:00:00:09.64] Training iteration 860, current best R: 0.7782
-- RUNNING ITERATIONS START -------------
-- RUNNING ITERATIONS START -------------
-- RUNNING ITERATIONS START -------------
-- RUNNING ITERATIONS START -------------
-- RUNNING ITERATIONS START -------------
-- RUNNING ITERATIONS START -------------
-- RUNNING ITERATIONS START -------------
-- RUNNING ITERATIONS START -------------
-- RUNNING ITERATIONS START -------------
-- RUNNING ITERATIONS START -------------
[00:00:00:11.12] Training iteration 870, current best R: 0.7782
-- RUNNING ITERATIONS START -------------
-- RUNNING ITERATIONS START -------------
-- RUNNING ITERATIONS START -------------
-- RUNNING ITERATIONS START -------------
-- RUNNING ITERATIONS START -------------
-- RUNNING ITERATIONS START -------------
-- RUNNING ITERATIONS START -------------
-- RUNNING ITERATIONS START -------------
-- RUNNING ITERATIONS START -------------
-- RUNNING ITERATIONS START -------------
[00:00:00:09.35] Training iteration 880, current best R: 0.7782
-- RUNNING ITERATIONS START -------------
-- RUNNING ITERATIONS START -------------
-- RUNNING ITERATIONS START -------------
-- RUNNING ITERATIONS START -------------
-- RUNNING ITERATIONS START -------------
-- RUNNING ITERATIONS START -------------
-- RUNNING ITERATIONS START -------------
-- RUNNING ITERATIONS START -------------
-- RUNNING ITERATIONS START -------------
-- RUNNING ITERATIONS START -------------
[00:00:00:09.14] Training iteration 890, current best R: 0.7782
-- RUNNING ITERATIONS START -------------
-- RUNNING ITERATIONS START -------------
-- RUNNING ITERATIONS START -------------
-- RUNNING ITERATIONS START -------------
-- RUNNING ITERATIONS START -------------
-- RUNNING ITERATIONS START -------------
-- RUNNING ITERATIONS START -------------
-- RUNNING ITERATIONS START -------------
-- RUNNING ITERATIONS START -------------
-- RUNNING ITERATIONS START -------------
[00:00:00:10.36] Training iteration 900, current best R: 0.7782
-- RUNNING ITERATIONS START -------------
-- RUNNING ITERATIONS START -------------
-- RUNNING ITERATIONS START -------------
-- RUNNING ITERATIONS START -------------
-- RUNNING ITERATIONS START -------------
-- RUNNING ITERATIONS START -------------
-- RUNNING ITERATIONS START -------------
-- RUNNING ITERATIONS START -------------
-- RUNNING ITERATIONS START -------------
-- RUNNING ITERATIONS START -------------
[00:00:00:10.52] Training iteration 910, current best R: 0.7782
-- RUNNING ITERATIONS START -------------
-- RUNNING ITERATIONS START -------------
-- RUNNING ITERATIONS START -------------
-- RUNNING ITERATIONS START -------------
-- RUNNING ITERATIONS START -------------
-- RUNNING ITERATIONS START -------------
-- RUNNING ITERATIONS START -------------
-- RUNNING ITERATIONS START -------------
-- RUNNING ITERATIONS START -------------
-- RUNNING ITERATIONS START -------------
[00:00:00:10.06] Training iteration 920, current best R: 0.7782
-- RUNNING ITERATIONS START -------------
-- RUNNING ITERATIONS START -------------
-- RUNNING ITERATIONS START -------------
-- RUNNING ITERATIONS START -------------
-- RUNNING ITERATIONS START -------------
-- RUNNING ITERATIONS START -------------
-- RUNNING ITERATIONS START -------------
-- RUNNING ITERATIONS START -------------
-- RUNNING ITERATIONS START -------------
-- RUNNING ITERATIONS START -------------
[00:00:00:10.06] Training iteration 930, current best R: 0.7782
-- RUNNING ITERATIONS START -------------
-- RUNNING ITERATIONS START -------------
-- RUNNING ITERATIONS START -------------
-- RUNNING ITERATIONS START -------------
-- RUNNING ITERATIONS START -------------
-- RUNNING ITERATIONS START -------------
-- RUNNING ITERATIONS START -------------
-- RUNNING ITERATIONS START -------------
-- RUNNING ITERATIONS START -------------
-- RUNNING ITERATIONS START -------------
[00:00:00:09.02] Training iteration 940, current best R: 0.7782
-- RUNNING ITERATIONS START -------------
-- RUNNING ITERATIONS START -------------
-- RUNNING ITERATIONS START -------------
-- RUNNING ITERATIONS START -------------
-- RUNNING ITERATIONS START -------------
-- RUNNING ITERATIONS START -------------
-- RUNNING ITERATIONS START -------------
-- RUNNING ITERATIONS START -------------
-- RUNNING ITERATIONS START -------------
-- RUNNING ITERATIONS START -------------
[00:00:00:09.66] Training iteration 950, current best R: 0.7782
-- RUNNING ITERATIONS START -------------
-- RUNNING ITERATIONS START -------------
-- RUNNING ITERATIONS START -------------
-- RUNNING ITERATIONS START -------------
-- RUNNING ITERATIONS START -------------
-- RUNNING ITERATIONS START -------------
-- RUNNING ITERATIONS START -------------
-- RUNNING ITERATIONS START -------------
-- RUNNING ITERATIONS START -------------
-- RUNNING ITERATIONS START -------------
[00:00:00:10.85] Training iteration 960, current best R: 0.7782
-- RUNNING ITERATIONS START -------------
-- RUNNING ITERATIONS START -------------
-- RUNNING ITERATIONS START -------------
-- RUNNING ITERATIONS START -------------
-- RUNNING ITERATIONS START -------------
-- RUNNING ITERATIONS START -------------
-- RUNNING ITERATIONS START -------------
-- RUNNING ITERATIONS START -------------
-- RUNNING ITERATIONS START -------------
-- RUNNING ITERATIONS START -------------
[00:00:00:11.24] Training iteration 970, current best R: 0.7782
-- RUNNING ITERATIONS START -------------
-- RUNNING ITERATIONS START -------------
-- RUNNING ITERATIONS START -------------
-- RUNNING ITERATIONS START -------------
-- RUNNING ITERATIONS START -------------
-- RUNNING ITERATIONS START -------------
-- RUNNING ITERATIONS START -------------
-- RUNNING ITERATIONS START -------------
-- RUNNING ITERATIONS START -------------
-- RUNNING ITERATIONS START -------------
[00:00:00:10.71] Training iteration 980, current best R: 0.7782
-- RUNNING ITERATIONS START -------------
-- RUNNING ITERATIONS START -------------
-- RUNNING ITERATIONS START -------------
-- RUNNING ITERATIONS START -------------
-- RUNNING ITERATIONS START -------------
-- RUNNING ITERATIONS START -------------
-- RUNNING ITERATIONS START -------------
-- RUNNING ITERATIONS START -------------
-- RUNNING ITERATIONS START -------------
-- RUNNING ITERATIONS START -------------
[00:00:00:09.28] Training iteration 990, current best R: 0.7782
-- RUNNING ITERATIONS START -------------
-- RUNNING ITERATIONS START -------------
-- RUNNING ITERATIONS START -------------
-- RUNNING ITERATIONS START -------------
-- RUNNING ITERATIONS START -------------
-- RUNNING ITERATIONS START -------------
-- RUNNING ITERATIONS START -------------
-- RUNNING ITERATIONS START -------------
-- RUNNING ITERATIONS START -------------
-- RUNNING ITERATIONS START -------------
[00:00:00:10.30] Training iteration 1000, current best R: 0.7782
Saving Hall of Fame to ./log/data_poisson3d_truth_2025-03-31-014621/ssde_data_poisson3d_truth_500_hof.csv
Saving Pareto Front to ./log/data_poisson3d_truth_2025-03-31-014621/ssde_data_poisson3d_truth_500_pf.csv
== TRAINING SEED 500 END ==============
INFO: Completed run 1 of 1 in 10540 s

== POST-PROCESS START =================
-- LOADING LOGS START ----------------
Successfully loaded summary data
Successfully loaded Hall of Fame data
Successfully loaded Pareto Front data
-- LOADING LOGS END ------------------

-- ANALYZING LOG START --------------
Task_____________regression
Source path______./log/data_poisson3d_truth_2025-03-31-014621
Runs_____________1
Max Samples/run__1000000
Success_rate_____0.0
Hall of Fame (Top 5 of 100)____
    0: S=500 R=0.778222 <-- -log((1.5698299432089424*x1**2 - 1.663237433701366)*(x2 + 1.332937916802564)) + cos(x2)
    1: S=500 R=0.777733 <-- x1**2*(2.6729023440469075*x1**2 - 0.2762245805330977) + log(x2 - 1.4132246337744847)
    2: S=500 R=0.777667 <-- -x1**3*(-2.369349981740808*x1 - 0.06847257190040397) + log(1.3878484148679975 - x2)
    3: S=500 R=0.775490 <-- 2.411055738613107*x1**4 + 0.033314809447489187*x1 - 0.8036852462043691*x2 + 0.1942430892552643
    4: S=500 R=0.775018 <-- 2.415191488466041*x1**4 - 0.79678252829301233*x2 + 0.1929359856024295
  Saving Hall of Fame plot to ./log/data_poisson3d_truth_2025-03-31-014621/ssde_data_poisson3d_truth_plot_hof.png
Pareto Front (5 of 7)____
    0: S=500 R=0.778222 C=20.00 <-- -log((1.5698299432089424*x1**2 - 1.663237433701366)*(x2 + 1.332937916802564)) + cos(x2)
    1: S=500 R=0.775018 C=15.00 <-- 2.4152210997484405*x1**4 - 0.7967847224377844*x2 + 0.1929224564603991
    2: S=500 R=0.764240 C=12.00 <-- -(x2 + 5.1595886286558015)*cos(x1**2) + 5.351180376759006
    3: S=500 R=0.732108 C=11.00 <-- 2.1130475604777711*x1**2 - 0.8012234117487316*x2 - 0.018828495909510228
    4: S=500 R=0.731963 C=9.00 <-- 2.0826713281077582*x1**2 - 0.8027993038576244*x2
  Saving Pareto Front plot to ./log/data_poisson3d_truth_2025-03-31-014621/ssde_data_poisson3d_truth_plot_pf.png
-- ANALYZING LOG END ----------------
== POST-PROCESS END ===================
