2025-03-19 19:12:39,750 - INFO - The threshold of evaluation is:
2025-03-19 19:12:39,750 - INFO - 1e-05
2025-03-19 19:12:39,751 - INFO - WARNING: logdir not provided. Results will not be saved to file.
2025-03-19 19:12:39,752 - INFO - -- BUILDING PRIOR START -------------
2025-03-19 19:12:39,752 - INFO - WARNING: Skipping invalid 'RelationalConstraint' with arguments {'targets': [], 'effectors': [], 'relationship': None}. Reason: Prior disabled.
WARNING: Skipping invalid 'TrigConstraint' with arguments {}. Reason: There are no target Tokens.
WARNING: Skipping invalid 'DomainRangeConstraint' with arguments {}. Reason: Prior disabled.
WARNING: Skipping invalid 'LanguageModelPrior' with arguments {'weight': None}. Reason: Prior disabled.
WARNING: Skipping invalid 'MultiDiscreteConstraint' with arguments {'dense': False, 'ordered': False}. Reason: Prior disabled.
2025-03-19 19:12:39,752 - INFO - LengthConstraint: Sequences have minimum length 4.
                  Sequences have maximum length 30.
RepeatConstraint: [const] cannot occur more than 1 times.
RelationalConstraint: [exp] cannot be a child of [log].
InverseUnaryConstraint: RelationalConstraint: [log] cannot be a child of [exp].
ConstConstraint: [const] cannot be the only unique child of [exp, log, add, sub, mul, div].
NoInputsConstraint: Sequences contain at least one input variable Token.
UniformArityPrior: Activated.
SoftLengthPrior: No description available.
2025-03-19 19:12:39,752 - INFO - -- BUILDING PRIOR END ---------------

2025-03-19 19:12:39,752 - INFO - WARNING: max_length (64) will be overridden by value from LengthConstraint (30).
2025-03-19 19:12:41,397 - INFO - -- RUNNING ITERATIONS START -------------
2025-03-19 19:12:44,668 - INFO - [00:00:00:03.27] Training iteration 1, current best R: 1.0000
2025-03-19 19:12:44,669 - INFO - 
	** New best
2025-03-19 19:12:44,669 - INFO - 	Reward: 1.0
2025-03-19 19:12:44,669 - INFO - 	Count Off-policy: 0
2025-03-19 19:12:44,669 - INFO - 	Count On-policy: 1
2025-03-19 19:12:44,669 - INFO - 	Originally on Policy: True
2025-03-19 19:12:44,669 - INFO - 	Invalid: False
2025-03-19 19:12:44,669 - INFO - 	Traversal: log,add,mul,1e-08,exp,x2,exp,x2
2025-03-19 19:12:44,669 - INFO - 	Expression:
2025-03-19 19:12:44,674 - INFO - 	     ⎛            x₂⎞
	  log⎝1.00000001⋅ℯ  ⎠

2025-03-19 19:12:44,675 - INFO - [00:00:00:03.28] Early stopping criteria met; breaking early.
2025-03-19 19:12:45,660 - INFO - Invalid expressions: 267 of 500 (53.4%).
2025-03-19 19:12:45,661 - INFO - Error type counts:
2025-03-19 19:12:45,661 - INFO -   log: 259 (97.0%)
2025-03-19 19:12:45,661 - INFO -   true_divide: 7 (2.6%)
2025-03-19 19:12:45,661 - INFO -   multiply: 1 (0.4%)
2025-03-19 19:12:45,661 - INFO - Error node counts:
2025-03-19 19:12:45,661 - INFO -   invalid: 237 (88.8%)
2025-03-19 19:12:45,661 - INFO -   divide: 30 (11.2%)
2025-03-19 19:12:45,661 - INFO - Time used(s): 6.117947578430176
2025-03-19 19:12:45,661 - INFO - Identified var x2's parametirc expression:
2025-03-19 19:12:45,661 - INFO - log(1.00000001*exp(x2))
2025-03-19 19:12:45,662 - INFO - Identified var x2's traversal:
2025-03-19 19:12:45,662 - INFO - [log, add, mul, 1e-08, exp, x2, exp, x2]
