2025-03-19 15:57:30,091 - INFO - The threshold of evaluation is:
2025-03-19 15:57:30,091 - INFO - 1e-07
2025-03-19 15:57:30,092 - INFO - WARNING: logdir not provided. Results will not be saved to file.
2025-03-19 15:57:30,092 - INFO - /home/weishu/symRegression/SSDE/ssde/ssde/prior.py:959: RuntimeWarning: divide by zero encountered in log
  self.logit_adjust[tokens] -= np.log(len(tokens))

2025-03-19 15:57:30,093 - INFO - -- BUILDING PRIOR START -------------
2025-03-19 15:57:30,093 - INFO - WARNING: Skipping invalid 'RelationalConstraint' with arguments {'targets': [], 'effectors': [], 'relationship': None}. Reason: Prior disabled.
WARNING: Skipping invalid 'InverseUnaryConstraint' with arguments {}. Reason: There are no inverse unary Token pairs in the Library.
WARNING: Skipping invalid 'TrigConstraint' with arguments {}. Reason: There are no target Tokens.
WARNING: Skipping invalid 'DomainRangeConstraint' with arguments {}. Reason: Prior disabled.
WARNING: Skipping invalid 'LanguageModelPrior' with arguments {'weight': None}. Reason: Prior disabled.
WARNING: Skipping invalid 'MultiDiscreteConstraint' with arguments {'dense': False, 'ordered': False}. Reason: Prior disabled.
2025-03-19 15:57:30,093 - INFO - LengthConstraint: Sequences have minimum length 4.
                  Sequences have maximum length 30.
RepeatConstraint: [const] cannot occur more than 2 times.
ConstConstraint: [const] cannot be the only unique child of [add, sub, mul, div].
NoInputsConstraint: Sequences contain at least one input variable Token.
UniformArityPrior: Activated.
SoftLengthPrior: No description available.
2025-03-19 15:57:30,093 - INFO - -- BUILDING PRIOR END ---------------

2025-03-19 15:57:30,093 - INFO - WARNING: max_length (64) will be overridden by value from LengthConstraint (30).
2025-03-19 15:57:31,634 - INFO - -- RUNNING ITERATIONS START -------------
2025-03-19 15:57:36,229 - INFO - [00:00:00:04.59] Training iteration 1, current best R: 1.0000
2025-03-19 15:57:36,229 - INFO - 
	** New best
2025-03-19 15:57:36,229 - INFO - 	Reward: 0.9999999998655045
2025-03-19 15:57:36,229 - INFO - 	Count Off-policy: 0
2025-03-19 15:57:36,229 - INFO - 	Count On-policy: 1
2025-03-19 15:57:36,229 - INFO - 	Originally on Policy: True
2025-03-19 15:57:36,229 - INFO - 	Invalid: False
2025-03-19 15:57:36,230 - INFO - 	Traversal: add,div,x2,div,1.9999808396074659,x2,sub,div,9.350677805409596e-07,mul,x2,x2,add,mul,x2,sub,x2,x2,x2
2025-03-19 15:57:36,230 - INFO - 	Expression:
2025-03-19 15:57:36,237 - INFO - 	                        2        9.350677805409596e-7
	  0.50000479014402404⋅x₂  - x₂ + ────────────────────
	                                           2         
	                                         x₂          

2025-03-19 15:57:36,237 - INFO - [00:00:00:04.60] Early stopping criteria met; breaking early.
2025-03-19 15:57:36,788 - INFO - Invalid expressions: 57 of 500 (11.4%).
2025-03-19 15:57:36,788 - INFO - Error type counts:
2025-03-19 15:57:36,788 - INFO -   true_divide: 57 (100.0%)
2025-03-19 15:57:36,788 - INFO - Error node counts:
2025-03-19 15:57:36,788 - INFO -   divide: 56 (98.2%)
2025-03-19 15:57:36,788 - INFO -   invalid: 1 (1.8%)
2025-03-19 15:57:36,788 - INFO - Time used(s): 6.86767840385437
2025-03-19 15:57:36,788 - INFO - Identified var x2's parametirc expression:
2025-03-19 15:57:36,789 - INFO - 0.50000479014402404*x2**2 - x2 + 9.350677805409596e-7/x2**2
2025-03-19 15:57:36,789 - INFO - Identified var x2's traversal:
2025-03-19 15:57:36,789 - INFO - [add, div, x2, div, 1.9999808396074659, x2, sub, div, 9.350677805409596e-07, mul, x2, x2, add, mul, x2, sub, x2, x2, x2]
