2025-03-27 23:17:04,395 - INFO - WARNING: logdir not provided. Results will not be saved to file.
2025-03-27 23:17:04,396 - INFO - -- BUILDING PRIOR START -------------
2025-03-27 23:17:04,397 - INFO - WARNING: Skipping invalid 'RelationalConstraint' with arguments {'targets': [], 'effectors': [], 'relationship': None}. Reason: Prior disabled.
WARNING: Skipping invalid 'DomainRangeConstraint' with arguments {}. Reason: Prior disabled.
WARNING: Skipping invalid 'LanguageModelPrior' with arguments {'weight': None}. Reason: Prior disabled.
WARNING: Skipping invalid 'MultiDiscreteConstraint' with arguments {'dense': False, 'ordered': False}. Reason: Prior disabled.
2025-03-27 23:17:04,397 - INFO - LengthConstraint: Sequences have minimum length 4.
                  Sequences have maximum length 30.
RepeatConstraint: [const] cannot occur more than 1 times.
RelationalConstraint: [exp] cannot be a child of [log].
InverseUnaryConstraint: RelationalConstraint: [log] cannot be a child of [exp].
TrigConstraint: [sin, cos] cannot be a descendant of [sin, cos].
ConstConstraint: [const] cannot be the only unique child of [sin, cos, exp, log, add, sub, mul, div].
NoInputsConstraint: Sequences contain at least one input variable Token.
UniformArityPrior: Activated.
SoftLengthPrior: No description available.
2025-03-27 23:17:04,397 - INFO - -- BUILDING PRIOR END ---------------

2025-03-27 23:17:04,398 - INFO - WARNING: max_length (64) will be overridden by value from LengthConstraint (30).
2025-03-27 23:17:06,585 - INFO - -- RUNNING ITERATIONS START -------------
2025-03-27 23:17:28,587 - INFO - [00:00:00:22.00] Training iteration 1, current best R: 1.0000
2025-03-27 23:17:28,588 - INFO - 
	** New best
2025-03-27 23:17:28,588 - INFO - 	Reward: 0.9999999083203344
2025-03-27 23:17:28,588 - INFO - 	Count Off-policy: 1
2025-03-27 23:17:28,588 - INFO - 	Count On-policy: 0
2025-03-27 23:17:28,588 - INFO - 	Originally on Policy: False
2025-03-27 23:17:28,588 - INFO - 	Invalid: False
2025-03-27 23:17:28,588 - INFO - 	Traversal: add,mul,add,mul,x1,x1,add,0.0,x1,x1,x1
2025-03-27 23:17:28,588 - INFO - 	Expression:
2025-03-27 23:17:28,742 - INFO - 	     ⎛  2     ⎞     
	  x₁⋅⎝x₁  + x₁⎠ + x₁

2025-03-27 23:17:28,743 - INFO - [00:00:00:22.16] Early stopping criteria met; breaking early.
2025-03-27 23:17:28,989 - INFO - Invalid expressions: 516 of 2402 (21.5%).
2025-03-27 23:17:28,989 - INFO - Error type counts:
2025-03-27 23:17:28,989 - INFO -   None: 516 (100.0%)
2025-03-27 23:17:28,989 - INFO - Error node counts:
2025-03-27 23:17:28,989 - INFO -   None: 516 (100.0%)
2025-03-27 23:17:28,990 - INFO - Using time(s):
2025-03-27 23:17:28,990 - INFO - 24.73904776573181
2025-03-27 23:17:28,990 - INFO - Identified parametirc expression:
2025-03-27 23:17:28,991 - INFO - x1*(x1**2 + x1) + x1
2025-03-27 23:17:28,992 - INFO - Identified traversal:
2025-03-27 23:17:28,992 - INFO - [add, mul, add, mul, x1, x1, add, 0.0, x1, x1, x1]
