2025-03-19 10:19:15,732 - INFO - WARNING: logdir not provided. Results will not be saved to file.
2025-03-19 10:19:15,733 - INFO - -- BUILDING PRIOR START -------------
2025-03-19 10:19:15,734 - INFO - WARNING: Skipping invalid 'RelationalConstraint' with arguments {'targets': [], 'effectors': [], 'relationship': None}. Reason: Prior disabled.
WARNING: Skipping invalid 'DomainRangeConstraint' with arguments {}. Reason: Prior disabled.
WARNING: Skipping invalid 'LanguageModelPrior' with arguments {'weight': None}. Reason: Prior disabled.
WARNING: Skipping invalid 'MultiDiscreteConstraint' with arguments {'dense': False, 'ordered': False}. Reason: Prior disabled.
2025-03-19 10:19:15,734 - INFO - LengthConstraint: Sequences have minimum length 4.
                  Sequences have maximum length 30.
RepeatConstraint: [const] cannot occur more than 1 times.
RelationalConstraint: [exp] cannot be a child of [log].
InverseUnaryConstraint: RelationalConstraint: [log] cannot be a child of [exp].
TrigConstraint: [sin, cos] cannot be a descendant of [sin, cos].
ConstConstraint: [const] cannot be the only unique child of [sin, cos, exp, log, add, sub, mul, div].
NoInputsConstraint: Sequences contain at least one input variable Token.
UniformArityPrior: Activated.
SoftLengthPrior: No description available.
2025-03-19 10:19:15,734 - INFO - -- BUILDING PRIOR END ---------------

2025-03-19 10:19:15,734 - INFO - WARNING: max_length (64) will be overridden by value from LengthConstraint (30).
2025-03-19 10:19:18,468 - INFO - -- RUNNING ITERATIONS START -------------
2025-03-19 10:20:21,135 - INFO - [00:00:01:02.67] Training iteration 1, current best R: 1.0000
2025-03-19 10:20:21,135 - INFO - 
	** New best
2025-03-19 10:20:21,135 - INFO - 	Reward: 0.9999997220596823
2025-03-19 10:20:21,135 - INFO - 	Count Off-policy: 1
2025-03-19 10:20:21,135 - INFO - 	Count On-policy: 0
2025-03-19 10:20:21,135 - INFO - 	Originally on Policy: False
2025-03-19 10:20:21,135 - INFO - 	Invalid: False
2025-03-19 10:20:21,135 - INFO - 	Traversal: mul,add,sub,mul,x1,mul,x1,x1,x1,mul,2.0,x1,add,div,x1,x1,x1
2025-03-19 10:20:21,135 - INFO - 	Expression:
2025-03-19 10:20:21,324 - INFO - 	           ⎛  3         ⎞
	  (x₁ + 1)⋅⎝x₁  + 1.0⋅x₁⎠

2025-03-19 10:20:21,326 - INFO - [00:00:01:02.86] Early stopping criteria met; breaking early.
2025-03-19 10:20:24,792 - INFO - Invalid expressions: 457 of 2362 (19.3%).
2025-03-19 10:20:24,792 - INFO - Error type counts:
2025-03-19 10:20:24,792 - INFO -   None: 457 (100.0%)
2025-03-19 10:20:24,792 - INFO - Error node counts:
2025-03-19 10:20:24,792 - INFO -   None: 457 (100.0%)
2025-03-19 10:20:24,792 - INFO - Using time(s):
2025-03-19 10:20:24,792 - INFO - 70.5798110961914
2025-03-19 10:20:24,792 - INFO - Identified parametirc expression:
2025-03-19 10:20:24,793 - INFO - (x1 + 1)*(x1**3 + 1.0*x1)
2025-03-19 10:20:24,793 - INFO - Identified traversal:
2025-03-19 10:20:24,793 - INFO - [mul, add, sub, mul, x1, mul, x1, x1, x1, mul, 2.0, x1, add, div, x1, x1, x1]
