2025-03-19 09:40:31,272 - INFO - WARNING: logdir not provided. Results will not be saved to file.
2025-03-19 09:40:31,273 - INFO - -- BUILDING PRIOR START -------------
2025-03-19 09:40:31,273 - INFO - WARNING: Skipping invalid 'RelationalConstraint' with arguments {'targets': [], 'effectors': [], 'relationship': None}. Reason: Prior disabled.
WARNING: Skipping invalid 'DomainRangeConstraint' with arguments {}. Reason: Prior disabled.
WARNING: Skipping invalid 'LanguageModelPrior' with arguments {'weight': None}. Reason: Prior disabled.
WARNING: Skipping invalid 'MultiDiscreteConstraint' with arguments {'dense': False, 'ordered': False}. Reason: Prior disabled.
2025-03-19 09:40:31,274 - INFO - LengthConstraint: Sequences have minimum length 4.
                  Sequences have maximum length 30.
RepeatConstraint: [const] cannot occur more than 1 times.
RelationalConstraint: [exp] cannot be a child of [log].
InverseUnaryConstraint: RelationalConstraint: [log] cannot be a child of [exp].
TrigConstraint: [sin, cos] cannot be a descendant of [sin, cos].
ConstConstraint: [const] cannot be the only unique child of [sin, cos, exp, log, add, sub, mul, div].
NoInputsConstraint: Sequences contain at least one input variable Token.
UniformArityPrior: Activated.
SoftLengthPrior: No description available.
2025-03-19 09:40:31,274 - INFO - -- BUILDING PRIOR END ---------------

2025-03-19 09:40:31,274 - INFO - WARNING: max_length (64) will be overridden by value from LengthConstraint (30).
2025-03-19 09:40:34,014 - INFO - -- RUNNING ITERATIONS START -------------
2025-03-19 09:41:33,801 - INFO - [00:00:00:59.79] Training iteration 1, current best R: 0.9724
2025-03-19 09:41:33,801 - INFO - 
	** New best
2025-03-19 09:41:33,801 - INFO - 	Reward: 0.9723598520263824
2025-03-19 09:41:33,801 - INFO - 	Count Off-policy: 1
2025-03-19 09:41:33,801 - INFO - 	Count On-policy: 0
2025-03-19 09:41:33,801 - INFO - 	Originally on Policy: False
2025-03-19 09:41:33,801 - INFO - 	Invalid: False
2025-03-19 09:41:33,801 - INFO - 	Traversal: log,add,log,add,add,3.567724,x1,x1,x1
2025-03-19 09:41:33,801 - INFO - 	Expression:
2025-03-19 09:41:34,012 - INFO - 	  log(x₁ + log(2⋅x₁ + 3.567724))

2025-03-19 09:41:34,014 - INFO - -- RUNNING ITERATIONS START -------------
2025-03-19 09:42:18,731 - INFO - -- RUNNING ITERATIONS START -------------
2025-03-19 09:43:00,520 - INFO - -- RUNNING ITERATIONS START -------------
2025-03-19 09:43:41,326 - INFO - -- RUNNING ITERATIONS START -------------
2025-03-19 09:44:24,286 - INFO - [00:00:00:42.96] Training iteration 5, current best R: 1.0000
2025-03-19 09:44:24,287 - INFO - 
	** New best
2025-03-19 09:44:24,287 - INFO - 	Reward: 0.9999999341785007
2025-03-19 09:44:24,287 - INFO - 	Count Off-policy: 1
2025-03-19 09:44:24,287 - INFO - 	Count On-policy: 0
2025-03-19 09:44:24,287 - INFO - 	Originally on Policy: False
2025-03-19 09:44:24,287 - INFO - 	Invalid: False
2025-03-19 09:44:24,287 - INFO - 	Traversal: div,x1,div,x1,exp,mul,0.16666667,log,mul,x1,mul,x1,x1
2025-03-19 09:44:24,287 - INFO - 	Expression:
2025-03-19 09:44:24,300 - INFO - 	       0.16666667
	  ⎛  3⎞          
	  ⎝x₁ ⎠          

2025-03-19 09:44:24,302 - INFO - [00:00:00:42.98] Early stopping criteria met; breaking early.
2025-03-19 09:44:28,644 - INFO - Invalid expressions: 1480 of 12081 (12.3%).
2025-03-19 09:44:28,644 - INFO - Error type counts:
2025-03-19 09:44:28,645 - INFO -   None: 1480 (100.0%)
2025-03-19 09:44:28,645 - INFO - Error node counts:
2025-03-19 09:44:28,645 - INFO -   None: 1480 (100.0%)
2025-03-19 09:44:28,645 - INFO - Using time(s):
2025-03-19 09:44:28,645 - INFO - 238.911851644516
2025-03-19 09:44:28,645 - INFO - Identified parametirc expression:
2025-03-19 09:44:28,645 - INFO - (x1**3)**0.16666667
2025-03-19 09:44:28,645 - INFO - Identified traversal:
2025-03-19 09:44:28,645 - INFO - [div, x1, div, x1, exp, mul, 0.16666667, log, mul, x1, mul, x1, x1]
