2025-03-19 15:25:47,745 - INFO - WARNING: logdir not provided. Results will not be saved to file.
2025-03-19 15:25:47,746 - INFO - -- BUILDING PRIOR START -------------
2025-03-19 15:25:47,746 - INFO - WARNING: Skipping invalid 'RelationalConstraint' with arguments {'targets': [], 'effectors': [], 'relationship': None}. Reason: Prior disabled.
WARNING: Skipping invalid 'DomainRangeConstraint' with arguments {}. Reason: Prior disabled.
WARNING: Skipping invalid 'LanguageModelPrior' with arguments {'weight': None}. Reason: Prior disabled.
WARNING: Skipping invalid 'MultiDiscreteConstraint' with arguments {'dense': False, 'ordered': False}. Reason: Prior disabled.
2025-03-19 15:25:47,746 - INFO - LengthConstraint: Sequences have minimum length 4.
                  Sequences have maximum length 30.
RepeatConstraint: [const] cannot occur more than 1 times.
RelationalConstraint: [exp] cannot be a child of [log].
InverseUnaryConstraint: RelationalConstraint: [log] cannot be a child of [exp].
TrigConstraint: [sin, cos] cannot be a descendant of [sin, cos].
ConstConstraint: [const] cannot be the only unique child of [sin, cos, exp, log, add, sub, mul, div].
NoInputsConstraint: Sequences contain at least one input variable Token.
UniformArityPrior: Activated.
SoftLengthPrior: No description available.
2025-03-19 15:25:47,746 - INFO - -- BUILDING PRIOR END ---------------

2025-03-19 15:25:47,747 - INFO - WARNING: max_length (64) will be overridden by value from LengthConstraint (30).
2025-03-19 15:25:50,091 - INFO - -- RUNNING ITERATIONS START -------------
2025-03-19 15:26:35,636 - INFO - [00:00:00:45.55] Training iteration 1, current best R: 0.5567
2025-03-19 15:26:35,636 - INFO - 
	** New best
2025-03-19 15:26:35,636 - INFO - 	Reward: 0.5566612620934197
2025-03-19 15:26:35,636 - INFO - 	Count Off-policy: 1
2025-03-19 15:26:35,636 - INFO - 	Count On-policy: 0
2025-03-19 15:26:35,636 - INFO - 	Originally on Policy: False
2025-03-19 15:26:35,636 - INFO - 	Invalid: False
2025-03-19 15:26:35,636 - INFO - 	Traversal: mul,add,sin,x1,add,0.6022857,cos,exp,x1,mul,div,mul,div,log,sin,exp,div,x1,x1,x1,x1,x1,x1
2025-03-19 15:26:35,636 - INFO - 	Expression:
2025-03-19 15:26:35,825 - INFO - 	  ⎛             ⎛ x₁⎞            ⎞            
	  ⎝sin(x₁) + cos⎝ℯ  ⎠ + 0.6022857⎠⋅log(sin(ℯ))

2025-03-19 15:26:35,828 - INFO - -- RUNNING ITERATIONS START -------------
2025-03-19 15:27:08,063 - INFO - [00:00:00:32.24] Training iteration 2, current best R: 0.5648
2025-03-19 15:27:08,064 - INFO - 
	** New best
2025-03-19 15:27:08,064 - INFO - 	Reward: 0.5647958705494064
2025-03-19 15:27:08,064 - INFO - 	Count Off-policy: 1
2025-03-19 15:27:08,064 - INFO - 	Count On-policy: 0
2025-03-19 15:27:08,064 - INFO - 	Originally on Policy: False
2025-03-19 15:27:08,064 - INFO - 	Invalid: False
2025-03-19 15:27:08,064 - INFO - 	Traversal: mul,add,add,mul,mul,x1,sin,x1,0.119762264,sub,sin,x1,x1,sub,sin,x1,x1,x1
2025-03-19 15:27:08,064 - INFO - 	Expression:
2025-03-19 15:27:08,071 - INFO - 	  x₁⋅(0.119762264⋅x₁⋅sin(x₁) - 2⋅x₁ + 2⋅sin(x₁))

2025-03-19 15:27:08,074 - INFO - -- RUNNING ITERATIONS START -------------
2025-03-19 15:27:40,098 - INFO - [00:00:00:32.02] Training iteration 3, current best R: 0.5965
2025-03-19 15:27:40,098 - INFO - 
	** New best
2025-03-19 15:27:40,098 - INFO - 	Reward: 0.5964657775554723
2025-03-19 15:27:40,098 - INFO - 	Count Off-policy: 0
2025-03-19 15:27:40,098 - INFO - 	Count On-policy: 1
2025-03-19 15:27:40,098 - INFO - 	Originally on Policy: True
2025-03-19 15:27:40,098 - INFO - 	Invalid: False
2025-03-19 15:27:40,098 - INFO - 	Traversal: sin,add,-0.6240106,div,sub,div,x1,sub,div,sub,add,exp,mul,x1,x1,x1,x1,x1,x1,x1,x1
2025-03-19 15:27:40,098 - INFO - 	Expression:
2025-03-19 15:27:40,115 - INFO - 	      ⎛                       x₁     ⎞
	      ⎜            -x₁ + ────────────⎟
	      ⎜                         ⎛  2⎞⎟
	      ⎜                         ⎝x₁ ⎠⎟
	      ⎜                        ℯ     ⎟
	      ⎜                  -x₁ + ──────⎟
	      ⎜                          x₁  ⎟
	  -sin⎜0.6240106 - ──────────────────⎟
	      ⎝                    x₁        ⎠

2025-03-19 15:27:40,117 - INFO - -- RUNNING ITERATIONS START -------------
2025-03-19 15:28:11,313 - INFO - [00:00:00:31.20] Training iteration 4, current best R: 0.6684
2025-03-19 15:28:11,313 - INFO - 
	** New best
2025-03-19 15:28:11,313 - INFO - 	Reward: 0.6684348696758364
2025-03-19 15:28:11,313 - INFO - 	Count Off-policy: 1
2025-03-19 15:28:11,313 - INFO - 	Count On-policy: 0
2025-03-19 15:28:11,313 - INFO - 	Originally on Policy: False
2025-03-19 15:28:11,313 - INFO - 	Invalid: False
2025-03-19 15:28:11,313 - INFO - 	Traversal: div,-1.3884703,exp,sin,mul,x1,x1
2025-03-19 15:28:11,313 - INFO - 	Expression:
2025-03-19 15:28:11,318 - INFO - 	                  ⎛  2⎞
	              -sin⎝x₁ ⎠
	  -1.3884703⋅ℯ         

2025-03-19 15:28:11,320 - INFO - -- RUNNING ITERATIONS START -------------
2025-03-19 15:28:41,547 - INFO - -- RUNNING ITERATIONS START -------------
2025-03-19 15:29:12,672 - INFO - -- RUNNING ITERATIONS START -------------
2025-03-19 15:29:44,154 - INFO - [00:00:00:31.48] Training iteration 7, current best R: 0.7674
2025-03-19 15:29:44,154 - INFO - 
	** New best
2025-03-19 15:29:44,154 - INFO - 	Reward: 0.7673551011042845
2025-03-19 15:29:44,154 - INFO - 	Count Off-policy: 1
2025-03-19 15:29:44,154 - INFO - 	Count On-policy: 0
2025-03-19 15:29:44,154 - INFO - 	Originally on Policy: False
2025-03-19 15:29:44,154 - INFO - 	Invalid: False
2025-03-19 15:29:44,154 - INFO - 	Traversal: div,-1.0720141,exp,exp,sub,sub,add,sub,x1,x1,x1,exp,x1,cos,add,add,x1,x1,x1
2025-03-19 15:29:44,154 - INFO - 	Expression:
2025-03-19 15:29:44,165 - INFO - 	                      x₁            
	                x₁ - ℯ   - cos(3⋅x₁)
	              -ℯ                    
	  -1.0720141⋅ℯ                      

2025-03-19 15:29:44,167 - INFO - -- RUNNING ITERATIONS START -------------
2025-03-19 15:30:16,008 - INFO - -- RUNNING ITERATIONS START -------------
2025-03-19 15:30:46,011 - INFO - -- RUNNING ITERATIONS START -------------
2025-03-19 15:31:19,199 - INFO - [00:00:00:33.19] Training iteration 10, current best R: 0.7674
2025-03-19 15:31:19,200 - INFO - -- RUNNING ITERATIONS START -------------
2025-03-19 15:31:50,450 - INFO - -- RUNNING ITERATIONS START -------------
2025-03-19 15:32:21,076 - INFO - -- RUNNING ITERATIONS START -------------
2025-03-19 15:32:52,749 - INFO - -- RUNNING ITERATIONS START -------------
2025-03-19 15:33:23,929 - INFO - -- RUNNING ITERATIONS START -------------
2025-03-19 15:33:57,647 - INFO - -- RUNNING ITERATIONS START -------------
2025-03-19 15:34:29,509 - INFO - -- RUNNING ITERATIONS START -------------
2025-03-19 15:34:59,238 - INFO - -- RUNNING ITERATIONS START -------------
2025-03-19 15:35:35,536 - INFO - -- RUNNING ITERATIONS START -------------
2025-03-19 15:36:10,474 - INFO - -- RUNNING ITERATIONS START -------------
2025-03-19 15:36:46,569 - INFO - [00:00:00:36.10] Training iteration 20, current best R: 1.0000
2025-03-19 15:36:46,569 - INFO - 
	** New best
2025-03-19 15:36:46,569 - INFO - 	Reward: 0.9999999069823973
2025-03-19 15:36:46,569 - INFO - 	Count Off-policy: 1
2025-03-19 15:36:46,569 - INFO - 	Count On-policy: 0
2025-03-19 15:36:46,569 - INFO - 	Originally on Policy: False
2025-03-19 15:36:46,569 - INFO - 	Invalid: False
2025-03-19 15:36:46,570 - INFO - 	Traversal: add,-1.0,mul,sin,mul,x1,x1,cos,x1
2025-03-19 15:36:46,570 - INFO - 	Expression:
2025-03-19 15:36:46,572 - INFO - 	     ⎛  2⎞              
	  sin⎝x₁ ⎠⋅cos(x₁) - 1.0

2025-03-19 15:36:46,573 - INFO - [00:00:00:36.10] Early stopping criteria met; breaking early.
2025-03-19 15:36:46,573 - INFO - [00:00:00:36.10] Training iteration 20, current best R: 1.0000
2025-03-19 15:36:50,485 - INFO - Invalid expressions: 9364 of 48158 (19.4%).
2025-03-19 15:36:50,486 - INFO - Error type counts:
2025-03-19 15:36:50,486 - INFO -   None: 9364 (100.0%)
2025-03-19 15:36:50,486 - INFO - Error node counts:
2025-03-19 15:36:50,486 - INFO -   None: 9364 (100.0%)
2025-03-19 15:36:50,486 - INFO - Using time(s):
2025-03-19 15:36:50,486 - INFO - 663.2733426094055
2025-03-19 15:36:50,486 - INFO - Identified parametirc expression:
2025-03-19 15:36:50,487 - INFO - sin(x1**2)*cos(x1) - 1.0
2025-03-19 15:36:50,487 - INFO - Identified traversal:
2025-03-19 15:36:50,487 - INFO - [add, -1.0, mul, sin, mul, x1, x1, cos, x1]
