
== EXPERIMENT SETUP START ===========
Task type            : solver
Starting seed        : 500
Runs                 : 20
Additional context   :
      INFO: Replacing config seed 0 with command-line seed 500.
      INFO: Setting 'verbose' to False for parallelized run.
      INFO: Setting 'n_cores_batch' to 1 to avoid nested child processes.
      INFO: Setting 'parallel_eval' to 'False' as we are already parallelizing.
== EXPERIMENT SETUP END =============

== TRAINING SEED 518 START ============
-- BUILDING PRIOR START -------------
WARNING: Skipping invalid 'RelationalConstraint' with arguments {'targets': [], 'effectors': [], 'relationship': None}. Reason: Prior disabled.
WARNING: Skipping invalid 'DomainRangeConstraint' with arguments {}. Reason: Prior disabled.
WARNING: Skipping invalid 'LanguageModelPrior' with arguments {'weight': None}. Reason: Prior disabled.
WARNING: Skipping invalid 'MultiDiscreteConstraint' with arguments {'dense': False, 'ordered': False}. Reason: Prior disabled.
LengthConstraint: Sequences have minimum length 4.
                  Sequences have maximum length 30.
RepeatConstraint: [const] cannot occur more than 1 times.
RelationalConstraint: [exp] cannot be a child of [log].
InverseUnaryConstraint: RelationalConstraint: [log] cannot be a child of [exp].
TrigConstraint: [sin, cos] cannot be a descendant of [sin, cos].
ConstConstraint: [const] cannot be the only unique child of [sin, cos, log, exp, add, sub, mul, div].
NoInputsConstraint: Sequences contain at least one input variable Token.
UniformArityPrior: Activated.
SoftLengthPrior: No description available.
-- BUILDING PRIOR END ---------------

WARNING: max_length (64) will be overridden by value from LengthConstraint (30).
[00:00:00:17.70] Early stopping criteria met; breaking early.
Saving Hall of Fame to ./log/solver_ablationexperiments_1dpoisson_benchdata_nguyen-7_2025-03-29-143419/ssde_solver_ablationexperiments_1dpoisson_benchdata_nguyen-7_518_hof.csv
Saving Pareto Front to ./log/solver_ablationexperiments_1dpoisson_benchdata_nguyen-7_2025-03-29-143419/ssde_solver_ablationexperiments_1dpoisson_benchdata_nguyen-7_518_pf.csv
Invalid expressions: 654 of 4797 (13.6%).
Error type counts:
  None: 654 (100.0%)
Error node counts:
  None: 654 (100.0%)
== TRAINING SEED 518 END ==============

== TRAINING SEED 515 START ============
-- BUILDING PRIOR START -------------
WARNING: Skipping invalid 'RelationalConstraint' with arguments {'targets': [], 'effectors': [], 'relationship': None}. Reason: Prior disabled.
WARNING: Skipping invalid 'DomainRangeConstraint' with arguments {}. Reason: Prior disabled.
WARNING: Skipping invalid 'LanguageModelPrior' with arguments {'weight': None}. Reason: Prior disabled.
WARNING: Skipping invalid 'MultiDiscreteConstraint' with arguments {'dense': False, 'ordered': False}. Reason: Prior disabled.
LengthConstraint: Sequences have minimum length 4.
                  Sequences have maximum length 30.
RepeatConstraint: [const] cannot occur more than 1 times.
RelationalConstraint: [exp] cannot be a child of [log].
InverseUnaryConstraint: RelationalConstraint: [log] cannot be a child of [exp].
TrigConstraint: [sin, cos] cannot be a descendant of [sin, cos].
ConstConstraint: [const] cannot be the only unique child of [sin, cos, log, exp, add, sub, mul, div].
NoInputsConstraint: Sequences contain at least one input variable Token.
UniformArityPrior: Activated.
SoftLengthPrior: No description available.
-- BUILDING PRIOR END ---------------

WARNING: max_length (64) will be overridden by value from LengthConstraint (30).
[00:00:00:21.25] Early stopping criteria met; breaking early.
Saving Hall of Fame to ./log/solver_ablationexperiments_1dpoisson_benchdata_nguyen-7_2025-03-29-143419/ssde_solver_ablationexperiments_1dpoisson_benchdata_nguyen-7_515_hof.csv
Saving Pareto Front to ./log/solver_ablationexperiments_1dpoisson_benchdata_nguyen-7_2025-03-29-143419/ssde_solver_ablationexperiments_1dpoisson_benchdata_nguyen-7_515_pf.csv
Invalid expressions: 6306 of 43110 (14.6%).
Error type counts:
  None: 6306 (100.0%)
Error node counts:
  None: 6306 (100.0%)
== TRAINING SEED 515 END ==============

== TRAINING SEED 516 START ============
-- BUILDING PRIOR START -------------
WARNING: Skipping invalid 'RelationalConstraint' with arguments {'targets': [], 'effectors': [], 'relationship': None}. Reason: Prior disabled.
WARNING: Skipping invalid 'DomainRangeConstraint' with arguments {}. Reason: Prior disabled.
WARNING: Skipping invalid 'LanguageModelPrior' with arguments {'weight': None}. Reason: Prior disabled.
WARNING: Skipping invalid 'MultiDiscreteConstraint' with arguments {'dense': False, 'ordered': False}. Reason: Prior disabled.
LengthConstraint: Sequences have minimum length 4.
                  Sequences have maximum length 30.
RepeatConstraint: [const] cannot occur more than 1 times.
RelationalConstraint: [exp] cannot be a child of [log].
InverseUnaryConstraint: RelationalConstraint: [log] cannot be a child of [exp].
TrigConstraint: [sin, cos] cannot be a descendant of [sin, cos].
ConstConstraint: [const] cannot be the only unique child of [sin, cos, log, exp, add, sub, mul, div].
NoInputsConstraint: Sequences contain at least one input variable Token.
UniformArityPrior: Activated.
SoftLengthPrior: No description available.
-- BUILDING PRIOR END ---------------

WARNING: max_length (64) will be overridden by value from LengthConstraint (30).
[00:00:00:21.06] Early stopping criteria met; breaking early.
Saving Hall of Fame to ./log/solver_ablationexperiments_1dpoisson_benchdata_nguyen-7_2025-03-29-143419/ssde_solver_ablationexperiments_1dpoisson_benchdata_nguyen-7_516_hof.csv
Saving Pareto Front to ./log/solver_ablationexperiments_1dpoisson_benchdata_nguyen-7_2025-03-29-143419/ssde_solver_ablationexperiments_1dpoisson_benchdata_nguyen-7_516_pf.csv
Invalid expressions: 6014 of 40976 (14.7%).
Error type counts:
  None: 6014 (100.0%)
Error node counts:
  None: 6014 (100.0%)
== TRAINING SEED 516 END ==============

== TRAINING SEED 514 START ============
-- BUILDING PRIOR START -------------
WARNING: Skipping invalid 'RelationalConstraint' with arguments {'targets': [], 'effectors': [], 'relationship': None}. Reason: Prior disabled.
WARNING: Skipping invalid 'DomainRangeConstraint' with arguments {}. Reason: Prior disabled.
WARNING: Skipping invalid 'LanguageModelPrior' with arguments {'weight': None}. Reason: Prior disabled.
WARNING: Skipping invalid 'MultiDiscreteConstraint' with arguments {'dense': False, 'ordered': False}. Reason: Prior disabled.
LengthConstraint: Sequences have minimum length 4.
                  Sequences have maximum length 30.
RepeatConstraint: [const] cannot occur more than 1 times.
RelationalConstraint: [exp] cannot be a child of [log].
InverseUnaryConstraint: RelationalConstraint: [log] cannot be a child of [exp].
TrigConstraint: [sin, cos] cannot be a descendant of [sin, cos].
ConstConstraint: [const] cannot be the only unique child of [sin, cos, log, exp, add, sub, mul, div].
NoInputsConstraint: Sequences contain at least one input variable Token.
UniformArityPrior: Activated.
SoftLengthPrior: No description available.
-- BUILDING PRIOR END ---------------

WARNING: max_length (64) will be overridden by value from LengthConstraint (30).
[00:00:00:15.35] Early stopping criteria met; breaking early.
Saving Hall of Fame to ./log/solver_ablationexperiments_1dpoisson_benchdata_nguyen-7_2025-03-29-143419/ssde_solver_ablationexperiments_1dpoisson_benchdata_nguyen-7_514_hof.csv
Saving Pareto Front to ./log/solver_ablationexperiments_1dpoisson_benchdata_nguyen-7_2025-03-29-143419/ssde_solver_ablationexperiments_1dpoisson_benchdata_nguyen-7_514_pf.csv
Invalid expressions: 9566 of 66971 (14.3%).
Error type counts:
  None: 9566 (100.0%)
Error node counts:
  None: 9566 (100.0%)
== TRAINING SEED 514 END ==============

== TRAINING SEED 502 START ============
-- BUILDING PRIOR START -------------
WARNING: Skipping invalid 'RelationalConstraint' with arguments {'targets': [], 'effectors': [], 'relationship': None}. Reason: Prior disabled.
WARNING: Skipping invalid 'DomainRangeConstraint' with arguments {}. Reason: Prior disabled.
WARNING: Skipping invalid 'LanguageModelPrior' with arguments {'weight': None}. Reason: Prior disabled.
WARNING: Skipping invalid 'MultiDiscreteConstraint' with arguments {'dense': False, 'ordered': False}. Reason: Prior disabled.
LengthConstraint: Sequences have minimum length 4.
                  Sequences have maximum length 30.
RepeatConstraint: [const] cannot occur more than 1 times.
RelationalConstraint: [exp] cannot be a child of [log].
InverseUnaryConstraint: RelationalConstraint: [log] cannot be a child of [exp].
TrigConstraint: [sin, cos] cannot be a descendant of [sin, cos].
ConstConstraint: [const] cannot be the only unique child of [sin, cos, log, exp, add, sub, mul, div].
NoInputsConstraint: Sequences contain at least one input variable Token.
UniformArityPrior: Activated.
SoftLengthPrior: No description available.
-- BUILDING PRIOR END ---------------

WARNING: max_length (64) will be overridden by value from LengthConstraint (30).
[00:00:00:30.89] Early stopping criteria met; breaking early.
Saving Hall of Fame to ./log/solver_ablationexperiments_1dpoisson_benchdata_nguyen-7_2025-03-29-143419/ssde_solver_ablationexperiments_1dpoisson_benchdata_nguyen-7_502_hof.csv
Saving Pareto Front to ./log/solver_ablationexperiments_1dpoisson_benchdata_nguyen-7_2025-03-29-143419/ssde_solver_ablationexperiments_1dpoisson_benchdata_nguyen-7_502_pf.csv
Invalid expressions: 10154 of 74279 (13.7%).
Error type counts:
  None: 10154 (100.0%)
Error node counts:
  None: 10154 (100.0%)
== TRAINING SEED 502 END ==============

== TRAINING SEED 513 START ============
-- BUILDING PRIOR START -------------
WARNING: Skipping invalid 'RelationalConstraint' with arguments {'targets': [], 'effectors': [], 'relationship': None}. Reason: Prior disabled.
WARNING: Skipping invalid 'DomainRangeConstraint' with arguments {}. Reason: Prior disabled.
WARNING: Skipping invalid 'LanguageModelPrior' with arguments {'weight': None}. Reason: Prior disabled.
WARNING: Skipping invalid 'MultiDiscreteConstraint' with arguments {'dense': False, 'ordered': False}. Reason: Prior disabled.
LengthConstraint: Sequences have minimum length 4.
                  Sequences have maximum length 30.
RepeatConstraint: [const] cannot occur more than 1 times.
RelationalConstraint: [exp] cannot be a child of [log].
InverseUnaryConstraint: RelationalConstraint: [log] cannot be a child of [exp].
TrigConstraint: [sin, cos] cannot be a descendant of [sin, cos].
ConstConstraint: [const] cannot be the only unique child of [sin, cos, log, exp, add, sub, mul, div].
NoInputsConstraint: Sequences contain at least one input variable Token.
UniformArityPrior: Activated.
SoftLengthPrior: No description available.
-- BUILDING PRIOR END ---------------

WARNING: max_length (64) will be overridden by value from LengthConstraint (30).
[00:00:00:18.87] Early stopping criteria met; breaking early.
Saving Hall of Fame to ./log/solver_ablationexperiments_1dpoisson_benchdata_nguyen-7_2025-03-29-143419/ssde_solver_ablationexperiments_1dpoisson_benchdata_nguyen-7_513_hof.csv
Saving Pareto Front to ./log/solver_ablationexperiments_1dpoisson_benchdata_nguyen-7_2025-03-29-143419/ssde_solver_ablationexperiments_1dpoisson_benchdata_nguyen-7_513_pf.csv
Invalid expressions: 14398 of 102902 (14.0%).
Error type counts:
  None: 14398 (100.0%)
Error node counts:
  None: 14398 (100.0%)
== TRAINING SEED 513 END ==============

== TRAINING SEED 505 START ============
-- BUILDING PRIOR START -------------
WARNING: Skipping invalid 'RelationalConstraint' with arguments {'targets': [], 'effectors': [], 'relationship': None}. Reason: Prior disabled.
WARNING: Skipping invalid 'DomainRangeConstraint' with arguments {}. Reason: Prior disabled.
WARNING: Skipping invalid 'LanguageModelPrior' with arguments {'weight': None}. Reason: Prior disabled.
WARNING: Skipping invalid 'MultiDiscreteConstraint' with arguments {'dense': False, 'ordered': False}. Reason: Prior disabled.
LengthConstraint: Sequences have minimum length 4.
                  Sequences have maximum length 30.
RepeatConstraint: [const] cannot occur more than 1 times.
RelationalConstraint: [exp] cannot be a child of [log].
InverseUnaryConstraint: RelationalConstraint: [log] cannot be a child of [exp].
TrigConstraint: [sin, cos] cannot be a descendant of [sin, cos].
ConstConstraint: [const] cannot be the only unique child of [sin, cos, log, exp, add, sub, mul, div].
NoInputsConstraint: Sequences contain at least one input variable Token.
UniformArityPrior: Activated.
SoftLengthPrior: No description available.
-- BUILDING PRIOR END ---------------

WARNING: max_length (64) will be overridden by value from LengthConstraint (30).
[00:00:00:26.80] Early stopping criteria met; breaking early.
Saving Hall of Fame to ./log/solver_ablationexperiments_1dpoisson_benchdata_nguyen-7_2025-03-29-143419/ssde_solver_ablationexperiments_1dpoisson_benchdata_nguyen-7_505_hof.csv
Saving Pareto Front to ./log/solver_ablationexperiments_1dpoisson_benchdata_nguyen-7_2025-03-29-143419/ssde_solver_ablationexperiments_1dpoisson_benchdata_nguyen-7_505_pf.csv
Invalid expressions: 15157 of 119804 (12.7%).
Error type counts:
  None: 15157 (100.0%)
Error node counts:
  None: 15157 (100.0%)
== TRAINING SEED 505 END ==============

== TRAINING SEED 504 START ============
-- BUILDING PRIOR START -------------
WARNING: Skipping invalid 'RelationalConstraint' with arguments {'targets': [], 'effectors': [], 'relationship': None}. Reason: Prior disabled.
WARNING: Skipping invalid 'DomainRangeConstraint' with arguments {}. Reason: Prior disabled.
WARNING: Skipping invalid 'LanguageModelPrior' with arguments {'weight': None}. Reason: Prior disabled.
WARNING: Skipping invalid 'MultiDiscreteConstraint' with arguments {'dense': False, 'ordered': False}. Reason: Prior disabled.
LengthConstraint: Sequences have minimum length 4.
                  Sequences have maximum length 30.
RepeatConstraint: [const] cannot occur more than 1 times.
RelationalConstraint: [exp] cannot be a child of [log].
InverseUnaryConstraint: RelationalConstraint: [log] cannot be a child of [exp].
TrigConstraint: [sin, cos] cannot be a descendant of [sin, cos].
ConstConstraint: [const] cannot be the only unique child of [sin, cos, log, exp, add, sub, mul, div].
NoInputsConstraint: Sequences contain at least one input variable Token.
UniformArityPrior: Activated.
SoftLengthPrior: No description available.
-- BUILDING PRIOR END ---------------

WARNING: max_length (64) will be overridden by value from LengthConstraint (30).
[00:00:00:14.28] Early stopping criteria met; breaking early.
Saving Hall of Fame to ./log/solver_ablationexperiments_1dpoisson_benchdata_nguyen-7_2025-03-29-143419/ssde_solver_ablationexperiments_1dpoisson_benchdata_nguyen-7_504_hof.csv
Saving Pareto Front to ./log/solver_ablationexperiments_1dpoisson_benchdata_nguyen-7_2025-03-29-143419/ssde_solver_ablationexperiments_1dpoisson_benchdata_nguyen-7_504_pf.csv
Invalid expressions: 18457 of 141628 (13.0%).
Error type counts:
  None: 18457 (100.0%)
Error node counts:
  None: 18457 (100.0%)
== TRAINING SEED 504 END ==============

== TRAINING SEED 512 START ============
-- BUILDING PRIOR START -------------
WARNING: Skipping invalid 'RelationalConstraint' with arguments {'targets': [], 'effectors': [], 'relationship': None}. Reason: Prior disabled.
WARNING: Skipping invalid 'DomainRangeConstraint' with arguments {}. Reason: Prior disabled.
WARNING: Skipping invalid 'LanguageModelPrior' with arguments {'weight': None}. Reason: Prior disabled.
WARNING: Skipping invalid 'MultiDiscreteConstraint' with arguments {'dense': False, 'ordered': False}. Reason: Prior disabled.
LengthConstraint: Sequences have minimum length 4.
                  Sequences have maximum length 30.
RepeatConstraint: [const] cannot occur more than 1 times.
RelationalConstraint: [exp] cannot be a child of [log].
InverseUnaryConstraint: RelationalConstraint: [log] cannot be a child of [exp].
TrigConstraint: [sin, cos] cannot be a descendant of [sin, cos].
ConstConstraint: [const] cannot be the only unique child of [sin, cos, log, exp, add, sub, mul, div].
NoInputsConstraint: Sequences contain at least one input variable Token.
UniformArityPrior: Activated.
SoftLengthPrior: No description available.
-- BUILDING PRIOR END ---------------

WARNING: max_length (64) will be overridden by value from LengthConstraint (30).
[00:00:00:17.74] Early stopping criteria met; breaking early.
Saving Hall of Fame to ./log/solver_ablationexperiments_1dpoisson_benchdata_nguyen-7_2025-03-29-143419/ssde_solver_ablationexperiments_1dpoisson_benchdata_nguyen-7_512_hof.csv
Saving Pareto Front to ./log/solver_ablationexperiments_1dpoisson_benchdata_nguyen-7_2025-03-29-143419/ssde_solver_ablationexperiments_1dpoisson_benchdata_nguyen-7_512_pf.csv
Invalid expressions: 18848 of 139329 (13.5%).
Error type counts:
  None: 18848 (100.0%)
Error node counts:
  None: 18848 (100.0%)
== TRAINING SEED 512 END ==============

== TRAINING SEED 507 START ============
-- BUILDING PRIOR START -------------
WARNING: Skipping invalid 'RelationalConstraint' with arguments {'targets': [], 'effectors': [], 'relationship': None}. Reason: Prior disabled.
WARNING: Skipping invalid 'DomainRangeConstraint' with arguments {}. Reason: Prior disabled.
WARNING: Skipping invalid 'LanguageModelPrior' with arguments {'weight': None}. Reason: Prior disabled.
WARNING: Skipping invalid 'MultiDiscreteConstraint' with arguments {'dense': False, 'ordered': False}. Reason: Prior disabled.
LengthConstraint: Sequences have minimum length 4.
                  Sequences have maximum length 30.
RepeatConstraint: [const] cannot occur more than 1 times.
RelationalConstraint: [exp] cannot be a child of [log].
InverseUnaryConstraint: RelationalConstraint: [log] cannot be a child of [exp].
TrigConstraint: [sin, cos] cannot be a descendant of [sin, cos].
ConstConstraint: [const] cannot be the only unique child of [sin, cos, log, exp, add, sub, mul, div].
NoInputsConstraint: Sequences contain at least one input variable Token.
UniformArityPrior: Activated.
SoftLengthPrior: No description available.
-- BUILDING PRIOR END ---------------

WARNING: max_length (64) will be overridden by value from LengthConstraint (30).
[00:00:00:18.02] Early stopping criteria met; breaking early.
Saving Hall of Fame to ./log/solver_ablationexperiments_1dpoisson_benchdata_nguyen-7_2025-03-29-143419/ssde_solver_ablationexperiments_1dpoisson_benchdata_nguyen-7_507_hof.csv
Saving Pareto Front to ./log/solver_ablationexperiments_1dpoisson_benchdata_nguyen-7_2025-03-29-143419/ssde_solver_ablationexperiments_1dpoisson_benchdata_nguyen-7_507_pf.csv
Invalid expressions: 22991 of 172473 (13.3%).
Error type counts:
  None: 22991 (100.0%)
Error node counts:
  None: 22991 (100.0%)
== TRAINING SEED 507 END ==============

== TRAINING SEED 508 START ============
-- BUILDING PRIOR START -------------
WARNING: Skipping invalid 'RelationalConstraint' with arguments {'targets': [], 'effectors': [], 'relationship': None}. Reason: Prior disabled.
WARNING: Skipping invalid 'DomainRangeConstraint' with arguments {}. Reason: Prior disabled.
WARNING: Skipping invalid 'LanguageModelPrior' with arguments {'weight': None}. Reason: Prior disabled.
WARNING: Skipping invalid 'MultiDiscreteConstraint' with arguments {'dense': False, 'ordered': False}. Reason: Prior disabled.
LengthConstraint: Sequences have minimum length 4.
                  Sequences have maximum length 30.
RepeatConstraint: [const] cannot occur more than 1 times.
RelationalConstraint: [exp] cannot be a child of [log].
InverseUnaryConstraint: RelationalConstraint: [log] cannot be a child of [exp].
TrigConstraint: [sin, cos] cannot be a descendant of [sin, cos].
ConstConstraint: [const] cannot be the only unique child of [sin, cos, log, exp, add, sub, mul, div].
NoInputsConstraint: Sequences contain at least one input variable Token.
UniformArityPrior: Activated.
SoftLengthPrior: No description available.
-- BUILDING PRIOR END ---------------

WARNING: max_length (64) will be overridden by value from LengthConstraint (30).
[00:00:00:13.82] Early stopping criteria met; breaking early.
Saving Hall of Fame to ./log/solver_ablationexperiments_1dpoisson_benchdata_nguyen-7_2025-03-29-143419/ssde_solver_ablationexperiments_1dpoisson_benchdata_nguyen-7_508_hof.csv
Saving Pareto Front to ./log/solver_ablationexperiments_1dpoisson_benchdata_nguyen-7_2025-03-29-143419/ssde_solver_ablationexperiments_1dpoisson_benchdata_nguyen-7_508_pf.csv
Invalid expressions: 31919 of 218401 (14.6%).
Error type counts:
  None: 31919 (100.0%)
Error node counts:
  None: 31919 (100.0%)
== TRAINING SEED 508 END ==============

== TRAINING SEED 509 START ============
-- BUILDING PRIOR START -------------
WARNING: Skipping invalid 'RelationalConstraint' with arguments {'targets': [], 'effectors': [], 'relationship': None}. Reason: Prior disabled.
WARNING: Skipping invalid 'DomainRangeConstraint' with arguments {}. Reason: Prior disabled.
WARNING: Skipping invalid 'LanguageModelPrior' with arguments {'weight': None}. Reason: Prior disabled.
WARNING: Skipping invalid 'MultiDiscreteConstraint' with arguments {'dense': False, 'ordered': False}. Reason: Prior disabled.
LengthConstraint: Sequences have minimum length 4.
                  Sequences have maximum length 30.
RepeatConstraint: [const] cannot occur more than 1 times.
RelationalConstraint: [exp] cannot be a child of [log].
InverseUnaryConstraint: RelationalConstraint: [log] cannot be a child of [exp].
TrigConstraint: [sin, cos] cannot be a descendant of [sin, cos].
ConstConstraint: [const] cannot be the only unique child of [sin, cos, log, exp, add, sub, mul, div].
NoInputsConstraint: Sequences contain at least one input variable Token.
UniformArityPrior: Activated.
SoftLengthPrior: No description available.
-- BUILDING PRIOR END ---------------

WARNING: max_length (64) will be overridden by value from LengthConstraint (30).
[00:00:00:20.86] Early stopping criteria met; breaking early.
Saving Hall of Fame to ./log/solver_ablationexperiments_1dpoisson_benchdata_nguyen-7_2025-03-29-143419/ssde_solver_ablationexperiments_1dpoisson_benchdata_nguyen-7_509_hof.csv
Saving Pareto Front to ./log/solver_ablationexperiments_1dpoisson_benchdata_nguyen-7_2025-03-29-143419/ssde_solver_ablationexperiments_1dpoisson_benchdata_nguyen-7_509_pf.csv
Invalid expressions: 33304 of 213434 (15.6%).
Error type counts:
  None: 33304 (100.0%)
Error node counts:
  None: 33304 (100.0%)
== TRAINING SEED 509 END ==============

== TRAINING SEED 511 START ============
-- BUILDING PRIOR START -------------
WARNING: Skipping invalid 'RelationalConstraint' with arguments {'targets': [], 'effectors': [], 'relationship': None}. Reason: Prior disabled.
WARNING: Skipping invalid 'DomainRangeConstraint' with arguments {}. Reason: Prior disabled.
WARNING: Skipping invalid 'LanguageModelPrior' with arguments {'weight': None}. Reason: Prior disabled.
WARNING: Skipping invalid 'MultiDiscreteConstraint' with arguments {'dense': False, 'ordered': False}. Reason: Prior disabled.
LengthConstraint: Sequences have minimum length 4.
                  Sequences have maximum length 30.
RepeatConstraint: [const] cannot occur more than 1 times.
RelationalConstraint: [exp] cannot be a child of [log].
InverseUnaryConstraint: RelationalConstraint: [log] cannot be a child of [exp].
TrigConstraint: [sin, cos] cannot be a descendant of [sin, cos].
ConstConstraint: [const] cannot be the only unique child of [sin, cos, log, exp, add, sub, mul, div].
NoInputsConstraint: Sequences contain at least one input variable Token.
UniformArityPrior: Activated.
SoftLengthPrior: No description available.
-- BUILDING PRIOR END ---------------

WARNING: max_length (64) will be overridden by value from LengthConstraint (30).
[00:00:00:20.99] Early stopping criteria met; breaking early.
Saving Hall of Fame to ./log/solver_ablationexperiments_1dpoisson_benchdata_nguyen-7_2025-03-29-143419/ssde_solver_ablationexperiments_1dpoisson_benchdata_nguyen-7_511_hof.csv
Saving Pareto Front to ./log/solver_ablationexperiments_1dpoisson_benchdata_nguyen-7_2025-03-29-143419/ssde_solver_ablationexperiments_1dpoisson_benchdata_nguyen-7_511_pf.csv
Invalid expressions: 33083 of 251678 (13.1%).
Error type counts:
  None: 33083 (100.0%)
Error node counts:
  None: 33083 (100.0%)
== TRAINING SEED 511 END ==============

== TRAINING SEED 501 START ============
-- BUILDING PRIOR START -------------
WARNING: Skipping invalid 'RelationalConstraint' with arguments {'targets': [], 'effectors': [], 'relationship': None}. Reason: Prior disabled.
WARNING: Skipping invalid 'DomainRangeConstraint' with arguments {}. Reason: Prior disabled.
WARNING: Skipping invalid 'LanguageModelPrior' with arguments {'weight': None}. Reason: Prior disabled.
WARNING: Skipping invalid 'MultiDiscreteConstraint' with arguments {'dense': False, 'ordered': False}. Reason: Prior disabled.
LengthConstraint: Sequences have minimum length 4.
                  Sequences have maximum length 30.
RepeatConstraint: [const] cannot occur more than 1 times.
RelationalConstraint: [exp] cannot be a child of [log].
InverseUnaryConstraint: RelationalConstraint: [log] cannot be a child of [exp].
TrigConstraint: [sin, cos] cannot be a descendant of [sin, cos].
ConstConstraint: [const] cannot be the only unique child of [sin, cos, log, exp, add, sub, mul, div].
NoInputsConstraint: Sequences contain at least one input variable Token.
UniformArityPrior: Activated.
SoftLengthPrior: No description available.
-- BUILDING PRIOR END ---------------

WARNING: max_length (64) will be overridden by value from LengthConstraint (30).
[00:00:00:23.77] Early stopping criteria met; breaking early.
Saving Hall of Fame to ./log/solver_ablationexperiments_1dpoisson_benchdata_nguyen-7_2025-03-29-143419/ssde_solver_ablationexperiments_1dpoisson_benchdata_nguyen-7_501_hof.csv
Saving Pareto Front to ./log/solver_ablationexperiments_1dpoisson_benchdata_nguyen-7_2025-03-29-143419/ssde_solver_ablationexperiments_1dpoisson_benchdata_nguyen-7_501_pf.csv
Invalid expressions: 34080 of 292417 (11.7%).
Error type counts:
  None: 34080 (100.0%)
Error node counts:
  None: 34080 (100.0%)
== TRAINING SEED 501 END ==============

== TRAINING SEED 503 START ============
-- BUILDING PRIOR START -------------
WARNING: Skipping invalid 'RelationalConstraint' with arguments {'targets': [], 'effectors': [], 'relationship': None}. Reason: Prior disabled.
WARNING: Skipping invalid 'DomainRangeConstraint' with arguments {}. Reason: Prior disabled.
WARNING: Skipping invalid 'LanguageModelPrior' with arguments {'weight': None}. Reason: Prior disabled.
WARNING: Skipping invalid 'MultiDiscreteConstraint' with arguments {'dense': False, 'ordered': False}. Reason: Prior disabled.
LengthConstraint: Sequences have minimum length 4.
                  Sequences have maximum length 30.
RepeatConstraint: [const] cannot occur more than 1 times.
RelationalConstraint: [exp] cannot be a child of [log].
InverseUnaryConstraint: RelationalConstraint: [log] cannot be a child of [exp].
TrigConstraint: [sin, cos] cannot be a descendant of [sin, cos].
ConstConstraint: [const] cannot be the only unique child of [sin, cos, log, exp, add, sub, mul, div].
NoInputsConstraint: Sequences contain at least one input variable Token.
UniformArityPrior: Activated.
SoftLengthPrior: No description available.
-- BUILDING PRIOR END ---------------

WARNING: max_length (64) will be overridden by value from LengthConstraint (30).
[00:00:00:22.15] Early stopping criteria met; breaking early.
Saving Hall of Fame to ./log/solver_ablationexperiments_1dpoisson_benchdata_nguyen-7_2025-03-29-143419/ssde_solver_ablationexperiments_1dpoisson_benchdata_nguyen-7_503_hof.csv
Saving Pareto Front to ./log/solver_ablationexperiments_1dpoisson_benchdata_nguyen-7_2025-03-29-143419/ssde_solver_ablationexperiments_1dpoisson_benchdata_nguyen-7_503_pf.csv
Invalid expressions: 49412 of 372061 (13.3%).
Error type counts:
  None: 49412 (100.0%)
Error node counts:
  None: 49412 (100.0%)
== TRAINING SEED 503 END ==============

== TRAINING SEED 510 START ============
-- BUILDING PRIOR START -------------
WARNING: Skipping invalid 'RelationalConstraint' with arguments {'targets': [], 'effectors': [], 'relationship': None}. Reason: Prior disabled.
WARNING: Skipping invalid 'DomainRangeConstraint' with arguments {}. Reason: Prior disabled.
WARNING: Skipping invalid 'LanguageModelPrior' with arguments {'weight': None}. Reason: Prior disabled.
WARNING: Skipping invalid 'MultiDiscreteConstraint' with arguments {'dense': False, 'ordered': False}. Reason: Prior disabled.
LengthConstraint: Sequences have minimum length 4.
                  Sequences have maximum length 30.
RepeatConstraint: [const] cannot occur more than 1 times.
RelationalConstraint: [exp] cannot be a child of [log].
InverseUnaryConstraint: RelationalConstraint: [log] cannot be a child of [exp].
TrigConstraint: [sin, cos] cannot be a descendant of [sin, cos].
ConstConstraint: [const] cannot be the only unique child of [sin, cos, log, exp, add, sub, mul, div].
NoInputsConstraint: Sequences contain at least one input variable Token.
UniformArityPrior: Activated.
SoftLengthPrior: No description available.
-- BUILDING PRIOR END ---------------

WARNING: max_length (64) will be overridden by value from LengthConstraint (30).
[00:00:00:21.54] Early stopping criteria met; breaking early.
Saving Hall of Fame to ./log/solver_ablationexperiments_1dpoisson_benchdata_nguyen-7_2025-03-29-143419/ssde_solver_ablationexperiments_1dpoisson_benchdata_nguyen-7_510_hof.csv
Saving Pareto Front to ./log/solver_ablationexperiments_1dpoisson_benchdata_nguyen-7_2025-03-29-143419/ssde_solver_ablationexperiments_1dpoisson_benchdata_nguyen-7_510_pf.csv
Invalid expressions: 41513 of 343135 (12.1%).
Error type counts:
  None: 41513 (100.0%)
Error node counts:
  None: 41513 (100.0%)
== TRAINING SEED 510 END ==============

== TRAINING SEED 500 START ============
-- BUILDING PRIOR START -------------
WARNING: Skipping invalid 'RelationalConstraint' with arguments {'targets': [], 'effectors': [], 'relationship': None}. Reason: Prior disabled.
WARNING: Skipping invalid 'DomainRangeConstraint' with arguments {}. Reason: Prior disabled.
WARNING: Skipping invalid 'LanguageModelPrior' with arguments {'weight': None}. Reason: Prior disabled.
WARNING: Skipping invalid 'MultiDiscreteConstraint' with arguments {'dense': False, 'ordered': False}. Reason: Prior disabled.
LengthConstraint: Sequences have minimum length 4.
                  Sequences have maximum length 30.
RepeatConstraint: [const] cannot occur more than 1 times.
RelationalConstraint: [exp] cannot be a child of [log].
InverseUnaryConstraint: RelationalConstraint: [log] cannot be a child of [exp].
TrigConstraint: [sin, cos] cannot be a descendant of [sin, cos].
ConstConstraint: [const] cannot be the only unique child of [sin, cos, log, exp, add, sub, mul, div].
NoInputsConstraint: Sequences contain at least one input variable Token.
UniformArityPrior: Activated.
SoftLengthPrior: No description available.
-- BUILDING PRIOR END ---------------

WARNING: max_length (64) will be overridden by value from LengthConstraint (30).
[00:00:00:24.91] Early stopping criteria met; breaking early.
Saving Hall of Fame to ./log/solver_ablationexperiments_1dpoisson_benchdata_nguyen-7_2025-03-29-143419/ssde_solver_ablationexperiments_1dpoisson_benchdata_nguyen-7_500_hof.csv
Saving Pareto Front to ./log/solver_ablationexperiments_1dpoisson_benchdata_nguyen-7_2025-03-29-143419/ssde_solver_ablationexperiments_1dpoisson_benchdata_nguyen-7_500_pf.csv
Invalid expressions: 44254 of 408061 (10.8%).
Error type counts:
  None: 44254 (100.0%)
Error node counts:
  None: 44254 (100.0%)
== TRAINING SEED 500 END ==============

== TRAINING SEED 517 START ============
-- BUILDING PRIOR START -------------
WARNING: Skipping invalid 'RelationalConstraint' with arguments {'targets': [], 'effectors': [], 'relationship': None}. Reason: Prior disabled.
WARNING: Skipping invalid 'DomainRangeConstraint' with arguments {}. Reason: Prior disabled.
WARNING: Skipping invalid 'LanguageModelPrior' with arguments {'weight': None}. Reason: Prior disabled.
WARNING: Skipping invalid 'MultiDiscreteConstraint' with arguments {'dense': False, 'ordered': False}. Reason: Prior disabled.
LengthConstraint: Sequences have minimum length 4.
                  Sequences have maximum length 30.
RepeatConstraint: [const] cannot occur more than 1 times.
RelationalConstraint: [exp] cannot be a child of [log].
InverseUnaryConstraint: RelationalConstraint: [log] cannot be a child of [exp].
TrigConstraint: [sin, cos] cannot be a descendant of [sin, cos].
ConstConstraint: [const] cannot be the only unique child of [sin, cos, log, exp, add, sub, mul, div].
NoInputsConstraint: Sequences contain at least one input variable Token.
UniformArityPrior: Activated.
SoftLengthPrior: No description available.
-- BUILDING PRIOR END ---------------

WARNING: max_length (64) will be overridden by value from LengthConstraint (30).
[00:00:00:21.31] Early stopping criteria met; breaking early.
Saving Hall of Fame to ./log/solver_ablationexperiments_1dpoisson_benchdata_nguyen-7_2025-03-29-143419/ssde_solver_ablationexperiments_1dpoisson_benchdata_nguyen-7_517_hof.csv
Saving Pareto Front to ./log/solver_ablationexperiments_1dpoisson_benchdata_nguyen-7_2025-03-29-143419/ssde_solver_ablationexperiments_1dpoisson_benchdata_nguyen-7_517_pf.csv
Invalid expressions: 73980 of 494279 (15.0%).
Error type counts:
  None: 73980 (100.0%)
Error node counts:
  None: 73980 (100.0%)
== TRAINING SEED 517 END ==============

== TRAINING SEED 506 START ============
-- BUILDING PRIOR START -------------
WARNING: Skipping invalid 'RelationalConstraint' with arguments {'targets': [], 'effectors': [], 'relationship': None}. Reason: Prior disabled.
WARNING: Skipping invalid 'DomainRangeConstraint' with arguments {}. Reason: Prior disabled.
WARNING: Skipping invalid 'LanguageModelPrior' with arguments {'weight': None}. Reason: Prior disabled.
WARNING: Skipping invalid 'MultiDiscreteConstraint' with arguments {'dense': False, 'ordered': False}. Reason: Prior disabled.
LengthConstraint: Sequences have minimum length 4.
                  Sequences have maximum length 30.
RepeatConstraint: [const] cannot occur more than 1 times.
RelationalConstraint: [exp] cannot be a child of [log].
InverseUnaryConstraint: RelationalConstraint: [log] cannot be a child of [exp].
TrigConstraint: [sin, cos] cannot be a descendant of [sin, cos].
ConstConstraint: [const] cannot be the only unique child of [sin, cos, log, exp, add, sub, mul, div].
NoInputsConstraint: Sequences contain at least one input variable Token.
UniformArityPrior: Activated.
SoftLengthPrior: No description available.
-- BUILDING PRIOR END ---------------

WARNING: max_length (64) will be overridden by value from LengthConstraint (30).
[00:00:00:31.98] Early stopping criteria met; breaking early.
Saving Hall of Fame to ./log/solver_ablationexperiments_1dpoisson_benchdata_nguyen-7_2025-03-29-143419/ssde_solver_ablationexperiments_1dpoisson_benchdata_nguyen-7_506_hof.csv
Saving Pareto Front to ./log/solver_ablationexperiments_1dpoisson_benchdata_nguyen-7_2025-03-29-143419/ssde_solver_ablationexperiments_1dpoisson_benchdata_nguyen-7_506_pf.csv
Invalid expressions: 65063 of 530451 (12.3%).
Error type counts:
  None: 65063 (100.0%)
Error node counts:
  None: 65063 (100.0%)
== TRAINING SEED 506 END ==============

== TRAINING SEED 519 START ============
-- BUILDING PRIOR START -------------
WARNING: Skipping invalid 'RelationalConstraint' with arguments {'targets': [], 'effectors': [], 'relationship': None}. Reason: Prior disabled.
WARNING: Skipping invalid 'DomainRangeConstraint' with arguments {}. Reason: Prior disabled.
WARNING: Skipping invalid 'LanguageModelPrior' with arguments {'weight': None}. Reason: Prior disabled.
WARNING: Skipping invalid 'MultiDiscreteConstraint' with arguments {'dense': False, 'ordered': False}. Reason: Prior disabled.
LengthConstraint: Sequences have minimum length 4.
                  Sequences have maximum length 30.
RepeatConstraint: [const] cannot occur more than 1 times.
RelationalConstraint: [exp] cannot be a child of [log].
InverseUnaryConstraint: RelationalConstraint: [log] cannot be a child of [exp].
TrigConstraint: [sin, cos] cannot be a descendant of [sin, cos].
ConstConstraint: [const] cannot be the only unique child of [sin, cos, log, exp, add, sub, mul, div].
NoInputsConstraint: Sequences contain at least one input variable Token.
UniformArityPrior: Activated.
SoftLengthPrior: No description available.
-- BUILDING PRIOR END ---------------

WARNING: max_length (64) will be overridden by value from LengthConstraint (30).
[00:00:00:24.33] Early stopping criteria met; breaking early.
Saving Hall of Fame to ./log/solver_ablationexperiments_1dpoisson_benchdata_nguyen-7_2025-03-29-143419/ssde_solver_ablationexperiments_1dpoisson_benchdata_nguyen-7_519_hof.csv
Saving Pareto Front to ./log/solver_ablationexperiments_1dpoisson_benchdata_nguyen-7_2025-03-29-143419/ssde_solver_ablationexperiments_1dpoisson_benchdata_nguyen-7_519_pf.csv
Invalid expressions: 167229 of 1333891 (12.5%).
Error type counts:
  None: 167229 (100.0%)
Error node counts:
  None: 167229 (100.0%)
== TRAINING SEED 519 END ==============
INFO: Completed run 1 of 20 in 57 s
INFO: Completed run 2 of 20 in 333 s
INFO: Completed run 3 of 20 in 369 s
INFO: Completed run 4 of 20 in 546 s
INFO: Completed run 5 of 20 in 604 s
INFO: Completed run 6 of 20 in 931 s
INFO: Completed run 7 of 20 in 1044 s
INFO: Completed run 8 of 20 in 1141 s
INFO: Completed run 9 of 20 in 1184 s
INFO: Completed run 10 of 20 in 1439 s
INFO: Completed run 11 of 20 in 1865 s
INFO: Completed run 12 of 20 in 1953 s
INFO: Completed run 13 of 20 in 2313 s
INFO: Completed run 14 of 20 in 2997 s
INFO: Completed run 15 of 20 in 3511 s
INFO: Completed run 16 of 20 in 3618 s
INFO: Completed run 17 of 20 in 3670 s
INFO: Completed run 18 of 20 in 4692 s
INFO: Completed run 19 of 20 in 5916 s
INFO: Completed run 20 of 20 in 14291 s

== POST-PROCESS START =================
-- LOADING LOGS START ----------------
Successfully loaded summary data
Successfully loaded Hall of Fame data
Successfully loaded Pareto Front data
-- LOADING LOGS END ------------------

-- ANALYZING LOG START --------------
Task_____________solver
Source path______./log/solver_ablationexperiments_1dpoisson_benchdata_nguyen-7_2025-03-29-143419
Runs_____________20
Max Samples/run__2000000
Success_rate_____1.0
Hall of Fame (Top 5 of 2000)____
    0: S=511 R=1.000000 <-- log(x1**3 + x1**2 + x1 + 1.0)
    1: S=511 R=1.000000 <-- log(x1**3 + x1**2 + x1 + 1.0)
    2: S=501 R=1.000000 <-- log(x1**3 + x1**2 + x1 + 1.0)
    3: S=501 R=1.000000 <-- log(x1**3 + x1**2 + x1 + 1.0)
    4: S=518 R=1.000000 <-- log(x1**3 + x1**2 + x1 + 1)
  Saving Hall of Fame plot to ./log/solver_ablationexperiments_1dpoisson_benchdata_nguyen-7_2025-03-29-143419/ssde_solver_ablationexperiments_1dpoisson_benchdata_nguyen-7_plot_hof.png
Pareto Front (5 of 10)____
    0: S=501 R=1.000000 C=17.00 <-- log(x1**3 + x1**2 + x1 + 1.0)
    1: S=513 R=1.000000 C=15.00 <-- log(x1*(x1**2 + x1) + x1 + 1.0)
    2: S=519 R=0.965295 C=13.00 <-- x1 + x1/(x1 + 1.5619347/x1)
    3: S=510 R=0.965295 C=12.00 <-- x1**2/(x1**2 + 1.5619247) + x1
    4: S=501 R=0.965295 C=11.00 <-- x1 + x1/(x1 + 1.5619247/x1)
  Saving Pareto Front plot to ./log/solver_ablationexperiments_1dpoisson_benchdata_nguyen-7_2025-03-29-143419/ssde_solver_ablationexperiments_1dpoisson_benchdata_nguyen-7_plot_pf.png
-- ANALYZING LOG END ----------------
== POST-PROCESS END ===================
