
== EXPERIMENT SETUP START ===========
Task type            : solver
Starting seed        : 500
Runs                 : 20
Additional context   :
      INFO: Replacing config seed 0 with command-line seed 500.
      INFO: Setting 'verbose' to False for parallelized run.
      INFO: Setting 'n_cores_batch' to 1 to avoid nested child processes.
      INFO: Setting 'parallel_eval' to 'False' as we are already parallelizing.
== EXPERIMENT SETUP END =============

== TRAINING SEED 517 START ============
-- BUILDING PRIOR START -------------
WARNING: Skipping invalid 'RelationalConstraint' with arguments {'targets': [], 'effectors': [], 'relationship': None}. Reason: Prior disabled.
WARNING: Skipping invalid 'DomainRangeConstraint' with arguments {}. Reason: Prior disabled.
WARNING: Skipping invalid 'LanguageModelPrior' with arguments {'weight': None}. Reason: Prior disabled.
WARNING: Skipping invalid 'MultiDiscreteConstraint' with arguments {'dense': False, 'ordered': False}. Reason: Prior disabled.
LengthConstraint: Sequences have minimum length 4.
                  Sequences have maximum length 30.
RepeatConstraint: [const] cannot occur more than 1 times.
RelationalConstraint: [exp] cannot be a child of [log].
InverseUnaryConstraint: RelationalConstraint: [log] cannot be a child of [exp].
TrigConstraint: [sin, cos] cannot be a descendant of [sin, cos].
ConstConstraint: [const] cannot be the only unique child of [sin, cos, log, exp, add, sub, mul, div].
NoInputsConstraint: Sequences contain at least one input variable Token.
UniformArityPrior: Activated.
SoftLengthPrior: No description available.
-- BUILDING PRIOR END ---------------

WARNING: max_length (64) will be overridden by value from LengthConstraint (30).
[00:00:00:36.73] Early stopping criteria met; breaking early.
Saving Hall of Fame to ./log/solver_ablationexperiments_1dpoisson_benchdata_nguyen-8_2025-03-30-105227/ssde_solver_ablationexperiments_1dpoisson_benchdata_nguyen-8_517_hof.csv
Saving Pareto Front to ./log/solver_ablationexperiments_1dpoisson_benchdata_nguyen-8_2025-03-30-105227/ssde_solver_ablationexperiments_1dpoisson_benchdata_nguyen-8_517_pf.csv
Invalid expressions: 354 of 2407 (14.7%).
Error type counts:
  None: 354 (100.0%)
Error node counts:
  None: 354 (100.0%)
== TRAINING SEED 517 END ==============

== TRAINING SEED 510 START ============
-- BUILDING PRIOR START -------------
WARNING: Skipping invalid 'RelationalConstraint' with arguments {'targets': [], 'effectors': [], 'relationship': None}. Reason: Prior disabled.
WARNING: Skipping invalid 'DomainRangeConstraint' with arguments {}. Reason: Prior disabled.
WARNING: Skipping invalid 'LanguageModelPrior' with arguments {'weight': None}. Reason: Prior disabled.
WARNING: Skipping invalid 'MultiDiscreteConstraint' with arguments {'dense': False, 'ordered': False}. Reason: Prior disabled.
LengthConstraint: Sequences have minimum length 4.
                  Sequences have maximum length 30.
RepeatConstraint: [const] cannot occur more than 1 times.
RelationalConstraint: [exp] cannot be a child of [log].
InverseUnaryConstraint: RelationalConstraint: [log] cannot be a child of [exp].
TrigConstraint: [sin, cos] cannot be a descendant of [sin, cos].
ConstConstraint: [const] cannot be the only unique child of [sin, cos, log, exp, add, sub, mul, div].
NoInputsConstraint: Sequences contain at least one input variable Token.
UniformArityPrior: Activated.
SoftLengthPrior: No description available.
-- BUILDING PRIOR END ---------------

WARNING: max_length (64) will be overridden by value from LengthConstraint (30).
[00:00:00:43.11] Early stopping criteria met; breaking early.
Saving Hall of Fame to ./log/solver_ablationexperiments_1dpoisson_benchdata_nguyen-8_2025-03-30-105227/ssde_solver_ablationexperiments_1dpoisson_benchdata_nguyen-8_510_hof.csv
Saving Pareto Front to ./log/solver_ablationexperiments_1dpoisson_benchdata_nguyen-8_2025-03-30-105227/ssde_solver_ablationexperiments_1dpoisson_benchdata_nguyen-8_510_pf.csv
Invalid expressions: 329 of 2385 (13.8%).
Error type counts:
  None: 329 (100.0%)
Error node counts:
  None: 329 (100.0%)
== TRAINING SEED 510 END ==============

== TRAINING SEED 503 START ============
-- BUILDING PRIOR START -------------
WARNING: Skipping invalid 'RelationalConstraint' with arguments {'targets': [], 'effectors': [], 'relationship': None}. Reason: Prior disabled.
WARNING: Skipping invalid 'DomainRangeConstraint' with arguments {}. Reason: Prior disabled.
WARNING: Skipping invalid 'LanguageModelPrior' with arguments {'weight': None}. Reason: Prior disabled.
WARNING: Skipping invalid 'MultiDiscreteConstraint' with arguments {'dense': False, 'ordered': False}. Reason: Prior disabled.
LengthConstraint: Sequences have minimum length 4.
                  Sequences have maximum length 30.
RepeatConstraint: [const] cannot occur more than 1 times.
RelationalConstraint: [exp] cannot be a child of [log].
InverseUnaryConstraint: RelationalConstraint: [log] cannot be a child of [exp].
TrigConstraint: [sin, cos] cannot be a descendant of [sin, cos].
ConstConstraint: [const] cannot be the only unique child of [sin, cos, log, exp, add, sub, mul, div].
NoInputsConstraint: Sequences contain at least one input variable Token.
UniformArityPrior: Activated.
SoftLengthPrior: No description available.
-- BUILDING PRIOR END ---------------

WARNING: max_length (64) will be overridden by value from LengthConstraint (30).
[00:00:00:23.30] Early stopping criteria met; breaking early.
Saving Hall of Fame to ./log/solver_ablationexperiments_1dpoisson_benchdata_nguyen-8_2025-03-30-105227/ssde_solver_ablationexperiments_1dpoisson_benchdata_nguyen-8_503_hof.csv
Saving Pareto Front to ./log/solver_ablationexperiments_1dpoisson_benchdata_nguyen-8_2025-03-30-105227/ssde_solver_ablationexperiments_1dpoisson_benchdata_nguyen-8_503_pf.csv
Invalid expressions: 664 of 4765 (13.9%).
Error type counts:
  None: 664 (100.0%)
Error node counts:
  None: 664 (100.0%)
== TRAINING SEED 503 END ==============

== TRAINING SEED 516 START ============
-- BUILDING PRIOR START -------------
WARNING: Skipping invalid 'RelationalConstraint' with arguments {'targets': [], 'effectors': [], 'relationship': None}. Reason: Prior disabled.
WARNING: Skipping invalid 'DomainRangeConstraint' with arguments {}. Reason: Prior disabled.
WARNING: Skipping invalid 'LanguageModelPrior' with arguments {'weight': None}. Reason: Prior disabled.
WARNING: Skipping invalid 'MultiDiscreteConstraint' with arguments {'dense': False, 'ordered': False}. Reason: Prior disabled.
LengthConstraint: Sequences have minimum length 4.
                  Sequences have maximum length 30.
RepeatConstraint: [const] cannot occur more than 1 times.
RelationalConstraint: [exp] cannot be a child of [log].
InverseUnaryConstraint: RelationalConstraint: [log] cannot be a child of [exp].
TrigConstraint: [sin, cos] cannot be a descendant of [sin, cos].
ConstConstraint: [const] cannot be the only unique child of [sin, cos, log, exp, add, sub, mul, div].
NoInputsConstraint: Sequences contain at least one input variable Token.
UniformArityPrior: Activated.
SoftLengthPrior: No description available.
-- BUILDING PRIOR END ---------------

WARNING: max_length (64) will be overridden by value from LengthConstraint (30).
[00:00:00:17.68] Early stopping criteria met; breaking early.
Saving Hall of Fame to ./log/solver_ablationexperiments_1dpoisson_benchdata_nguyen-8_2025-03-30-105227/ssde_solver_ablationexperiments_1dpoisson_benchdata_nguyen-8_516_hof.csv
Saving Pareto Front to ./log/solver_ablationexperiments_1dpoisson_benchdata_nguyen-8_2025-03-30-105227/ssde_solver_ablationexperiments_1dpoisson_benchdata_nguyen-8_516_pf.csv
Invalid expressions: 1101 of 7231 (15.2%).
Error type counts:
  None: 1101 (100.0%)
Error node counts:
  None: 1101 (100.0%)
== TRAINING SEED 516 END ==============

== TRAINING SEED 509 START ============
-- BUILDING PRIOR START -------------
WARNING: Skipping invalid 'RelationalConstraint' with arguments {'targets': [], 'effectors': [], 'relationship': None}. Reason: Prior disabled.
WARNING: Skipping invalid 'DomainRangeConstraint' with arguments {}. Reason: Prior disabled.
WARNING: Skipping invalid 'LanguageModelPrior' with arguments {'weight': None}. Reason: Prior disabled.
WARNING: Skipping invalid 'MultiDiscreteConstraint' with arguments {'dense': False, 'ordered': False}. Reason: Prior disabled.
LengthConstraint: Sequences have minimum length 4.
                  Sequences have maximum length 30.
RepeatConstraint: [const] cannot occur more than 1 times.
RelationalConstraint: [exp] cannot be a child of [log].
InverseUnaryConstraint: RelationalConstraint: [log] cannot be a child of [exp].
TrigConstraint: [sin, cos] cannot be a descendant of [sin, cos].
ConstConstraint: [const] cannot be the only unique child of [sin, cos, log, exp, add, sub, mul, div].
NoInputsConstraint: Sequences contain at least one input variable Token.
UniformArityPrior: Activated.
SoftLengthPrior: No description available.
-- BUILDING PRIOR END ---------------

WARNING: max_length (64) will be overridden by value from LengthConstraint (30).
[00:00:00:21.28] Early stopping criteria met; breaking early.
Saving Hall of Fame to ./log/solver_ablationexperiments_1dpoisson_benchdata_nguyen-8_2025-03-30-105227/ssde_solver_ablationexperiments_1dpoisson_benchdata_nguyen-8_509_hof.csv
Saving Pareto Front to ./log/solver_ablationexperiments_1dpoisson_benchdata_nguyen-8_2025-03-30-105227/ssde_solver_ablationexperiments_1dpoisson_benchdata_nguyen-8_509_pf.csv
Invalid expressions: 737 of 4782 (15.4%).
Error type counts:
  None: 737 (100.0%)
Error node counts:
  None: 737 (100.0%)
== TRAINING SEED 509 END ==============

== TRAINING SEED 519 START ============
-- BUILDING PRIOR START -------------
WARNING: Skipping invalid 'RelationalConstraint' with arguments {'targets': [], 'effectors': [], 'relationship': None}. Reason: Prior disabled.
WARNING: Skipping invalid 'DomainRangeConstraint' with arguments {}. Reason: Prior disabled.
WARNING: Skipping invalid 'LanguageModelPrior' with arguments {'weight': None}. Reason: Prior disabled.
WARNING: Skipping invalid 'MultiDiscreteConstraint' with arguments {'dense': False, 'ordered': False}. Reason: Prior disabled.
LengthConstraint: Sequences have minimum length 4.
                  Sequences have maximum length 30.
RepeatConstraint: [const] cannot occur more than 1 times.
RelationalConstraint: [exp] cannot be a child of [log].
InverseUnaryConstraint: RelationalConstraint: [log] cannot be a child of [exp].
TrigConstraint: [sin, cos] cannot be a descendant of [sin, cos].
ConstConstraint: [const] cannot be the only unique child of [sin, cos, log, exp, add, sub, mul, div].
NoInputsConstraint: Sequences contain at least one input variable Token.
UniformArityPrior: Activated.
SoftLengthPrior: No description available.
-- BUILDING PRIOR END ---------------

WARNING: max_length (64) will be overridden by value from LengthConstraint (30).
[00:00:00:20.73] Early stopping criteria met; breaking early.
Saving Hall of Fame to ./log/solver_ablationexperiments_1dpoisson_benchdata_nguyen-8_2025-03-30-105227/ssde_solver_ablationexperiments_1dpoisson_benchdata_nguyen-8_519_hof.csv
Saving Pareto Front to ./log/solver_ablationexperiments_1dpoisson_benchdata_nguyen-8_2025-03-30-105227/ssde_solver_ablationexperiments_1dpoisson_benchdata_nguyen-8_519_pf.csv
Invalid expressions: 1174 of 7248 (16.2%).
Error type counts:
  None: 1174 (100.0%)
Error node counts:
  None: 1174 (100.0%)
== TRAINING SEED 519 END ==============

== TRAINING SEED 515 START ============
-- BUILDING PRIOR START -------------
WARNING: Skipping invalid 'RelationalConstraint' with arguments {'targets': [], 'effectors': [], 'relationship': None}. Reason: Prior disabled.
WARNING: Skipping invalid 'DomainRangeConstraint' with arguments {}. Reason: Prior disabled.
WARNING: Skipping invalid 'LanguageModelPrior' with arguments {'weight': None}. Reason: Prior disabled.
WARNING: Skipping invalid 'MultiDiscreteConstraint' with arguments {'dense': False, 'ordered': False}. Reason: Prior disabled.
LengthConstraint: Sequences have minimum length 4.
                  Sequences have maximum length 30.
RepeatConstraint: [const] cannot occur more than 1 times.
RelationalConstraint: [exp] cannot be a child of [log].
InverseUnaryConstraint: RelationalConstraint: [log] cannot be a child of [exp].
TrigConstraint: [sin, cos] cannot be a descendant of [sin, cos].
ConstConstraint: [const] cannot be the only unique child of [sin, cos, log, exp, add, sub, mul, div].
NoInputsConstraint: Sequences contain at least one input variable Token.
UniformArityPrior: Activated.
SoftLengthPrior: No description available.
-- BUILDING PRIOR END ---------------

WARNING: max_length (64) will be overridden by value from LengthConstraint (30).
[00:00:00:16.81] Early stopping criteria met; breaking early.
Saving Hall of Fame to ./log/solver_ablationexperiments_1dpoisson_benchdata_nguyen-8_2025-03-30-105227/ssde_solver_ablationexperiments_1dpoisson_benchdata_nguyen-8_515_hof.csv
Saving Pareto Front to ./log/solver_ablationexperiments_1dpoisson_benchdata_nguyen-8_2025-03-30-105227/ssde_solver_ablationexperiments_1dpoisson_benchdata_nguyen-8_515_pf.csv
Invalid expressions: 1805 of 12050 (15.0%).
Error type counts:
  None: 1805 (100.0%)
Error node counts:
  None: 1805 (100.0%)
== TRAINING SEED 515 END ==============

== TRAINING SEED 512 START ============
-- BUILDING PRIOR START -------------
WARNING: Skipping invalid 'RelationalConstraint' with arguments {'targets': [], 'effectors': [], 'relationship': None}. Reason: Prior disabled.
WARNING: Skipping invalid 'DomainRangeConstraint' with arguments {}. Reason: Prior disabled.
WARNING: Skipping invalid 'LanguageModelPrior' with arguments {'weight': None}. Reason: Prior disabled.
WARNING: Skipping invalid 'MultiDiscreteConstraint' with arguments {'dense': False, 'ordered': False}. Reason: Prior disabled.
LengthConstraint: Sequences have minimum length 4.
                  Sequences have maximum length 30.
RepeatConstraint: [const] cannot occur more than 1 times.
RelationalConstraint: [exp] cannot be a child of [log].
InverseUnaryConstraint: RelationalConstraint: [log] cannot be a child of [exp].
TrigConstraint: [sin, cos] cannot be a descendant of [sin, cos].
ConstConstraint: [const] cannot be the only unique child of [sin, cos, log, exp, add, sub, mul, div].
NoInputsConstraint: Sequences contain at least one input variable Token.
UniformArityPrior: Activated.
SoftLengthPrior: No description available.
-- BUILDING PRIOR END ---------------

WARNING: max_length (64) will be overridden by value from LengthConstraint (30).
[00:00:00:15.26] Early stopping criteria met; breaking early.
Saving Hall of Fame to ./log/solver_ablationexperiments_1dpoisson_benchdata_nguyen-8_2025-03-30-105227/ssde_solver_ablationexperiments_1dpoisson_benchdata_nguyen-8_512_hof.csv
Saving Pareto Front to ./log/solver_ablationexperiments_1dpoisson_benchdata_nguyen-8_2025-03-30-105227/ssde_solver_ablationexperiments_1dpoisson_benchdata_nguyen-8_512_pf.csv
Invalid expressions: 1300 of 9615 (13.5%).
Error type counts:
  None: 1300 (100.0%)
Error node counts:
  None: 1300 (100.0%)
== TRAINING SEED 512 END ==============

== TRAINING SEED 511 START ============
-- BUILDING PRIOR START -------------
WARNING: Skipping invalid 'RelationalConstraint' with arguments {'targets': [], 'effectors': [], 'relationship': None}. Reason: Prior disabled.
WARNING: Skipping invalid 'DomainRangeConstraint' with arguments {}. Reason: Prior disabled.
WARNING: Skipping invalid 'LanguageModelPrior' with arguments {'weight': None}. Reason: Prior disabled.
WARNING: Skipping invalid 'MultiDiscreteConstraint' with arguments {'dense': False, 'ordered': False}. Reason: Prior disabled.
LengthConstraint: Sequences have minimum length 4.
                  Sequences have maximum length 30.
RepeatConstraint: [const] cannot occur more than 1 times.
RelationalConstraint: [exp] cannot be a child of [log].
InverseUnaryConstraint: RelationalConstraint: [log] cannot be a child of [exp].
TrigConstraint: [sin, cos] cannot be a descendant of [sin, cos].
ConstConstraint: [const] cannot be the only unique child of [sin, cos, log, exp, add, sub, mul, div].
NoInputsConstraint: Sequences contain at least one input variable Token.
UniformArityPrior: Activated.
SoftLengthPrior: No description available.
-- BUILDING PRIOR END ---------------

WARNING: max_length (64) will be overridden by value from LengthConstraint (30).
[00:00:00:28.25] Early stopping criteria met; breaking early.
Saving Hall of Fame to ./log/solver_ablationexperiments_1dpoisson_benchdata_nguyen-8_2025-03-30-105227/ssde_solver_ablationexperiments_1dpoisson_benchdata_nguyen-8_511_hof.csv
Saving Pareto Front to ./log/solver_ablationexperiments_1dpoisson_benchdata_nguyen-8_2025-03-30-105227/ssde_solver_ablationexperiments_1dpoisson_benchdata_nguyen-8_511_pf.csv
Invalid expressions: 1990 of 14340 (13.9%).
Error type counts:
  None: 1990 (100.0%)
Error node counts:
  None: 1990 (100.0%)
== TRAINING SEED 511 END ==============

== TRAINING SEED 501 START ============
-- BUILDING PRIOR START -------------
WARNING: Skipping invalid 'RelationalConstraint' with arguments {'targets': [], 'effectors': [], 'relationship': None}. Reason: Prior disabled.
WARNING: Skipping invalid 'DomainRangeConstraint' with arguments {}. Reason: Prior disabled.
WARNING: Skipping invalid 'LanguageModelPrior' with arguments {'weight': None}. Reason: Prior disabled.
WARNING: Skipping invalid 'MultiDiscreteConstraint' with arguments {'dense': False, 'ordered': False}. Reason: Prior disabled.
LengthConstraint: Sequences have minimum length 4.
                  Sequences have maximum length 30.
RepeatConstraint: [const] cannot occur more than 1 times.
RelationalConstraint: [exp] cannot be a child of [log].
InverseUnaryConstraint: RelationalConstraint: [log] cannot be a child of [exp].
TrigConstraint: [sin, cos] cannot be a descendant of [sin, cos].
ConstConstraint: [const] cannot be the only unique child of [sin, cos, log, exp, add, sub, mul, div].
NoInputsConstraint: Sequences contain at least one input variable Token.
UniformArityPrior: Activated.
SoftLengthPrior: No description available.
-- BUILDING PRIOR END ---------------

WARNING: max_length (64) will be overridden by value from LengthConstraint (30).
[00:00:00:18.16] Early stopping criteria met; breaking early.
Saving Hall of Fame to ./log/solver_ablationexperiments_1dpoisson_benchdata_nguyen-8_2025-03-30-105227/ssde_solver_ablationexperiments_1dpoisson_benchdata_nguyen-8_501_hof.csv
Saving Pareto Front to ./log/solver_ablationexperiments_1dpoisson_benchdata_nguyen-8_2025-03-30-105227/ssde_solver_ablationexperiments_1dpoisson_benchdata_nguyen-8_501_pf.csv
Invalid expressions: 1801 of 12034 (15.0%).
Error type counts:
  None: 1801 (100.0%)
Error node counts:
  None: 1801 (100.0%)
== TRAINING SEED 501 END ==============

== TRAINING SEED 507 START ============
-- BUILDING PRIOR START -------------
WARNING: Skipping invalid 'RelationalConstraint' with arguments {'targets': [], 'effectors': [], 'relationship': None}. Reason: Prior disabled.
WARNING: Skipping invalid 'DomainRangeConstraint' with arguments {}. Reason: Prior disabled.
WARNING: Skipping invalid 'LanguageModelPrior' with arguments {'weight': None}. Reason: Prior disabled.
WARNING: Skipping invalid 'MultiDiscreteConstraint' with arguments {'dense': False, 'ordered': False}. Reason: Prior disabled.
LengthConstraint: Sequences have minimum length 4.
                  Sequences have maximum length 30.
RepeatConstraint: [const] cannot occur more than 1 times.
RelationalConstraint: [exp] cannot be a child of [log].
InverseUnaryConstraint: RelationalConstraint: [log] cannot be a child of [exp].
TrigConstraint: [sin, cos] cannot be a descendant of [sin, cos].
ConstConstraint: [const] cannot be the only unique child of [sin, cos, log, exp, add, sub, mul, div].
NoInputsConstraint: Sequences contain at least one input variable Token.
UniformArityPrior: Activated.
SoftLengthPrior: No description available.
-- BUILDING PRIOR END ---------------

WARNING: max_length (64) will be overridden by value from LengthConstraint (30).
[00:00:00:19.01] Early stopping criteria met; breaking early.
Saving Hall of Fame to ./log/solver_ablationexperiments_1dpoisson_benchdata_nguyen-8_2025-03-30-105227/ssde_solver_ablationexperiments_1dpoisson_benchdata_nguyen-8_507_hof.csv
Saving Pareto Front to ./log/solver_ablationexperiments_1dpoisson_benchdata_nguyen-8_2025-03-30-105227/ssde_solver_ablationexperiments_1dpoisson_benchdata_nguyen-8_507_pf.csv
Invalid expressions: 2584 of 16880 (15.3%).
Error type counts:
  None: 2584 (100.0%)
Error node counts:
  None: 2584 (100.0%)
== TRAINING SEED 507 END ==============

== TRAINING SEED 502 START ============
-- BUILDING PRIOR START -------------
WARNING: Skipping invalid 'RelationalConstraint' with arguments {'targets': [], 'effectors': [], 'relationship': None}. Reason: Prior disabled.
WARNING: Skipping invalid 'DomainRangeConstraint' with arguments {}. Reason: Prior disabled.
WARNING: Skipping invalid 'LanguageModelPrior' with arguments {'weight': None}. Reason: Prior disabled.
WARNING: Skipping invalid 'MultiDiscreteConstraint' with arguments {'dense': False, 'ordered': False}. Reason: Prior disabled.
LengthConstraint: Sequences have minimum length 4.
                  Sequences have maximum length 30.
RepeatConstraint: [const] cannot occur more than 1 times.
RelationalConstraint: [exp] cannot be a child of [log].
InverseUnaryConstraint: RelationalConstraint: [log] cannot be a child of [exp].
TrigConstraint: [sin, cos] cannot be a descendant of [sin, cos].
ConstConstraint: [const] cannot be the only unique child of [sin, cos, log, exp, add, sub, mul, div].
NoInputsConstraint: Sequences contain at least one input variable Token.
UniformArityPrior: Activated.
SoftLengthPrior: No description available.
-- BUILDING PRIOR END ---------------

WARNING: max_length (64) will be overridden by value from LengthConstraint (30).
[00:00:00:17.35] Early stopping criteria met; breaking early.
Saving Hall of Fame to ./log/solver_ablationexperiments_1dpoisson_benchdata_nguyen-8_2025-03-30-105227/ssde_solver_ablationexperiments_1dpoisson_benchdata_nguyen-8_502_hof.csv
Saving Pareto Front to ./log/solver_ablationexperiments_1dpoisson_benchdata_nguyen-8_2025-03-30-105227/ssde_solver_ablationexperiments_1dpoisson_benchdata_nguyen-8_502_pf.csv
Invalid expressions: 2308 of 14471 (15.9%).
Error type counts:
  None: 2308 (100.0%)
Error node counts:
  None: 2308 (100.0%)
== TRAINING SEED 502 END ==============

== TRAINING SEED 500 START ============
-- BUILDING PRIOR START -------------
WARNING: Skipping invalid 'RelationalConstraint' with arguments {'targets': [], 'effectors': [], 'relationship': None}. Reason: Prior disabled.
WARNING: Skipping invalid 'DomainRangeConstraint' with arguments {}. Reason: Prior disabled.
WARNING: Skipping invalid 'LanguageModelPrior' with arguments {'weight': None}. Reason: Prior disabled.
WARNING: Skipping invalid 'MultiDiscreteConstraint' with arguments {'dense': False, 'ordered': False}. Reason: Prior disabled.
LengthConstraint: Sequences have minimum length 4.
                  Sequences have maximum length 30.
RepeatConstraint: [const] cannot occur more than 1 times.
RelationalConstraint: [exp] cannot be a child of [log].
InverseUnaryConstraint: RelationalConstraint: [log] cannot be a child of [exp].
TrigConstraint: [sin, cos] cannot be a descendant of [sin, cos].
ConstConstraint: [const] cannot be the only unique child of [sin, cos, log, exp, add, sub, mul, div].
NoInputsConstraint: Sequences contain at least one input variable Token.
UniformArityPrior: Activated.
SoftLengthPrior: No description available.
-- BUILDING PRIOR END ---------------

WARNING: max_length (64) will be overridden by value from LengthConstraint (30).
[00:00:00:22.22] Early stopping criteria met; breaking early.
Saving Hall of Fame to ./log/solver_ablationexperiments_1dpoisson_benchdata_nguyen-8_2025-03-30-105227/ssde_solver_ablationexperiments_1dpoisson_benchdata_nguyen-8_500_hof.csv
Saving Pareto Front to ./log/solver_ablationexperiments_1dpoisson_benchdata_nguyen-8_2025-03-30-105227/ssde_solver_ablationexperiments_1dpoisson_benchdata_nguyen-8_500_pf.csv
Invalid expressions: 2669 of 16689 (16.0%).
Error type counts:
  None: 2669 (100.0%)
Error node counts:
  None: 2669 (100.0%)
== TRAINING SEED 500 END ==============

== TRAINING SEED 508 START ============
-- BUILDING PRIOR START -------------
WARNING: Skipping invalid 'RelationalConstraint' with arguments {'targets': [], 'effectors': [], 'relationship': None}. Reason: Prior disabled.
WARNING: Skipping invalid 'DomainRangeConstraint' with arguments {}. Reason: Prior disabled.
WARNING: Skipping invalid 'LanguageModelPrior' with arguments {'weight': None}. Reason: Prior disabled.
WARNING: Skipping invalid 'MultiDiscreteConstraint' with arguments {'dense': False, 'ordered': False}. Reason: Prior disabled.
LengthConstraint: Sequences have minimum length 4.
                  Sequences have maximum length 30.
RepeatConstraint: [const] cannot occur more than 1 times.
RelationalConstraint: [exp] cannot be a child of [log].
InverseUnaryConstraint: RelationalConstraint: [log] cannot be a child of [exp].
TrigConstraint: [sin, cos] cannot be a descendant of [sin, cos].
ConstConstraint: [const] cannot be the only unique child of [sin, cos, log, exp, add, sub, mul, div].
NoInputsConstraint: Sequences contain at least one input variable Token.
UniformArityPrior: Activated.
SoftLengthPrior: No description available.
-- BUILDING PRIOR END ---------------

WARNING: max_length (64) will be overridden by value from LengthConstraint (30).
[00:00:00:13.53] Early stopping criteria met; breaking early.
Saving Hall of Fame to ./log/solver_ablationexperiments_1dpoisson_benchdata_nguyen-8_2025-03-30-105227/ssde_solver_ablationexperiments_1dpoisson_benchdata_nguyen-8_508_hof.csv
Saving Pareto Front to ./log/solver_ablationexperiments_1dpoisson_benchdata_nguyen-8_2025-03-30-105227/ssde_solver_ablationexperiments_1dpoisson_benchdata_nguyen-8_508_pf.csv
Invalid expressions: 3680 of 26439 (13.9%).
Error type counts:
  None: 3680 (100.0%)
Error node counts:
  None: 3680 (100.0%)
== TRAINING SEED 508 END ==============

== TRAINING SEED 506 START ============
-- BUILDING PRIOR START -------------
WARNING: Skipping invalid 'RelationalConstraint' with arguments {'targets': [], 'effectors': [], 'relationship': None}. Reason: Prior disabled.
WARNING: Skipping invalid 'DomainRangeConstraint' with arguments {}. Reason: Prior disabled.
WARNING: Skipping invalid 'LanguageModelPrior' with arguments {'weight': None}. Reason: Prior disabled.
WARNING: Skipping invalid 'MultiDiscreteConstraint' with arguments {'dense': False, 'ordered': False}. Reason: Prior disabled.
LengthConstraint: Sequences have minimum length 4.
                  Sequences have maximum length 30.
RepeatConstraint: [const] cannot occur more than 1 times.
RelationalConstraint: [exp] cannot be a child of [log].
InverseUnaryConstraint: RelationalConstraint: [log] cannot be a child of [exp].
TrigConstraint: [sin, cos] cannot be a descendant of [sin, cos].
ConstConstraint: [const] cannot be the only unique child of [sin, cos, log, exp, add, sub, mul, div].
NoInputsConstraint: Sequences contain at least one input variable Token.
UniformArityPrior: Activated.
SoftLengthPrior: No description available.
-- BUILDING PRIOR END ---------------

WARNING: max_length (64) will be overridden by value from LengthConstraint (30).
[00:00:00:16.60] Early stopping criteria met; breaking early.
Saving Hall of Fame to ./log/solver_ablationexperiments_1dpoisson_benchdata_nguyen-8_2025-03-30-105227/ssde_solver_ablationexperiments_1dpoisson_benchdata_nguyen-8_506_hof.csv
Saving Pareto Front to ./log/solver_ablationexperiments_1dpoisson_benchdata_nguyen-8_2025-03-30-105227/ssde_solver_ablationexperiments_1dpoisson_benchdata_nguyen-8_506_pf.csv
Invalid expressions: 3735 of 26394 (14.2%).
Error type counts:
  None: 3735 (100.0%)
Error node counts:
  None: 3735 (100.0%)
== TRAINING SEED 506 END ==============

== TRAINING SEED 504 START ============
-- BUILDING PRIOR START -------------
WARNING: Skipping invalid 'RelationalConstraint' with arguments {'targets': [], 'effectors': [], 'relationship': None}. Reason: Prior disabled.
WARNING: Skipping invalid 'DomainRangeConstraint' with arguments {}. Reason: Prior disabled.
WARNING: Skipping invalid 'LanguageModelPrior' with arguments {'weight': None}. Reason: Prior disabled.
WARNING: Skipping invalid 'MultiDiscreteConstraint' with arguments {'dense': False, 'ordered': False}. Reason: Prior disabled.
LengthConstraint: Sequences have minimum length 4.
                  Sequences have maximum length 30.
RepeatConstraint: [const] cannot occur more than 1 times.
RelationalConstraint: [exp] cannot be a child of [log].
InverseUnaryConstraint: RelationalConstraint: [log] cannot be a child of [exp].
TrigConstraint: [sin, cos] cannot be a descendant of [sin, cos].
ConstConstraint: [const] cannot be the only unique child of [sin, cos, log, exp, add, sub, mul, div].
NoInputsConstraint: Sequences contain at least one input variable Token.
UniformArityPrior: Activated.
SoftLengthPrior: No description available.
-- BUILDING PRIOR END ---------------

WARNING: max_length (64) will be overridden by value from LengthConstraint (30).
[00:00:00:18.52] Early stopping criteria met; breaking early.
Saving Hall of Fame to ./log/solver_ablationexperiments_1dpoisson_benchdata_nguyen-8_2025-03-30-105227/ssde_solver_ablationexperiments_1dpoisson_benchdata_nguyen-8_504_hof.csv
Saving Pareto Front to ./log/solver_ablationexperiments_1dpoisson_benchdata_nguyen-8_2025-03-30-105227/ssde_solver_ablationexperiments_1dpoisson_benchdata_nguyen-8_504_pf.csv
Invalid expressions: 4325 of 26412 (16.4%).
Error type counts:
  None: 4325 (100.0%)
Error node counts:
  None: 4325 (100.0%)
== TRAINING SEED 504 END ==============

== TRAINING SEED 513 START ============
-- BUILDING PRIOR START -------------
WARNING: Skipping invalid 'RelationalConstraint' with arguments {'targets': [], 'effectors': [], 'relationship': None}. Reason: Prior disabled.
WARNING: Skipping invalid 'DomainRangeConstraint' with arguments {}. Reason: Prior disabled.
WARNING: Skipping invalid 'LanguageModelPrior' with arguments {'weight': None}. Reason: Prior disabled.
WARNING: Skipping invalid 'MultiDiscreteConstraint' with arguments {'dense': False, 'ordered': False}. Reason: Prior disabled.
LengthConstraint: Sequences have minimum length 4.
                  Sequences have maximum length 30.
RepeatConstraint: [const] cannot occur more than 1 times.
RelationalConstraint: [exp] cannot be a child of [log].
InverseUnaryConstraint: RelationalConstraint: [log] cannot be a child of [exp].
TrigConstraint: [sin, cos] cannot be a descendant of [sin, cos].
ConstConstraint: [const] cannot be the only unique child of [sin, cos, log, exp, add, sub, mul, div].
NoInputsConstraint: Sequences contain at least one input variable Token.
UniformArityPrior: Activated.
SoftLengthPrior: No description available.
-- BUILDING PRIOR END ---------------

WARNING: max_length (64) will be overridden by value from LengthConstraint (30).
[00:00:00:23.91] Early stopping criteria met; breaking early.
Saving Hall of Fame to ./log/solver_ablationexperiments_1dpoisson_benchdata_nguyen-8_2025-03-30-105227/ssde_solver_ablationexperiments_1dpoisson_benchdata_nguyen-8_513_hof.csv
Saving Pareto Front to ./log/solver_ablationexperiments_1dpoisson_benchdata_nguyen-8_2025-03-30-105227/ssde_solver_ablationexperiments_1dpoisson_benchdata_nguyen-8_513_pf.csv
Invalid expressions: 3469 of 24001 (14.5%).
Error type counts:
  None: 3469 (100.0%)
Error node counts:
  None: 3469 (100.0%)
== TRAINING SEED 513 END ==============

== TRAINING SEED 505 START ============
-- BUILDING PRIOR START -------------
WARNING: Skipping invalid 'RelationalConstraint' with arguments {'targets': [], 'effectors': [], 'relationship': None}. Reason: Prior disabled.
WARNING: Skipping invalid 'DomainRangeConstraint' with arguments {}. Reason: Prior disabled.
WARNING: Skipping invalid 'LanguageModelPrior' with arguments {'weight': None}. Reason: Prior disabled.
WARNING: Skipping invalid 'MultiDiscreteConstraint' with arguments {'dense': False, 'ordered': False}. Reason: Prior disabled.
LengthConstraint: Sequences have minimum length 4.
                  Sequences have maximum length 30.
RepeatConstraint: [const] cannot occur more than 1 times.
RelationalConstraint: [exp] cannot be a child of [log].
InverseUnaryConstraint: RelationalConstraint: [log] cannot be a child of [exp].
TrigConstraint: [sin, cos] cannot be a descendant of [sin, cos].
ConstConstraint: [const] cannot be the only unique child of [sin, cos, log, exp, add, sub, mul, div].
NoInputsConstraint: Sequences contain at least one input variable Token.
UniformArityPrior: Activated.
SoftLengthPrior: No description available.
-- BUILDING PRIOR END ---------------

WARNING: max_length (64) will be overridden by value from LengthConstraint (30).
[00:00:00:18.91] Early stopping criteria met; breaking early.
Saving Hall of Fame to ./log/solver_ablationexperiments_1dpoisson_benchdata_nguyen-8_2025-03-30-105227/ssde_solver_ablationexperiments_1dpoisson_benchdata_nguyen-8_505_hof.csv
Saving Pareto Front to ./log/solver_ablationexperiments_1dpoisson_benchdata_nguyen-8_2025-03-30-105227/ssde_solver_ablationexperiments_1dpoisson_benchdata_nguyen-8_505_pf.csv
Invalid expressions: 4743 of 31220 (15.2%).
Error type counts:
  None: 4743 (100.0%)
Error node counts:
  None: 4743 (100.0%)
== TRAINING SEED 505 END ==============

== TRAINING SEED 514 START ============
-- BUILDING PRIOR START -------------
WARNING: Skipping invalid 'RelationalConstraint' with arguments {'targets': [], 'effectors': [], 'relationship': None}. Reason: Prior disabled.
WARNING: Skipping invalid 'DomainRangeConstraint' with arguments {}. Reason: Prior disabled.
WARNING: Skipping invalid 'LanguageModelPrior' with arguments {'weight': None}. Reason: Prior disabled.
WARNING: Skipping invalid 'MultiDiscreteConstraint' with arguments {'dense': False, 'ordered': False}. Reason: Prior disabled.
LengthConstraint: Sequences have minimum length 4.
                  Sequences have maximum length 30.
RepeatConstraint: [const] cannot occur more than 1 times.
RelationalConstraint: [exp] cannot be a child of [log].
InverseUnaryConstraint: RelationalConstraint: [log] cannot be a child of [exp].
TrigConstraint: [sin, cos] cannot be a descendant of [sin, cos].
ConstConstraint: [const] cannot be the only unique child of [sin, cos, log, exp, add, sub, mul, div].
NoInputsConstraint: Sequences contain at least one input variable Token.
UniformArityPrior: Activated.
SoftLengthPrior: No description available.
-- BUILDING PRIOR END ---------------

WARNING: max_length (64) will be overridden by value from LengthConstraint (30).
[00:00:00:17.05] Early stopping criteria met; breaking early.
Saving Hall of Fame to ./log/solver_ablationexperiments_1dpoisson_benchdata_nguyen-8_2025-03-30-105227/ssde_solver_ablationexperiments_1dpoisson_benchdata_nguyen-8_514_hof.csv
Saving Pareto Front to ./log/solver_ablationexperiments_1dpoisson_benchdata_nguyen-8_2025-03-30-105227/ssde_solver_ablationexperiments_1dpoisson_benchdata_nguyen-8_514_pf.csv
Invalid expressions: 5218 of 35978 (14.5%).
Error type counts:
  None: 5218 (100.0%)
Error node counts:
  None: 5218 (100.0%)
== TRAINING SEED 514 END ==============

== TRAINING SEED 518 START ============
-- BUILDING PRIOR START -------------
WARNING: Skipping invalid 'RelationalConstraint' with arguments {'targets': [], 'effectors': [], 'relationship': None}. Reason: Prior disabled.
WARNING: Skipping invalid 'DomainRangeConstraint' with arguments {}. Reason: Prior disabled.
WARNING: Skipping invalid 'LanguageModelPrior' with arguments {'weight': None}. Reason: Prior disabled.
WARNING: Skipping invalid 'MultiDiscreteConstraint' with arguments {'dense': False, 'ordered': False}. Reason: Prior disabled.
LengthConstraint: Sequences have minimum length 4.
                  Sequences have maximum length 30.
RepeatConstraint: [const] cannot occur more than 1 times.
RelationalConstraint: [exp] cannot be a child of [log].
InverseUnaryConstraint: RelationalConstraint: [log] cannot be a child of [exp].
TrigConstraint: [sin, cos] cannot be a descendant of [sin, cos].
ConstConstraint: [const] cannot be the only unique child of [sin, cos, log, exp, add, sub, mul, div].
NoInputsConstraint: Sequences contain at least one input variable Token.
UniformArityPrior: Activated.
SoftLengthPrior: No description available.
-- BUILDING PRIOR END ---------------

WARNING: max_length (64) will be overridden by value from LengthConstraint (30).
[00:00:00:17.18] Early stopping criteria met; breaking early.
Saving Hall of Fame to ./log/solver_ablationexperiments_1dpoisson_benchdata_nguyen-8_2025-03-30-105227/ssde_solver_ablationexperiments_1dpoisson_benchdata_nguyen-8_518_hof.csv
Saving Pareto Front to ./log/solver_ablationexperiments_1dpoisson_benchdata_nguyen-8_2025-03-30-105227/ssde_solver_ablationexperiments_1dpoisson_benchdata_nguyen-8_518_pf.csv
Invalid expressions: 5785 of 38376 (15.1%).
Error type counts:
  None: 5785 (100.0%)
Error node counts:
  None: 5785 (100.0%)
== TRAINING SEED 518 END ==============
INFO: Completed run 1 of 20 in 39 s
INFO: Completed run 2 of 20 in 45 s
INFO: Completed run 3 of 20 in 61 s
INFO: Completed run 4 of 20 in 64 s
INFO: Completed run 5 of 20 in 86 s
INFO: Completed run 6 of 20 in 93 s
INFO: Completed run 7 of 20 in 114 s
INFO: Completed run 8 of 20 in 135 s
INFO: Completed run 9 of 20 in 145 s
INFO: Completed run 10 of 20 in 157 s
INFO: Completed run 11 of 20 in 172 s
INFO: Completed run 12 of 20 in 172 s
INFO: Completed run 13 of 20 in 196 s
INFO: Completed run 14 of 20 in 239 s
INFO: Completed run 15 of 20 in 246 s
INFO: Completed run 16 of 20 in 273 s
INFO: Completed run 17 of 20 in 282 s
INFO: Completed run 18 of 20 in 317 s
INFO: Completed run 19 of 20 in 318 s
INFO: Completed run 20 of 20 in 421 s

== POST-PROCESS START =================
-- LOADING LOGS START ----------------
Successfully loaded summary data
Successfully loaded Hall of Fame data
Successfully loaded Pareto Front data
-- LOADING LOGS END ------------------

-- ANALYZING LOG START --------------
Task_____________solver
Source path______./log/solver_ablationexperiments_1dpoisson_benchdata_nguyen-8_2025-03-30-105227
Runs_____________20
Max Samples/run__2000000
Success_rate_____1.0
Hall of Fame (Top 5 of 2000)____
    0: S=502 R=1.000000 <-- x1**0.500000065875933
    1: S=502 R=1.000000 <-- x1**0.500000065875933
    2: S=502 R=1.000000 <-- x1**0.500000065875933
    3: S=502 R=1.000000 <-- x1**0.500000065875933
    4: S=502 R=1.000000 <-- x1**0.500000065875933
  Saving Hall of Fame plot to ./log/solver_ablationexperiments_1dpoisson_benchdata_nguyen-8_2025-03-30-105227/ssde_solver_ablationexperiments_1dpoisson_benchdata_nguyen-8_plot_hof.png
Pareto Front (5 of 10)____
    0: S=502 R=1.000000 C=22.00 <-- x1**0.500000065875933
    1: S=500 R=1.000000 C=19.00 <-- x1**0.5
    2: S=504 R=1.000000 C=18.00 <-- x1**0.5
    3: S=513 R=1.000000 C=16.00 <-- x1**0.5000002
    4: S=516 R=1.000000 C=15.00 <-- x1**0.5
  Saving Pareto Front plot to ./log/solver_ablationexperiments_1dpoisson_benchdata_nguyen-8_2025-03-30-105227/ssde_solver_ablationexperiments_1dpoisson_benchdata_nguyen-8_plot_pf.png
-- ANALYZING LOG END ----------------
== POST-PROCESS END ===================
