
== EXPERIMENT SETUP START ===========
Task type            : solver
Starting seed        : 500
Runs                 : 20
Additional context   :
      INFO: Replacing config seed 0 with command-line seed 500.
      INFO: Setting 'verbose' to False for parallelized run.
      INFO: Setting 'n_cores_batch' to 1 to avoid nested child processes.
      INFO: Setting 'parallel_eval' to 'False' as we are already parallelizing.
== EXPERIMENT SETUP END =============

== TRAINING SEED 509 START ============
-- BUILDING PRIOR START -------------
WARNING: Skipping invalid 'RelationalConstraint' with arguments {'targets': [], 'effectors': [], 'relationship': None}. Reason: Prior disabled.
WARNING: Skipping invalid 'DomainRangeConstraint' with arguments {}. Reason: Prior disabled.
WARNING: Skipping invalid 'LanguageModelPrior' with arguments {'weight': None}. Reason: Prior disabled.
WARNING: Skipping invalid 'MultiDiscreteConstraint' with arguments {'dense': False, 'ordered': False}. Reason: Prior disabled.
LengthConstraint: Sequences have minimum length 4.
                  Sequences have maximum length 30.
RepeatConstraint: [const] cannot occur more than 1 times.
RelationalConstraint: [exp] cannot be a child of [log].
InverseUnaryConstraint: RelationalConstraint: [log] cannot be a child of [exp].
TrigConstraint: [sin, cos] cannot be a descendant of [sin, cos].
ConstConstraint: [const] cannot be the only unique child of [sin, cos, log, exp, add, sub, mul, div].
NoInputsConstraint: Sequences contain at least one input variable Token.
UniformArityPrior: Activated.
SoftLengthPrior: No description available.
-- BUILDING PRIOR END ---------------

WARNING: max_length (64) will be overridden by value from LengthConstraint (30).
[00:00:00:23.72] Early stopping criteria met; breaking early.
Saving Hall of Fame to ./log/solver_ablationexperiments_1dpoisson_benchdata_nguyen-6_2025-03-29-142045/ssde_solver_ablationexperiments_1dpoisson_benchdata_nguyen-6_509_hof.csv
Saving Pareto Front to ./log/solver_ablationexperiments_1dpoisson_benchdata_nguyen-6_2025-03-29-142045/ssde_solver_ablationexperiments_1dpoisson_benchdata_nguyen-6_509_pf.csv
Invalid expressions: 490 of 2464 (19.9%).
Error type counts:
  None: 490 (100.0%)
Error node counts:
  None: 490 (100.0%)
== TRAINING SEED 509 END ==============

== TRAINING SEED 506 START ============
-- BUILDING PRIOR START -------------
WARNING: Skipping invalid 'RelationalConstraint' with arguments {'targets': [], 'effectors': [], 'relationship': None}. Reason: Prior disabled.
WARNING: Skipping invalid 'DomainRangeConstraint' with arguments {}. Reason: Prior disabled.
WARNING: Skipping invalid 'LanguageModelPrior' with arguments {'weight': None}. Reason: Prior disabled.
WARNING: Skipping invalid 'MultiDiscreteConstraint' with arguments {'dense': False, 'ordered': False}. Reason: Prior disabled.
LengthConstraint: Sequences have minimum length 4.
                  Sequences have maximum length 30.
RepeatConstraint: [const] cannot occur more than 1 times.
RelationalConstraint: [exp] cannot be a child of [log].
InverseUnaryConstraint: RelationalConstraint: [log] cannot be a child of [exp].
TrigConstraint: [sin, cos] cannot be a descendant of [sin, cos].
ConstConstraint: [const] cannot be the only unique child of [sin, cos, log, exp, add, sub, mul, div].
NoInputsConstraint: Sequences contain at least one input variable Token.
UniformArityPrior: Activated.
SoftLengthPrior: No description available.
-- BUILDING PRIOR END ---------------

WARNING: max_length (64) will be overridden by value from LengthConstraint (30).
[00:00:00:09.22] Early stopping criteria met; breaking early.
Saving Hall of Fame to ./log/solver_ablationexperiments_1dpoisson_benchdata_nguyen-6_2025-03-29-142045/ssde_solver_ablationexperiments_1dpoisson_benchdata_nguyen-6_506_hof.csv
Saving Pareto Front to ./log/solver_ablationexperiments_1dpoisson_benchdata_nguyen-6_2025-03-29-142045/ssde_solver_ablationexperiments_1dpoisson_benchdata_nguyen-6_506_pf.csv
Invalid expressions: 933 of 4761 (19.6%).
Error type counts:
  None: 933 (100.0%)
Error node counts:
  None: 933 (100.0%)
== TRAINING SEED 506 END ==============

== TRAINING SEED 513 START ============
-- BUILDING PRIOR START -------------
WARNING: Skipping invalid 'RelationalConstraint' with arguments {'targets': [], 'effectors': [], 'relationship': None}. Reason: Prior disabled.
WARNING: Skipping invalid 'DomainRangeConstraint' with arguments {}. Reason: Prior disabled.
WARNING: Skipping invalid 'LanguageModelPrior' with arguments {'weight': None}. Reason: Prior disabled.
WARNING: Skipping invalid 'MultiDiscreteConstraint' with arguments {'dense': False, 'ordered': False}. Reason: Prior disabled.
LengthConstraint: Sequences have minimum length 4.
                  Sequences have maximum length 30.
RepeatConstraint: [const] cannot occur more than 1 times.
RelationalConstraint: [exp] cannot be a child of [log].
InverseUnaryConstraint: RelationalConstraint: [log] cannot be a child of [exp].
TrigConstraint: [sin, cos] cannot be a descendant of [sin, cos].
ConstConstraint: [const] cannot be the only unique child of [sin, cos, log, exp, add, sub, mul, div].
NoInputsConstraint: Sequences contain at least one input variable Token.
UniformArityPrior: Activated.
SoftLengthPrior: No description available.
-- BUILDING PRIOR END ---------------

WARNING: max_length (64) will be overridden by value from LengthConstraint (30).
[00:00:00:10.65] Early stopping criteria met; breaking early.
Saving Hall of Fame to ./log/solver_ablationexperiments_1dpoisson_benchdata_nguyen-6_2025-03-29-142045/ssde_solver_ablationexperiments_1dpoisson_benchdata_nguyen-6_513_hof.csv
Saving Pareto Front to ./log/solver_ablationexperiments_1dpoisson_benchdata_nguyen-6_2025-03-29-142045/ssde_solver_ablationexperiments_1dpoisson_benchdata_nguyen-6_513_pf.csv
Invalid expressions: 1018 of 4760 (21.4%).
Error type counts:
  None: 1018 (100.0%)
Error node counts:
  None: 1018 (100.0%)
== TRAINING SEED 513 END ==============

== TRAINING SEED 507 START ============
-- BUILDING PRIOR START -------------
WARNING: Skipping invalid 'RelationalConstraint' with arguments {'targets': [], 'effectors': [], 'relationship': None}. Reason: Prior disabled.
WARNING: Skipping invalid 'DomainRangeConstraint' with arguments {}. Reason: Prior disabled.
WARNING: Skipping invalid 'LanguageModelPrior' with arguments {'weight': None}. Reason: Prior disabled.
WARNING: Skipping invalid 'MultiDiscreteConstraint' with arguments {'dense': False, 'ordered': False}. Reason: Prior disabled.
LengthConstraint: Sequences have minimum length 4.
                  Sequences have maximum length 30.
RepeatConstraint: [const] cannot occur more than 1 times.
RelationalConstraint: [exp] cannot be a child of [log].
InverseUnaryConstraint: RelationalConstraint: [log] cannot be a child of [exp].
TrigConstraint: [sin, cos] cannot be a descendant of [sin, cos].
ConstConstraint: [const] cannot be the only unique child of [sin, cos, log, exp, add, sub, mul, div].
NoInputsConstraint: Sequences contain at least one input variable Token.
UniformArityPrior: Activated.
SoftLengthPrior: No description available.
-- BUILDING PRIOR END ---------------

WARNING: max_length (64) will be overridden by value from LengthConstraint (30).
[00:00:00:16.66] Early stopping criteria met; breaking early.
Saving Hall of Fame to ./log/solver_ablationexperiments_1dpoisson_benchdata_nguyen-6_2025-03-29-142045/ssde_solver_ablationexperiments_1dpoisson_benchdata_nguyen-6_507_hof.csv
Saving Pareto Front to ./log/solver_ablationexperiments_1dpoisson_benchdata_nguyen-6_2025-03-29-142045/ssde_solver_ablationexperiments_1dpoisson_benchdata_nguyen-6_507_pf.csv
Invalid expressions: 1100 of 4826 (22.8%).
Error type counts:
  None: 1100 (100.0%)
Error node counts:
  None: 1100 (100.0%)
== TRAINING SEED 507 END ==============

== TRAINING SEED 519 START ============
-- BUILDING PRIOR START -------------
WARNING: Skipping invalid 'RelationalConstraint' with arguments {'targets': [], 'effectors': [], 'relationship': None}. Reason: Prior disabled.
WARNING: Skipping invalid 'DomainRangeConstraint' with arguments {}. Reason: Prior disabled.
WARNING: Skipping invalid 'LanguageModelPrior' with arguments {'weight': None}. Reason: Prior disabled.
WARNING: Skipping invalid 'MultiDiscreteConstraint' with arguments {'dense': False, 'ordered': False}. Reason: Prior disabled.
LengthConstraint: Sequences have minimum length 4.
                  Sequences have maximum length 30.
RepeatConstraint: [const] cannot occur more than 1 times.
RelationalConstraint: [exp] cannot be a child of [log].
InverseUnaryConstraint: RelationalConstraint: [log] cannot be a child of [exp].
TrigConstraint: [sin, cos] cannot be a descendant of [sin, cos].
ConstConstraint: [const] cannot be the only unique child of [sin, cos, log, exp, add, sub, mul, div].
NoInputsConstraint: Sequences contain at least one input variable Token.
UniformArityPrior: Activated.
SoftLengthPrior: No description available.
-- BUILDING PRIOR END ---------------

WARNING: max_length (64) will be overridden by value from LengthConstraint (30).
[00:00:00:09.24] Early stopping criteria met; breaking early.
Saving Hall of Fame to ./log/solver_ablationexperiments_1dpoisson_benchdata_nguyen-6_2025-03-29-142045/ssde_solver_ablationexperiments_1dpoisson_benchdata_nguyen-6_519_hof.csv
Saving Pareto Front to ./log/solver_ablationexperiments_1dpoisson_benchdata_nguyen-6_2025-03-29-142045/ssde_solver_ablationexperiments_1dpoisson_benchdata_nguyen-6_519_pf.csv
Invalid expressions: 1530 of 7206 (21.2%).
Error type counts:
  None: 1530 (100.0%)
Error node counts:
  None: 1530 (100.0%)
== TRAINING SEED 519 END ==============

== TRAINING SEED 514 START ============
-- BUILDING PRIOR START -------------
WARNING: Skipping invalid 'RelationalConstraint' with arguments {'targets': [], 'effectors': [], 'relationship': None}. Reason: Prior disabled.
WARNING: Skipping invalid 'DomainRangeConstraint' with arguments {}. Reason: Prior disabled.
WARNING: Skipping invalid 'LanguageModelPrior' with arguments {'weight': None}. Reason: Prior disabled.
WARNING: Skipping invalid 'MultiDiscreteConstraint' with arguments {'dense': False, 'ordered': False}. Reason: Prior disabled.
LengthConstraint: Sequences have minimum length 4.
                  Sequences have maximum length 30.
RepeatConstraint: [const] cannot occur more than 1 times.
RelationalConstraint: [exp] cannot be a child of [log].
InverseUnaryConstraint: RelationalConstraint: [log] cannot be a child of [exp].
TrigConstraint: [sin, cos] cannot be a descendant of [sin, cos].
ConstConstraint: [const] cannot be the only unique child of [sin, cos, log, exp, add, sub, mul, div].
NoInputsConstraint: Sequences contain at least one input variable Token.
UniformArityPrior: Activated.
SoftLengthPrior: No description available.
-- BUILDING PRIOR END ---------------

WARNING: max_length (64) will be overridden by value from LengthConstraint (30).
[00:00:00:09.36] Early stopping criteria met; breaking early.
Saving Hall of Fame to ./log/solver_ablationexperiments_1dpoisson_benchdata_nguyen-6_2025-03-29-142045/ssde_solver_ablationexperiments_1dpoisson_benchdata_nguyen-6_514_hof.csv
Saving Pareto Front to ./log/solver_ablationexperiments_1dpoisson_benchdata_nguyen-6_2025-03-29-142045/ssde_solver_ablationexperiments_1dpoisson_benchdata_nguyen-6_514_pf.csv
Invalid expressions: 2174 of 9556 (22.8%).
Error type counts:
  None: 2174 (100.0%)
Error node counts:
  None: 2174 (100.0%)
== TRAINING SEED 514 END ==============

== TRAINING SEED 510 START ============
-- BUILDING PRIOR START -------------
WARNING: Skipping invalid 'RelationalConstraint' with arguments {'targets': [], 'effectors': [], 'relationship': None}. Reason: Prior disabled.
WARNING: Skipping invalid 'DomainRangeConstraint' with arguments {}. Reason: Prior disabled.
WARNING: Skipping invalid 'LanguageModelPrior' with arguments {'weight': None}. Reason: Prior disabled.
WARNING: Skipping invalid 'MultiDiscreteConstraint' with arguments {'dense': False, 'ordered': False}. Reason: Prior disabled.
LengthConstraint: Sequences have minimum length 4.
                  Sequences have maximum length 30.
RepeatConstraint: [const] cannot occur more than 1 times.
RelationalConstraint: [exp] cannot be a child of [log].
InverseUnaryConstraint: RelationalConstraint: [log] cannot be a child of [exp].
TrigConstraint: [sin, cos] cannot be a descendant of [sin, cos].
ConstConstraint: [const] cannot be the only unique child of [sin, cos, log, exp, add, sub, mul, div].
NoInputsConstraint: Sequences contain at least one input variable Token.
UniformArityPrior: Activated.
SoftLengthPrior: No description available.
-- BUILDING PRIOR END ---------------

WARNING: max_length (64) will be overridden by value from LengthConstraint (30).
[00:00:00:10.12] Early stopping criteria met; breaking early.
Saving Hall of Fame to ./log/solver_ablationexperiments_1dpoisson_benchdata_nguyen-6_2025-03-29-142045/ssde_solver_ablationexperiments_1dpoisson_benchdata_nguyen-6_510_hof.csv
Saving Pareto Front to ./log/solver_ablationexperiments_1dpoisson_benchdata_nguyen-6_2025-03-29-142045/ssde_solver_ablationexperiments_1dpoisson_benchdata_nguyen-6_510_pf.csv
Invalid expressions: 1484 of 7290 (20.4%).
Error type counts:
  None: 1484 (100.0%)
Error node counts:
  None: 1484 (100.0%)
== TRAINING SEED 510 END ==============

== TRAINING SEED 504 START ============
-- BUILDING PRIOR START -------------
WARNING: Skipping invalid 'RelationalConstraint' with arguments {'targets': [], 'effectors': [], 'relationship': None}. Reason: Prior disabled.
WARNING: Skipping invalid 'DomainRangeConstraint' with arguments {}. Reason: Prior disabled.
WARNING: Skipping invalid 'LanguageModelPrior' with arguments {'weight': None}. Reason: Prior disabled.
WARNING: Skipping invalid 'MultiDiscreteConstraint' with arguments {'dense': False, 'ordered': False}. Reason: Prior disabled.
LengthConstraint: Sequences have minimum length 4.
                  Sequences have maximum length 30.
RepeatConstraint: [const] cannot occur more than 1 times.
RelationalConstraint: [exp] cannot be a child of [log].
InverseUnaryConstraint: RelationalConstraint: [log] cannot be a child of [exp].
TrigConstraint: [sin, cos] cannot be a descendant of [sin, cos].
ConstConstraint: [const] cannot be the only unique child of [sin, cos, log, exp, add, sub, mul, div].
NoInputsConstraint: Sequences contain at least one input variable Token.
UniformArityPrior: Activated.
SoftLengthPrior: No description available.
-- BUILDING PRIOR END ---------------

WARNING: max_length (64) will be overridden by value from LengthConstraint (30).
[00:00:00:12.61] Early stopping criteria met; breaking early.
Saving Hall of Fame to ./log/solver_ablationexperiments_1dpoisson_benchdata_nguyen-6_2025-03-29-142045/ssde_solver_ablationexperiments_1dpoisson_benchdata_nguyen-6_504_hof.csv
Saving Pareto Front to ./log/solver_ablationexperiments_1dpoisson_benchdata_nguyen-6_2025-03-29-142045/ssde_solver_ablationexperiments_1dpoisson_benchdata_nguyen-6_504_pf.csv
Invalid expressions: 2075 of 9641 (21.5%).
Error type counts:
  None: 2075 (100.0%)
Error node counts:
  None: 2075 (100.0%)
== TRAINING SEED 504 END ==============

== TRAINING SEED 502 START ============
-- BUILDING PRIOR START -------------
WARNING: Skipping invalid 'RelationalConstraint' with arguments {'targets': [], 'effectors': [], 'relationship': None}. Reason: Prior disabled.
WARNING: Skipping invalid 'DomainRangeConstraint' with arguments {}. Reason: Prior disabled.
WARNING: Skipping invalid 'LanguageModelPrior' with arguments {'weight': None}. Reason: Prior disabled.
WARNING: Skipping invalid 'MultiDiscreteConstraint' with arguments {'dense': False, 'ordered': False}. Reason: Prior disabled.
LengthConstraint: Sequences have minimum length 4.
                  Sequences have maximum length 30.
RepeatConstraint: [const] cannot occur more than 1 times.
RelationalConstraint: [exp] cannot be a child of [log].
InverseUnaryConstraint: RelationalConstraint: [log] cannot be a child of [exp].
TrigConstraint: [sin, cos] cannot be a descendant of [sin, cos].
ConstConstraint: [const] cannot be the only unique child of [sin, cos, log, exp, add, sub, mul, div].
NoInputsConstraint: Sequences contain at least one input variable Token.
UniformArityPrior: Activated.
SoftLengthPrior: No description available.
-- BUILDING PRIOR END ---------------

WARNING: max_length (64) will be overridden by value from LengthConstraint (30).
[00:00:00:10.83] Early stopping criteria met; breaking early.
Saving Hall of Fame to ./log/solver_ablationexperiments_1dpoisson_benchdata_nguyen-6_2025-03-29-142045/ssde_solver_ablationexperiments_1dpoisson_benchdata_nguyen-6_502_hof.csv
Saving Pareto Front to ./log/solver_ablationexperiments_1dpoisson_benchdata_nguyen-6_2025-03-29-142045/ssde_solver_ablationexperiments_1dpoisson_benchdata_nguyen-6_502_pf.csv
Invalid expressions: 2094 of 9626 (21.8%).
Error type counts:
  None: 2094 (100.0%)
Error node counts:
  None: 2094 (100.0%)
== TRAINING SEED 502 END ==============

== TRAINING SEED 511 START ============
-- BUILDING PRIOR START -------------
WARNING: Skipping invalid 'RelationalConstraint' with arguments {'targets': [], 'effectors': [], 'relationship': None}. Reason: Prior disabled.
WARNING: Skipping invalid 'DomainRangeConstraint' with arguments {}. Reason: Prior disabled.
WARNING: Skipping invalid 'LanguageModelPrior' with arguments {'weight': None}. Reason: Prior disabled.
WARNING: Skipping invalid 'MultiDiscreteConstraint' with arguments {'dense': False, 'ordered': False}. Reason: Prior disabled.
LengthConstraint: Sequences have minimum length 4.
                  Sequences have maximum length 30.
RepeatConstraint: [const] cannot occur more than 1 times.
RelationalConstraint: [exp] cannot be a child of [log].
InverseUnaryConstraint: RelationalConstraint: [log] cannot be a child of [exp].
TrigConstraint: [sin, cos] cannot be a descendant of [sin, cos].
ConstConstraint: [const] cannot be the only unique child of [sin, cos, log, exp, add, sub, mul, div].
NoInputsConstraint: Sequences contain at least one input variable Token.
UniformArityPrior: Activated.
SoftLengthPrior: No description available.
-- BUILDING PRIOR END ---------------

WARNING: max_length (64) will be overridden by value from LengthConstraint (30).
[00:00:00:11.64] Early stopping criteria met; breaking early.
Saving Hall of Fame to ./log/solver_ablationexperiments_1dpoisson_benchdata_nguyen-6_2025-03-29-142045/ssde_solver_ablationexperiments_1dpoisson_benchdata_nguyen-6_511_hof.csv
Saving Pareto Front to ./log/solver_ablationexperiments_1dpoisson_benchdata_nguyen-6_2025-03-29-142045/ssde_solver_ablationexperiments_1dpoisson_benchdata_nguyen-6_511_pf.csv
Invalid expressions: 2692 of 12080 (22.3%).
Error type counts:
  None: 2692 (100.0%)
Error node counts:
  None: 2692 (100.0%)
== TRAINING SEED 511 END ==============

== TRAINING SEED 500 START ============
-- BUILDING PRIOR START -------------
WARNING: Skipping invalid 'RelationalConstraint' with arguments {'targets': [], 'effectors': [], 'relationship': None}. Reason: Prior disabled.
WARNING: Skipping invalid 'DomainRangeConstraint' with arguments {}. Reason: Prior disabled.
WARNING: Skipping invalid 'LanguageModelPrior' with arguments {'weight': None}. Reason: Prior disabled.
WARNING: Skipping invalid 'MultiDiscreteConstraint' with arguments {'dense': False, 'ordered': False}. Reason: Prior disabled.
LengthConstraint: Sequences have minimum length 4.
                  Sequences have maximum length 30.
RepeatConstraint: [const] cannot occur more than 1 times.
RelationalConstraint: [exp] cannot be a child of [log].
InverseUnaryConstraint: RelationalConstraint: [log] cannot be a child of [exp].
TrigConstraint: [sin, cos] cannot be a descendant of [sin, cos].
ConstConstraint: [const] cannot be the only unique child of [sin, cos, log, exp, add, sub, mul, div].
NoInputsConstraint: Sequences contain at least one input variable Token.
UniformArityPrior: Activated.
SoftLengthPrior: No description available.
-- BUILDING PRIOR END ---------------

WARNING: max_length (64) will be overridden by value from LengthConstraint (30).
[00:00:00:09.42] Early stopping criteria met; breaking early.
Saving Hall of Fame to ./log/solver_ablationexperiments_1dpoisson_benchdata_nguyen-6_2025-03-29-142045/ssde_solver_ablationexperiments_1dpoisson_benchdata_nguyen-6_500_hof.csv
Saving Pareto Front to ./log/solver_ablationexperiments_1dpoisson_benchdata_nguyen-6_2025-03-29-142045/ssde_solver_ablationexperiments_1dpoisson_benchdata_nguyen-6_500_pf.csv
Invalid expressions: 3011 of 14370 (21.0%).
Error type counts:
  None: 3011 (100.0%)
Error node counts:
  None: 3011 (100.0%)
== TRAINING SEED 500 END ==============

== TRAINING SEED 505 START ============
-- BUILDING PRIOR START -------------
WARNING: Skipping invalid 'RelationalConstraint' with arguments {'targets': [], 'effectors': [], 'relationship': None}. Reason: Prior disabled.
WARNING: Skipping invalid 'DomainRangeConstraint' with arguments {}. Reason: Prior disabled.
WARNING: Skipping invalid 'LanguageModelPrior' with arguments {'weight': None}. Reason: Prior disabled.
WARNING: Skipping invalid 'MultiDiscreteConstraint' with arguments {'dense': False, 'ordered': False}. Reason: Prior disabled.
LengthConstraint: Sequences have minimum length 4.
                  Sequences have maximum length 30.
RepeatConstraint: [const] cannot occur more than 1 times.
RelationalConstraint: [exp] cannot be a child of [log].
InverseUnaryConstraint: RelationalConstraint: [log] cannot be a child of [exp].
TrigConstraint: [sin, cos] cannot be a descendant of [sin, cos].
ConstConstraint: [const] cannot be the only unique child of [sin, cos, log, exp, add, sub, mul, div].
NoInputsConstraint: Sequences contain at least one input variable Token.
UniformArityPrior: Activated.
SoftLengthPrior: No description available.
-- BUILDING PRIOR END ---------------

WARNING: max_length (64) will be overridden by value from LengthConstraint (30).
[00:00:00:08.92] Early stopping criteria met; breaking early.
Saving Hall of Fame to ./log/solver_ablationexperiments_1dpoisson_benchdata_nguyen-6_2025-03-29-142045/ssde_solver_ablationexperiments_1dpoisson_benchdata_nguyen-6_505_hof.csv
Saving Pareto Front to ./log/solver_ablationexperiments_1dpoisson_benchdata_nguyen-6_2025-03-29-142045/ssde_solver_ablationexperiments_1dpoisson_benchdata_nguyen-6_505_pf.csv
Invalid expressions: 2579 of 12019 (21.5%).
Error type counts:
  None: 2579 (100.0%)
Error node counts:
  None: 2579 (100.0%)
== TRAINING SEED 505 END ==============

== TRAINING SEED 516 START ============
-- BUILDING PRIOR START -------------
WARNING: Skipping invalid 'RelationalConstraint' with arguments {'targets': [], 'effectors': [], 'relationship': None}. Reason: Prior disabled.
WARNING: Skipping invalid 'DomainRangeConstraint' with arguments {}. Reason: Prior disabled.
WARNING: Skipping invalid 'LanguageModelPrior' with arguments {'weight': None}. Reason: Prior disabled.
WARNING: Skipping invalid 'MultiDiscreteConstraint' with arguments {'dense': False, 'ordered': False}. Reason: Prior disabled.
LengthConstraint: Sequences have minimum length 4.
                  Sequences have maximum length 30.
RepeatConstraint: [const] cannot occur more than 1 times.
RelationalConstraint: [exp] cannot be a child of [log].
InverseUnaryConstraint: RelationalConstraint: [log] cannot be a child of [exp].
TrigConstraint: [sin, cos] cannot be a descendant of [sin, cos].
ConstConstraint: [const] cannot be the only unique child of [sin, cos, log, exp, add, sub, mul, div].
NoInputsConstraint: Sequences contain at least one input variable Token.
UniformArityPrior: Activated.
SoftLengthPrior: No description available.
-- BUILDING PRIOR END ---------------

WARNING: max_length (64) will be overridden by value from LengthConstraint (30).
[00:00:00:11.65] Early stopping criteria met; breaking early.
Saving Hall of Fame to ./log/solver_ablationexperiments_1dpoisson_benchdata_nguyen-6_2025-03-29-142045/ssde_solver_ablationexperiments_1dpoisson_benchdata_nguyen-6_516_hof.csv
Saving Pareto Front to ./log/solver_ablationexperiments_1dpoisson_benchdata_nguyen-6_2025-03-29-142045/ssde_solver_ablationexperiments_1dpoisson_benchdata_nguyen-6_516_pf.csv
Invalid expressions: 2576 of 11935 (21.6%).
Error type counts:
  None: 2576 (100.0%)
Error node counts:
  None: 2576 (100.0%)
== TRAINING SEED 516 END ==============

== TRAINING SEED 515 START ============
-- BUILDING PRIOR START -------------
WARNING: Skipping invalid 'RelationalConstraint' with arguments {'targets': [], 'effectors': [], 'relationship': None}. Reason: Prior disabled.
WARNING: Skipping invalid 'DomainRangeConstraint' with arguments {}. Reason: Prior disabled.
WARNING: Skipping invalid 'LanguageModelPrior' with arguments {'weight': None}. Reason: Prior disabled.
WARNING: Skipping invalid 'MultiDiscreteConstraint' with arguments {'dense': False, 'ordered': False}. Reason: Prior disabled.
LengthConstraint: Sequences have minimum length 4.
                  Sequences have maximum length 30.
RepeatConstraint: [const] cannot occur more than 1 times.
RelationalConstraint: [exp] cannot be a child of [log].
InverseUnaryConstraint: RelationalConstraint: [log] cannot be a child of [exp].
TrigConstraint: [sin, cos] cannot be a descendant of [sin, cos].
ConstConstraint: [const] cannot be the only unique child of [sin, cos, log, exp, add, sub, mul, div].
NoInputsConstraint: Sequences contain at least one input variable Token.
UniformArityPrior: Activated.
SoftLengthPrior: No description available.
-- BUILDING PRIOR END ---------------

WARNING: max_length (64) will be overridden by value from LengthConstraint (30).
[00:00:00:10.20] Early stopping criteria met; breaking early.
Saving Hall of Fame to ./log/solver_ablationexperiments_1dpoisson_benchdata_nguyen-6_2025-03-29-142045/ssde_solver_ablationexperiments_1dpoisson_benchdata_nguyen-6_515_hof.csv
Saving Pareto Front to ./log/solver_ablationexperiments_1dpoisson_benchdata_nguyen-6_2025-03-29-142045/ssde_solver_ablationexperiments_1dpoisson_benchdata_nguyen-6_515_pf.csv
Invalid expressions: 3001 of 14443 (20.8%).
Error type counts:
  None: 3001 (100.0%)
Error node counts:
  None: 3001 (100.0%)
== TRAINING SEED 515 END ==============

== TRAINING SEED 518 START ============
-- BUILDING PRIOR START -------------
WARNING: Skipping invalid 'RelationalConstraint' with arguments {'targets': [], 'effectors': [], 'relationship': None}. Reason: Prior disabled.
WARNING: Skipping invalid 'DomainRangeConstraint' with arguments {}. Reason: Prior disabled.
WARNING: Skipping invalid 'LanguageModelPrior' with arguments {'weight': None}. Reason: Prior disabled.
WARNING: Skipping invalid 'MultiDiscreteConstraint' with arguments {'dense': False, 'ordered': False}. Reason: Prior disabled.
LengthConstraint: Sequences have minimum length 4.
                  Sequences have maximum length 30.
RepeatConstraint: [const] cannot occur more than 1 times.
RelationalConstraint: [exp] cannot be a child of [log].
InverseUnaryConstraint: RelationalConstraint: [log] cannot be a child of [exp].
TrigConstraint: [sin, cos] cannot be a descendant of [sin, cos].
ConstConstraint: [const] cannot be the only unique child of [sin, cos, log, exp, add, sub, mul, div].
NoInputsConstraint: Sequences contain at least one input variable Token.
UniformArityPrior: Activated.
SoftLengthPrior: No description available.
-- BUILDING PRIOR END ---------------

WARNING: max_length (64) will be overridden by value from LengthConstraint (30).
[00:00:00:11.48] Early stopping criteria met; breaking early.
Saving Hall of Fame to ./log/solver_ablationexperiments_1dpoisson_benchdata_nguyen-6_2025-03-29-142045/ssde_solver_ablationexperiments_1dpoisson_benchdata_nguyen-6_518_hof.csv
Saving Pareto Front to ./log/solver_ablationexperiments_1dpoisson_benchdata_nguyen-6_2025-03-29-142045/ssde_solver_ablationexperiments_1dpoisson_benchdata_nguyen-6_518_pf.csv
Invalid expressions: 3733 of 16814 (22.2%).
Error type counts:
  None: 3733 (100.0%)
Error node counts:
  None: 3733 (100.0%)
== TRAINING SEED 518 END ==============

== TRAINING SEED 512 START ============
-- BUILDING PRIOR START -------------
WARNING: Skipping invalid 'RelationalConstraint' with arguments {'targets': [], 'effectors': [], 'relationship': None}. Reason: Prior disabled.
WARNING: Skipping invalid 'DomainRangeConstraint' with arguments {}. Reason: Prior disabled.
WARNING: Skipping invalid 'LanguageModelPrior' with arguments {'weight': None}. Reason: Prior disabled.
WARNING: Skipping invalid 'MultiDiscreteConstraint' with arguments {'dense': False, 'ordered': False}. Reason: Prior disabled.
LengthConstraint: Sequences have minimum length 4.
                  Sequences have maximum length 30.
RepeatConstraint: [const] cannot occur more than 1 times.
RelationalConstraint: [exp] cannot be a child of [log].
InverseUnaryConstraint: RelationalConstraint: [log] cannot be a child of [exp].
TrigConstraint: [sin, cos] cannot be a descendant of [sin, cos].
ConstConstraint: [const] cannot be the only unique child of [sin, cos, log, exp, add, sub, mul, div].
NoInputsConstraint: Sequences contain at least one input variable Token.
UniformArityPrior: Activated.
SoftLengthPrior: No description available.
-- BUILDING PRIOR END ---------------

WARNING: max_length (64) will be overridden by value from LengthConstraint (30).
[00:00:00:16.92] Early stopping criteria met; breaking early.
Saving Hall of Fame to ./log/solver_ablationexperiments_1dpoisson_benchdata_nguyen-6_2025-03-29-142045/ssde_solver_ablationexperiments_1dpoisson_benchdata_nguyen-6_512_hof.csv
Saving Pareto Front to ./log/solver_ablationexperiments_1dpoisson_benchdata_nguyen-6_2025-03-29-142045/ssde_solver_ablationexperiments_1dpoisson_benchdata_nguyen-6_512_pf.csv
Invalid expressions: 3996 of 19242 (20.8%).
Error type counts:
  None: 3996 (100.0%)
Error node counts:
  None: 3996 (100.0%)
== TRAINING SEED 512 END ==============

== TRAINING SEED 508 START ============
-- BUILDING PRIOR START -------------
WARNING: Skipping invalid 'RelationalConstraint' with arguments {'targets': [], 'effectors': [], 'relationship': None}. Reason: Prior disabled.
WARNING: Skipping invalid 'DomainRangeConstraint' with arguments {}. Reason: Prior disabled.
WARNING: Skipping invalid 'LanguageModelPrior' with arguments {'weight': None}. Reason: Prior disabled.
WARNING: Skipping invalid 'MultiDiscreteConstraint' with arguments {'dense': False, 'ordered': False}. Reason: Prior disabled.
LengthConstraint: Sequences have minimum length 4.
                  Sequences have maximum length 30.
RepeatConstraint: [const] cannot occur more than 1 times.
RelationalConstraint: [exp] cannot be a child of [log].
InverseUnaryConstraint: RelationalConstraint: [log] cannot be a child of [exp].
TrigConstraint: [sin, cos] cannot be a descendant of [sin, cos].
ConstConstraint: [const] cannot be the only unique child of [sin, cos, log, exp, add, sub, mul, div].
NoInputsConstraint: Sequences contain at least one input variable Token.
UniformArityPrior: Activated.
SoftLengthPrior: No description available.
-- BUILDING PRIOR END ---------------

WARNING: max_length (64) will be overridden by value from LengthConstraint (30).
[00:00:00:13.14] Early stopping criteria met; breaking early.
Saving Hall of Fame to ./log/solver_ablationexperiments_1dpoisson_benchdata_nguyen-6_2025-03-29-142045/ssde_solver_ablationexperiments_1dpoisson_benchdata_nguyen-6_508_hof.csv
Saving Pareto Front to ./log/solver_ablationexperiments_1dpoisson_benchdata_nguyen-6_2025-03-29-142045/ssde_solver_ablationexperiments_1dpoisson_benchdata_nguyen-6_508_pf.csv
Invalid expressions: 4232 of 19305 (21.9%).
Error type counts:
  None: 4232 (100.0%)
Error node counts:
  None: 4232 (100.0%)
== TRAINING SEED 508 END ==============

== TRAINING SEED 501 START ============
-- BUILDING PRIOR START -------------
WARNING: Skipping invalid 'RelationalConstraint' with arguments {'targets': [], 'effectors': [], 'relationship': None}. Reason: Prior disabled.
WARNING: Skipping invalid 'DomainRangeConstraint' with arguments {}. Reason: Prior disabled.
WARNING: Skipping invalid 'LanguageModelPrior' with arguments {'weight': None}. Reason: Prior disabled.
WARNING: Skipping invalid 'MultiDiscreteConstraint' with arguments {'dense': False, 'ordered': False}. Reason: Prior disabled.
LengthConstraint: Sequences have minimum length 4.
                  Sequences have maximum length 30.
RepeatConstraint: [const] cannot occur more than 1 times.
RelationalConstraint: [exp] cannot be a child of [log].
InverseUnaryConstraint: RelationalConstraint: [log] cannot be a child of [exp].
TrigConstraint: [sin, cos] cannot be a descendant of [sin, cos].
ConstConstraint: [const] cannot be the only unique child of [sin, cos, log, exp, add, sub, mul, div].
NoInputsConstraint: Sequences contain at least one input variable Token.
UniformArityPrior: Activated.
SoftLengthPrior: No description available.
-- BUILDING PRIOR END ---------------

WARNING: max_length (64) will be overridden by value from LengthConstraint (30).
[00:00:00:10.59] Early stopping criteria met; breaking early.
Saving Hall of Fame to ./log/solver_ablationexperiments_1dpoisson_benchdata_nguyen-6_2025-03-29-142045/ssde_solver_ablationexperiments_1dpoisson_benchdata_nguyen-6_501_hof.csv
Saving Pareto Front to ./log/solver_ablationexperiments_1dpoisson_benchdata_nguyen-6_2025-03-29-142045/ssde_solver_ablationexperiments_1dpoisson_benchdata_nguyen-6_501_pf.csv
Invalid expressions: 5625 of 26383 (21.3%).
Error type counts:
  None: 5625 (100.0%)
Error node counts:
  None: 5625 (100.0%)
== TRAINING SEED 501 END ==============

== TRAINING SEED 517 START ============
-- BUILDING PRIOR START -------------
WARNING: Skipping invalid 'RelationalConstraint' with arguments {'targets': [], 'effectors': [], 'relationship': None}. Reason: Prior disabled.
WARNING: Skipping invalid 'DomainRangeConstraint' with arguments {}. Reason: Prior disabled.
WARNING: Skipping invalid 'LanguageModelPrior' with arguments {'weight': None}. Reason: Prior disabled.
WARNING: Skipping invalid 'MultiDiscreteConstraint' with arguments {'dense': False, 'ordered': False}. Reason: Prior disabled.
LengthConstraint: Sequences have minimum length 4.
                  Sequences have maximum length 30.
RepeatConstraint: [const] cannot occur more than 1 times.
RelationalConstraint: [exp] cannot be a child of [log].
InverseUnaryConstraint: RelationalConstraint: [log] cannot be a child of [exp].
TrigConstraint: [sin, cos] cannot be a descendant of [sin, cos].
ConstConstraint: [const] cannot be the only unique child of [sin, cos, log, exp, add, sub, mul, div].
NoInputsConstraint: Sequences contain at least one input variable Token.
UniformArityPrior: Activated.
SoftLengthPrior: No description available.
-- BUILDING PRIOR END ---------------

WARNING: max_length (64) will be overridden by value from LengthConstraint (30).
[00:00:00:10.03] Early stopping criteria met; breaking early.
Saving Hall of Fame to ./log/solver_ablationexperiments_1dpoisson_benchdata_nguyen-6_2025-03-29-142045/ssde_solver_ablationexperiments_1dpoisson_benchdata_nguyen-6_517_hof.csv
Saving Pareto Front to ./log/solver_ablationexperiments_1dpoisson_benchdata_nguyen-6_2025-03-29-142045/ssde_solver_ablationexperiments_1dpoisson_benchdata_nguyen-6_517_pf.csv
Invalid expressions: 6879 of 33544 (20.5%).
Error type counts:
  None: 6879 (100.0%)
Error node counts:
  None: 6879 (100.0%)
== TRAINING SEED 517 END ==============

== TRAINING SEED 503 START ============
-- BUILDING PRIOR START -------------
WARNING: Skipping invalid 'RelationalConstraint' with arguments {'targets': [], 'effectors': [], 'relationship': None}. Reason: Prior disabled.
WARNING: Skipping invalid 'DomainRangeConstraint' with arguments {}. Reason: Prior disabled.
WARNING: Skipping invalid 'LanguageModelPrior' with arguments {'weight': None}. Reason: Prior disabled.
WARNING: Skipping invalid 'MultiDiscreteConstraint' with arguments {'dense': False, 'ordered': False}. Reason: Prior disabled.
LengthConstraint: Sequences have minimum length 4.
                  Sequences have maximum length 30.
RepeatConstraint: [const] cannot occur more than 1 times.
RelationalConstraint: [exp] cannot be a child of [log].
InverseUnaryConstraint: RelationalConstraint: [log] cannot be a child of [exp].
TrigConstraint: [sin, cos] cannot be a descendant of [sin, cos].
ConstConstraint: [const] cannot be the only unique child of [sin, cos, log, exp, add, sub, mul, div].
NoInputsConstraint: Sequences contain at least one input variable Token.
UniformArityPrior: Activated.
SoftLengthPrior: No description available.
-- BUILDING PRIOR END ---------------

WARNING: max_length (64) will be overridden by value from LengthConstraint (30).
[00:00:00:14.24] Early stopping criteria met; breaking early.
Saving Hall of Fame to ./log/solver_ablationexperiments_1dpoisson_benchdata_nguyen-6_2025-03-29-142045/ssde_solver_ablationexperiments_1dpoisson_benchdata_nguyen-6_503_hof.csv
Saving Pareto Front to ./log/solver_ablationexperiments_1dpoisson_benchdata_nguyen-6_2025-03-29-142045/ssde_solver_ablationexperiments_1dpoisson_benchdata_nguyen-6_503_pf.csv
Invalid expressions: 9410 of 45597 (20.6%).
Error type counts:
  None: 9410 (100.0%)
Error node counts:
  None: 9410 (100.0%)
== TRAINING SEED 503 END ==============
INFO: Completed run 1 of 20 in 26 s
INFO: Completed run 2 of 20 in 36 s
INFO: Completed run 3 of 20 in 42 s
INFO: Completed run 4 of 20 in 48 s
INFO: Completed run 5 of 20 in 61 s
INFO: Completed run 6 of 20 in 68 s
INFO: Completed run 7 of 20 in 69 s
INFO: Completed run 8 of 20 in 74 s
INFO: Completed run 9 of 20 in 80 s
INFO: Completed run 10 of 20 in 89 s
INFO: Completed run 11 of 20 in 89 s
INFO: Completed run 12 of 20 in 95 s
INFO: Completed run 13 of 20 in 100 s
INFO: Completed run 14 of 20 in 102 s
INFO: Completed run 15 of 20 in 115 s
INFO: Completed run 16 of 20 in 134 s
INFO: Completed run 17 of 20 in 152 s
INFO: Completed run 18 of 20 in 173 s
INFO: Completed run 19 of 20 in 199 s
INFO: Completed run 20 of 20 in 244 s

== POST-PROCESS START =================
-- LOADING LOGS START ----------------
Successfully loaded summary data
Successfully loaded Hall of Fame data
Successfully loaded Pareto Front data
-- LOADING LOGS END ------------------

-- ANALYZING LOG START --------------
Task_____________solver
Source path______./log/solver_ablationexperiments_1dpoisson_benchdata_nguyen-6_2025-03-29-142045
Runs_____________20
Max Samples/run__2000000
Success_rate_____1.0
Hall of Fame (Top 5 of 2000)____
    0: S=516 R=1.000000 <-- sin(x1) + sin(1.0*x1**2 + x1)
    1: S=516 R=1.000000 <-- sin(x1) + sin(1.0*x1**2 + x1)
    2: S=516 R=1.000000 <-- sin(x1) + sin(1.0*x1**2 + x1)
    3: S=516 R=1.000000 <-- sin(x1) + sin(x1*(3.794366e-17*x1**2 + x1) + x1)
    4: S=516 R=1.000000 <-- sin(x1) + sin(1.0*x1**2 + x1)
  Saving Hall of Fame plot to ./log/solver_ablationexperiments_1dpoisson_benchdata_nguyen-6_2025-03-29-142045/ssde_solver_ablationexperiments_1dpoisson_benchdata_nguyen-6_plot_hof.png
Pareto Front (5 of 8)____
    0: S=507 R=1.000000 C=19.00 <-- sin(x1) + sin(x1**2 + x1 + 2.8516317e-17)
    1: S=501 R=1.000000 C=15.00 <-- sin(1.0*x1) + sin(x1**2 + x1)
    2: S=506 R=1.000000 C=13.00 <-- sin(x1) + sin(x1*(x1 + 1.0))
    3: S=500 R=0.818538 C=12.00 <-- x1 + sin(1.0832231*x1**2 + x1)
    4: S=501 R=0.781579 C=10.00 <-- x1 + sin(x1*(x1 + 1.0970516))
  Saving Pareto Front plot to ./log/solver_ablationexperiments_1dpoisson_benchdata_nguyen-6_2025-03-29-142045/ssde_solver_ablationexperiments_1dpoisson_benchdata_nguyen-6_plot_pf.png
-- ANALYZING LOG END ----------------
== POST-PROCESS END ===================
