
== EXPERIMENT SETUP START ===========
Task type            : solver
Starting seed        : 500
Runs                 : 20
Additional context   :
      INFO: Replacing config seed 0 with command-line seed 500.
      INFO: Setting 'verbose' to False for parallelized run.
      INFO: Setting 'n_cores_batch' to 1 to avoid nested child processes.
      INFO: Setting 'parallel_eval' to 'False' as we are already parallelizing.
== EXPERIMENT SETUP END =============

== TRAINING SEED 518 START ============
-- BUILDING PRIOR START -------------
WARNING: Skipping invalid 'RelationalConstraint' with arguments {'targets': [], 'effectors': [], 'relationship': None}. Reason: Prior disabled.
WARNING: Skipping invalid 'DomainRangeConstraint' with arguments {}. Reason: Prior disabled.
WARNING: Skipping invalid 'LanguageModelPrior' with arguments {'weight': None}. Reason: Prior disabled.
WARNING: Skipping invalid 'MultiDiscreteConstraint' with arguments {'dense': False, 'ordered': False}. Reason: Prior disabled.
LengthConstraint: Sequences have minimum length 4.
                  Sequences have maximum length 30.
RepeatConstraint: [const] cannot occur more than 1 times.
RelationalConstraint: [exp] cannot be a child of [log].
InverseUnaryConstraint: RelationalConstraint: [log] cannot be a child of [exp].
TrigConstraint: [sin, cos] cannot be a descendant of [sin, cos].
ConstConstraint: [const] cannot be the only unique child of [sin, cos, log, exp, add, sub, mul, div].
NoInputsConstraint: Sequences contain at least one input variable Token.
UniformArityPrior: Activated.
SoftLengthPrior: No description available.
-- BUILDING PRIOR END ---------------

WARNING: max_length (64) will be overridden by value from LengthConstraint (30).
[00:00:00:03.30] Early stopping criteria met; breaking early.
Saving Hall of Fame to ./log/solver_experiments_1dpoisson_benchdata_nguyen-5_2025-03-29-131633/ssde_solver_experiments_1dpoisson_benchdata_nguyen-5_518_hof.csv
Saving Pareto Front to ./log/solver_experiments_1dpoisson_benchdata_nguyen-5_2025-03-29-131633/ssde_solver_experiments_1dpoisson_benchdata_nguyen-5_518_pf.csv
Invalid expressions: 3907 of 19248 (20.3%).
Error type counts:
  None: 3907 (100.0%)
Error node counts:
  None: 3907 (100.0%)
== TRAINING SEED 518 END ==============

== TRAINING SEED 503 START ============
-- BUILDING PRIOR START -------------
WARNING: Skipping invalid 'RelationalConstraint' with arguments {'targets': [], 'effectors': [], 'relationship': None}. Reason: Prior disabled.
WARNING: Skipping invalid 'DomainRangeConstraint' with arguments {}. Reason: Prior disabled.
WARNING: Skipping invalid 'LanguageModelPrior' with arguments {'weight': None}. Reason: Prior disabled.
WARNING: Skipping invalid 'MultiDiscreteConstraint' with arguments {'dense': False, 'ordered': False}. Reason: Prior disabled.
LengthConstraint: Sequences have minimum length 4.
                  Sequences have maximum length 30.
RepeatConstraint: [const] cannot occur more than 1 times.
RelationalConstraint: [exp] cannot be a child of [log].
InverseUnaryConstraint: RelationalConstraint: [log] cannot be a child of [exp].
TrigConstraint: [sin, cos] cannot be a descendant of [sin, cos].
ConstConstraint: [const] cannot be the only unique child of [sin, cos, log, exp, add, sub, mul, div].
NoInputsConstraint: Sequences contain at least one input variable Token.
UniformArityPrior: Activated.
SoftLengthPrior: No description available.
-- BUILDING PRIOR END ---------------

WARNING: max_length (64) will be overridden by value from LengthConstraint (30).
[00:00:00:02.59] Early stopping criteria met; breaking early.
Saving Hall of Fame to ./log/solver_experiments_1dpoisson_benchdata_nguyen-5_2025-03-29-131633/ssde_solver_experiments_1dpoisson_benchdata_nguyen-5_503_hof.csv
Saving Pareto Front to ./log/solver_experiments_1dpoisson_benchdata_nguyen-5_2025-03-29-131633/ssde_solver_experiments_1dpoisson_benchdata_nguyen-5_503_pf.csv
Invalid expressions: 8550 of 43162 (19.8%).
Error type counts:
  None: 8550 (100.0%)
Error node counts:
  None: 8550 (100.0%)
== TRAINING SEED 503 END ==============

== TRAINING SEED 500 START ============
-- BUILDING PRIOR START -------------
WARNING: Skipping invalid 'RelationalConstraint' with arguments {'targets': [], 'effectors': [], 'relationship': None}. Reason: Prior disabled.
WARNING: Skipping invalid 'DomainRangeConstraint' with arguments {}. Reason: Prior disabled.
WARNING: Skipping invalid 'LanguageModelPrior' with arguments {'weight': None}. Reason: Prior disabled.
WARNING: Skipping invalid 'MultiDiscreteConstraint' with arguments {'dense': False, 'ordered': False}. Reason: Prior disabled.
LengthConstraint: Sequences have minimum length 4.
                  Sequences have maximum length 30.
RepeatConstraint: [const] cannot occur more than 1 times.
RelationalConstraint: [exp] cannot be a child of [log].
InverseUnaryConstraint: RelationalConstraint: [log] cannot be a child of [exp].
TrigConstraint: [sin, cos] cannot be a descendant of [sin, cos].
ConstConstraint: [const] cannot be the only unique child of [sin, cos, log, exp, add, sub, mul, div].
NoInputsConstraint: Sequences contain at least one input variable Token.
UniformArityPrior: Activated.
SoftLengthPrior: No description available.
-- BUILDING PRIOR END ---------------

WARNING: max_length (64) will be overridden by value from LengthConstraint (30).
[00:00:00:02.17] Early stopping criteria met; breaking early.
Saving Hall of Fame to ./log/solver_experiments_1dpoisson_benchdata_nguyen-5_2025-03-29-131633/ssde_solver_experiments_1dpoisson_benchdata_nguyen-5_500_hof.csv
Saving Pareto Front to ./log/solver_experiments_1dpoisson_benchdata_nguyen-5_2025-03-29-131633/ssde_solver_experiments_1dpoisson_benchdata_nguyen-5_500_pf.csv
Invalid expressions: 11662 of 60036 (19.4%).
Error type counts:
  None: 11662 (100.0%)
Error node counts:
  None: 11662 (100.0%)
== TRAINING SEED 500 END ==============

== TRAINING SEED 501 START ============
-- BUILDING PRIOR START -------------
WARNING: Skipping invalid 'RelationalConstraint' with arguments {'targets': [], 'effectors': [], 'relationship': None}. Reason: Prior disabled.
WARNING: Skipping invalid 'DomainRangeConstraint' with arguments {}. Reason: Prior disabled.
WARNING: Skipping invalid 'LanguageModelPrior' with arguments {'weight': None}. Reason: Prior disabled.
WARNING: Skipping invalid 'MultiDiscreteConstraint' with arguments {'dense': False, 'ordered': False}. Reason: Prior disabled.
LengthConstraint: Sequences have minimum length 4.
                  Sequences have maximum length 30.
RepeatConstraint: [const] cannot occur more than 1 times.
RelationalConstraint: [exp] cannot be a child of [log].
InverseUnaryConstraint: RelationalConstraint: [log] cannot be a child of [exp].
TrigConstraint: [sin, cos] cannot be a descendant of [sin, cos].
ConstConstraint: [const] cannot be the only unique child of [sin, cos, log, exp, add, sub, mul, div].
NoInputsConstraint: Sequences contain at least one input variable Token.
UniformArityPrior: Activated.
SoftLengthPrior: No description available.
-- BUILDING PRIOR END ---------------

WARNING: max_length (64) will be overridden by value from LengthConstraint (30).
[00:00:00:02.19] Early stopping criteria met; breaking early.
Saving Hall of Fame to ./log/solver_experiments_1dpoisson_benchdata_nguyen-5_2025-03-29-131633/ssde_solver_experiments_1dpoisson_benchdata_nguyen-5_501_hof.csv
Saving Pareto Front to ./log/solver_experiments_1dpoisson_benchdata_nguyen-5_2025-03-29-131633/ssde_solver_experiments_1dpoisson_benchdata_nguyen-5_501_pf.csv
Invalid expressions: 14212 of 74365 (19.1%).
Error type counts:
  None: 14212 (100.0%)
Error node counts:
  None: 14212 (100.0%)
== TRAINING SEED 501 END ==============

== TRAINING SEED 516 START ============
-- BUILDING PRIOR START -------------
WARNING: Skipping invalid 'RelationalConstraint' with arguments {'targets': [], 'effectors': [], 'relationship': None}. Reason: Prior disabled.
WARNING: Skipping invalid 'DomainRangeConstraint' with arguments {}. Reason: Prior disabled.
WARNING: Skipping invalid 'LanguageModelPrior' with arguments {'weight': None}. Reason: Prior disabled.
WARNING: Skipping invalid 'MultiDiscreteConstraint' with arguments {'dense': False, 'ordered': False}. Reason: Prior disabled.
LengthConstraint: Sequences have minimum length 4.
                  Sequences have maximum length 30.
RepeatConstraint: [const] cannot occur more than 1 times.
RelationalConstraint: [exp] cannot be a child of [log].
InverseUnaryConstraint: RelationalConstraint: [log] cannot be a child of [exp].
TrigConstraint: [sin, cos] cannot be a descendant of [sin, cos].
ConstConstraint: [const] cannot be the only unique child of [sin, cos, log, exp, add, sub, mul, div].
NoInputsConstraint: Sequences contain at least one input variable Token.
UniformArityPrior: Activated.
SoftLengthPrior: No description available.
-- BUILDING PRIOR END ---------------

WARNING: max_length (64) will be overridden by value from LengthConstraint (30).
[00:00:00:02.09] Early stopping criteria met; breaking early.
Saving Hall of Fame to ./log/solver_experiments_1dpoisson_benchdata_nguyen-5_2025-03-29-131633/ssde_solver_experiments_1dpoisson_benchdata_nguyen-5_516_hof.csv
Saving Pareto Front to ./log/solver_experiments_1dpoisson_benchdata_nguyen-5_2025-03-29-131633/ssde_solver_experiments_1dpoisson_benchdata_nguyen-5_516_pf.csv
Invalid expressions: 15215 of 79221 (19.2%).
Error type counts:
  None: 15215 (100.0%)
Error node counts:
  None: 15215 (100.0%)
== TRAINING SEED 516 END ==============

== TRAINING SEED 506 START ============
-- BUILDING PRIOR START -------------
WARNING: Skipping invalid 'RelationalConstraint' with arguments {'targets': [], 'effectors': [], 'relationship': None}. Reason: Prior disabled.
WARNING: Skipping invalid 'DomainRangeConstraint' with arguments {}. Reason: Prior disabled.
WARNING: Skipping invalid 'LanguageModelPrior' with arguments {'weight': None}. Reason: Prior disabled.
WARNING: Skipping invalid 'MultiDiscreteConstraint' with arguments {'dense': False, 'ordered': False}. Reason: Prior disabled.
LengthConstraint: Sequences have minimum length 4.
                  Sequences have maximum length 30.
RepeatConstraint: [const] cannot occur more than 1 times.
RelationalConstraint: [exp] cannot be a child of [log].
InverseUnaryConstraint: RelationalConstraint: [log] cannot be a child of [exp].
TrigConstraint: [sin, cos] cannot be a descendant of [sin, cos].
ConstConstraint: [const] cannot be the only unique child of [sin, cos, log, exp, add, sub, mul, div].
NoInputsConstraint: Sequences contain at least one input variable Token.
UniformArityPrior: Activated.
SoftLengthPrior: No description available.
-- BUILDING PRIOR END ---------------

WARNING: max_length (64) will be overridden by value from LengthConstraint (30).
[00:00:00:02.77] Early stopping criteria met; breaking early.
Saving Hall of Fame to ./log/solver_experiments_1dpoisson_benchdata_nguyen-5_2025-03-29-131633/ssde_solver_experiments_1dpoisson_benchdata_nguyen-5_506_hof.csv
Saving Pareto Front to ./log/solver_experiments_1dpoisson_benchdata_nguyen-5_2025-03-29-131633/ssde_solver_experiments_1dpoisson_benchdata_nguyen-5_506_pf.csv
Invalid expressions: 20847 of 112792 (18.5%).
Error type counts:
  None: 20847 (100.0%)
Error node counts:
  None: 20847 (100.0%)
== TRAINING SEED 506 END ==============

== TRAINING SEED 504 START ============
-- BUILDING PRIOR START -------------
WARNING: Skipping invalid 'RelationalConstraint' with arguments {'targets': [], 'effectors': [], 'relationship': None}. Reason: Prior disabled.
WARNING: Skipping invalid 'DomainRangeConstraint' with arguments {}. Reason: Prior disabled.
WARNING: Skipping invalid 'LanguageModelPrior' with arguments {'weight': None}. Reason: Prior disabled.
WARNING: Skipping invalid 'MultiDiscreteConstraint' with arguments {'dense': False, 'ordered': False}. Reason: Prior disabled.
LengthConstraint: Sequences have minimum length 4.
                  Sequences have maximum length 30.
RepeatConstraint: [const] cannot occur more than 1 times.
RelationalConstraint: [exp] cannot be a child of [log].
InverseUnaryConstraint: RelationalConstraint: [log] cannot be a child of [exp].
TrigConstraint: [sin, cos] cannot be a descendant of [sin, cos].
ConstConstraint: [const] cannot be the only unique child of [sin, cos, log, exp, add, sub, mul, div].
NoInputsConstraint: Sequences contain at least one input variable Token.
UniformArityPrior: Activated.
SoftLengthPrior: No description available.
-- BUILDING PRIOR END ---------------

WARNING: max_length (64) will be overridden by value from LengthConstraint (30).
[00:00:00:02.87] Early stopping criteria met; breaking early.
Saving Hall of Fame to ./log/solver_experiments_1dpoisson_benchdata_nguyen-5_2025-03-29-131633/ssde_solver_experiments_1dpoisson_benchdata_nguyen-5_504_hof.csv
Saving Pareto Front to ./log/solver_experiments_1dpoisson_benchdata_nguyen-5_2025-03-29-131633/ssde_solver_experiments_1dpoisson_benchdata_nguyen-5_504_pf.csv
Invalid expressions: 25028 of 148655 (16.8%).
Error type counts:
  None: 25028 (100.0%)
Error node counts:
  None: 25028 (100.0%)
== TRAINING SEED 504 END ==============

== TRAINING SEED 513 START ============
-- BUILDING PRIOR START -------------
WARNING: Skipping invalid 'RelationalConstraint' with arguments {'targets': [], 'effectors': [], 'relationship': None}. Reason: Prior disabled.
WARNING: Skipping invalid 'DomainRangeConstraint' with arguments {}. Reason: Prior disabled.
WARNING: Skipping invalid 'LanguageModelPrior' with arguments {'weight': None}. Reason: Prior disabled.
WARNING: Skipping invalid 'MultiDiscreteConstraint' with arguments {'dense': False, 'ordered': False}. Reason: Prior disabled.
LengthConstraint: Sequences have minimum length 4.
                  Sequences have maximum length 30.
RepeatConstraint: [const] cannot occur more than 1 times.
RelationalConstraint: [exp] cannot be a child of [log].
InverseUnaryConstraint: RelationalConstraint: [log] cannot be a child of [exp].
TrigConstraint: [sin, cos] cannot be a descendant of [sin, cos].
ConstConstraint: [const] cannot be the only unique child of [sin, cos, log, exp, add, sub, mul, div].
NoInputsConstraint: Sequences contain at least one input variable Token.
UniformArityPrior: Activated.
SoftLengthPrior: No description available.
-- BUILDING PRIOR END ---------------

WARNING: max_length (64) will be overridden by value from LengthConstraint (30).
[00:00:00:02.86] Early stopping criteria met; breaking early.
Saving Hall of Fame to ./log/solver_experiments_1dpoisson_benchdata_nguyen-5_2025-03-29-131633/ssde_solver_experiments_1dpoisson_benchdata_nguyen-5_513_hof.csv
Saving Pareto Front to ./log/solver_experiments_1dpoisson_benchdata_nguyen-5_2025-03-29-131633/ssde_solver_experiments_1dpoisson_benchdata_nguyen-5_513_pf.csv
Invalid expressions: 36475 of 218092 (16.7%).
Error type counts:
  None: 36475 (100.0%)
Error node counts:
  None: 36475 (100.0%)
== TRAINING SEED 513 END ==============

== TRAINING SEED 509 START ============
-- BUILDING PRIOR START -------------
WARNING: Skipping invalid 'RelationalConstraint' with arguments {'targets': [], 'effectors': [], 'relationship': None}. Reason: Prior disabled.
WARNING: Skipping invalid 'DomainRangeConstraint' with arguments {}. Reason: Prior disabled.
WARNING: Skipping invalid 'LanguageModelPrior' with arguments {'weight': None}. Reason: Prior disabled.
WARNING: Skipping invalid 'MultiDiscreteConstraint' with arguments {'dense': False, 'ordered': False}. Reason: Prior disabled.
LengthConstraint: Sequences have minimum length 4.
                  Sequences have maximum length 30.
RepeatConstraint: [const] cannot occur more than 1 times.
RelationalConstraint: [exp] cannot be a child of [log].
InverseUnaryConstraint: RelationalConstraint: [log] cannot be a child of [exp].
TrigConstraint: [sin, cos] cannot be a descendant of [sin, cos].
ConstConstraint: [const] cannot be the only unique child of [sin, cos, log, exp, add, sub, mul, div].
NoInputsConstraint: Sequences contain at least one input variable Token.
UniformArityPrior: Activated.
SoftLengthPrior: No description available.
-- BUILDING PRIOR END ---------------

WARNING: max_length (64) will be overridden by value from LengthConstraint (30).
[00:00:00:02.74] Early stopping criteria met; breaking early.
Saving Hall of Fame to ./log/solver_experiments_1dpoisson_benchdata_nguyen-5_2025-03-29-131633/ssde_solver_experiments_1dpoisson_benchdata_nguyen-5_509_hof.csv
Saving Pareto Front to ./log/solver_experiments_1dpoisson_benchdata_nguyen-5_2025-03-29-131633/ssde_solver_experiments_1dpoisson_benchdata_nguyen-5_509_pf.csv
Invalid expressions: 44408 of 242170 (18.3%).
Error type counts:
  None: 44408 (100.0%)
Error node counts:
  None: 44408 (100.0%)
== TRAINING SEED 509 END ==============

== TRAINING SEED 502 START ============
-- BUILDING PRIOR START -------------
WARNING: Skipping invalid 'RelationalConstraint' with arguments {'targets': [], 'effectors': [], 'relationship': None}. Reason: Prior disabled.
WARNING: Skipping invalid 'DomainRangeConstraint' with arguments {}. Reason: Prior disabled.
WARNING: Skipping invalid 'LanguageModelPrior' with arguments {'weight': None}. Reason: Prior disabled.
WARNING: Skipping invalid 'MultiDiscreteConstraint' with arguments {'dense': False, 'ordered': False}. Reason: Prior disabled.
LengthConstraint: Sequences have minimum length 4.
                  Sequences have maximum length 30.
RepeatConstraint: [const] cannot occur more than 1 times.
RelationalConstraint: [exp] cannot be a child of [log].
InverseUnaryConstraint: RelationalConstraint: [log] cannot be a child of [exp].
TrigConstraint: [sin, cos] cannot be a descendant of [sin, cos].
ConstConstraint: [const] cannot be the only unique child of [sin, cos, log, exp, add, sub, mul, div].
NoInputsConstraint: Sequences contain at least one input variable Token.
UniformArityPrior: Activated.
SoftLengthPrior: No description available.
-- BUILDING PRIOR END ---------------

WARNING: max_length (64) will be overridden by value from LengthConstraint (30).
[00:00:00:02.11] Early stopping criteria met; breaking early.
Saving Hall of Fame to ./log/solver_experiments_1dpoisson_benchdata_nguyen-5_2025-03-29-131633/ssde_solver_experiments_1dpoisson_benchdata_nguyen-5_502_hof.csv
Saving Pareto Front to ./log/solver_experiments_1dpoisson_benchdata_nguyen-5_2025-03-29-131633/ssde_solver_experiments_1dpoisson_benchdata_nguyen-5_502_pf.csv
Invalid expressions: 41139 of 271125 (15.2%).
Error type counts:
  None: 41139 (100.0%)
Error node counts:
  None: 41139 (100.0%)
== TRAINING SEED 502 END ==============

== TRAINING SEED 514 START ============
-- BUILDING PRIOR START -------------
WARNING: Skipping invalid 'RelationalConstraint' with arguments {'targets': [], 'effectors': [], 'relationship': None}. Reason: Prior disabled.
WARNING: Skipping invalid 'DomainRangeConstraint' with arguments {}. Reason: Prior disabled.
WARNING: Skipping invalid 'LanguageModelPrior' with arguments {'weight': None}. Reason: Prior disabled.
WARNING: Skipping invalid 'MultiDiscreteConstraint' with arguments {'dense': False, 'ordered': False}. Reason: Prior disabled.
LengthConstraint: Sequences have minimum length 4.
                  Sequences have maximum length 30.
RepeatConstraint: [const] cannot occur more than 1 times.
RelationalConstraint: [exp] cannot be a child of [log].
InverseUnaryConstraint: RelationalConstraint: [log] cannot be a child of [exp].
TrigConstraint: [sin, cos] cannot be a descendant of [sin, cos].
ConstConstraint: [const] cannot be the only unique child of [sin, cos, log, exp, add, sub, mul, div].
NoInputsConstraint: Sequences contain at least one input variable Token.
UniformArityPrior: Activated.
SoftLengthPrior: No description available.
-- BUILDING PRIOR END ---------------

WARNING: max_length (64) will be overridden by value from LengthConstraint (30).
[00:00:00:03.12] Early stopping criteria met; breaking early.
Saving Hall of Fame to ./log/solver_experiments_1dpoisson_benchdata_nguyen-5_2025-03-29-131633/ssde_solver_experiments_1dpoisson_benchdata_nguyen-5_514_hof.csv
Saving Pareto Front to ./log/solver_experiments_1dpoisson_benchdata_nguyen-5_2025-03-29-131633/ssde_solver_experiments_1dpoisson_benchdata_nguyen-5_514_pf.csv
Invalid expressions: 39728 of 266364 (14.9%).
Error type counts:
  None: 39728 (100.0%)
Error node counts:
  None: 39728 (100.0%)
== TRAINING SEED 514 END ==============

== TRAINING SEED 512 START ============
-- BUILDING PRIOR START -------------
WARNING: Skipping invalid 'RelationalConstraint' with arguments {'targets': [], 'effectors': [], 'relationship': None}. Reason: Prior disabled.
WARNING: Skipping invalid 'DomainRangeConstraint' with arguments {}. Reason: Prior disabled.
WARNING: Skipping invalid 'LanguageModelPrior' with arguments {'weight': None}. Reason: Prior disabled.
WARNING: Skipping invalid 'MultiDiscreteConstraint' with arguments {'dense': False, 'ordered': False}. Reason: Prior disabled.
LengthConstraint: Sequences have minimum length 4.
                  Sequences have maximum length 30.
RepeatConstraint: [const] cannot occur more than 1 times.
RelationalConstraint: [exp] cannot be a child of [log].
InverseUnaryConstraint: RelationalConstraint: [log] cannot be a child of [exp].
TrigConstraint: [sin, cos] cannot be a descendant of [sin, cos].
ConstConstraint: [const] cannot be the only unique child of [sin, cos, log, exp, add, sub, mul, div].
NoInputsConstraint: Sequences contain at least one input variable Token.
UniformArityPrior: Activated.
SoftLengthPrior: No description available.
-- BUILDING PRIOR END ---------------

WARNING: max_length (64) will be overridden by value from LengthConstraint (30).
[00:00:00:02.27] Early stopping criteria met; breaking early.
Saving Hall of Fame to ./log/solver_experiments_1dpoisson_benchdata_nguyen-5_2025-03-29-131633/ssde_solver_experiments_1dpoisson_benchdata_nguyen-5_512_hof.csv
Saving Pareto Front to ./log/solver_experiments_1dpoisson_benchdata_nguyen-5_2025-03-29-131633/ssde_solver_experiments_1dpoisson_benchdata_nguyen-5_512_pf.csv
Invalid expressions: 39132 of 230031 (17.0%).
Error type counts:
  None: 39132 (100.0%)
Error node counts:
  None: 39132 (100.0%)
== TRAINING SEED 512 END ==============

== TRAINING SEED 510 START ============
-- BUILDING PRIOR START -------------
WARNING: Skipping invalid 'RelationalConstraint' with arguments {'targets': [], 'effectors': [], 'relationship': None}. Reason: Prior disabled.
WARNING: Skipping invalid 'DomainRangeConstraint' with arguments {}. Reason: Prior disabled.
WARNING: Skipping invalid 'LanguageModelPrior' with arguments {'weight': None}. Reason: Prior disabled.
WARNING: Skipping invalid 'MultiDiscreteConstraint' with arguments {'dense': False, 'ordered': False}. Reason: Prior disabled.
LengthConstraint: Sequences have minimum length 4.
                  Sequences have maximum length 30.
RepeatConstraint: [const] cannot occur more than 1 times.
RelationalConstraint: [exp] cannot be a child of [log].
InverseUnaryConstraint: RelationalConstraint: [log] cannot be a child of [exp].
TrigConstraint: [sin, cos] cannot be a descendant of [sin, cos].
ConstConstraint: [const] cannot be the only unique child of [sin, cos, log, exp, add, sub, mul, div].
NoInputsConstraint: Sequences contain at least one input variable Token.
UniformArityPrior: Activated.
SoftLengthPrior: No description available.
-- BUILDING PRIOR END ---------------

WARNING: max_length (64) will be overridden by value from LengthConstraint (30).
[00:00:00:02.19] Early stopping criteria met; breaking early.
Saving Hall of Fame to ./log/solver_experiments_1dpoisson_benchdata_nguyen-5_2025-03-29-131633/ssde_solver_experiments_1dpoisson_benchdata_nguyen-5_510_hof.csv
Saving Pareto Front to ./log/solver_experiments_1dpoisson_benchdata_nguyen-5_2025-03-29-131633/ssde_solver_experiments_1dpoisson_benchdata_nguyen-5_510_pf.csv
Invalid expressions: 39654 of 288005 (13.8%).
Error type counts:
  None: 39654 (100.0%)
Error node counts:
  None: 39654 (100.0%)
== TRAINING SEED 510 END ==============

== TRAINING SEED 508 START ============
-- BUILDING PRIOR START -------------
WARNING: Skipping invalid 'RelationalConstraint' with arguments {'targets': [], 'effectors': [], 'relationship': None}. Reason: Prior disabled.
WARNING: Skipping invalid 'DomainRangeConstraint' with arguments {}. Reason: Prior disabled.
WARNING: Skipping invalid 'LanguageModelPrior' with arguments {'weight': None}. Reason: Prior disabled.
WARNING: Skipping invalid 'MultiDiscreteConstraint' with arguments {'dense': False, 'ordered': False}. Reason: Prior disabled.
LengthConstraint: Sequences have minimum length 4.
                  Sequences have maximum length 30.
RepeatConstraint: [const] cannot occur more than 1 times.
RelationalConstraint: [exp] cannot be a child of [log].
InverseUnaryConstraint: RelationalConstraint: [log] cannot be a child of [exp].
TrigConstraint: [sin, cos] cannot be a descendant of [sin, cos].
ConstConstraint: [const] cannot be the only unique child of [sin, cos, log, exp, add, sub, mul, div].
NoInputsConstraint: Sequences contain at least one input variable Token.
UniformArityPrior: Activated.
SoftLengthPrior: No description available.
-- BUILDING PRIOR END ---------------

WARNING: max_length (64) will be overridden by value from LengthConstraint (30).
[00:00:00:03.11] Early stopping criteria met; breaking early.
Saving Hall of Fame to ./log/solver_experiments_1dpoisson_benchdata_nguyen-5_2025-03-29-131633/ssde_solver_experiments_1dpoisson_benchdata_nguyen-5_508_hof.csv
Saving Pareto Front to ./log/solver_experiments_1dpoisson_benchdata_nguyen-5_2025-03-29-131633/ssde_solver_experiments_1dpoisson_benchdata_nguyen-5_508_pf.csv
Invalid expressions: 45727 of 299738 (15.3%).
Error type counts:
  None: 45727 (100.0%)
Error node counts:
  None: 45727 (100.0%)
== TRAINING SEED 508 END ==============

== TRAINING SEED 519 START ============
-- BUILDING PRIOR START -------------
WARNING: Skipping invalid 'RelationalConstraint' with arguments {'targets': [], 'effectors': [], 'relationship': None}. Reason: Prior disabled.
WARNING: Skipping invalid 'DomainRangeConstraint' with arguments {}. Reason: Prior disabled.
WARNING: Skipping invalid 'LanguageModelPrior' with arguments {'weight': None}. Reason: Prior disabled.
WARNING: Skipping invalid 'MultiDiscreteConstraint' with arguments {'dense': False, 'ordered': False}. Reason: Prior disabled.
LengthConstraint: Sequences have minimum length 4.
                  Sequences have maximum length 30.
RepeatConstraint: [const] cannot occur more than 1 times.
RelationalConstraint: [exp] cannot be a child of [log].
InverseUnaryConstraint: RelationalConstraint: [log] cannot be a child of [exp].
TrigConstraint: [sin, cos] cannot be a descendant of [sin, cos].
ConstConstraint: [const] cannot be the only unique child of [sin, cos, log, exp, add, sub, mul, div].
NoInputsConstraint: Sequences contain at least one input variable Token.
UniformArityPrior: Activated.
SoftLengthPrior: No description available.
-- BUILDING PRIOR END ---------------

WARNING: max_length (64) will be overridden by value from LengthConstraint (30).
[00:00:00:02.63] Early stopping criteria met; breaking early.
Saving Hall of Fame to ./log/solver_experiments_1dpoisson_benchdata_nguyen-5_2025-03-29-131633/ssde_solver_experiments_1dpoisson_benchdata_nguyen-5_519_hof.csv
Saving Pareto Front to ./log/solver_experiments_1dpoisson_benchdata_nguyen-5_2025-03-29-131633/ssde_solver_experiments_1dpoisson_benchdata_nguyen-5_519_pf.csv
Invalid expressions: 53339 of 314042 (17.0%).
Error type counts:
  None: 53339 (100.0%)
Error node counts:
  None: 53339 (100.0%)
== TRAINING SEED 519 END ==============

== TRAINING SEED 515 START ============
-- BUILDING PRIOR START -------------
WARNING: Skipping invalid 'RelationalConstraint' with arguments {'targets': [], 'effectors': [], 'relationship': None}. Reason: Prior disabled.
WARNING: Skipping invalid 'DomainRangeConstraint' with arguments {}. Reason: Prior disabled.
WARNING: Skipping invalid 'LanguageModelPrior' with arguments {'weight': None}. Reason: Prior disabled.
WARNING: Skipping invalid 'MultiDiscreteConstraint' with arguments {'dense': False, 'ordered': False}. Reason: Prior disabled.
LengthConstraint: Sequences have minimum length 4.
                  Sequences have maximum length 30.
RepeatConstraint: [const] cannot occur more than 1 times.
RelationalConstraint: [exp] cannot be a child of [log].
InverseUnaryConstraint: RelationalConstraint: [log] cannot be a child of [exp].
TrigConstraint: [sin, cos] cannot be a descendant of [sin, cos].
ConstConstraint: [const] cannot be the only unique child of [sin, cos, log, exp, add, sub, mul, div].
NoInputsConstraint: Sequences contain at least one input variable Token.
UniformArityPrior: Activated.
SoftLengthPrior: No description available.
-- BUILDING PRIOR END ---------------

WARNING: max_length (64) will be overridden by value from LengthConstraint (30).
[00:00:00:03.94] Early stopping criteria met; breaking early.
Saving Hall of Fame to ./log/solver_experiments_1dpoisson_benchdata_nguyen-5_2025-03-29-131633/ssde_solver_experiments_1dpoisson_benchdata_nguyen-5_515_hof.csv
Saving Pareto Front to ./log/solver_experiments_1dpoisson_benchdata_nguyen-5_2025-03-29-131633/ssde_solver_experiments_1dpoisson_benchdata_nguyen-5_515_pf.csv
Invalid expressions: 54870 of 409828 (13.4%).
Error type counts:
  None: 54870 (100.0%)
Error node counts:
  None: 54870 (100.0%)
== TRAINING SEED 515 END ==============

== TRAINING SEED 511 START ============
-- BUILDING PRIOR START -------------
WARNING: Skipping invalid 'RelationalConstraint' with arguments {'targets': [], 'effectors': [], 'relationship': None}. Reason: Prior disabled.
WARNING: Skipping invalid 'DomainRangeConstraint' with arguments {}. Reason: Prior disabled.
WARNING: Skipping invalid 'LanguageModelPrior' with arguments {'weight': None}. Reason: Prior disabled.
WARNING: Skipping invalid 'MultiDiscreteConstraint' with arguments {'dense': False, 'ordered': False}. Reason: Prior disabled.
LengthConstraint: Sequences have minimum length 4.
                  Sequences have maximum length 30.
RepeatConstraint: [const] cannot occur more than 1 times.
RelationalConstraint: [exp] cannot be a child of [log].
InverseUnaryConstraint: RelationalConstraint: [log] cannot be a child of [exp].
TrigConstraint: [sin, cos] cannot be a descendant of [sin, cos].
ConstConstraint: [const] cannot be the only unique child of [sin, cos, log, exp, add, sub, mul, div].
NoInputsConstraint: Sequences contain at least one input variable Token.
UniformArityPrior: Activated.
SoftLengthPrior: No description available.
-- BUILDING PRIOR END ---------------

WARNING: max_length (64) will be overridden by value from LengthConstraint (30).
[00:00:00:02.95] Early stopping criteria met; breaking early.
Saving Hall of Fame to ./log/solver_experiments_1dpoisson_benchdata_nguyen-5_2025-03-29-131633/ssde_solver_experiments_1dpoisson_benchdata_nguyen-5_511_hof.csv
Saving Pareto Front to ./log/solver_experiments_1dpoisson_benchdata_nguyen-5_2025-03-29-131633/ssde_solver_experiments_1dpoisson_benchdata_nguyen-5_511_pf.csv
Invalid expressions: 60194 of 441288 (13.6%).
Error type counts:
  None: 60194 (100.0%)
Error node counts:
  None: 60194 (100.0%)
== TRAINING SEED 511 END ==============

== TRAINING SEED 505 START ============
-- BUILDING PRIOR START -------------
WARNING: Skipping invalid 'RelationalConstraint' with arguments {'targets': [], 'effectors': [], 'relationship': None}. Reason: Prior disabled.
WARNING: Skipping invalid 'DomainRangeConstraint' with arguments {}. Reason: Prior disabled.
WARNING: Skipping invalid 'LanguageModelPrior' with arguments {'weight': None}. Reason: Prior disabled.
WARNING: Skipping invalid 'MultiDiscreteConstraint' with arguments {'dense': False, 'ordered': False}. Reason: Prior disabled.
LengthConstraint: Sequences have minimum length 4.
                  Sequences have maximum length 30.
RepeatConstraint: [const] cannot occur more than 1 times.
RelationalConstraint: [exp] cannot be a child of [log].
InverseUnaryConstraint: RelationalConstraint: [log] cannot be a child of [exp].
TrigConstraint: [sin, cos] cannot be a descendant of [sin, cos].
ConstConstraint: [const] cannot be the only unique child of [sin, cos, log, exp, add, sub, mul, div].
NoInputsConstraint: Sequences contain at least one input variable Token.
UniformArityPrior: Activated.
SoftLengthPrior: No description available.
-- BUILDING PRIOR END ---------------

WARNING: max_length (64) will be overridden by value from LengthConstraint (30).
[00:00:00:02.75] Early stopping criteria met; breaking early.
Saving Hall of Fame to ./log/solver_experiments_1dpoisson_benchdata_nguyen-5_2025-03-29-131633/ssde_solver_experiments_1dpoisson_benchdata_nguyen-5_505_hof.csv
Saving Pareto Front to ./log/solver_experiments_1dpoisson_benchdata_nguyen-5_2025-03-29-131633/ssde_solver_experiments_1dpoisson_benchdata_nguyen-5_505_pf.csv
Invalid expressions: 86372 of 571220 (15.1%).
Error type counts:
  None: 86372 (100.0%)
Error node counts:
  None: 86372 (100.0%)
== TRAINING SEED 505 END ==============

== TRAINING SEED 507 START ============
-- BUILDING PRIOR START -------------
WARNING: Skipping invalid 'RelationalConstraint' with arguments {'targets': [], 'effectors': [], 'relationship': None}. Reason: Prior disabled.
WARNING: Skipping invalid 'DomainRangeConstraint' with arguments {}. Reason: Prior disabled.
WARNING: Skipping invalid 'LanguageModelPrior' with arguments {'weight': None}. Reason: Prior disabled.
WARNING: Skipping invalid 'MultiDiscreteConstraint' with arguments {'dense': False, 'ordered': False}. Reason: Prior disabled.
LengthConstraint: Sequences have minimum length 4.
                  Sequences have maximum length 30.
RepeatConstraint: [const] cannot occur more than 1 times.
RelationalConstraint: [exp] cannot be a child of [log].
InverseUnaryConstraint: RelationalConstraint: [log] cannot be a child of [exp].
TrigConstraint: [sin, cos] cannot be a descendant of [sin, cos].
ConstConstraint: [const] cannot be the only unique child of [sin, cos, log, exp, add, sub, mul, div].
NoInputsConstraint: Sequences contain at least one input variable Token.
UniformArityPrior: Activated.
SoftLengthPrior: No description available.
-- BUILDING PRIOR END ---------------

WARNING: max_length (64) will be overridden by value from LengthConstraint (30).
[00:00:00:03.06] Early stopping criteria met; breaking early.
Saving Hall of Fame to ./log/solver_experiments_1dpoisson_benchdata_nguyen-5_2025-03-29-131633/ssde_solver_experiments_1dpoisson_benchdata_nguyen-5_507_hof.csv
Saving Pareto Front to ./log/solver_experiments_1dpoisson_benchdata_nguyen-5_2025-03-29-131633/ssde_solver_experiments_1dpoisson_benchdata_nguyen-5_507_pf.csv
Invalid expressions: 90808 of 739994 (12.3%).
Error type counts:
  None: 90808 (100.0%)
Error node counts:
  None: 90808 (100.0%)
== TRAINING SEED 507 END ==============

== TRAINING SEED 517 START ============
-- BUILDING PRIOR START -------------
WARNING: Skipping invalid 'RelationalConstraint' with arguments {'targets': [], 'effectors': [], 'relationship': None}. Reason: Prior disabled.
WARNING: Skipping invalid 'DomainRangeConstraint' with arguments {}. Reason: Prior disabled.
WARNING: Skipping invalid 'LanguageModelPrior' with arguments {'weight': None}. Reason: Prior disabled.
WARNING: Skipping invalid 'MultiDiscreteConstraint' with arguments {'dense': False, 'ordered': False}. Reason: Prior disabled.
LengthConstraint: Sequences have minimum length 4.
                  Sequences have maximum length 30.
RepeatConstraint: [const] cannot occur more than 1 times.
RelationalConstraint: [exp] cannot be a child of [log].
InverseUnaryConstraint: RelationalConstraint: [log] cannot be a child of [exp].
TrigConstraint: [sin, cos] cannot be a descendant of [sin, cos].
ConstConstraint: [const] cannot be the only unique child of [sin, cos, log, exp, add, sub, mul, div].
NoInputsConstraint: Sequences contain at least one input variable Token.
UniformArityPrior: Activated.
SoftLengthPrior: No description available.
-- BUILDING PRIOR END ---------------

WARNING: max_length (64) will be overridden by value from LengthConstraint (30).
[00:00:00:03.38] Early stopping criteria met; breaking early.
Saving Hall of Fame to ./log/solver_experiments_1dpoisson_benchdata_nguyen-5_2025-03-29-131633/ssde_solver_experiments_1dpoisson_benchdata_nguyen-5_517_hof.csv
Saving Pareto Front to ./log/solver_experiments_1dpoisson_benchdata_nguyen-5_2025-03-29-131633/ssde_solver_experiments_1dpoisson_benchdata_nguyen-5_517_pf.csv
Invalid expressions: 105722 of 681609 (15.5%).
Error type counts:
  None: 105722 (100.0%)
Error node counts:
  None: 105722 (100.0%)
== TRAINING SEED 517 END ==============
INFO: Completed run 1 of 20 in 35 s
INFO: Completed run 2 of 20 in 61 s
INFO: Completed run 3 of 20 in 82 s
INFO: Completed run 4 of 20 in 89 s
INFO: Completed run 5 of 20 in 107 s
INFO: Completed run 6 of 20 in 137 s
INFO: Completed run 7 of 20 in 177 s
INFO: Completed run 8 of 20 in 257 s
INFO: Completed run 9 of 20 in 289 s
INFO: Completed run 10 of 20 in 299 s
INFO: Completed run 11 of 20 in 312 s
INFO: Completed run 12 of 20 in 315 s
INFO: Completed run 13 of 20 in 327 s
INFO: Completed run 14 of 20 in 342 s
INFO: Completed run 15 of 20 in 356 s
INFO: Completed run 16 of 20 in 509 s
INFO: Completed run 17 of 20 in 535 s
INFO: Completed run 18 of 20 in 675 s
INFO: Completed run 19 of 20 in 905 s
INFO: Completed run 20 of 20 in 911 s

== POST-PROCESS START =================
-- LOADING LOGS START ----------------
Successfully loaded summary data
Successfully loaded Hall of Fame data
Successfully loaded Pareto Front data
-- LOADING LOGS END ------------------

-- ANALYZING LOG START --------------
Task_____________solver
Source path______./log/solver_experiments_1dpoisson_benchdata_nguyen-5_2025-03-29-131633
Runs_____________20
Max Samples/run__2000000
Success_rate_____1.0
Hall of Fame (Top 5 of 2000)____
    0: S=516 R=1.000000 <-- sin(x1**2)*cos(x1) - 1.0
    1: S=516 R=1.000000 <-- sin(x1**2)*cos(x1) - 1.0
    2: S=517 R=1.000000 <-- sin(x1**2)*cos(x1) - 1.0
    3: S=517 R=1.000000 <-- sin(x1**2)*cos(x1) - 1.0
    4: S=517 R=1.000000 <-- sin(x1**2)*cos(x1) - 1.0
  Saving Hall of Fame plot to ./log/solver_experiments_1dpoisson_benchdata_nguyen-5_2025-03-29-131633/ssde_solver_experiments_1dpoisson_benchdata_nguyen-5_plot_hof.png
Pareto Front (5 of 9)____
    0: S=516 R=1.000000 C=19.00 <-- sin(x1**2)*cos(x1) - 1.0
    1: S=515 R=1.000000 C=17.00 <-- sin(x1**2)*cos(x1) - 1.0
    2: S=501 R=1.000000 C=13.00 <-- sin(x1**2)*cos(x1) - 1.0
    3: S=514 R=0.954214 C=12.00 <-- -x1**2 - cos(2*x1) + 0.03850187213770619
    4: S=511 R=0.783213 C=10.00 <-- x1**2*cos(x1) - 1.0856536061932374
  Saving Pareto Front plot to ./log/solver_experiments_1dpoisson_benchdata_nguyen-5_2025-03-29-131633/ssde_solver_experiments_1dpoisson_benchdata_nguyen-5_plot_pf.png
-- ANALYZING LOG END ----------------
== POST-PROCESS END ===================
