real_params:['x1', 'x2']
source:x1*(30.0*x1 - 7.8) + 1.0
The threshold of evaluation is: 1e-07
WARNING: logdir not provided. Results will not be saved to file.
-- BUILDING PRIOR START -------------
WARNING: Skipping invalid 'RelationalConstraint' with arguments {'targets': [], 'effectors': [], 'relationship': None}. Reason: Prior disabled.
WARNING: Skipping invalid 'DomainRangeConstraint' with arguments {}. Reason: Prior disabled.
WARNING: Skipping invalid 'LanguageModelPrior' with arguments {'weight': None}. Reason: Prior disabled.
WARNING: Skipping invalid 'MultiDiscreteConstraint' with arguments {'dense': False, 'ordered': False}. Reason: Prior disabled.
LengthConstraint: Sequences have minimum length 4.
                  Sequences have maximum length 30.
RepeatConstraint: [const] cannot occur more than 3 times.
RelationalConstraint: [exp] cannot be a child of [log].
InverseUnaryConstraint: RelationalConstraint: [log] cannot be a child of [exp].
TrigConstraint: [sin, cos] cannot be a descendant of [sin, cos].
ConstConstraint: [const] cannot be the only unique child of [sin, cos, exp, log, add, sub, mul, div].
NoInputsConstraint: Sequences contain at least one input variable Token.
UniformArityPrior: Activated.
SoftLengthPrior: No description available.
-- BUILDING PRIOR END ---------------

WARNING: max_length (64) will be overridden by value from LengthConstraint (30).
-- RUNNING ITERATIONS START -------------
[00:00:00:29.47] Training iteration 1, current best R: 0.6596

	** New best
	Reward: 0.6596383545389283
	Count Off-policy: 0
	Count On-policy: 1
	Originally on Policy: True
	Invalid: False
	Traversal: mul,0.03814415,exp,add,x1,mul,add,add,div,mul,exp,sub,x1,mul,Nxexpr,exp,x1,Nxexpr,x1,x1,x1,x1
	Expression:
	                 ⎛                  x₁            ⎞     
	                 ⎜        - Nxexpr⋅ℯ   + x₁       ⎟     
	                 ⎜Nxexpr⋅ℯ                        ⎟     
	              x₁⋅⎜───────────────────────── + 2⋅x₁⎟ + x₁
	                 ⎝            x₁                  ⎠     
	  0.03814415⋅ℯ                                          

-- RUNNING ITERATIONS START -------------
-- RUNNING ITERATIONS START -------------
-- RUNNING ITERATIONS START -------------
-- RUNNING ITERATIONS START -------------
-- RUNNING ITERATIONS START -------------
-- RUNNING ITERATIONS START -------------
-- RUNNING ITERATIONS START -------------
-- RUNNING ITERATIONS START -------------
-- RUNNING ITERATIONS START -------------
[00:00:00:30.08] Training iteration 10, current best R: 0.6596
-- RUNNING ITERATIONS START -------------
-- RUNNING ITERATIONS START -------------
-- RUNNING ITERATIONS START -------------
-- RUNNING ITERATIONS START -------------
-- RUNNING ITERATIONS START -------------
-- RUNNING ITERATIONS START -------------
-- RUNNING ITERATIONS START -------------
[00:00:00:31.72] Training iteration 17, current best R: 0.7149

	** New best
	Reward: 0.7149367589941814
	Count Off-policy: 0
	Count On-policy: 1
	Originally on Policy: True
	Invalid: False
	Traversal: sub,sub,Nxexpr,sub,add,mul,mul,x1,-3.364746,cos,mul,add,0.43527603,add,x1,x1,x1,x1,x1,x1
	Expression:
	  Nxexpr + 3.364746⋅x₁⋅cos(x₁⋅(2⋅x₁ + 0.43527603)) - x₁

-- RUNNING ITERATIONS START -------------
-- RUNNING ITERATIONS START -------------
-- RUNNING ITERATIONS START -------------
[00:00:00:29.04] Training iteration 20, current best R: 0.7149
-- RUNNING ITERATIONS START -------------
-- RUNNING ITERATIONS START -------------
-- RUNNING ITERATIONS START -------------
[00:00:00:28.10] Training iteration 23, current best R: 0.8100

	** New best
	Reward: 0.80997934593191
	Count Off-policy: 0
	Count On-policy: 1
	Originally on Policy: True
	Invalid: False
	Traversal: sub,add,Nxexpr,exp,add,mul,-0.169088,x1,exp,div,x1,div,add,sub,x1,x1,2.0476189,x1,x1
	Expression:
	                                                     2
	                                 0.488372128231479⋅x₁ 
	                 -0.169088⋅x₁ + ℯ                     
	  Nxexpr - x₁ + ℯ                                     

-- RUNNING ITERATIONS START -------------
-- RUNNING ITERATIONS START -------------
-- RUNNING ITERATIONS START -------------
[00:00:00:35.89] Training iteration 26, current best R: 0.8831

	** New best
	Reward: 0.8831044840843223
	Count Off-policy: 0
	Count On-policy: 1
	Originally on Policy: True
	Invalid: False
	Traversal: mul,0.48433018,sub,exp,exp,sub,div,x1,exp,sub,sin,mul,x1,div,0.8603853,x1,x1,x1,Nxexpr
	Expression:
	                                   ⎛                       x₁     ⎞
	                                   ⎜ 0.468558700407648⋅x₁⋅ℯ   - x₁⎟
	                                   ⎝ℯ                             ⎠
	  -0.48433018⋅Nxexpr + 0.48433018⋅ℯ                                

-- RUNNING ITERATIONS START -------------
-- RUNNING ITERATIONS START -------------
-- RUNNING ITERATIONS START -------------
-- RUNNING ITERATIONS START -------------
[00:00:00:30.19] Training iteration 30, current best R: 0.8831
-- RUNNING ITERATIONS START -------------
-- RUNNING ITERATIONS START -------------
-- RUNNING ITERATIONS START -------------
-- RUNNING ITERATIONS START -------------
-- RUNNING ITERATIONS START -------------
-- RUNNING ITERATIONS START -------------
-- RUNNING ITERATIONS START -------------
-- RUNNING ITERATIONS START -------------
[00:00:00:26.30] Training iteration 38, current best R: 0.9052

	** New best
	Reward: 0.9052108872682155
	Count Off-policy: 0
	Count On-policy: 1
	Originally on Policy: True
	Invalid: False
	Traversal: add,add,Nxexpr,add,exp,sub,exp,mul,mul,mul,mul,add,add,sin,x1,x1,1.2237381,0.14819007,x1,x1,x1,x1,x1,x1
	Expression:
	                            3                                                   
	                          x₁ ⋅(0.14819007⋅x₁ + 0.14819007⋅sin(x₁) + 0.1813458347
	                   -x₁ + ℯ                                                      
	  Nxexpr + 2⋅x₁ + ℯ                                                             

      
	  00667)
      
      

-- RUNNING ITERATIONS START -------------
-- RUNNING ITERATIONS START -------------
[00:00:00:31.35] Training iteration 40, current best R: 0.9052
-- RUNNING ITERATIONS START -------------
-- RUNNING ITERATIONS START -------------
-- RUNNING ITERATIONS START -------------
-- RUNNING ITERATIONS START -------------
-- RUNNING ITERATIONS START -------------
-- RUNNING ITERATIONS START -------------
-- RUNNING ITERATIONS START -------------
-- RUNNING ITERATIONS START -------------
-- RUNNING ITERATIONS START -------------
-- RUNNING ITERATIONS START -------------
[00:00:00:35.03] Training iteration 50, current best R: 0.9052
-- RUNNING ITERATIONS START -------------
-- RUNNING ITERATIONS START -------------
-- RUNNING ITERATIONS START -------------
-- RUNNING ITERATIONS START -------------
-- RUNNING ITERATIONS START -------------
-- RUNNING ITERATIONS START -------------
-- RUNNING ITERATIONS START -------------
-- RUNNING ITERATIONS START -------------
-- RUNNING ITERATIONS START -------------
-- RUNNING ITERATIONS START -------------
[00:00:00:34.77] Training iteration 60, current best R: 0.9052
-- RUNNING ITERATIONS START -------------
-- RUNNING ITERATIONS START -------------
-- RUNNING ITERATIONS START -------------
Const Pruning Optimization ......
[00:00:00:32.06] Training iteration 63, current best R: 0.9999

	** New best
	Reward: 0.9998764700862651
	Count Off-policy: 0
	Count On-policy: 1
	Originally on Policy: True
	Invalid: False
	Traversal: sub,sub,Nxexpr,x1,sub,sub,x1,add,mul,mul,mul,add,add,-1.3000001,mul,1.4999999,x1,x1,x1,x1,x1,x1,x1
	Expression:
	             3                           
	  Nxexpr + x₁ ⋅(2.4999999⋅x₁ - 1.3000001)

[00:00:00:32.08] Early stopping criteria met; breaking early.
Invalid expressions: 19272 of 31500 (61.2%).
Error type counts:
  log: 18027 (93.5%)
  None: 219 (1.1%)
  true_divide: 288 (1.5%)
  sin: 356 (1.8%)
  cos: 362 (1.9%)
  multiply: 20 (0.1%)
Error node counts:
  invalid: 18346 (95.2%)
  None: 219 (1.1%)
  divide: 669 (3.5%)
  underflow: 37 (0.2%)
  overflow: 1 (0.0%)
Identified var x1's parametirc expression:
Nxexpr + x1**3*(2.4999999*x1 - 1.3000001)
The threshold of evaluation is: 1e-07
WARNING: logdir not provided. Results will not be saved to file.
-- BUILDING PRIOR START -------------
WARNING: Skipping invalid 'RelationalConstraint' with arguments {'targets': [], 'effectors': [], 'relationship': None}. Reason: Prior disabled.
WARNING: Skipping invalid 'DomainRangeConstraint' with arguments {}. Reason: Prior disabled.
WARNING: Skipping invalid 'LanguageModelPrior' with arguments {'weight': None}. Reason: Prior disabled.
WARNING: Skipping invalid 'MultiDiscreteConstraint' with arguments {'dense': False, 'ordered': False}. Reason: Prior disabled.
LengthConstraint: Sequences have minimum length 4.
                  Sequences have maximum length 30.
RepeatConstraint: [const] cannot occur more than 2 times.
RelationalConstraint: [exp] cannot be a child of [log].
InverseUnaryConstraint: RelationalConstraint: [log] cannot be a child of [exp].
TrigConstraint: [sin, cos] cannot be a descendant of [sin, cos].
ConstConstraint: [const] cannot be the only unique child of [sin, cos, exp, log, add, sub, mul, div].
NoInputsConstraint: Sequences contain at least one input variable Token.
UniformArityPrior: Activated.
SoftLengthPrior: No description available.
-- BUILDING PRIOR END ---------------

WARNING: max_length (64) will be overridden by value from LengthConstraint (30).
-- RUNNING ITERATIONS START -------------
[00:00:00:52.55] Training iteration 1, current best R: 0.9937

	** New best
	Reward: 0.9937073503873665
	Count Off-policy: 0
	Count On-policy: 1
	Originally on Policy: True
	Invalid: False
	Traversal: mul,mul,sub,2.876112275868135,sin,x2,-0.5910533035368938,x2
	Expression:
	  x₂⋅(0.5910533035368938⋅sin(x₂) - 1.699935661994875)

-- RUNNING ITERATIONS START -------------
-- RUNNING ITERATIONS START -------------
-- RUNNING ITERATIONS START -------------
-- RUNNING ITERATIONS START -------------
-- RUNNING ITERATIONS START -------------
[00:00:00:51.07] Training iteration 6, current best R: 0.9970

	** New best
	Reward: 0.9969834880539037
	Count Off-policy: 0
	Count On-policy: 1
	Originally on Policy: True
	Invalid: False
	Traversal: div,mul,div,x2,1.1763660725338327,sub,sub,sin,add,sub,div,x2,div,1.5946330313488126,x2,x2,x2,x2,x2,x2
	Expression:
	                                                  ⎛                      2⎞
	  -1.7001510386066318⋅x₂ + 0.85007551930331589⋅sin⎝0.62710352811026049⋅x₂ ⎠

-- RUNNING ITERATIONS START -------------
[00:00:00:49.16] Training iteration 7, current best R: 1.0000

	** New best
	Reward: 0.9999528664133428
	Count Off-policy: 0
	Count On-policy: 1
	Originally on Policy: True
	Invalid: False
	Traversal: sub,mul,cos,mul,div,x2,x2,1.0472775813704012,mul,add,x2,div,-1.4002151187820193,cos,mul,sub,x2,x2,x2,x2,x2
	Expression:
	  0.49993069023528373⋅x₂⋅(x₂ - 1.4002151187820193) - x₂

[00:00:00:49.17] Early stopping criteria met; breaking early.
Invalid expressions: 4823 of 7000 (68.9%).
Error type counts:
  log: 4537 (94.1%)
  true_divide: 163 (3.4%)
  sin: 66 (1.4%)
  cos: 55 (1.1%)
  multiply: 2 (0.0%)
Error node counts:
  invalid: 4364 (90.5%)
  divide: 459 (9.5%)
The traversal of x2: [sub, mul, cos, mul, div, x2, x2, 1.0472775813704012, mul, add, x2, div, -1.4002151187820193, cos, mul, sub, x2, x2, x2, x2, x2]
0.49993069023528373⋅x₂⋅(x₂ - 1.4002151187820193) - x₂
[add, sub, mul, cos, mul, div, x2, x2, 1.0472775813704012, mul, add, x2, div, -1.4002151187820193, cos, mul, sub, x2, x2, x2, x2, x2, mul, mul, x1, mul, 1.3, sub, mul, 1.923077, sub, add, x1, mul, x1, x1, x1, x1, x1]
  2 ⎛                   2               ⎞                                     
x₁ ⋅⎝2.50001362078544⋅x₁  - 1.3000048⋅x₁⎠ + 0.499931626772498⋅x₂⋅(x₂ - 1.40021

        
51) - x₂